[2023-06-15T23:04:23.883+0000] {processor.py:157} INFO - Started process (PID=391) to work on /home/airflow/.local/lib/python3.7/site-packages/airflow/example_dags/example_local_kubernetes_executor.py
[2023-06-15T23:04:23.885+0000] {processor.py:826} INFO - Processing file /home/airflow/.local/lib/python3.7/site-packages/airflow/example_dags/example_local_kubernetes_executor.py for tasks to queue
[2023-06-15T23:04:23.886+0000] {logging_mixin.py:149} INFO - [2023-06-15T23:04:23.886+0000] {dagbag.py:541} INFO - Filling up the DagBag from /home/airflow/.local/lib/python3.7/site-packages/airflow/example_dags/example_local_kubernetes_executor.py
[2023-06-15T23:04:30.870+0000] {processor.py:836} INFO - DAG(s) dict_keys(['example_local_kubernetes_executor']) retrieved from /home/airflow/.local/lib/python3.7/site-packages/airflow/example_dags/example_local_kubernetes_executor.py
[2023-06-15T23:04:34.909+0000] {logging_mixin.py:149} INFO - [2023-06-15T23:04:34.908+0000] {dag.py:2726} INFO - Sync 1 DAGs
[2023-06-15T23:04:34.940+0000] {logging_mixin.py:149} INFO - [2023-06-15T23:04:34.939+0000] {dag.py:3490} INFO - Setting next_dagrun for example_local_kubernetes_executor to None, run_after=None
[2023-06-15T23:04:35.638+0000] {processor.py:179} INFO - Processing /home/airflow/.local/lib/python3.7/site-packages/airflow/example_dags/example_local_kubernetes_executor.py took 11.789 seconds
[2023-06-15T23:06:27.437+0000] {processor.py:157} INFO - Started process (PID=661) to work on /home/airflow/.local/lib/python3.7/site-packages/airflow/example_dags/example_local_kubernetes_executor.py
[2023-06-15T23:06:27.439+0000] {processor.py:826} INFO - Processing file /home/airflow/.local/lib/python3.7/site-packages/airflow/example_dags/example_local_kubernetes_executor.py for tasks to queue
[2023-06-15T23:06:27.440+0000] {logging_mixin.py:149} INFO - [2023-06-15T23:06:27.440+0000] {dagbag.py:541} INFO - Filling up the DagBag from /home/airflow/.local/lib/python3.7/site-packages/airflow/example_dags/example_local_kubernetes_executor.py
[2023-06-15T23:06:27.743+0000] {processor.py:836} INFO - DAG(s) dict_keys(['example_local_kubernetes_executor']) retrieved from /home/airflow/.local/lib/python3.7/site-packages/airflow/example_dags/example_local_kubernetes_executor.py
[2023-06-15T23:06:27.804+0000] {logging_mixin.py:149} INFO - [2023-06-15T23:06:27.804+0000] {dag.py:2726} INFO - Sync 1 DAGs
[2023-06-15T23:06:27.841+0000] {logging_mixin.py:149} INFO - [2023-06-15T23:06:27.841+0000] {dag.py:3490} INFO - Setting next_dagrun for example_local_kubernetes_executor to None, run_after=None
[2023-06-15T23:06:27.866+0000] {processor.py:179} INFO - Processing /home/airflow/.local/lib/python3.7/site-packages/airflow/example_dags/example_local_kubernetes_executor.py took 0.434 seconds
[2023-06-15T23:07:47.519+0000] {processor.py:157} INFO - Started process (PID=913) to work on /home/airflow/.local/lib/python3.7/site-packages/airflow/example_dags/example_local_kubernetes_executor.py
[2023-06-15T23:07:47.520+0000] {processor.py:826} INFO - Processing file /home/airflow/.local/lib/python3.7/site-packages/airflow/example_dags/example_local_kubernetes_executor.py for tasks to queue
[2023-06-15T23:07:47.522+0000] {logging_mixin.py:149} INFO - [2023-06-15T23:07:47.521+0000] {dagbag.py:541} INFO - Filling up the DagBag from /home/airflow/.local/lib/python3.7/site-packages/airflow/example_dags/example_local_kubernetes_executor.py
[2023-06-15T23:07:50.730+0000] {processor.py:836} INFO - DAG(s) dict_keys(['example_local_kubernetes_executor']) retrieved from /home/airflow/.local/lib/python3.7/site-packages/airflow/example_dags/example_local_kubernetes_executor.py
[2023-06-15T23:07:51.212+0000] {logging_mixin.py:149} INFO - [2023-06-15T23:07:51.208+0000] {dag.py:2726} INFO - Sync 1 DAGs
[2023-06-15T23:07:51.382+0000] {logging_mixin.py:149} INFO - [2023-06-15T23:07:51.382+0000] {dag.py:3490} INFO - Setting next_dagrun for example_local_kubernetes_executor to None, run_after=None
[2023-06-15T23:07:51.411+0000] {processor.py:179} INFO - Processing /home/airflow/.local/lib/python3.7/site-packages/airflow/example_dags/example_local_kubernetes_executor.py took 3.897 seconds
[2023-06-15T23:10:23.809+0000] {processor.py:157} INFO - Started process (PID=1271) to work on /home/airflow/.local/lib/python3.7/site-packages/airflow/example_dags/example_local_kubernetes_executor.py
[2023-06-15T23:10:23.813+0000] {processor.py:826} INFO - Processing file /home/airflow/.local/lib/python3.7/site-packages/airflow/example_dags/example_local_kubernetes_executor.py for tasks to queue
[2023-06-15T23:10:23.815+0000] {logging_mixin.py:149} INFO - [2023-06-15T23:10:23.815+0000] {dagbag.py:541} INFO - Filling up the DagBag from /home/airflow/.local/lib/python3.7/site-packages/airflow/example_dags/example_local_kubernetes_executor.py
[2023-06-15T23:10:45.114+0000] {processor.py:836} INFO - DAG(s) dict_keys(['example_local_kubernetes_executor']) retrieved from /home/airflow/.local/lib/python3.7/site-packages/airflow/example_dags/example_local_kubernetes_executor.py
[2023-06-15T23:10:45.178+0000] {logging_mixin.py:149} INFO - [2023-06-15T23:10:45.178+0000] {dag.py:2726} INFO - Sync 1 DAGs
[2023-06-15T23:10:45.703+0000] {logging_mixin.py:149} INFO - [2023-06-15T23:10:45.703+0000] {dag.py:3490} INFO - Setting next_dagrun for example_local_kubernetes_executor to None, run_after=None
[2023-06-15T23:10:51.008+0000] {processor.py:179} INFO - Processing /home/airflow/.local/lib/python3.7/site-packages/airflow/example_dags/example_local_kubernetes_executor.py took 31.934 seconds
[2023-06-15T23:11:23.440+0000] {processor.py:157} INFO - Started process (PID=1506) to work on /home/airflow/.local/lib/python3.7/site-packages/airflow/example_dags/example_local_kubernetes_executor.py
[2023-06-15T23:11:23.442+0000] {processor.py:826} INFO - Processing file /home/airflow/.local/lib/python3.7/site-packages/airflow/example_dags/example_local_kubernetes_executor.py for tasks to queue
[2023-06-15T23:11:23.444+0000] {logging_mixin.py:149} INFO - [2023-06-15T23:11:23.443+0000] {dagbag.py:541} INFO - Filling up the DagBag from /home/airflow/.local/lib/python3.7/site-packages/airflow/example_dags/example_local_kubernetes_executor.py
[2023-06-15T23:11:24.151+0000] {processor.py:836} INFO - DAG(s) dict_keys(['example_local_kubernetes_executor']) retrieved from /home/airflow/.local/lib/python3.7/site-packages/airflow/example_dags/example_local_kubernetes_executor.py
[2023-06-15T23:11:24.202+0000] {logging_mixin.py:149} INFO - [2023-06-15T23:11:24.202+0000] {dag.py:2726} INFO - Sync 1 DAGs
[2023-06-15T23:11:24.238+0000] {logging_mixin.py:149} INFO - [2023-06-15T23:11:24.237+0000] {dag.py:3490} INFO - Setting next_dagrun for example_local_kubernetes_executor to None, run_after=None
[2023-06-15T23:11:24.271+0000] {processor.py:179} INFO - Processing /home/airflow/.local/lib/python3.7/site-packages/airflow/example_dags/example_local_kubernetes_executor.py took 0.836 seconds
[2023-06-15T23:13:25.451+0000] {processor.py:157} INFO - Started process (PID=1766) to work on /home/airflow/.local/lib/python3.7/site-packages/airflow/example_dags/example_local_kubernetes_executor.py
[2023-06-15T23:13:25.453+0000] {processor.py:826} INFO - Processing file /home/airflow/.local/lib/python3.7/site-packages/airflow/example_dags/example_local_kubernetes_executor.py for tasks to queue
[2023-06-15T23:13:25.455+0000] {logging_mixin.py:149} INFO - [2023-06-15T23:13:25.454+0000] {dagbag.py:541} INFO - Filling up the DagBag from /home/airflow/.local/lib/python3.7/site-packages/airflow/example_dags/example_local_kubernetes_executor.py
[2023-06-15T23:13:25.839+0000] {processor.py:836} INFO - DAG(s) dict_keys(['example_local_kubernetes_executor']) retrieved from /home/airflow/.local/lib/python3.7/site-packages/airflow/example_dags/example_local_kubernetes_executor.py
[2023-06-15T23:13:25.894+0000] {logging_mixin.py:149} INFO - [2023-06-15T23:13:25.894+0000] {dag.py:2726} INFO - Sync 1 DAGs
[2023-06-15T23:13:25.941+0000] {logging_mixin.py:149} INFO - [2023-06-15T23:13:25.941+0000] {dag.py:3490} INFO - Setting next_dagrun for example_local_kubernetes_executor to None, run_after=None
[2023-06-15T23:13:25.976+0000] {processor.py:179} INFO - Processing /home/airflow/.local/lib/python3.7/site-packages/airflow/example_dags/example_local_kubernetes_executor.py took 0.531 seconds
[2023-06-15T23:15:43.154+0000] {processor.py:157} INFO - Started process (PID=2094) to work on /home/airflow/.local/lib/python3.7/site-packages/airflow/example_dags/example_local_kubernetes_executor.py
[2023-06-15T23:15:43.156+0000] {processor.py:826} INFO - Processing file /home/airflow/.local/lib/python3.7/site-packages/airflow/example_dags/example_local_kubernetes_executor.py for tasks to queue
[2023-06-15T23:15:43.157+0000] {logging_mixin.py:149} INFO - [2023-06-15T23:15:43.157+0000] {dagbag.py:541} INFO - Filling up the DagBag from /home/airflow/.local/lib/python3.7/site-packages/airflow/example_dags/example_local_kubernetes_executor.py
[2023-06-15T23:15:43.415+0000] {processor.py:836} INFO - DAG(s) dict_keys(['example_local_kubernetes_executor']) retrieved from /home/airflow/.local/lib/python3.7/site-packages/airflow/example_dags/example_local_kubernetes_executor.py
[2023-06-15T23:15:43.467+0000] {logging_mixin.py:149} INFO - [2023-06-15T23:15:43.467+0000] {dag.py:2726} INFO - Sync 1 DAGs
[2023-06-15T23:15:43.510+0000] {logging_mixin.py:149} INFO - [2023-06-15T23:15:43.510+0000] {dag.py:3490} INFO - Setting next_dagrun for example_local_kubernetes_executor to None, run_after=None
[2023-06-15T23:15:43.565+0000] {processor.py:179} INFO - Processing /home/airflow/.local/lib/python3.7/site-packages/airflow/example_dags/example_local_kubernetes_executor.py took 0.415 seconds
[2023-06-15T23:17:39.629+0000] {processor.py:157} INFO - Started process (PID=2418) to work on /home/airflow/.local/lib/python3.7/site-packages/airflow/example_dags/example_local_kubernetes_executor.py
[2023-06-15T23:17:39.631+0000] {processor.py:826} INFO - Processing file /home/airflow/.local/lib/python3.7/site-packages/airflow/example_dags/example_local_kubernetes_executor.py for tasks to queue
[2023-06-15T23:17:39.632+0000] {logging_mixin.py:149} INFO - [2023-06-15T23:17:39.632+0000] {dagbag.py:541} INFO - Filling up the DagBag from /home/airflow/.local/lib/python3.7/site-packages/airflow/example_dags/example_local_kubernetes_executor.py
[2023-06-15T23:17:40.145+0000] {processor.py:836} INFO - DAG(s) dict_keys(['example_local_kubernetes_executor']) retrieved from /home/airflow/.local/lib/python3.7/site-packages/airflow/example_dags/example_local_kubernetes_executor.py
[2023-06-15T23:17:40.205+0000] {logging_mixin.py:149} INFO - [2023-06-15T23:17:40.205+0000] {dag.py:2726} INFO - Sync 1 DAGs
[2023-06-15T23:17:40.252+0000] {logging_mixin.py:149} INFO - [2023-06-15T23:17:40.251+0000] {dag.py:3490} INFO - Setting next_dagrun for example_local_kubernetes_executor to None, run_after=None
[2023-06-15T23:17:40.319+0000] {processor.py:179} INFO - Processing /home/airflow/.local/lib/python3.7/site-packages/airflow/example_dags/example_local_kubernetes_executor.py took 0.697 seconds
[2023-06-15T23:21:32.910+0000] {processor.py:157} INFO - Started process (PID=2725) to work on /home/airflow/.local/lib/python3.7/site-packages/airflow/example_dags/example_local_kubernetes_executor.py
[2023-06-15T23:21:32.911+0000] {processor.py:826} INFO - Processing file /home/airflow/.local/lib/python3.7/site-packages/airflow/example_dags/example_local_kubernetes_executor.py for tasks to queue
[2023-06-15T23:21:32.912+0000] {logging_mixin.py:149} INFO - [2023-06-15T23:21:32.912+0000] {dagbag.py:541} INFO - Filling up the DagBag from /home/airflow/.local/lib/python3.7/site-packages/airflow/example_dags/example_local_kubernetes_executor.py
[2023-06-15T23:21:34.790+0000] {processor.py:836} INFO - DAG(s) dict_keys(['example_local_kubernetes_executor']) retrieved from /home/airflow/.local/lib/python3.7/site-packages/airflow/example_dags/example_local_kubernetes_executor.py
[2023-06-15T23:21:34.837+0000] {logging_mixin.py:149} INFO - [2023-06-15T23:21:34.837+0000] {dag.py:2726} INFO - Sync 1 DAGs
[2023-06-15T23:21:34.864+0000] {logging_mixin.py:149} INFO - [2023-06-15T23:21:34.864+0000] {dag.py:3490} INFO - Setting next_dagrun for example_local_kubernetes_executor to None, run_after=None
[2023-06-15T23:21:34.892+0000] {processor.py:179} INFO - Processing /home/airflow/.local/lib/python3.7/site-packages/airflow/example_dags/example_local_kubernetes_executor.py took 1.987 seconds
[2023-06-15T23:22:22.602+0000] {processor.py:157} INFO - Started process (PID=3031) to work on /home/airflow/.local/lib/python3.7/site-packages/airflow/example_dags/example_local_kubernetes_executor.py
[2023-06-15T23:22:22.604+0000] {processor.py:826} INFO - Processing file /home/airflow/.local/lib/python3.7/site-packages/airflow/example_dags/example_local_kubernetes_executor.py for tasks to queue
[2023-06-15T23:22:22.606+0000] {logging_mixin.py:149} INFO - [2023-06-15T23:22:22.606+0000] {dagbag.py:541} INFO - Filling up the DagBag from /home/airflow/.local/lib/python3.7/site-packages/airflow/example_dags/example_local_kubernetes_executor.py
[2023-06-15T23:22:22.990+0000] {processor.py:836} INFO - DAG(s) dict_keys(['example_local_kubernetes_executor']) retrieved from /home/airflow/.local/lib/python3.7/site-packages/airflow/example_dags/example_local_kubernetes_executor.py
[2023-06-15T23:22:23.087+0000] {logging_mixin.py:149} INFO - [2023-06-15T23:22:23.087+0000] {dag.py:2726} INFO - Sync 1 DAGs
[2023-06-15T23:22:23.181+0000] {logging_mixin.py:149} INFO - [2023-06-15T23:22:23.181+0000] {dag.py:3490} INFO - Setting next_dagrun for example_local_kubernetes_executor to None, run_after=None
[2023-06-15T23:22:23.267+0000] {processor.py:179} INFO - Processing /home/airflow/.local/lib/python3.7/site-packages/airflow/example_dags/example_local_kubernetes_executor.py took 0.672 seconds
[2023-06-15T23:23:30.629+0000] {processor.py:157} INFO - Started process (PID=3314) to work on /home/airflow/.local/lib/python3.7/site-packages/airflow/example_dags/example_local_kubernetes_executor.py
[2023-06-15T23:23:30.630+0000] {processor.py:826} INFO - Processing file /home/airflow/.local/lib/python3.7/site-packages/airflow/example_dags/example_local_kubernetes_executor.py for tasks to queue
[2023-06-15T23:23:30.632+0000] {logging_mixin.py:149} INFO - [2023-06-15T23:23:30.631+0000] {dagbag.py:541} INFO - Filling up the DagBag from /home/airflow/.local/lib/python3.7/site-packages/airflow/example_dags/example_local_kubernetes_executor.py
[2023-06-15T23:23:31.007+0000] {processor.py:836} INFO - DAG(s) dict_keys(['example_local_kubernetes_executor']) retrieved from /home/airflow/.local/lib/python3.7/site-packages/airflow/example_dags/example_local_kubernetes_executor.py
[2023-06-15T23:23:31.060+0000] {logging_mixin.py:149} INFO - [2023-06-15T23:23:31.060+0000] {dag.py:2726} INFO - Sync 1 DAGs
[2023-06-15T23:23:31.096+0000] {logging_mixin.py:149} INFO - [2023-06-15T23:23:31.096+0000] {dag.py:3490} INFO - Setting next_dagrun for example_local_kubernetes_executor to None, run_after=None
[2023-06-15T23:23:35.207+0000] {processor.py:179} INFO - Processing /home/airflow/.local/lib/python3.7/site-packages/airflow/example_dags/example_local_kubernetes_executor.py took 4.583 seconds
[2023-06-15T23:24:14.962+0000] {processor.py:157} INFO - Started process (PID=3554) to work on /home/airflow/.local/lib/python3.7/site-packages/airflow/example_dags/example_local_kubernetes_executor.py
[2023-06-15T23:24:14.964+0000] {processor.py:826} INFO - Processing file /home/airflow/.local/lib/python3.7/site-packages/airflow/example_dags/example_local_kubernetes_executor.py for tasks to queue
[2023-06-15T23:24:14.965+0000] {logging_mixin.py:149} INFO - [2023-06-15T23:24:14.965+0000] {dagbag.py:541} INFO - Filling up the DagBag from /home/airflow/.local/lib/python3.7/site-packages/airflow/example_dags/example_local_kubernetes_executor.py
[2023-06-15T23:24:15.343+0000] {processor.py:836} INFO - DAG(s) dict_keys(['example_local_kubernetes_executor']) retrieved from /home/airflow/.local/lib/python3.7/site-packages/airflow/example_dags/example_local_kubernetes_executor.py
[2023-06-15T23:24:15.402+0000] {logging_mixin.py:149} INFO - [2023-06-15T23:24:15.402+0000] {dag.py:2726} INFO - Sync 1 DAGs
[2023-06-15T23:24:15.439+0000] {logging_mixin.py:149} INFO - [2023-06-15T23:24:15.439+0000] {dag.py:3490} INFO - Setting next_dagrun for example_local_kubernetes_executor to None, run_after=None
[2023-06-15T23:24:15.471+0000] {processor.py:179} INFO - Processing /home/airflow/.local/lib/python3.7/site-packages/airflow/example_dags/example_local_kubernetes_executor.py took 0.518 seconds
[2023-06-15T23:26:47.319+0000] {processor.py:157} INFO - Started process (PID=3831) to work on /home/airflow/.local/lib/python3.7/site-packages/airflow/example_dags/example_local_kubernetes_executor.py
[2023-06-15T23:26:47.321+0000] {processor.py:826} INFO - Processing file /home/airflow/.local/lib/python3.7/site-packages/airflow/example_dags/example_local_kubernetes_executor.py for tasks to queue
[2023-06-15T23:26:47.322+0000] {logging_mixin.py:149} INFO - [2023-06-15T23:26:47.322+0000] {dagbag.py:541} INFO - Filling up the DagBag from /home/airflow/.local/lib/python3.7/site-packages/airflow/example_dags/example_local_kubernetes_executor.py
[2023-06-15T23:26:47.679+0000] {processor.py:836} INFO - DAG(s) dict_keys(['example_local_kubernetes_executor']) retrieved from /home/airflow/.local/lib/python3.7/site-packages/airflow/example_dags/example_local_kubernetes_executor.py
[2023-06-15T23:26:48.111+0000] {logging_mixin.py:149} INFO - [2023-06-15T23:26:48.110+0000] {dag.py:2726} INFO - Sync 1 DAGs
[2023-06-15T23:26:48.191+0000] {logging_mixin.py:149} INFO - [2023-06-15T23:26:48.191+0000] {dag.py:3490} INFO - Setting next_dagrun for example_local_kubernetes_executor to None, run_after=None
[2023-06-15T23:26:48.585+0000] {processor.py:179} INFO - Processing /home/airflow/.local/lib/python3.7/site-packages/airflow/example_dags/example_local_kubernetes_executor.py took 1.270 seconds
[2023-06-15T23:28:05.795+0000] {processor.py:157} INFO - Started process (PID=4082) to work on /home/airflow/.local/lib/python3.7/site-packages/airflow/example_dags/example_local_kubernetes_executor.py
[2023-06-15T23:28:05.797+0000] {processor.py:826} INFO - Processing file /home/airflow/.local/lib/python3.7/site-packages/airflow/example_dags/example_local_kubernetes_executor.py for tasks to queue
[2023-06-15T23:28:05.799+0000] {logging_mixin.py:149} INFO - [2023-06-15T23:28:05.798+0000] {dagbag.py:541} INFO - Filling up the DagBag from /home/airflow/.local/lib/python3.7/site-packages/airflow/example_dags/example_local_kubernetes_executor.py
[2023-06-15T23:28:06.167+0000] {processor.py:836} INFO - DAG(s) dict_keys(['example_local_kubernetes_executor']) retrieved from /home/airflow/.local/lib/python3.7/site-packages/airflow/example_dags/example_local_kubernetes_executor.py
[2023-06-15T23:28:06.223+0000] {logging_mixin.py:149} INFO - [2023-06-15T23:28:06.223+0000] {dag.py:2726} INFO - Sync 1 DAGs
[2023-06-15T23:28:06.265+0000] {logging_mixin.py:149} INFO - [2023-06-15T23:28:06.265+0000] {dag.py:3490} INFO - Setting next_dagrun for example_local_kubernetes_executor to None, run_after=None
[2023-06-15T23:28:06.299+0000] {processor.py:179} INFO - Processing /home/airflow/.local/lib/python3.7/site-packages/airflow/example_dags/example_local_kubernetes_executor.py took 0.509 seconds
[2023-06-15T23:32:00.712+0000] {processor.py:157} INFO - Started process (PID=4340) to work on /home/airflow/.local/lib/python3.7/site-packages/airflow/example_dags/example_local_kubernetes_executor.py
[2023-06-15T23:32:00.714+0000] {processor.py:826} INFO - Processing file /home/airflow/.local/lib/python3.7/site-packages/airflow/example_dags/example_local_kubernetes_executor.py for tasks to queue
[2023-06-15T23:32:00.716+0000] {logging_mixin.py:149} INFO - [2023-06-15T23:32:00.716+0000] {dagbag.py:541} INFO - Filling up the DagBag from /home/airflow/.local/lib/python3.7/site-packages/airflow/example_dags/example_local_kubernetes_executor.py
[2023-06-15T23:32:02.322+0000] {processor.py:836} INFO - DAG(s) dict_keys(['example_local_kubernetes_executor']) retrieved from /home/airflow/.local/lib/python3.7/site-packages/airflow/example_dags/example_local_kubernetes_executor.py
[2023-06-15T23:32:02.372+0000] {logging_mixin.py:149} INFO - [2023-06-15T23:32:02.371+0000] {dag.py:2726} INFO - Sync 1 DAGs
[2023-06-15T23:32:02.407+0000] {logging_mixin.py:149} INFO - [2023-06-15T23:32:02.407+0000] {dag.py:3490} INFO - Setting next_dagrun for example_local_kubernetes_executor to None, run_after=None
[2023-06-15T23:32:02.624+0000] {processor.py:179} INFO - Processing /home/airflow/.local/lib/python3.7/site-packages/airflow/example_dags/example_local_kubernetes_executor.py took 1.916 seconds
[2023-06-15T23:34:47.564+0000] {processor.py:157} INFO - Started process (PID=4710) to work on /home/airflow/.local/lib/python3.7/site-packages/airflow/example_dags/example_local_kubernetes_executor.py
[2023-06-15T23:34:47.567+0000] {processor.py:826} INFO - Processing file /home/airflow/.local/lib/python3.7/site-packages/airflow/example_dags/example_local_kubernetes_executor.py for tasks to queue
[2023-06-15T23:34:47.568+0000] {logging_mixin.py:149} INFO - [2023-06-15T23:34:47.568+0000] {dagbag.py:541} INFO - Filling up the DagBag from /home/airflow/.local/lib/python3.7/site-packages/airflow/example_dags/example_local_kubernetes_executor.py
[2023-06-15T23:34:56.353+0000] {processor.py:836} INFO - DAG(s) dict_keys(['example_local_kubernetes_executor']) retrieved from /home/airflow/.local/lib/python3.7/site-packages/airflow/example_dags/example_local_kubernetes_executor.py
[2023-06-15T23:35:00.293+0000] {logging_mixin.py:149} INFO - [2023-06-15T23:35:00.293+0000] {dag.py:2726} INFO - Sync 1 DAGs
[2023-06-15T23:35:01.264+0000] {logging_mixin.py:149} INFO - [2023-06-15T23:35:01.264+0000] {dag.py:3490} INFO - Setting next_dagrun for example_local_kubernetes_executor to None, run_after=None
[2023-06-15T23:35:01.449+0000] {processor.py:179} INFO - Processing /home/airflow/.local/lib/python3.7/site-packages/airflow/example_dags/example_local_kubernetes_executor.py took 13.891 seconds
[2023-06-15T23:35:33.402+0000] {processor.py:157} INFO - Started process (PID=4975) to work on /home/airflow/.local/lib/python3.7/site-packages/airflow/example_dags/example_local_kubernetes_executor.py
[2023-06-15T23:35:33.404+0000] {processor.py:826} INFO - Processing file /home/airflow/.local/lib/python3.7/site-packages/airflow/example_dags/example_local_kubernetes_executor.py for tasks to queue
[2023-06-15T23:35:33.406+0000] {logging_mixin.py:149} INFO - [2023-06-15T23:35:33.406+0000] {dagbag.py:541} INFO - Filling up the DagBag from /home/airflow/.local/lib/python3.7/site-packages/airflow/example_dags/example_local_kubernetes_executor.py
[2023-06-15T23:35:33.774+0000] {processor.py:836} INFO - DAG(s) dict_keys(['example_local_kubernetes_executor']) retrieved from /home/airflow/.local/lib/python3.7/site-packages/airflow/example_dags/example_local_kubernetes_executor.py
[2023-06-15T23:35:33.819+0000] {logging_mixin.py:149} INFO - [2023-06-15T23:35:33.819+0000] {dag.py:2726} INFO - Sync 1 DAGs
[2023-06-15T23:35:33.851+0000] {logging_mixin.py:149} INFO - [2023-06-15T23:35:33.851+0000] {dag.py:3490} INFO - Setting next_dagrun for example_local_kubernetes_executor to None, run_after=None
[2023-06-15T23:35:34.046+0000] {processor.py:179} INFO - Processing /home/airflow/.local/lib/python3.7/site-packages/airflow/example_dags/example_local_kubernetes_executor.py took 0.650 seconds
