[2023-06-15T23:04:03.989+0000] {processor.py:157} INFO - Started process (PID=326) to work on /home/airflow/.local/lib/python3.7/site-packages/airflow/example_dags/example_params_ui_tutorial.py
[2023-06-15T23:04:03.991+0000] {processor.py:826} INFO - Processing file /home/airflow/.local/lib/python3.7/site-packages/airflow/example_dags/example_params_ui_tutorial.py for tasks to queue
[2023-06-15T23:04:03.992+0000] {logging_mixin.py:149} INFO - [2023-06-15T23:04:03.992+0000] {dagbag.py:541} INFO - Filling up the DagBag from /home/airflow/.local/lib/python3.7/site-packages/airflow/example_dags/example_params_ui_tutorial.py
[2023-06-15T23:04:04.202+0000] {processor.py:836} INFO - DAG(s) dict_keys(['example_params_ui_tutorial']) retrieved from /home/airflow/.local/lib/python3.7/site-packages/airflow/example_dags/example_params_ui_tutorial.py
[2023-06-15T23:04:04.302+0000] {logging_mixin.py:149} INFO - [2023-06-15T23:04:04.302+0000] {dag.py:2726} INFO - Sync 1 DAGs
[2023-06-15T23:04:04.330+0000] {logging_mixin.py:149} INFO - [2023-06-15T23:04:04.329+0000] {dag.py:3490} INFO - Setting next_dagrun for example_params_ui_tutorial to None, run_after=None
[2023-06-15T23:04:04.362+0000] {processor.py:179} INFO - Processing /home/airflow/.local/lib/python3.7/site-packages/airflow/example_dags/example_params_ui_tutorial.py took 0.377 seconds
[2023-06-15T23:06:14.554+0000] {processor.py:157} INFO - Started process (PID=571) to work on /home/airflow/.local/lib/python3.7/site-packages/airflow/example_dags/example_params_ui_tutorial.py
[2023-06-15T23:06:14.556+0000] {processor.py:826} INFO - Processing file /home/airflow/.local/lib/python3.7/site-packages/airflow/example_dags/example_params_ui_tutorial.py for tasks to queue
[2023-06-15T23:06:14.558+0000] {logging_mixin.py:149} INFO - [2023-06-15T23:06:14.558+0000] {dagbag.py:541} INFO - Filling up the DagBag from /home/airflow/.local/lib/python3.7/site-packages/airflow/example_dags/example_params_ui_tutorial.py
[2023-06-15T23:06:15.041+0000] {processor.py:836} INFO - DAG(s) dict_keys(['example_params_ui_tutorial']) retrieved from /home/airflow/.local/lib/python3.7/site-packages/airflow/example_dags/example_params_ui_tutorial.py
[2023-06-15T23:06:15.135+0000] {logging_mixin.py:149} INFO - [2023-06-15T23:06:15.135+0000] {dag.py:2726} INFO - Sync 1 DAGs
[2023-06-15T23:06:15.171+0000] {logging_mixin.py:149} INFO - [2023-06-15T23:06:15.171+0000] {dag.py:3490} INFO - Setting next_dagrun for example_params_ui_tutorial to None, run_after=None
[2023-06-15T23:06:15.659+0000] {processor.py:179} INFO - Processing /home/airflow/.local/lib/python3.7/site-packages/airflow/example_dags/example_params_ui_tutorial.py took 1.110 seconds
[2023-06-15T23:06:46.492+0000] {processor.py:157} INFO - Started process (PID=808) to work on /home/airflow/.local/lib/python3.7/site-packages/airflow/example_dags/example_params_ui_tutorial.py
[2023-06-15T23:06:46.494+0000] {processor.py:826} INFO - Processing file /home/airflow/.local/lib/python3.7/site-packages/airflow/example_dags/example_params_ui_tutorial.py for tasks to queue
[2023-06-15T23:06:46.495+0000] {logging_mixin.py:149} INFO - [2023-06-15T23:06:46.495+0000] {dagbag.py:541} INFO - Filling up the DagBag from /home/airflow/.local/lib/python3.7/site-packages/airflow/example_dags/example_params_ui_tutorial.py
[2023-06-15T23:06:48.219+0000] {processor.py:836} INFO - DAG(s) dict_keys(['example_params_ui_tutorial']) retrieved from /home/airflow/.local/lib/python3.7/site-packages/airflow/example_dags/example_params_ui_tutorial.py
[2023-06-15T23:06:49.637+0000] {logging_mixin.py:149} INFO - [2023-06-15T23:06:49.637+0000] {dag.py:2726} INFO - Sync 1 DAGs
[2023-06-15T23:06:51.200+0000] {logging_mixin.py:149} INFO - [2023-06-15T23:06:51.200+0000] {dag.py:3490} INFO - Setting next_dagrun for example_params_ui_tutorial to None, run_after=None
[2023-06-15T23:06:54.257+0000] {processor.py:179} INFO - Processing /home/airflow/.local/lib/python3.7/site-packages/airflow/example_dags/example_params_ui_tutorial.py took 7.769 seconds
[2023-06-15T23:08:23.987+0000] {processor.py:157} INFO - Started process (PID=1063) to work on /home/airflow/.local/lib/python3.7/site-packages/airflow/example_dags/example_params_ui_tutorial.py
[2023-06-15T23:08:23.989+0000] {processor.py:826} INFO - Processing file /home/airflow/.local/lib/python3.7/site-packages/airflow/example_dags/example_params_ui_tutorial.py for tasks to queue
[2023-06-15T23:08:23.991+0000] {logging_mixin.py:149} INFO - [2023-06-15T23:08:23.990+0000] {dagbag.py:541} INFO - Filling up the DagBag from /home/airflow/.local/lib/python3.7/site-packages/airflow/example_dags/example_params_ui_tutorial.py
[2023-06-15T23:08:24.711+0000] {processor.py:836} INFO - DAG(s) dict_keys(['example_params_ui_tutorial']) retrieved from /home/airflow/.local/lib/python3.7/site-packages/airflow/example_dags/example_params_ui_tutorial.py
[2023-06-15T23:08:24.950+0000] {logging_mixin.py:149} INFO - [2023-06-15T23:08:24.949+0000] {dag.py:2726} INFO - Sync 1 DAGs
[2023-06-15T23:08:24.992+0000] {logging_mixin.py:149} INFO - [2023-06-15T23:08:24.991+0000] {dag.py:3490} INFO - Setting next_dagrun for example_params_ui_tutorial to None, run_after=None
[2023-06-15T23:08:28.796+0000] {processor.py:179} INFO - Processing /home/airflow/.local/lib/python3.7/site-packages/airflow/example_dags/example_params_ui_tutorial.py took 4.817 seconds
[2023-06-15T23:11:03.543+0000] {processor.py:157} INFO - Started process (PID=1431) to work on /home/airflow/.local/lib/python3.7/site-packages/airflow/example_dags/example_params_ui_tutorial.py
[2023-06-15T23:11:03.545+0000] {processor.py:826} INFO - Processing file /home/airflow/.local/lib/python3.7/site-packages/airflow/example_dags/example_params_ui_tutorial.py for tasks to queue
[2023-06-15T23:11:03.546+0000] {logging_mixin.py:149} INFO - [2023-06-15T23:11:03.546+0000] {dagbag.py:541} INFO - Filling up the DagBag from /home/airflow/.local/lib/python3.7/site-packages/airflow/example_dags/example_params_ui_tutorial.py
[2023-06-15T23:11:03.611+0000] {processor.py:836} INFO - DAG(s) dict_keys(['example_params_ui_tutorial']) retrieved from /home/airflow/.local/lib/python3.7/site-packages/airflow/example_dags/example_params_ui_tutorial.py
[2023-06-15T23:11:03.723+0000] {logging_mixin.py:149} INFO - [2023-06-15T23:11:03.723+0000] {dag.py:2726} INFO - Sync 1 DAGs
[2023-06-15T23:11:03.758+0000] {logging_mixin.py:149} INFO - [2023-06-15T23:11:03.758+0000] {dag.py:3490} INFO - Setting next_dagrun for example_params_ui_tutorial to None, run_after=None
[2023-06-15T23:11:03.790+0000] {processor.py:179} INFO - Processing /home/airflow/.local/lib/python3.7/site-packages/airflow/example_dags/example_params_ui_tutorial.py took 0.252 seconds
[2023-06-15T23:13:22.060+0000] {processor.py:157} INFO - Started process (PID=1699) to work on /home/airflow/.local/lib/python3.7/site-packages/airflow/example_dags/example_params_ui_tutorial.py
[2023-06-15T23:13:22.062+0000] {processor.py:826} INFO - Processing file /home/airflow/.local/lib/python3.7/site-packages/airflow/example_dags/example_params_ui_tutorial.py for tasks to queue
[2023-06-15T23:13:22.065+0000] {logging_mixin.py:149} INFO - [2023-06-15T23:13:22.064+0000] {dagbag.py:541} INFO - Filling up the DagBag from /home/airflow/.local/lib/python3.7/site-packages/airflow/example_dags/example_params_ui_tutorial.py
[2023-06-15T23:13:22.182+0000] {processor.py:836} INFO - DAG(s) dict_keys(['example_params_ui_tutorial']) retrieved from /home/airflow/.local/lib/python3.7/site-packages/airflow/example_dags/example_params_ui_tutorial.py
[2023-06-15T23:13:23.559+0000] {logging_mixin.py:149} INFO - [2023-06-15T23:13:23.558+0000] {dag.py:2726} INFO - Sync 1 DAGs
[2023-06-15T23:13:23.606+0000] {logging_mixin.py:149} INFO - [2023-06-15T23:13:23.606+0000] {dag.py:3490} INFO - Setting next_dagrun for example_params_ui_tutorial to None, run_after=None
[2023-06-15T23:13:23.646+0000] {processor.py:179} INFO - Processing /home/airflow/.local/lib/python3.7/site-packages/airflow/example_dags/example_params_ui_tutorial.py took 1.597 seconds
[2023-06-15T23:15:25.879+0000] {processor.py:157} INFO - Started process (PID=2031) to work on /home/airflow/.local/lib/python3.7/site-packages/airflow/example_dags/example_params_ui_tutorial.py
[2023-06-15T23:15:25.882+0000] {processor.py:826} INFO - Processing file /home/airflow/.local/lib/python3.7/site-packages/airflow/example_dags/example_params_ui_tutorial.py for tasks to queue
[2023-06-15T23:15:25.883+0000] {logging_mixin.py:149} INFO - [2023-06-15T23:15:25.883+0000] {dagbag.py:541} INFO - Filling up the DagBag from /home/airflow/.local/lib/python3.7/site-packages/airflow/example_dags/example_params_ui_tutorial.py
[2023-06-15T23:15:25.968+0000] {processor.py:836} INFO - DAG(s) dict_keys(['example_params_ui_tutorial']) retrieved from /home/airflow/.local/lib/python3.7/site-packages/airflow/example_dags/example_params_ui_tutorial.py
[2023-06-15T23:15:26.103+0000] {logging_mixin.py:149} INFO - [2023-06-15T23:15:26.103+0000] {dag.py:2726} INFO - Sync 1 DAGs
[2023-06-15T23:15:26.145+0000] {logging_mixin.py:149} INFO - [2023-06-15T23:15:26.145+0000] {dag.py:3490} INFO - Setting next_dagrun for example_params_ui_tutorial to None, run_after=None
[2023-06-15T23:15:30.694+0000] {processor.py:179} INFO - Processing /home/airflow/.local/lib/python3.7/site-packages/airflow/example_dags/example_params_ui_tutorial.py took 4.820 seconds
[2023-06-15T23:16:54.583+0000] {processor.py:157} INFO - Started process (PID=2347) to work on /home/airflow/.local/lib/python3.7/site-packages/airflow/example_dags/example_params_ui_tutorial.py
[2023-06-15T23:16:54.585+0000] {processor.py:826} INFO - Processing file /home/airflow/.local/lib/python3.7/site-packages/airflow/example_dags/example_params_ui_tutorial.py for tasks to queue
[2023-06-15T23:16:54.587+0000] {logging_mixin.py:149} INFO - [2023-06-15T23:16:54.587+0000] {dagbag.py:541} INFO - Filling up the DagBag from /home/airflow/.local/lib/python3.7/site-packages/airflow/example_dags/example_params_ui_tutorial.py
[2023-06-15T23:16:54.715+0000] {processor.py:836} INFO - DAG(s) dict_keys(['example_params_ui_tutorial']) retrieved from /home/airflow/.local/lib/python3.7/site-packages/airflow/example_dags/example_params_ui_tutorial.py
[2023-06-15T23:16:58.264+0000] {logging_mixin.py:149} INFO - [2023-06-15T23:16:58.263+0000] {dag.py:2726} INFO - Sync 1 DAGs
[2023-06-15T23:16:59.371+0000] {logging_mixin.py:149} INFO - [2023-06-15T23:16:59.370+0000] {dag.py:3490} INFO - Setting next_dagrun for example_params_ui_tutorial to None, run_after=None
[2023-06-15T23:17:01.256+0000] {processor.py:179} INFO - Processing /home/airflow/.local/lib/python3.7/site-packages/airflow/example_dags/example_params_ui_tutorial.py took 6.668 seconds
[2023-06-15T23:17:54.551+0000] {processor.py:157} INFO - Started process (PID=2569) to work on /home/airflow/.local/lib/python3.7/site-packages/airflow/example_dags/example_params_ui_tutorial.py
[2023-06-15T23:17:54.583+0000] {processor.py:826} INFO - Processing file /home/airflow/.local/lib/python3.7/site-packages/airflow/example_dags/example_params_ui_tutorial.py for tasks to queue
[2023-06-15T23:17:54.584+0000] {logging_mixin.py:149} INFO - [2023-06-15T23:17:54.584+0000] {dagbag.py:541} INFO - Filling up the DagBag from /home/airflow/.local/lib/python3.7/site-packages/airflow/example_dags/example_params_ui_tutorial.py
[2023-06-15T23:17:54.654+0000] {processor.py:836} INFO - DAG(s) dict_keys(['example_params_ui_tutorial']) retrieved from /home/airflow/.local/lib/python3.7/site-packages/airflow/example_dags/example_params_ui_tutorial.py
[2023-06-15T23:17:54.807+0000] {logging_mixin.py:149} INFO - [2023-06-15T23:17:54.806+0000] {dag.py:2726} INFO - Sync 1 DAGs
[2023-06-15T23:17:54.895+0000] {logging_mixin.py:149} INFO - [2023-06-15T23:17:54.894+0000] {dag.py:3490} INFO - Setting next_dagrun for example_params_ui_tutorial to None, run_after=None
[2023-06-15T23:17:55.200+0000] {processor.py:179} INFO - Processing /home/airflow/.local/lib/python3.7/site-packages/airflow/example_dags/example_params_ui_tutorial.py took 0.654 seconds
[2023-06-15T23:22:00.888+0000] {processor.py:157} INFO - Started process (PID=2882) to work on /home/airflow/.local/lib/python3.7/site-packages/airflow/example_dags/example_params_ui_tutorial.py
[2023-06-15T23:22:00.890+0000] {processor.py:826} INFO - Processing file /home/airflow/.local/lib/python3.7/site-packages/airflow/example_dags/example_params_ui_tutorial.py for tasks to queue
[2023-06-15T23:22:00.892+0000] {logging_mixin.py:149} INFO - [2023-06-15T23:22:00.891+0000] {dagbag.py:541} INFO - Filling up the DagBag from /home/airflow/.local/lib/python3.7/site-packages/airflow/example_dags/example_params_ui_tutorial.py
[2023-06-15T23:22:00.968+0000] {processor.py:836} INFO - DAG(s) dict_keys(['example_params_ui_tutorial']) retrieved from /home/airflow/.local/lib/python3.7/site-packages/airflow/example_dags/example_params_ui_tutorial.py
[2023-06-15T23:22:01.087+0000] {logging_mixin.py:149} INFO - [2023-06-15T23:22:01.087+0000] {dag.py:2726} INFO - Sync 1 DAGs
[2023-06-15T23:22:01.128+0000] {logging_mixin.py:149} INFO - [2023-06-15T23:22:01.128+0000] {dag.py:3490} INFO - Setting next_dagrun for example_params_ui_tutorial to None, run_after=None
[2023-06-15T23:22:01.165+0000] {processor.py:179} INFO - Processing /home/airflow/.local/lib/python3.7/site-packages/airflow/example_dags/example_params_ui_tutorial.py took 0.282 seconds
[2023-06-15T23:23:17.485+0000] {processor.py:157} INFO - Started process (PID=3135) to work on /home/airflow/.local/lib/python3.7/site-packages/airflow/example_dags/example_params_ui_tutorial.py
[2023-06-15T23:23:17.488+0000] {processor.py:826} INFO - Processing file /home/airflow/.local/lib/python3.7/site-packages/airflow/example_dags/example_params_ui_tutorial.py for tasks to queue
[2023-06-15T23:23:17.489+0000] {logging_mixin.py:149} INFO - [2023-06-15T23:23:17.489+0000] {dagbag.py:541} INFO - Filling up the DagBag from /home/airflow/.local/lib/python3.7/site-packages/airflow/example_dags/example_params_ui_tutorial.py
[2023-06-15T23:23:17.590+0000] {processor.py:836} INFO - DAG(s) dict_keys(['example_params_ui_tutorial']) retrieved from /home/airflow/.local/lib/python3.7/site-packages/airflow/example_dags/example_params_ui_tutorial.py
[2023-06-15T23:23:17.712+0000] {logging_mixin.py:149} INFO - [2023-06-15T23:23:17.712+0000] {dag.py:2726} INFO - Sync 1 DAGs
[2023-06-15T23:23:17.751+0000] {logging_mixin.py:149} INFO - [2023-06-15T23:23:17.750+0000] {dag.py:3490} INFO - Setting next_dagrun for example_params_ui_tutorial to None, run_after=None
[2023-06-15T23:23:24.090+0000] {processor.py:179} INFO - Processing /home/airflow/.local/lib/python3.7/site-packages/airflow/example_dags/example_params_ui_tutorial.py took 6.613 seconds
[2023-06-15T23:24:08.828+0000] {processor.py:157} INFO - Started process (PID=3439) to work on /home/airflow/.local/lib/python3.7/site-packages/airflow/example_dags/example_params_ui_tutorial.py
[2023-06-15T23:24:08.830+0000] {processor.py:826} INFO - Processing file /home/airflow/.local/lib/python3.7/site-packages/airflow/example_dags/example_params_ui_tutorial.py for tasks to queue
[2023-06-15T23:24:08.831+0000] {logging_mixin.py:149} INFO - [2023-06-15T23:24:08.831+0000] {dagbag.py:541} INFO - Filling up the DagBag from /home/airflow/.local/lib/python3.7/site-packages/airflow/example_dags/example_params_ui_tutorial.py
[2023-06-15T23:24:08.910+0000] {processor.py:836} INFO - DAG(s) dict_keys(['example_params_ui_tutorial']) retrieved from /home/airflow/.local/lib/python3.7/site-packages/airflow/example_dags/example_params_ui_tutorial.py
[2023-06-15T23:24:09.021+0000] {logging_mixin.py:149} INFO - [2023-06-15T23:24:09.021+0000] {dag.py:2726} INFO - Sync 1 DAGs
[2023-06-15T23:24:09.058+0000] {logging_mixin.py:149} INFO - [2023-06-15T23:24:09.058+0000] {dag.py:3490} INFO - Setting next_dagrun for example_params_ui_tutorial to None, run_after=None
[2023-06-15T23:24:09.090+0000] {processor.py:179} INFO - Processing /home/airflow/.local/lib/python3.7/site-packages/airflow/example_dags/example_params_ui_tutorial.py took 0.267 seconds
[2023-06-15T23:26:43.184+0000] {processor.py:157} INFO - Started process (PID=3719) to work on /home/airflow/.local/lib/python3.7/site-packages/airflow/example_dags/example_params_ui_tutorial.py
[2023-06-15T23:26:43.186+0000] {processor.py:826} INFO - Processing file /home/airflow/.local/lib/python3.7/site-packages/airflow/example_dags/example_params_ui_tutorial.py for tasks to queue
[2023-06-15T23:26:43.187+0000] {logging_mixin.py:149} INFO - [2023-06-15T23:26:43.187+0000] {dagbag.py:541} INFO - Filling up the DagBag from /home/airflow/.local/lib/python3.7/site-packages/airflow/example_dags/example_params_ui_tutorial.py
[2023-06-15T23:26:43.255+0000] {processor.py:836} INFO - DAG(s) dict_keys(['example_params_ui_tutorial']) retrieved from /home/airflow/.local/lib/python3.7/site-packages/airflow/example_dags/example_params_ui_tutorial.py
[2023-06-15T23:26:43.397+0000] {logging_mixin.py:149} INFO - [2023-06-15T23:26:43.397+0000] {dag.py:2726} INFO - Sync 1 DAGs
[2023-06-15T23:26:43.436+0000] {logging_mixin.py:149} INFO - [2023-06-15T23:26:43.436+0000] {dag.py:3490} INFO - Setting next_dagrun for example_params_ui_tutorial to None, run_after=None
[2023-06-15T23:26:43.476+0000] {processor.py:179} INFO - Processing /home/airflow/.local/lib/python3.7/site-packages/airflow/example_dags/example_params_ui_tutorial.py took 0.297 seconds
[2023-06-15T23:28:03.785+0000] {processor.py:157} INFO - Started process (PID=4017) to work on /home/airflow/.local/lib/python3.7/site-packages/airflow/example_dags/example_params_ui_tutorial.py
[2023-06-15T23:28:03.787+0000] {processor.py:826} INFO - Processing file /home/airflow/.local/lib/python3.7/site-packages/airflow/example_dags/example_params_ui_tutorial.py for tasks to queue
[2023-06-15T23:28:03.790+0000] {logging_mixin.py:149} INFO - [2023-06-15T23:28:03.790+0000] {dagbag.py:541} INFO - Filling up the DagBag from /home/airflow/.local/lib/python3.7/site-packages/airflow/example_dags/example_params_ui_tutorial.py
[2023-06-15T23:28:03.872+0000] {processor.py:836} INFO - DAG(s) dict_keys(['example_params_ui_tutorial']) retrieved from /home/airflow/.local/lib/python3.7/site-packages/airflow/example_dags/example_params_ui_tutorial.py
[2023-06-15T23:28:04.062+0000] {logging_mixin.py:149} INFO - [2023-06-15T23:28:04.062+0000] {dag.py:2726} INFO - Sync 1 DAGs
[2023-06-15T23:28:04.105+0000] {logging_mixin.py:149} INFO - [2023-06-15T23:28:04.104+0000] {dag.py:3490} INFO - Setting next_dagrun for example_params_ui_tutorial to None, run_after=None
[2023-06-15T23:28:04.166+0000] {processor.py:179} INFO - Processing /home/airflow/.local/lib/python3.7/site-packages/airflow/example_dags/example_params_ui_tutorial.py took 0.387 seconds
[2023-06-15T23:31:39.233+0000] {processor.py:157} INFO - Started process (PID=4268) to work on /home/airflow/.local/lib/python3.7/site-packages/airflow/example_dags/example_params_ui_tutorial.py
[2023-06-15T23:31:39.235+0000] {processor.py:826} INFO - Processing file /home/airflow/.local/lib/python3.7/site-packages/airflow/example_dags/example_params_ui_tutorial.py for tasks to queue
[2023-06-15T23:31:39.245+0000] {logging_mixin.py:149} INFO - [2023-06-15T23:31:39.244+0000] {dagbag.py:541} INFO - Filling up the DagBag from /home/airflow/.local/lib/python3.7/site-packages/airflow/example_dags/example_params_ui_tutorial.py
[2023-06-15T23:31:48.179+0000] {processor.py:836} INFO - DAG(s) dict_keys(['example_params_ui_tutorial']) retrieved from /home/airflow/.local/lib/python3.7/site-packages/airflow/example_dags/example_params_ui_tutorial.py
[2023-06-15T23:31:55.629+0000] {logging_mixin.py:149} INFO - [2023-06-15T23:31:55.629+0000] {dag.py:2726} INFO - Sync 1 DAGs
[2023-06-15T23:31:58.586+0000] {logging_mixin.py:149} INFO - [2023-06-15T23:31:58.586+0000] {dag.py:3490} INFO - Setting next_dagrun for example_params_ui_tutorial to None, run_after=None
[2023-06-15T23:31:58.625+0000] {processor.py:179} INFO - Processing /home/airflow/.local/lib/python3.7/site-packages/airflow/example_dags/example_params_ui_tutorial.py took 19.397 seconds
[2023-06-15T23:32:47.361+0000] {processor.py:157} INFO - Started process (PID=4508) to work on /home/airflow/.local/lib/python3.7/site-packages/airflow/example_dags/example_params_ui_tutorial.py
[2023-06-15T23:32:50.928+0000] {processor.py:826} INFO - Processing file /home/airflow/.local/lib/python3.7/site-packages/airflow/example_dags/example_params_ui_tutorial.py for tasks to queue
[2023-06-15T23:32:50.930+0000] {logging_mixin.py:149} INFO - [2023-06-15T23:32:50.930+0000] {dagbag.py:541} INFO - Filling up the DagBag from /home/airflow/.local/lib/python3.7/site-packages/airflow/example_dags/example_params_ui_tutorial.py
[2023-06-15T23:33:00.205+0000] {processor.py:836} INFO - DAG(s) dict_keys(['example_params_ui_tutorial']) retrieved from /home/airflow/.local/lib/python3.7/site-packages/airflow/example_dags/example_params_ui_tutorial.py
[2023-06-15T23:33:03.184+0000] {logging_mixin.py:149} INFO - [2023-06-15T23:33:03.184+0000] {dag.py:2726} INFO - Sync 1 DAGs
[2023-06-15T23:33:07.132+0000] {logging_mixin.py:149} INFO - [2023-06-15T23:33:07.131+0000] {dag.py:3490} INFO - Setting next_dagrun for example_params_ui_tutorial to None, run_after=None
[2023-06-15T23:33:07.960+0000] {processor.py:179} INFO - Processing /home/airflow/.local/lib/python3.7/site-packages/airflow/example_dags/example_params_ui_tutorial.py took 20.985 seconds
[2023-06-15T23:35:14.995+0000] {processor.py:157} INFO - Started process (PID=4860) to work on /home/airflow/.local/lib/python3.7/site-packages/airflow/example_dags/example_params_ui_tutorial.py
[2023-06-15T23:35:14.997+0000] {processor.py:826} INFO - Processing file /home/airflow/.local/lib/python3.7/site-packages/airflow/example_dags/example_params_ui_tutorial.py for tasks to queue
[2023-06-15T23:35:14.999+0000] {logging_mixin.py:149} INFO - [2023-06-15T23:35:14.998+0000] {dagbag.py:541} INFO - Filling up the DagBag from /home/airflow/.local/lib/python3.7/site-packages/airflow/example_dags/example_params_ui_tutorial.py
[2023-06-15T23:35:15.069+0000] {processor.py:836} INFO - DAG(s) dict_keys(['example_params_ui_tutorial']) retrieved from /home/airflow/.local/lib/python3.7/site-packages/airflow/example_dags/example_params_ui_tutorial.py
[2023-06-15T23:35:15.178+0000] {logging_mixin.py:149} INFO - [2023-06-15T23:35:15.178+0000] {dag.py:2726} INFO - Sync 1 DAGs
[2023-06-15T23:35:15.220+0000] {logging_mixin.py:149} INFO - [2023-06-15T23:35:15.220+0000] {dag.py:3490} INFO - Setting next_dagrun for example_params_ui_tutorial to None, run_after=None
[2023-06-15T23:35:15.254+0000] {processor.py:179} INFO - Processing /home/airflow/.local/lib/python3.7/site-packages/airflow/example_dags/example_params_ui_tutorial.py took 0.265 seconds
