[2023-06-15T23:01:00.692+0000] {processor.py:157} INFO - Started process (PID=209) to work on /home/airflow/.local/lib/python3.7/site-packages/airflow/example_dags/example_external_task_marker_dag.py
[2023-06-15T23:01:00.698+0000] {processor.py:826} INFO - Processing file /home/airflow/.local/lib/python3.7/site-packages/airflow/example_dags/example_external_task_marker_dag.py for tasks to queue
[2023-06-15T23:01:00.699+0000] {logging_mixin.py:149} INFO - [2023-06-15T23:01:00.699+0000] {dagbag.py:541} INFO - Filling up the DagBag from /home/airflow/.local/lib/python3.7/site-packages/airflow/example_dags/example_external_task_marker_dag.py
[2023-06-15T23:01:00.713+0000] {processor.py:836} INFO - DAG(s) dict_keys(['example_external_task_marker_child', 'example_external_task_marker_parent']) retrieved from /home/airflow/.local/lib/python3.7/site-packages/airflow/example_dags/example_external_task_marker_dag.py
[2023-06-15T23:01:00.778+0000] {logging_mixin.py:149} INFO - [2023-06-15T23:01:00.778+0000] {dag.py:2726} INFO - Sync 2 DAGs
[2023-06-15T23:01:04.962+0000] {logging_mixin.py:149} INFO - [2023-06-15T23:01:04.962+0000] {dag.py:3490} INFO - Setting next_dagrun for example_external_task_marker_child to None, run_after=None
[2023-06-15T23:01:04.967+0000] {logging_mixin.py:149} INFO - [2023-06-15T23:01:04.966+0000] {dag.py:3490} INFO - Setting next_dagrun for example_external_task_marker_parent to None, run_after=None
[2023-06-15T23:01:06.262+0000] {processor.py:179} INFO - Processing /home/airflow/.local/lib/python3.7/site-packages/airflow/example_dags/example_external_task_marker_dag.py took 6.149 seconds
[2023-06-15T23:04:40.673+0000] {processor.py:157} INFO - Started process (PID=456) to work on /home/airflow/.local/lib/python3.7/site-packages/airflow/example_dags/example_external_task_marker_dag.py
[2023-06-15T23:04:40.675+0000] {processor.py:826} INFO - Processing file /home/airflow/.local/lib/python3.7/site-packages/airflow/example_dags/example_external_task_marker_dag.py for tasks to queue
[2023-06-15T23:04:40.676+0000] {logging_mixin.py:149} INFO - [2023-06-15T23:04:40.676+0000] {dagbag.py:541} INFO - Filling up the DagBag from /home/airflow/.local/lib/python3.7/site-packages/airflow/example_dags/example_external_task_marker_dag.py
[2023-06-15T23:04:40.685+0000] {processor.py:836} INFO - DAG(s) dict_keys(['example_external_task_marker_parent', 'example_external_task_marker_child']) retrieved from /home/airflow/.local/lib/python3.7/site-packages/airflow/example_dags/example_external_task_marker_dag.py
[2023-06-15T23:04:40.740+0000] {logging_mixin.py:149} INFO - [2023-06-15T23:04:40.740+0000] {dag.py:2726} INFO - Sync 2 DAGs
[2023-06-15T23:04:43.559+0000] {logging_mixin.py:149} INFO - [2023-06-15T23:04:43.558+0000] {dag.py:3490} INFO - Setting next_dagrun for example_external_task_marker_child to None, run_after=None
[2023-06-15T23:04:43.578+0000] {logging_mixin.py:149} INFO - [2023-06-15T23:04:43.578+0000] {dag.py:3490} INFO - Setting next_dagrun for example_external_task_marker_parent to None, run_after=None
[2023-06-15T23:04:53.754+0000] {processor.py:179} INFO - Processing /home/airflow/.local/lib/python3.7/site-packages/airflow/example_dags/example_external_task_marker_dag.py took 13.086 seconds
[2023-06-15T23:06:19.237+0000] {processor.py:157} INFO - Started process (PID=601) to work on /home/airflow/.local/lib/python3.7/site-packages/airflow/example_dags/example_external_task_marker_dag.py
[2023-06-15T23:06:19.240+0000] {processor.py:826} INFO - Processing file /home/airflow/.local/lib/python3.7/site-packages/airflow/example_dags/example_external_task_marker_dag.py for tasks to queue
[2023-06-15T23:06:19.241+0000] {logging_mixin.py:149} INFO - [2023-06-15T23:06:19.241+0000] {dagbag.py:541} INFO - Filling up the DagBag from /home/airflow/.local/lib/python3.7/site-packages/airflow/example_dags/example_external_task_marker_dag.py
[2023-06-15T23:06:19.250+0000] {processor.py:836} INFO - DAG(s) dict_keys(['example_external_task_marker_child', 'example_external_task_marker_parent']) retrieved from /home/airflow/.local/lib/python3.7/site-packages/airflow/example_dags/example_external_task_marker_dag.py
[2023-06-15T23:06:19.291+0000] {logging_mixin.py:149} INFO - [2023-06-15T23:06:19.291+0000] {dag.py:2726} INFO - Sync 2 DAGs
[2023-06-15T23:06:20.283+0000] {logging_mixin.py:149} INFO - [2023-06-15T23:06:20.282+0000] {dag.py:3490} INFO - Setting next_dagrun for example_external_task_marker_child to None, run_after=None
[2023-06-15T23:06:20.425+0000] {logging_mixin.py:149} INFO - [2023-06-15T23:06:20.424+0000] {dag.py:3490} INFO - Setting next_dagrun for example_external_task_marker_parent to None, run_after=None
[2023-06-15T23:06:20.477+0000] {processor.py:179} INFO - Processing /home/airflow/.local/lib/python3.7/site-packages/airflow/example_dags/example_external_task_marker_dag.py took 1.244 seconds
[2023-06-15T23:06:58.847+0000] {processor.py:157} INFO - Started process (PID=836) to work on /home/airflow/.local/lib/python3.7/site-packages/airflow/example_dags/example_external_task_marker_dag.py
[2023-06-15T23:06:58.852+0000] {processor.py:826} INFO - Processing file /home/airflow/.local/lib/python3.7/site-packages/airflow/example_dags/example_external_task_marker_dag.py for tasks to queue
[2023-06-15T23:06:58.856+0000] {logging_mixin.py:149} INFO - [2023-06-15T23:06:58.856+0000] {dagbag.py:541} INFO - Filling up the DagBag from /home/airflow/.local/lib/python3.7/site-packages/airflow/example_dags/example_external_task_marker_dag.py
[2023-06-15T23:06:58.872+0000] {processor.py:836} INFO - DAG(s) dict_keys(['example_external_task_marker_child', 'example_external_task_marker_parent']) retrieved from /home/airflow/.local/lib/python3.7/site-packages/airflow/example_dags/example_external_task_marker_dag.py
[2023-06-15T23:06:58.926+0000] {logging_mixin.py:149} INFO - [2023-06-15T23:06:58.926+0000] {dag.py:2726} INFO - Sync 2 DAGs
[2023-06-15T23:06:58.960+0000] {logging_mixin.py:149} INFO - [2023-06-15T23:06:58.960+0000] {dag.py:3490} INFO - Setting next_dagrun for example_external_task_marker_child to None, run_after=None
[2023-06-15T23:06:58.966+0000] {logging_mixin.py:149} INFO - [2023-06-15T23:06:58.966+0000] {dag.py:3490} INFO - Setting next_dagrun for example_external_task_marker_parent to None, run_after=None
[2023-06-15T23:06:59.759+0000] {processor.py:179} INFO - Processing /home/airflow/.local/lib/python3.7/site-packages/airflow/example_dags/example_external_task_marker_dag.py took 0.917 seconds
[2023-06-15T23:07:51.950+0000] {processor.py:157} INFO - Started process (PID=958) to work on /home/airflow/.local/lib/python3.7/site-packages/airflow/example_dags/example_external_task_marker_dag.py
[2023-06-15T23:07:51.953+0000] {processor.py:826} INFO - Processing file /home/airflow/.local/lib/python3.7/site-packages/airflow/example_dags/example_external_task_marker_dag.py for tasks to queue
[2023-06-15T23:07:51.954+0000] {logging_mixin.py:149} INFO - [2023-06-15T23:07:51.954+0000] {dagbag.py:541} INFO - Filling up the DagBag from /home/airflow/.local/lib/python3.7/site-packages/airflow/example_dags/example_external_task_marker_dag.py
[2023-06-15T23:07:51.966+0000] {processor.py:836} INFO - DAG(s) dict_keys(['example_external_task_marker_parent', 'example_external_task_marker_child']) retrieved from /home/airflow/.local/lib/python3.7/site-packages/airflow/example_dags/example_external_task_marker_dag.py
[2023-06-15T23:07:52.060+0000] {logging_mixin.py:149} INFO - [2023-06-15T23:07:52.059+0000] {dag.py:2726} INFO - Sync 2 DAGs
[2023-06-15T23:07:52.099+0000] {logging_mixin.py:149} INFO - [2023-06-15T23:07:52.099+0000] {dag.py:3490} INFO - Setting next_dagrun for example_external_task_marker_child to None, run_after=None
[2023-06-15T23:07:52.106+0000] {logging_mixin.py:149} INFO - [2023-06-15T23:07:52.106+0000] {dag.py:3490} INFO - Setting next_dagrun for example_external_task_marker_parent to None, run_after=None
[2023-06-15T23:07:53.758+0000] {processor.py:179} INFO - Processing /home/airflow/.local/lib/python3.7/site-packages/airflow/example_dags/example_external_task_marker_dag.py took 1.816 seconds
[2023-06-15T23:09:11.063+0000] {processor.py:157} INFO - Started process (PID=1129) to work on /home/airflow/.local/lib/python3.7/site-packages/airflow/example_dags/example_external_task_marker_dag.py
[2023-06-15T23:09:11.066+0000] {processor.py:826} INFO - Processing file /home/airflow/.local/lib/python3.7/site-packages/airflow/example_dags/example_external_task_marker_dag.py for tasks to queue
[2023-06-15T23:09:11.068+0000] {logging_mixin.py:149} INFO - [2023-06-15T23:09:11.068+0000] {dagbag.py:541} INFO - Filling up the DagBag from /home/airflow/.local/lib/python3.7/site-packages/airflow/example_dags/example_external_task_marker_dag.py
[2023-06-15T23:09:13.372+0000] {processor.py:836} INFO - DAG(s) dict_keys(['example_external_task_marker_parent', 'example_external_task_marker_child']) retrieved from /home/airflow/.local/lib/python3.7/site-packages/airflow/example_dags/example_external_task_marker_dag.py
[2023-06-15T23:09:18.005+0000] {logging_mixin.py:149} INFO - [2023-06-15T23:09:18.004+0000] {dag.py:2726} INFO - Sync 2 DAGs
[2023-06-15T23:09:18.060+0000] {logging_mixin.py:149} INFO - [2023-06-15T23:09:18.059+0000] {dag.py:3490} INFO - Setting next_dagrun for example_external_task_marker_child to None, run_after=None
[2023-06-15T23:09:18.066+0000] {logging_mixin.py:149} INFO - [2023-06-15T23:09:18.066+0000] {dag.py:3490} INFO - Setting next_dagrun for example_external_task_marker_parent to None, run_after=None
[2023-06-15T23:09:20.671+0000] {processor.py:179} INFO - Processing /home/airflow/.local/lib/python3.7/site-packages/airflow/example_dags/example_external_task_marker_dag.py took 9.611 seconds
[2023-06-15T23:10:59.082+0000] {processor.py:157} INFO - Started process (PID=1321) to work on /home/airflow/.local/lib/python3.7/site-packages/airflow/example_dags/example_external_task_marker_dag.py
[2023-06-15T23:10:59.084+0000] {processor.py:826} INFO - Processing file /home/airflow/.local/lib/python3.7/site-packages/airflow/example_dags/example_external_task_marker_dag.py for tasks to queue
[2023-06-15T23:10:59.085+0000] {logging_mixin.py:149} INFO - [2023-06-15T23:10:59.085+0000] {dagbag.py:541} INFO - Filling up the DagBag from /home/airflow/.local/lib/python3.7/site-packages/airflow/example_dags/example_external_task_marker_dag.py
[2023-06-15T23:10:59.096+0000] {processor.py:836} INFO - DAG(s) dict_keys(['example_external_task_marker_child', 'example_external_task_marker_parent']) retrieved from /home/airflow/.local/lib/python3.7/site-packages/airflow/example_dags/example_external_task_marker_dag.py
[2023-06-15T23:10:59.757+0000] {logging_mixin.py:149} INFO - [2023-06-15T23:10:59.757+0000] {dag.py:2726} INFO - Sync 2 DAGs
[2023-06-15T23:11:00.008+0000] {logging_mixin.py:149} INFO - [2023-06-15T23:11:00.007+0000] {dag.py:3490} INFO - Setting next_dagrun for example_external_task_marker_child to None, run_after=None
[2023-06-15T23:11:00.468+0000] {logging_mixin.py:149} INFO - [2023-06-15T23:11:00.467+0000] {dag.py:3490} INFO - Setting next_dagrun for example_external_task_marker_parent to None, run_after=None
[2023-06-15T23:11:00.499+0000] {processor.py:179} INFO - Processing /home/airflow/.local/lib/python3.7/site-packages/airflow/example_dags/example_external_task_marker_dag.py took 1.420 seconds
[2023-06-15T23:11:31.164+0000] {processor.py:157} INFO - Started process (PID=1551) to work on /home/airflow/.local/lib/python3.7/site-packages/airflow/example_dags/example_external_task_marker_dag.py
[2023-06-15T23:11:31.167+0000] {processor.py:826} INFO - Processing file /home/airflow/.local/lib/python3.7/site-packages/airflow/example_dags/example_external_task_marker_dag.py for tasks to queue
[2023-06-15T23:11:31.168+0000] {logging_mixin.py:149} INFO - [2023-06-15T23:11:31.168+0000] {dagbag.py:541} INFO - Filling up the DagBag from /home/airflow/.local/lib/python3.7/site-packages/airflow/example_dags/example_external_task_marker_dag.py
[2023-06-15T23:11:31.177+0000] {processor.py:836} INFO - DAG(s) dict_keys(['example_external_task_marker_child', 'example_external_task_marker_parent']) retrieved from /home/airflow/.local/lib/python3.7/site-packages/airflow/example_dags/example_external_task_marker_dag.py
[2023-06-15T23:11:31.221+0000] {logging_mixin.py:149} INFO - [2023-06-15T23:11:31.220+0000] {dag.py:2726} INFO - Sync 2 DAGs
[2023-06-15T23:11:31.256+0000] {logging_mixin.py:149} INFO - [2023-06-15T23:11:31.256+0000] {dag.py:3490} INFO - Setting next_dagrun for example_external_task_marker_child to None, run_after=None
[2023-06-15T23:11:31.261+0000] {logging_mixin.py:149} INFO - [2023-06-15T23:11:31.261+0000] {dag.py:3490} INFO - Setting next_dagrun for example_external_task_marker_parent to None, run_after=None
[2023-06-15T23:11:32.619+0000] {processor.py:179} INFO - Processing /home/airflow/.local/lib/python3.7/site-packages/airflow/example_dags/example_external_task_marker_dag.py took 1.459 seconds
[2023-06-15T23:12:21.322+0000] {processor.py:157} INFO - Started process (PID=1597) to work on /home/airflow/.local/lib/python3.7/site-packages/airflow/example_dags/example_external_task_marker_dag.py
[2023-06-15T23:12:21.324+0000] {processor.py:826} INFO - Processing file /home/airflow/.local/lib/python3.7/site-packages/airflow/example_dags/example_external_task_marker_dag.py for tasks to queue
[2023-06-15T23:12:21.325+0000] {logging_mixin.py:149} INFO - [2023-06-15T23:12:21.325+0000] {dagbag.py:541} INFO - Filling up the DagBag from /home/airflow/.local/lib/python3.7/site-packages/airflow/example_dags/example_external_task_marker_dag.py
[2023-06-15T23:12:21.332+0000] {processor.py:836} INFO - DAG(s) dict_keys(['example_external_task_marker_child', 'example_external_task_marker_parent']) retrieved from /home/airflow/.local/lib/python3.7/site-packages/airflow/example_dags/example_external_task_marker_dag.py
[2023-06-15T23:12:21.375+0000] {logging_mixin.py:149} INFO - [2023-06-15T23:12:21.374+0000] {dag.py:2726} INFO - Sync 2 DAGs
[2023-06-15T23:12:21.405+0000] {logging_mixin.py:149} INFO - [2023-06-15T23:12:21.404+0000] {dag.py:3490} INFO - Setting next_dagrun for example_external_task_marker_child to None, run_after=None
[2023-06-15T23:12:21.413+0000] {logging_mixin.py:149} INFO - [2023-06-15T23:12:21.413+0000] {dag.py:3490} INFO - Setting next_dagrun for example_external_task_marker_parent to None, run_after=None
[2023-06-15T23:12:21.492+0000] {processor.py:179} INFO - Processing /home/airflow/.local/lib/python3.7/site-packages/airflow/example_dags/example_external_task_marker_dag.py took 0.174 seconds
[2023-06-15T23:13:26.255+0000] {processor.py:157} INFO - Started process (PID=1809) to work on /home/airflow/.local/lib/python3.7/site-packages/airflow/example_dags/example_external_task_marker_dag.py
[2023-06-15T23:13:26.257+0000] {processor.py:826} INFO - Processing file /home/airflow/.local/lib/python3.7/site-packages/airflow/example_dags/example_external_task_marker_dag.py for tasks to queue
[2023-06-15T23:13:26.258+0000] {logging_mixin.py:149} INFO - [2023-06-15T23:13:26.258+0000] {dagbag.py:541} INFO - Filling up the DagBag from /home/airflow/.local/lib/python3.7/site-packages/airflow/example_dags/example_external_task_marker_dag.py
[2023-06-15T23:13:26.266+0000] {processor.py:836} INFO - DAG(s) dict_keys(['example_external_task_marker_parent', 'example_external_task_marker_child']) retrieved from /home/airflow/.local/lib/python3.7/site-packages/airflow/example_dags/example_external_task_marker_dag.py
[2023-06-15T23:13:26.318+0000] {logging_mixin.py:149} INFO - [2023-06-15T23:13:26.318+0000] {dag.py:2726} INFO - Sync 2 DAGs
[2023-06-15T23:13:26.356+0000] {logging_mixin.py:149} INFO - [2023-06-15T23:13:26.356+0000] {dag.py:3490} INFO - Setting next_dagrun for example_external_task_marker_child to None, run_after=None
[2023-06-15T23:13:26.365+0000] {logging_mixin.py:149} INFO - [2023-06-15T23:13:26.364+0000] {dag.py:3490} INFO - Setting next_dagrun for example_external_task_marker_parent to None, run_after=None
[2023-06-15T23:13:26.398+0000] {processor.py:179} INFO - Processing /home/airflow/.local/lib/python3.7/site-packages/airflow/example_dags/example_external_task_marker_dag.py took 0.147 seconds
[2023-06-15T23:14:58.688+0000] {processor.py:157} INFO - Started process (PID=1936) to work on /home/airflow/.local/lib/python3.7/site-packages/airflow/example_dags/example_external_task_marker_dag.py
[2023-06-15T23:14:58.689+0000] {processor.py:826} INFO - Processing file /home/airflow/.local/lib/python3.7/site-packages/airflow/example_dags/example_external_task_marker_dag.py for tasks to queue
[2023-06-15T23:14:58.691+0000] {logging_mixin.py:149} INFO - [2023-06-15T23:14:58.690+0000] {dagbag.py:541} INFO - Filling up the DagBag from /home/airflow/.local/lib/python3.7/site-packages/airflow/example_dags/example_external_task_marker_dag.py
[2023-06-15T23:14:58.698+0000] {processor.py:836} INFO - DAG(s) dict_keys(['example_external_task_marker_parent', 'example_external_task_marker_child']) retrieved from /home/airflow/.local/lib/python3.7/site-packages/airflow/example_dags/example_external_task_marker_dag.py
[2023-06-15T23:14:58.745+0000] {logging_mixin.py:149} INFO - [2023-06-15T23:14:58.744+0000] {dag.py:2726} INFO - Sync 2 DAGs
[2023-06-15T23:14:58.784+0000] {logging_mixin.py:149} INFO - [2023-06-15T23:14:58.783+0000] {dag.py:3490} INFO - Setting next_dagrun for example_external_task_marker_child to None, run_after=None
[2023-06-15T23:14:58.790+0000] {logging_mixin.py:149} INFO - [2023-06-15T23:14:58.790+0000] {dag.py:3490} INFO - Setting next_dagrun for example_external_task_marker_parent to None, run_after=None
[2023-06-15T23:14:58.819+0000] {processor.py:179} INFO - Processing /home/airflow/.local/lib/python3.7/site-packages/airflow/example_dags/example_external_task_marker_dag.py took 0.136 seconds
[2023-06-15T23:15:44.498+0000] {processor.py:157} INFO - Started process (PID=2149) to work on /home/airflow/.local/lib/python3.7/site-packages/airflow/example_dags/example_external_task_marker_dag.py
[2023-06-15T23:15:44.501+0000] {processor.py:826} INFO - Processing file /home/airflow/.local/lib/python3.7/site-packages/airflow/example_dags/example_external_task_marker_dag.py for tasks to queue
[2023-06-15T23:15:44.503+0000] {logging_mixin.py:149} INFO - [2023-06-15T23:15:44.502+0000] {dagbag.py:541} INFO - Filling up the DagBag from /home/airflow/.local/lib/python3.7/site-packages/airflow/example_dags/example_external_task_marker_dag.py
[2023-06-15T23:15:44.514+0000] {processor.py:836} INFO - DAG(s) dict_keys(['example_external_task_marker_child', 'example_external_task_marker_parent']) retrieved from /home/airflow/.local/lib/python3.7/site-packages/airflow/example_dags/example_external_task_marker_dag.py
[2023-06-15T23:15:44.575+0000] {logging_mixin.py:149} INFO - [2023-06-15T23:15:44.575+0000] {dag.py:2726} INFO - Sync 2 DAGs
[2023-06-15T23:15:44.607+0000] {logging_mixin.py:149} INFO - [2023-06-15T23:15:44.606+0000] {dag.py:3490} INFO - Setting next_dagrun for example_external_task_marker_child to None, run_after=None
[2023-06-15T23:15:44.611+0000] {logging_mixin.py:149} INFO - [2023-06-15T23:15:44.611+0000] {dag.py:3490} INFO - Setting next_dagrun for example_external_task_marker_parent to None, run_after=None
[2023-06-15T23:15:44.633+0000] {processor.py:179} INFO - Processing /home/airflow/.local/lib/python3.7/site-packages/airflow/example_dags/example_external_task_marker_dag.py took 0.139 seconds
[2023-06-15T23:16:49.426+0000] {processor.py:157} INFO - Started process (PID=2252) to work on /home/airflow/.local/lib/python3.7/site-packages/airflow/example_dags/example_external_task_marker_dag.py
[2023-06-15T23:16:49.430+0000] {processor.py:826} INFO - Processing file /home/airflow/.local/lib/python3.7/site-packages/airflow/example_dags/example_external_task_marker_dag.py for tasks to queue
[2023-06-15T23:16:49.436+0000] {logging_mixin.py:149} INFO - [2023-06-15T23:16:49.435+0000] {dagbag.py:541} INFO - Filling up the DagBag from /home/airflow/.local/lib/python3.7/site-packages/airflow/example_dags/example_external_task_marker_dag.py
[2023-06-15T23:16:49.457+0000] {processor.py:836} INFO - DAG(s) dict_keys(['example_external_task_marker_parent', 'example_external_task_marker_child']) retrieved from /home/airflow/.local/lib/python3.7/site-packages/airflow/example_dags/example_external_task_marker_dag.py
[2023-06-15T23:16:49.537+0000] {logging_mixin.py:149} INFO - [2023-06-15T23:16:49.537+0000] {dag.py:2726} INFO - Sync 2 DAGs
[2023-06-15T23:16:49.601+0000] {logging_mixin.py:149} INFO - [2023-06-15T23:16:49.600+0000] {dag.py:3490} INFO - Setting next_dagrun for example_external_task_marker_child to None, run_after=None
[2023-06-15T23:16:49.616+0000] {logging_mixin.py:149} INFO - [2023-06-15T23:16:49.616+0000] {dag.py:3490} INFO - Setting next_dagrun for example_external_task_marker_parent to None, run_after=None
[2023-06-15T23:16:49.681+0000] {processor.py:179} INFO - Processing /home/airflow/.local/lib/python3.7/site-packages/airflow/example_dags/example_external_task_marker_dag.py took 0.263 seconds
[2023-06-15T23:17:41.306+0000] {processor.py:157} INFO - Started process (PID=2463) to work on /home/airflow/.local/lib/python3.7/site-packages/airflow/example_dags/example_external_task_marker_dag.py
[2023-06-15T23:17:41.309+0000] {processor.py:826} INFO - Processing file /home/airflow/.local/lib/python3.7/site-packages/airflow/example_dags/example_external_task_marker_dag.py for tasks to queue
[2023-06-15T23:17:41.311+0000] {logging_mixin.py:149} INFO - [2023-06-15T23:17:41.310+0000] {dagbag.py:541} INFO - Filling up the DagBag from /home/airflow/.local/lib/python3.7/site-packages/airflow/example_dags/example_external_task_marker_dag.py
[2023-06-15T23:17:41.327+0000] {processor.py:836} INFO - DAG(s) dict_keys(['example_external_task_marker_parent', 'example_external_task_marker_child']) retrieved from /home/airflow/.local/lib/python3.7/site-packages/airflow/example_dags/example_external_task_marker_dag.py
[2023-06-15T23:17:41.417+0000] {logging_mixin.py:149} INFO - [2023-06-15T23:17:41.417+0000] {dag.py:2726} INFO - Sync 2 DAGs
[2023-06-15T23:17:41.454+0000] {logging_mixin.py:149} INFO - [2023-06-15T23:17:41.453+0000] {dag.py:3490} INFO - Setting next_dagrun for example_external_task_marker_child to None, run_after=None
[2023-06-15T23:17:41.460+0000] {logging_mixin.py:149} INFO - [2023-06-15T23:17:41.459+0000] {dag.py:3490} INFO - Setting next_dagrun for example_external_task_marker_parent to None, run_after=None
[2023-06-15T23:17:42.226+0000] {processor.py:179} INFO - Processing /home/airflow/.local/lib/python3.7/site-packages/airflow/example_dags/example_external_task_marker_dag.py took 0.926 seconds
[2023-06-15T23:19:12.745+0000] {processor.py:157} INFO - Started process (PID=2625) to work on /home/airflow/.local/lib/python3.7/site-packages/airflow/example_dags/example_external_task_marker_dag.py
[2023-06-15T23:19:12.747+0000] {processor.py:826} INFO - Processing file /home/airflow/.local/lib/python3.7/site-packages/airflow/example_dags/example_external_task_marker_dag.py for tasks to queue
[2023-06-15T23:19:12.748+0000] {logging_mixin.py:149} INFO - [2023-06-15T23:19:12.748+0000] {dagbag.py:541} INFO - Filling up the DagBag from /home/airflow/.local/lib/python3.7/site-packages/airflow/example_dags/example_external_task_marker_dag.py
[2023-06-15T23:19:12.996+0000] {processor.py:836} INFO - DAG(s) dict_keys(['example_external_task_marker_child', 'example_external_task_marker_parent']) retrieved from /home/airflow/.local/lib/python3.7/site-packages/airflow/example_dags/example_external_task_marker_dag.py
[2023-06-15T23:19:18.056+0000] {logging_mixin.py:149} INFO - [2023-06-15T23:19:18.056+0000] {dag.py:2726} INFO - Sync 2 DAGs
[2023-06-15T23:19:18.083+0000] {logging_mixin.py:149} INFO - [2023-06-15T23:19:18.083+0000] {dag.py:3490} INFO - Setting next_dagrun for example_external_task_marker_child to None, run_after=None
[2023-06-15T23:19:18.087+0000] {logging_mixin.py:149} INFO - [2023-06-15T23:19:18.087+0000] {dag.py:3490} INFO - Setting next_dagrun for example_external_task_marker_parent to None, run_after=None
[2023-06-15T23:19:51.365+0000] {processor.py:179} INFO - Processing /home/airflow/.local/lib/python3.7/site-packages/airflow/example_dags/example_external_task_marker_dag.py took 38.626 seconds
[2023-06-15T23:21:34.979+0000] {processor.py:157} INFO - Started process (PID=2770) to work on /home/airflow/.local/lib/python3.7/site-packages/airflow/example_dags/example_external_task_marker_dag.py
[2023-06-15T23:21:34.981+0000] {processor.py:826} INFO - Processing file /home/airflow/.local/lib/python3.7/site-packages/airflow/example_dags/example_external_task_marker_dag.py for tasks to queue
[2023-06-15T23:21:34.983+0000] {logging_mixin.py:149} INFO - [2023-06-15T23:21:34.983+0000] {dagbag.py:541} INFO - Filling up the DagBag from /home/airflow/.local/lib/python3.7/site-packages/airflow/example_dags/example_external_task_marker_dag.py
[2023-06-15T23:21:35.001+0000] {processor.py:836} INFO - DAG(s) dict_keys(['example_external_task_marker_parent', 'example_external_task_marker_child']) retrieved from /home/airflow/.local/lib/python3.7/site-packages/airflow/example_dags/example_external_task_marker_dag.py
[2023-06-15T23:21:35.084+0000] {logging_mixin.py:149} INFO - [2023-06-15T23:21:35.084+0000] {dag.py:2726} INFO - Sync 2 DAGs
[2023-06-15T23:21:35.126+0000] {logging_mixin.py:149} INFO - [2023-06-15T23:21:35.125+0000] {dag.py:3490} INFO - Setting next_dagrun for example_external_task_marker_child to None, run_after=None
[2023-06-15T23:21:35.132+0000] {logging_mixin.py:149} INFO - [2023-06-15T23:21:35.132+0000] {dag.py:3490} INFO - Setting next_dagrun for example_external_task_marker_parent to None, run_after=None
[2023-06-15T23:21:35.163+0000] {processor.py:179} INFO - Processing /home/airflow/.local/lib/python3.7/site-packages/airflow/example_dags/example_external_task_marker_dag.py took 0.189 seconds
[2023-06-15T23:22:19.454+0000] {processor.py:157} INFO - Started process (PID=2946) to work on /home/airflow/.local/lib/python3.7/site-packages/airflow/example_dags/example_external_task_marker_dag.py
[2023-06-15T23:22:19.464+0000] {processor.py:826} INFO - Processing file /home/airflow/.local/lib/python3.7/site-packages/airflow/example_dags/example_external_task_marker_dag.py for tasks to queue
[2023-06-15T23:22:19.466+0000] {logging_mixin.py:149} INFO - [2023-06-15T23:22:19.465+0000] {dagbag.py:541} INFO - Filling up the DagBag from /home/airflow/.local/lib/python3.7/site-packages/airflow/example_dags/example_external_task_marker_dag.py
[2023-06-15T23:22:19.473+0000] {processor.py:836} INFO - DAG(s) dict_keys(['example_external_task_marker_parent', 'example_external_task_marker_child']) retrieved from /home/airflow/.local/lib/python3.7/site-packages/airflow/example_dags/example_external_task_marker_dag.py
[2023-06-15T23:22:19.516+0000] {logging_mixin.py:149} INFO - [2023-06-15T23:22:19.515+0000] {dag.py:2726} INFO - Sync 2 DAGs
[2023-06-15T23:22:19.553+0000] {logging_mixin.py:149} INFO - [2023-06-15T23:22:19.553+0000] {dag.py:3490} INFO - Setting next_dagrun for example_external_task_marker_child to None, run_after=None
[2023-06-15T23:22:19.558+0000] {logging_mixin.py:149} INFO - [2023-06-15T23:22:19.558+0000] {dag.py:3490} INFO - Setting next_dagrun for example_external_task_marker_parent to None, run_after=None
[2023-06-15T23:22:19.598+0000] {processor.py:179} INFO - Processing /home/airflow/.local/lib/python3.7/site-packages/airflow/example_dags/example_external_task_marker_dag.py took 0.149 seconds
[2023-06-15T23:23:24.699+0000] {processor.py:157} INFO - Started process (PID=3169) to work on /home/airflow/.local/lib/python3.7/site-packages/airflow/example_dags/example_external_task_marker_dag.py
[2023-06-15T23:23:24.701+0000] {processor.py:826} INFO - Processing file /home/airflow/.local/lib/python3.7/site-packages/airflow/example_dags/example_external_task_marker_dag.py for tasks to queue
[2023-06-15T23:23:24.702+0000] {logging_mixin.py:149} INFO - [2023-06-15T23:23:24.702+0000] {dagbag.py:541} INFO - Filling up the DagBag from /home/airflow/.local/lib/python3.7/site-packages/airflow/example_dags/example_external_task_marker_dag.py
[2023-06-15T23:23:24.711+0000] {processor.py:836} INFO - DAG(s) dict_keys(['example_external_task_marker_child', 'example_external_task_marker_parent']) retrieved from /home/airflow/.local/lib/python3.7/site-packages/airflow/example_dags/example_external_task_marker_dag.py
[2023-06-15T23:23:24.750+0000] {logging_mixin.py:149} INFO - [2023-06-15T23:23:24.749+0000] {dag.py:2726} INFO - Sync 2 DAGs
[2023-06-15T23:23:24.787+0000] {logging_mixin.py:149} INFO - [2023-06-15T23:23:24.787+0000] {dag.py:3490} INFO - Setting next_dagrun for example_external_task_marker_child to None, run_after=None
[2023-06-15T23:23:24.793+0000] {logging_mixin.py:149} INFO - [2023-06-15T23:23:24.793+0000] {dag.py:3490} INFO - Setting next_dagrun for example_external_task_marker_parent to None, run_after=None
[2023-06-15T23:23:24.825+0000] {processor.py:179} INFO - Processing /home/airflow/.local/lib/python3.7/site-packages/airflow/example_dags/example_external_task_marker_dag.py took 0.131 seconds
[2023-06-15T23:24:00.432+0000] {processor.py:157} INFO - Started process (PID=3394) to work on /home/airflow/.local/lib/python3.7/site-packages/airflow/example_dags/example_external_task_marker_dag.py
[2023-06-15T23:24:00.434+0000] {processor.py:826} INFO - Processing file /home/airflow/.local/lib/python3.7/site-packages/airflow/example_dags/example_external_task_marker_dag.py for tasks to queue
[2023-06-15T23:24:00.436+0000] {logging_mixin.py:149} INFO - [2023-06-15T23:24:00.435+0000] {dagbag.py:541} INFO - Filling up the DagBag from /home/airflow/.local/lib/python3.7/site-packages/airflow/example_dags/example_external_task_marker_dag.py
[2023-06-15T23:24:00.452+0000] {processor.py:836} INFO - DAG(s) dict_keys(['example_external_task_marker_child', 'example_external_task_marker_parent']) retrieved from /home/airflow/.local/lib/python3.7/site-packages/airflow/example_dags/example_external_task_marker_dag.py
[2023-06-15T23:24:00.511+0000] {logging_mixin.py:149} INFO - [2023-06-15T23:24:00.510+0000] {dag.py:2726} INFO - Sync 2 DAGs
[2023-06-15T23:24:00.549+0000] {logging_mixin.py:149} INFO - [2023-06-15T23:24:00.549+0000] {dag.py:3490} INFO - Setting next_dagrun for example_external_task_marker_child to None, run_after=None
[2023-06-15T23:24:00.556+0000] {logging_mixin.py:149} INFO - [2023-06-15T23:24:00.556+0000] {dag.py:3490} INFO - Setting next_dagrun for example_external_task_marker_parent to None, run_after=None
[2023-06-15T23:24:00.598+0000] {processor.py:179} INFO - Processing /home/airflow/.local/lib/python3.7/site-packages/airflow/example_dags/example_external_task_marker_dag.py took 0.172 seconds
[2023-06-15T23:26:38.956+0000] {processor.py:157} INFO - Started process (PID=3645) to work on /home/airflow/.local/lib/python3.7/site-packages/airflow/example_dags/example_external_task_marker_dag.py
[2023-06-15T23:26:38.957+0000] {processor.py:826} INFO - Processing file /home/airflow/.local/lib/python3.7/site-packages/airflow/example_dags/example_external_task_marker_dag.py for tasks to queue
[2023-06-15T23:26:38.959+0000] {logging_mixin.py:149} INFO - [2023-06-15T23:26:38.959+0000] {dagbag.py:541} INFO - Filling up the DagBag from /home/airflow/.local/lib/python3.7/site-packages/airflow/example_dags/example_external_task_marker_dag.py
[2023-06-15T23:26:38.967+0000] {processor.py:836} INFO - DAG(s) dict_keys(['example_external_task_marker_child', 'example_external_task_marker_parent']) retrieved from /home/airflow/.local/lib/python3.7/site-packages/airflow/example_dags/example_external_task_marker_dag.py
[2023-06-15T23:26:40.563+0000] {logging_mixin.py:149} INFO - [2023-06-15T23:26:40.563+0000] {dag.py:2726} INFO - Sync 2 DAGs
[2023-06-15T23:26:40.621+0000] {logging_mixin.py:149} INFO - [2023-06-15T23:26:40.620+0000] {dag.py:3490} INFO - Setting next_dagrun for example_external_task_marker_child to None, run_after=None
[2023-06-15T23:26:40.633+0000] {logging_mixin.py:149} INFO - [2023-06-15T23:26:40.633+0000] {dag.py:3490} INFO - Setting next_dagrun for example_external_task_marker_parent to None, run_after=None
[2023-06-15T23:26:41.814+0000] {processor.py:179} INFO - Processing /home/airflow/.local/lib/python3.7/site-packages/airflow/example_dags/example_external_task_marker_dag.py took 2.863 seconds
[2023-06-15T23:27:25.899+0000] {processor.py:157} INFO - Started process (PID=3881) to work on /home/airflow/.local/lib/python3.7/site-packages/airflow/example_dags/example_external_task_marker_dag.py
[2023-06-15T23:27:26.045+0000] {processor.py:826} INFO - Processing file /home/airflow/.local/lib/python3.7/site-packages/airflow/example_dags/example_external_task_marker_dag.py for tasks to queue
[2023-06-15T23:27:26.047+0000] {logging_mixin.py:149} INFO - [2023-06-15T23:27:26.047+0000] {dagbag.py:541} INFO - Filling up the DagBag from /home/airflow/.local/lib/python3.7/site-packages/airflow/example_dags/example_external_task_marker_dag.py
[2023-06-15T23:27:26.062+0000] {processor.py:836} INFO - DAG(s) dict_keys(['example_external_task_marker_parent', 'example_external_task_marker_child']) retrieved from /home/airflow/.local/lib/python3.7/site-packages/airflow/example_dags/example_external_task_marker_dag.py
[2023-06-15T23:27:26.190+0000] {logging_mixin.py:149} INFO - [2023-06-15T23:27:26.190+0000] {dag.py:2726} INFO - Sync 2 DAGs
[2023-06-15T23:27:26.600+0000] {logging_mixin.py:149} INFO - [2023-06-15T23:27:26.599+0000] {dag.py:3490} INFO - Setting next_dagrun for example_external_task_marker_child to None, run_after=None
[2023-06-15T23:27:26.832+0000] {logging_mixin.py:149} INFO - [2023-06-15T23:27:26.832+0000] {dag.py:3490} INFO - Setting next_dagrun for example_external_task_marker_parent to None, run_after=None
[2023-06-15T23:27:28.089+0000] {processor.py:179} INFO - Processing /home/airflow/.local/lib/python3.7/site-packages/airflow/example_dags/example_external_task_marker_dag.py took 1.752 seconds
[2023-06-15T23:28:22.931+0000] {processor.py:157} INFO - Started process (PID=4109) to work on /home/airflow/.local/lib/python3.7/site-packages/airflow/example_dags/example_external_task_marker_dag.py
[2023-06-15T23:28:22.935+0000] {processor.py:826} INFO - Processing file /home/airflow/.local/lib/python3.7/site-packages/airflow/example_dags/example_external_task_marker_dag.py for tasks to queue
[2023-06-15T23:28:22.937+0000] {logging_mixin.py:149} INFO - [2023-06-15T23:28:22.937+0000] {dagbag.py:541} INFO - Filling up the DagBag from /home/airflow/.local/lib/python3.7/site-packages/airflow/example_dags/example_external_task_marker_dag.py
[2023-06-15T23:28:22.952+0000] {processor.py:836} INFO - DAG(s) dict_keys(['example_external_task_marker_parent', 'example_external_task_marker_child']) retrieved from /home/airflow/.local/lib/python3.7/site-packages/airflow/example_dags/example_external_task_marker_dag.py
[2023-06-15T23:28:23.032+0000] {logging_mixin.py:149} INFO - [2023-06-15T23:28:23.031+0000] {dag.py:2726} INFO - Sync 2 DAGs
[2023-06-15T23:28:23.102+0000] {logging_mixin.py:149} INFO - [2023-06-15T23:28:23.101+0000] {dag.py:3490} INFO - Setting next_dagrun for example_external_task_marker_child to None, run_after=None
[2023-06-15T23:28:23.112+0000] {logging_mixin.py:149} INFO - [2023-06-15T23:28:23.111+0000] {dag.py:3490} INFO - Setting next_dagrun for example_external_task_marker_parent to None, run_after=None
[2023-06-15T23:28:23.147+0000] {processor.py:179} INFO - Processing /home/airflow/.local/lib/python3.7/site-packages/airflow/example_dags/example_external_task_marker_dag.py took 0.221 seconds
[2023-06-15T23:30:01.713+0000] {processor.py:157} INFO - Started process (PID=4167) to work on /home/airflow/.local/lib/python3.7/site-packages/airflow/example_dags/example_external_task_marker_dag.py
[2023-06-15T23:30:01.715+0000] {processor.py:826} INFO - Processing file /home/airflow/.local/lib/python3.7/site-packages/airflow/example_dags/example_external_task_marker_dag.py for tasks to queue
[2023-06-15T23:30:01.716+0000] {logging_mixin.py:149} INFO - [2023-06-15T23:30:01.716+0000] {dagbag.py:541} INFO - Filling up the DagBag from /home/airflow/.local/lib/python3.7/site-packages/airflow/example_dags/example_external_task_marker_dag.py
[2023-06-15T23:30:01.725+0000] {processor.py:836} INFO - DAG(s) dict_keys(['example_external_task_marker_parent', 'example_external_task_marker_child']) retrieved from /home/airflow/.local/lib/python3.7/site-packages/airflow/example_dags/example_external_task_marker_dag.py
[2023-06-15T23:30:01.792+0000] {logging_mixin.py:149} INFO - [2023-06-15T23:30:01.792+0000] {dag.py:2726} INFO - Sync 2 DAGs
[2023-06-15T23:30:01.859+0000] {logging_mixin.py:149} INFO - [2023-06-15T23:30:01.858+0000] {dag.py:3490} INFO - Setting next_dagrun for example_external_task_marker_child to None, run_after=None
[2023-06-15T23:30:01.869+0000] {logging_mixin.py:149} INFO - [2023-06-15T23:30:01.869+0000] {dag.py:3490} INFO - Setting next_dagrun for example_external_task_marker_parent to None, run_after=None
[2023-06-15T23:30:07.515+0000] {processor.py:179} INFO - Processing /home/airflow/.local/lib/python3.7/site-packages/airflow/example_dags/example_external_task_marker_dag.py took 2.111 seconds
[2023-06-15T23:32:02.895+0000] {processor.py:157} INFO - Started process (PID=4385) to work on /home/airflow/.local/lib/python3.7/site-packages/airflow/example_dags/example_external_task_marker_dag.py
[2023-06-15T23:32:02.899+0000] {processor.py:826} INFO - Processing file /home/airflow/.local/lib/python3.7/site-packages/airflow/example_dags/example_external_task_marker_dag.py for tasks to queue
[2023-06-15T23:32:02.908+0000] {logging_mixin.py:149} INFO - [2023-06-15T23:32:02.907+0000] {dagbag.py:541} INFO - Filling up the DagBag from /home/airflow/.local/lib/python3.7/site-packages/airflow/example_dags/example_external_task_marker_dag.py
[2023-06-15T23:32:02.929+0000] {processor.py:836} INFO - DAG(s) dict_keys(['example_external_task_marker_child', 'example_external_task_marker_parent']) retrieved from /home/airflow/.local/lib/python3.7/site-packages/airflow/example_dags/example_external_task_marker_dag.py
[2023-06-15T23:32:03.011+0000] {logging_mixin.py:149} INFO - [2023-06-15T23:32:03.011+0000] {dag.py:2726} INFO - Sync 2 DAGs
[2023-06-15T23:32:03.069+0000] {logging_mixin.py:149} INFO - [2023-06-15T23:32:03.069+0000] {dag.py:3490} INFO - Setting next_dagrun for example_external_task_marker_child to None, run_after=None
[2023-06-15T23:32:03.080+0000] {logging_mixin.py:149} INFO - [2023-06-15T23:32:03.079+0000] {dag.py:3490} INFO - Setting next_dagrun for example_external_task_marker_parent to None, run_after=None
[2023-06-15T23:32:03.132+0000] {processor.py:179} INFO - Processing /home/airflow/.local/lib/python3.7/site-packages/airflow/example_dags/example_external_task_marker_dag.py took 0.243 seconds
[2023-06-15T23:33:18.250+0000] {processor.py:157} INFO - Started process (PID=4550) to work on /home/airflow/.local/lib/python3.7/site-packages/airflow/example_dags/example_external_task_marker_dag.py
[2023-06-15T23:33:18.252+0000] {processor.py:826} INFO - Processing file /home/airflow/.local/lib/python3.7/site-packages/airflow/example_dags/example_external_task_marker_dag.py for tasks to queue
[2023-06-15T23:33:18.254+0000] {logging_mixin.py:149} INFO - [2023-06-15T23:33:18.254+0000] {dagbag.py:541} INFO - Filling up the DagBag from /home/airflow/.local/lib/python3.7/site-packages/airflow/example_dags/example_external_task_marker_dag.py
[2023-06-15T23:33:18.267+0000] {processor.py:836} INFO - DAG(s) dict_keys(['example_external_task_marker_child', 'example_external_task_marker_parent']) retrieved from /home/airflow/.local/lib/python3.7/site-packages/airflow/example_dags/example_external_task_marker_dag.py
[2023-06-15T23:33:23.076+0000] {logging_mixin.py:149} INFO - [2023-06-15T23:33:23.076+0000] {dag.py:2726} INFO - Sync 2 DAGs
[2023-06-15T23:33:23.113+0000] {logging_mixin.py:149} INFO - [2023-06-15T23:33:23.113+0000] {dag.py:3490} INFO - Setting next_dagrun for example_external_task_marker_child to None, run_after=None
[2023-06-15T23:33:23.120+0000] {logging_mixin.py:149} INFO - [2023-06-15T23:33:23.120+0000] {dag.py:3490} INFO - Setting next_dagrun for example_external_task_marker_parent to None, run_after=None
[2023-06-15T23:33:24.560+0000] {processor.py:179} INFO - Processing /home/airflow/.local/lib/python3.7/site-packages/airflow/example_dags/example_external_task_marker_dag.py took 6.495 seconds
[2023-06-15T23:35:09.894+0000] {processor.py:157} INFO - Started process (PID=4773) to work on /home/airflow/.local/lib/python3.7/site-packages/airflow/example_dags/example_external_task_marker_dag.py
[2023-06-15T23:35:09.897+0000] {processor.py:826} INFO - Processing file /home/airflow/.local/lib/python3.7/site-packages/airflow/example_dags/example_external_task_marker_dag.py for tasks to queue
[2023-06-15T23:35:09.898+0000] {logging_mixin.py:149} INFO - [2023-06-15T23:35:09.898+0000] {dagbag.py:541} INFO - Filling up the DagBag from /home/airflow/.local/lib/python3.7/site-packages/airflow/example_dags/example_external_task_marker_dag.py
[2023-06-15T23:35:09.905+0000] {processor.py:836} INFO - DAG(s) dict_keys(['example_external_task_marker_child', 'example_external_task_marker_parent']) retrieved from /home/airflow/.local/lib/python3.7/site-packages/airflow/example_dags/example_external_task_marker_dag.py
[2023-06-15T23:35:09.945+0000] {logging_mixin.py:149} INFO - [2023-06-15T23:35:09.945+0000] {dag.py:2726} INFO - Sync 2 DAGs
[2023-06-15T23:35:09.981+0000] {logging_mixin.py:149} INFO - [2023-06-15T23:35:09.981+0000] {dag.py:3490} INFO - Setting next_dagrun for example_external_task_marker_child to None, run_after=None
[2023-06-15T23:35:09.986+0000] {logging_mixin.py:149} INFO - [2023-06-15T23:35:09.986+0000] {dag.py:3490} INFO - Setting next_dagrun for example_external_task_marker_parent to None, run_after=None
[2023-06-15T23:35:10.013+0000] {processor.py:179} INFO - Processing /home/airflow/.local/lib/python3.7/site-packages/airflow/example_dags/example_external_task_marker_dag.py took 0.124 seconds
[2023-06-15T23:35:40.136+0000] {processor.py:157} INFO - Started process (PID=4995) to work on /home/airflow/.local/lib/python3.7/site-packages/airflow/example_dags/example_external_task_marker_dag.py
[2023-06-15T23:35:40.138+0000] {processor.py:826} INFO - Processing file /home/airflow/.local/lib/python3.7/site-packages/airflow/example_dags/example_external_task_marker_dag.py for tasks to queue
[2023-06-15T23:35:40.139+0000] {logging_mixin.py:149} INFO - [2023-06-15T23:35:40.139+0000] {dagbag.py:541} INFO - Filling up the DagBag from /home/airflow/.local/lib/python3.7/site-packages/airflow/example_dags/example_external_task_marker_dag.py
[2023-06-15T23:35:40.148+0000] {processor.py:836} INFO - DAG(s) dict_keys(['example_external_task_marker_child', 'example_external_task_marker_parent']) retrieved from /home/airflow/.local/lib/python3.7/site-packages/airflow/example_dags/example_external_task_marker_dag.py
[2023-06-15T23:35:59.955+0000] {logging_mixin.py:149} INFO - [2023-06-15T23:35:59.954+0000] {dag.py:2726} INFO - Sync 2 DAGs
[2023-06-15T23:36:12.786+0000] {logging_mixin.py:149} INFO - [2023-06-15T23:36:12.786+0000] {dag.py:3490} INFO - Setting next_dagrun for example_external_task_marker_child to None, run_after=None
[2023-06-15T23:36:16.322+0000] {logging_mixin.py:149} INFO - [2023-06-15T23:36:16.322+0000] {dag.py:3490} INFO - Setting next_dagrun for example_external_task_marker_parent to None, run_after=None
[2023-06-15T23:45:21.175+0000] {processor.py:157} INFO - Started process (PID=195) to work on /home/airflow/.local/lib/python3.7/site-packages/airflow/example_dags/example_external_task_marker_dag.py
[2023-06-15T23:45:21.187+0000] {processor.py:826} INFO - Processing file /home/airflow/.local/lib/python3.7/site-packages/airflow/example_dags/example_external_task_marker_dag.py for tasks to queue
[2023-06-15T23:45:21.189+0000] {logging_mixin.py:149} INFO - [2023-06-15T23:45:21.189+0000] {dagbag.py:541} INFO - Filling up the DagBag from /home/airflow/.local/lib/python3.7/site-packages/airflow/example_dags/example_external_task_marker_dag.py
[2023-06-15T23:45:21.216+0000] {processor.py:836} INFO - DAG(s) dict_keys(['example_external_task_marker_child', 'example_external_task_marker_parent']) retrieved from /home/airflow/.local/lib/python3.7/site-packages/airflow/example_dags/example_external_task_marker_dag.py
[2023-06-15T23:45:21.340+0000] {logging_mixin.py:149} INFO - [2023-06-15T23:45:21.340+0000] {dag.py:2726} INFO - Sync 2 DAGs
[2023-06-15T23:45:33.329+0000] {logging_mixin.py:149} INFO - [2023-06-15T23:45:33.329+0000] {dag.py:3490} INFO - Setting next_dagrun for example_external_task_marker_child to None, run_after=None
[2023-06-15T23:45:33.344+0000] {logging_mixin.py:149} INFO - [2023-06-15T23:45:33.344+0000] {dag.py:3490} INFO - Setting next_dagrun for example_external_task_marker_parent to None, run_after=None
[2023-06-15T23:45:33.472+0000] {processor.py:179} INFO - Processing /home/airflow/.local/lib/python3.7/site-packages/airflow/example_dags/example_external_task_marker_dag.py took 12.303 seconds
