[2023-06-15T23:04:04.593+0000] {processor.py:157} INFO - Started process (PID=341) to work on /home/airflow/.local/lib/python3.7/site-packages/airflow/example_dags/example_datasets.py
[2023-06-15T23:04:04.598+0000] {processor.py:826} INFO - Processing file /home/airflow/.local/lib/python3.7/site-packages/airflow/example_dags/example_datasets.py for tasks to queue
[2023-06-15T23:04:04.601+0000] {logging_mixin.py:149} INFO - [2023-06-15T23:04:04.601+0000] {dagbag.py:541} INFO - Filling up the DagBag from /home/airflow/.local/lib/python3.7/site-packages/airflow/example_dags/example_datasets.py
[2023-06-15T23:04:04.642+0000] {processor.py:836} INFO - DAG(s) dict_keys(['dataset_produces_2', 'dataset_consumes_1', 'dataset_consumes_1_and_2', 'dataset_consumes_1_never_scheduled', 'dataset_produces_1', 'dataset_consumes_unknown_never_scheduled']) retrieved from /home/airflow/.local/lib/python3.7/site-packages/airflow/example_dags/example_datasets.py
[2023-06-15T23:04:10.499+0000] {logging_mixin.py:149} INFO - [2023-06-15T23:04:10.497+0000] {dag.py:2726} INFO - Sync 6 DAGs
[2023-06-15T23:04:14.034+0000] {logging_mixin.py:149} INFO - [2023-06-15T23:04:14.034+0000] {dag.py:3490} INFO - Setting next_dagrun for dataset_consumes_1 to None, run_after=None
[2023-06-15T23:04:14.397+0000] {logging_mixin.py:149} INFO - [2023-06-15T23:04:14.396+0000] {dag.py:3490} INFO - Setting next_dagrun for dataset_consumes_1_and_2 to None, run_after=None
[2023-06-15T23:04:14.399+0000] {logging_mixin.py:149} INFO - [2023-06-15T23:04:14.399+0000] {dag.py:3490} INFO - Setting next_dagrun for dataset_consumes_1_never_scheduled to None, run_after=None
[2023-06-15T23:04:14.402+0000] {logging_mixin.py:149} INFO - [2023-06-15T23:04:14.402+0000] {dag.py:3490} INFO - Setting next_dagrun for dataset_consumes_unknown_never_scheduled to None, run_after=None
[2023-06-15T23:04:14.409+0000] {logging_mixin.py:149} INFO - [2023-06-15T23:04:14.409+0000] {dag.py:3490} INFO - Setting next_dagrun for dataset_produces_1 to 2023-06-14T00:00:00+00:00, run_after=2023-06-15T00:00:00+00:00
[2023-06-15T23:04:14.412+0000] {logging_mixin.py:149} INFO - [2023-06-15T23:04:14.412+0000] {dag.py:3490} INFO - Setting next_dagrun for dataset_produces_2 to None, run_after=None
[2023-06-15T23:04:19.037+0000] {processor.py:179} INFO - Processing /home/airflow/.local/lib/python3.7/site-packages/airflow/example_dags/example_datasets.py took 14.449 seconds
[2023-06-15T23:06:22.868+0000] {processor.py:157} INFO - Started process (PID=611) to work on /home/airflow/.local/lib/python3.7/site-packages/airflow/example_dags/example_datasets.py
[2023-06-15T23:06:22.870+0000] {processor.py:826} INFO - Processing file /home/airflow/.local/lib/python3.7/site-packages/airflow/example_dags/example_datasets.py for tasks to queue
[2023-06-15T23:06:22.871+0000] {logging_mixin.py:149} INFO - [2023-06-15T23:06:22.871+0000] {dagbag.py:541} INFO - Filling up the DagBag from /home/airflow/.local/lib/python3.7/site-packages/airflow/example_dags/example_datasets.py
[2023-06-15T23:06:22.886+0000] {processor.py:836} INFO - DAG(s) dict_keys(['dataset_produces_2', 'dataset_consumes_1_and_2', 'dataset_consumes_1_never_scheduled', 'dataset_produces_1', 'dataset_consumes_unknown_never_scheduled', 'dataset_consumes_1']) retrieved from /home/airflow/.local/lib/python3.7/site-packages/airflow/example_dags/example_datasets.py
[2023-06-15T23:06:22.986+0000] {logging_mixin.py:149} INFO - [2023-06-15T23:06:22.986+0000] {dag.py:2726} INFO - Sync 6 DAGs
[2023-06-15T23:06:23.765+0000] {logging_mixin.py:149} INFO - [2023-06-15T23:06:23.765+0000] {dag.py:3490} INFO - Setting next_dagrun for dataset_consumes_1 to None, run_after=None
[2023-06-15T23:06:23.772+0000] {logging_mixin.py:149} INFO - [2023-06-15T23:06:23.771+0000] {dag.py:3490} INFO - Setting next_dagrun for dataset_consumes_1_and_2 to None, run_after=None
[2023-06-15T23:06:23.774+0000] {logging_mixin.py:149} INFO - [2023-06-15T23:06:23.774+0000] {dag.py:3490} INFO - Setting next_dagrun for dataset_consumes_1_never_scheduled to None, run_after=None
[2023-06-15T23:06:23.777+0000] {logging_mixin.py:149} INFO - [2023-06-15T23:06:23.776+0000] {dag.py:3490} INFO - Setting next_dagrun for dataset_consumes_unknown_never_scheduled to None, run_after=None
[2023-06-15T23:06:23.781+0000] {logging_mixin.py:149} INFO - [2023-06-15T23:06:23.781+0000] {dag.py:3490} INFO - Setting next_dagrun for dataset_produces_1 to 2023-06-14T00:00:00+00:00, run_after=2023-06-15T00:00:00+00:00
[2023-06-15T23:06:23.783+0000] {logging_mixin.py:149} INFO - [2023-06-15T23:06:23.783+0000] {dag.py:3490} INFO - Setting next_dagrun for dataset_produces_2 to None, run_after=None
[2023-06-15T23:06:26.197+0000] {processor.py:179} INFO - Processing /home/airflow/.local/lib/python3.7/site-packages/airflow/example_dags/example_datasets.py took 3.335 seconds
[2023-06-15T23:07:08.273+0000] {processor.py:157} INFO - Started process (PID=856) to work on /home/airflow/.local/lib/python3.7/site-packages/airflow/example_dags/example_datasets.py
[2023-06-15T23:07:08.275+0000] {processor.py:826} INFO - Processing file /home/airflow/.local/lib/python3.7/site-packages/airflow/example_dags/example_datasets.py for tasks to queue
[2023-06-15T23:07:08.277+0000] {logging_mixin.py:149} INFO - [2023-06-15T23:07:08.276+0000] {dagbag.py:541} INFO - Filling up the DagBag from /home/airflow/.local/lib/python3.7/site-packages/airflow/example_dags/example_datasets.py
[2023-06-15T23:07:08.308+0000] {processor.py:836} INFO - DAG(s) dict_keys(['dataset_produces_2', 'dataset_consumes_1_and_2', 'dataset_consumes_1_never_scheduled', 'dataset_consumes_1', 'dataset_produces_1', 'dataset_consumes_unknown_never_scheduled']) retrieved from /home/airflow/.local/lib/python3.7/site-packages/airflow/example_dags/example_datasets.py
[2023-06-15T23:07:09.704+0000] {logging_mixin.py:149} INFO - [2023-06-15T23:07:09.704+0000] {dag.py:2726} INFO - Sync 6 DAGs
[2023-06-15T23:07:10.656+0000] {logging_mixin.py:149} INFO - [2023-06-15T23:07:10.656+0000] {dag.py:3490} INFO - Setting next_dagrun for dataset_consumes_1 to None, run_after=None
[2023-06-15T23:07:10.668+0000] {logging_mixin.py:149} INFO - [2023-06-15T23:07:10.667+0000] {dag.py:3490} INFO - Setting next_dagrun for dataset_consumes_1_and_2 to None, run_after=None
[2023-06-15T23:07:10.672+0000] {logging_mixin.py:149} INFO - [2023-06-15T23:07:10.671+0000] {dag.py:3490} INFO - Setting next_dagrun for dataset_consumes_1_never_scheduled to None, run_after=None
[2023-06-15T23:07:10.675+0000] {logging_mixin.py:149} INFO - [2023-06-15T23:07:10.674+0000] {dag.py:3490} INFO - Setting next_dagrun for dataset_consumes_unknown_never_scheduled to None, run_after=None
[2023-06-15T23:07:10.681+0000] {logging_mixin.py:149} INFO - [2023-06-15T23:07:10.681+0000] {dag.py:3490} INFO - Setting next_dagrun for dataset_produces_1 to 2023-06-14T00:00:00+00:00, run_after=2023-06-15T00:00:00+00:00
[2023-06-15T23:07:10.684+0000] {logging_mixin.py:149} INFO - [2023-06-15T23:07:10.684+0000] {dag.py:3490} INFO - Setting next_dagrun for dataset_produces_2 to None, run_after=None
[2023-06-15T23:07:10.763+0000] {processor.py:179} INFO - Processing /home/airflow/.local/lib/python3.7/site-packages/airflow/example_dags/example_datasets.py took 2.493 seconds
[2023-06-15T23:08:28.273+0000] {processor.py:157} INFO - Started process (PID=1078) to work on /home/airflow/.local/lib/python3.7/site-packages/airflow/example_dags/example_datasets.py
[2023-06-15T23:08:28.275+0000] {processor.py:826} INFO - Processing file /home/airflow/.local/lib/python3.7/site-packages/airflow/example_dags/example_datasets.py for tasks to queue
[2023-06-15T23:08:28.276+0000] {logging_mixin.py:149} INFO - [2023-06-15T23:08:28.276+0000] {dagbag.py:541} INFO - Filling up the DagBag from /home/airflow/.local/lib/python3.7/site-packages/airflow/example_dags/example_datasets.py
[2023-06-15T23:08:28.289+0000] {processor.py:836} INFO - DAG(s) dict_keys(['dataset_consumes_1_never_scheduled', 'dataset_produces_1', 'dataset_produces_2', 'dataset_consumes_unknown_never_scheduled', 'dataset_consumes_1_and_2', 'dataset_consumes_1']) retrieved from /home/airflow/.local/lib/python3.7/site-packages/airflow/example_dags/example_datasets.py
[2023-06-15T23:08:28.357+0000] {logging_mixin.py:149} INFO - [2023-06-15T23:08:28.357+0000] {dag.py:2726} INFO - Sync 6 DAGs
[2023-06-15T23:08:28.916+0000] {logging_mixin.py:149} INFO - [2023-06-15T23:08:28.915+0000] {dag.py:3490} INFO - Setting next_dagrun for dataset_consumes_1 to None, run_after=None
[2023-06-15T23:08:28.926+0000] {logging_mixin.py:149} INFO - [2023-06-15T23:08:28.925+0000] {dag.py:3490} INFO - Setting next_dagrun for dataset_consumes_1_and_2 to None, run_after=None
[2023-06-15T23:08:28.934+0000] {logging_mixin.py:149} INFO - [2023-06-15T23:08:28.933+0000] {dag.py:3490} INFO - Setting next_dagrun for dataset_consumes_1_never_scheduled to None, run_after=None
[2023-06-15T23:08:28.937+0000] {logging_mixin.py:149} INFO - [2023-06-15T23:08:28.937+0000] {dag.py:3490} INFO - Setting next_dagrun for dataset_consumes_unknown_never_scheduled to None, run_after=None
[2023-06-15T23:08:28.946+0000] {logging_mixin.py:149} INFO - [2023-06-15T23:08:28.944+0000] {dag.py:3490} INFO - Setting next_dagrun for dataset_produces_1 to 2023-06-14T00:00:00+00:00, run_after=2023-06-15T00:00:00+00:00
[2023-06-15T23:08:28.952+0000] {logging_mixin.py:149} INFO - [2023-06-15T23:08:28.952+0000] {dag.py:3490} INFO - Setting next_dagrun for dataset_produces_2 to None, run_after=None
[2023-06-15T23:08:29.020+0000] {processor.py:179} INFO - Processing /home/airflow/.local/lib/python3.7/site-packages/airflow/example_dags/example_datasets.py took 0.753 seconds
[2023-06-15T23:11:03.854+0000] {processor.py:157} INFO - Started process (PID=1446) to work on /home/airflow/.local/lib/python3.7/site-packages/airflow/example_dags/example_datasets.py
[2023-06-15T23:11:03.857+0000] {processor.py:826} INFO - Processing file /home/airflow/.local/lib/python3.7/site-packages/airflow/example_dags/example_datasets.py for tasks to queue
[2023-06-15T23:11:03.859+0000] {logging_mixin.py:149} INFO - [2023-06-15T23:11:03.858+0000] {dagbag.py:541} INFO - Filling up the DagBag from /home/airflow/.local/lib/python3.7/site-packages/airflow/example_dags/example_datasets.py
[2023-06-15T23:11:03.882+0000] {processor.py:836} INFO - DAG(s) dict_keys(['dataset_produces_2', 'dataset_consumes_1_and_2', 'dataset_consumes_unknown_never_scheduled', 'dataset_produces_1', 'dataset_consumes_1', 'dataset_consumes_1_never_scheduled']) retrieved from /home/airflow/.local/lib/python3.7/site-packages/airflow/example_dags/example_datasets.py
[2023-06-15T23:11:03.967+0000] {logging_mixin.py:149} INFO - [2023-06-15T23:11:03.967+0000] {dag.py:2726} INFO - Sync 6 DAGs
[2023-06-15T23:11:03.999+0000] {logging_mixin.py:149} INFO - [2023-06-15T23:11:03.999+0000] {dag.py:3490} INFO - Setting next_dagrun for dataset_consumes_1 to None, run_after=None
[2023-06-15T23:11:04.005+0000] {logging_mixin.py:149} INFO - [2023-06-15T23:11:04.005+0000] {dag.py:3490} INFO - Setting next_dagrun for dataset_consumes_1_and_2 to None, run_after=None
[2023-06-15T23:11:04.008+0000] {logging_mixin.py:149} INFO - [2023-06-15T23:11:04.007+0000] {dag.py:3490} INFO - Setting next_dagrun for dataset_consumes_1_never_scheduled to None, run_after=None
[2023-06-15T23:11:04.009+0000] {logging_mixin.py:149} INFO - [2023-06-15T23:11:04.009+0000] {dag.py:3490} INFO - Setting next_dagrun for dataset_consumes_unknown_never_scheduled to None, run_after=None
[2023-06-15T23:11:04.013+0000] {logging_mixin.py:149} INFO - [2023-06-15T23:11:04.013+0000] {dag.py:3490} INFO - Setting next_dagrun for dataset_produces_1 to 2023-06-14T00:00:00+00:00, run_after=2023-06-15T00:00:00+00:00
[2023-06-15T23:11:04.015+0000] {logging_mixin.py:149} INFO - [2023-06-15T23:11:04.015+0000] {dag.py:3490} INFO - Setting next_dagrun for dataset_produces_2 to None, run_after=None
[2023-06-15T23:11:04.063+0000] {processor.py:179} INFO - Processing /home/airflow/.local/lib/python3.7/site-packages/airflow/example_dags/example_datasets.py took 0.215 seconds
[2023-06-15T23:13:23.899+0000] {processor.py:157} INFO - Started process (PID=1714) to work on /home/airflow/.local/lib/python3.7/site-packages/airflow/example_dags/example_datasets.py
[2023-06-15T23:13:23.901+0000] {processor.py:826} INFO - Processing file /home/airflow/.local/lib/python3.7/site-packages/airflow/example_dags/example_datasets.py for tasks to queue
[2023-06-15T23:13:23.902+0000] {logging_mixin.py:149} INFO - [2023-06-15T23:13:23.902+0000] {dagbag.py:541} INFO - Filling up the DagBag from /home/airflow/.local/lib/python3.7/site-packages/airflow/example_dags/example_datasets.py
[2023-06-15T23:13:23.919+0000] {processor.py:836} INFO - DAG(s) dict_keys(['dataset_consumes_1_and_2', 'dataset_produces_1', 'dataset_consumes_1', 'dataset_consumes_unknown_never_scheduled', 'dataset_consumes_1_never_scheduled', 'dataset_produces_2']) retrieved from /home/airflow/.local/lib/python3.7/site-packages/airflow/example_dags/example_datasets.py
[2023-06-15T23:13:24.025+0000] {logging_mixin.py:149} INFO - [2023-06-15T23:13:24.024+0000] {dag.py:2726} INFO - Sync 6 DAGs
[2023-06-15T23:13:24.101+0000] {logging_mixin.py:149} INFO - [2023-06-15T23:13:24.101+0000] {dag.py:3490} INFO - Setting next_dagrun for dataset_consumes_1 to None, run_after=None
[2023-06-15T23:13:24.107+0000] {logging_mixin.py:149} INFO - [2023-06-15T23:13:24.107+0000] {dag.py:3490} INFO - Setting next_dagrun for dataset_consumes_1_and_2 to None, run_after=None
[2023-06-15T23:13:24.110+0000] {logging_mixin.py:149} INFO - [2023-06-15T23:13:24.110+0000] {dag.py:3490} INFO - Setting next_dagrun for dataset_consumes_1_never_scheduled to None, run_after=None
[2023-06-15T23:13:24.113+0000] {logging_mixin.py:149} INFO - [2023-06-15T23:13:24.113+0000] {dag.py:3490} INFO - Setting next_dagrun for dataset_consumes_unknown_never_scheduled to None, run_after=None
[2023-06-15T23:13:24.118+0000] {logging_mixin.py:149} INFO - [2023-06-15T23:13:24.118+0000] {dag.py:3490} INFO - Setting next_dagrun for dataset_produces_1 to 2023-06-14T00:00:00+00:00, run_after=2023-06-15T00:00:00+00:00
[2023-06-15T23:13:24.121+0000] {logging_mixin.py:149} INFO - [2023-06-15T23:13:24.121+0000] {dag.py:3490} INFO - Setting next_dagrun for dataset_produces_2 to None, run_after=None
[2023-06-15T23:13:24.187+0000] {processor.py:179} INFO - Processing /home/airflow/.local/lib/python3.7/site-packages/airflow/example_dags/example_datasets.py took 0.293 seconds
[2023-06-15T23:15:31.010+0000] {processor.py:157} INFO - Started process (PID=2044) to work on /home/airflow/.local/lib/python3.7/site-packages/airflow/example_dags/example_datasets.py
[2023-06-15T23:15:31.012+0000] {processor.py:826} INFO - Processing file /home/airflow/.local/lib/python3.7/site-packages/airflow/example_dags/example_datasets.py for tasks to queue
[2023-06-15T23:15:31.013+0000] {logging_mixin.py:149} INFO - [2023-06-15T23:15:31.013+0000] {dagbag.py:541} INFO - Filling up the DagBag from /home/airflow/.local/lib/python3.7/site-packages/airflow/example_dags/example_datasets.py
[2023-06-15T23:15:31.027+0000] {processor.py:836} INFO - DAG(s) dict_keys(['dataset_consumes_1', 'dataset_consumes_unknown_never_scheduled', 'dataset_produces_1', 'dataset_consumes_1_never_scheduled', 'dataset_consumes_1_and_2', 'dataset_produces_2']) retrieved from /home/airflow/.local/lib/python3.7/site-packages/airflow/example_dags/example_datasets.py
[2023-06-15T23:15:31.114+0000] {logging_mixin.py:149} INFO - [2023-06-15T23:15:31.114+0000] {dag.py:2726} INFO - Sync 6 DAGs
[2023-06-15T23:15:31.604+0000] {logging_mixin.py:149} INFO - [2023-06-15T23:15:31.604+0000] {dag.py:3490} INFO - Setting next_dagrun for dataset_consumes_1 to None, run_after=None
[2023-06-15T23:15:31.805+0000] {logging_mixin.py:149} INFO - [2023-06-15T23:15:31.805+0000] {dag.py:3490} INFO - Setting next_dagrun for dataset_consumes_1_and_2 to None, run_after=None
[2023-06-15T23:15:31.807+0000] {logging_mixin.py:149} INFO - [2023-06-15T23:15:31.807+0000] {dag.py:3490} INFO - Setting next_dagrun for dataset_consumes_1_never_scheduled to None, run_after=None
[2023-06-15T23:15:31.811+0000] {logging_mixin.py:149} INFO - [2023-06-15T23:15:31.811+0000] {dag.py:3490} INFO - Setting next_dagrun for dataset_consumes_unknown_never_scheduled to None, run_after=None
[2023-06-15T23:15:31.817+0000] {logging_mixin.py:149} INFO - [2023-06-15T23:15:31.817+0000] {dag.py:3490} INFO - Setting next_dagrun for dataset_produces_1 to 2023-06-14T00:00:00+00:00, run_after=2023-06-15T00:00:00+00:00
[2023-06-15T23:15:31.820+0000] {logging_mixin.py:149} INFO - [2023-06-15T23:15:31.820+0000] {dag.py:3490} INFO - Setting next_dagrun for dataset_produces_2 to None, run_after=None
[2023-06-15T23:15:31.873+0000] {processor.py:179} INFO - Processing /home/airflow/.local/lib/python3.7/site-packages/airflow/example_dags/example_datasets.py took 0.868 seconds
[2023-06-15T23:17:34.292+0000] {processor.py:157} INFO - Started process (PID=2368) to work on /home/airflow/.local/lib/python3.7/site-packages/airflow/example_dags/example_datasets.py
[2023-06-15T23:17:34.294+0000] {processor.py:826} INFO - Processing file /home/airflow/.local/lib/python3.7/site-packages/airflow/example_dags/example_datasets.py for tasks to queue
[2023-06-15T23:17:34.301+0000] {logging_mixin.py:149} INFO - [2023-06-15T23:17:34.300+0000] {dagbag.py:541} INFO - Filling up the DagBag from /home/airflow/.local/lib/python3.7/site-packages/airflow/example_dags/example_datasets.py
[2023-06-15T23:17:34.321+0000] {processor.py:836} INFO - DAG(s) dict_keys(['dataset_consumes_1', 'dataset_consumes_1_and_2', 'dataset_produces_1', 'dataset_produces_2', 'dataset_consumes_1_never_scheduled', 'dataset_consumes_unknown_never_scheduled']) retrieved from /home/airflow/.local/lib/python3.7/site-packages/airflow/example_dags/example_datasets.py
[2023-06-15T23:17:34.451+0000] {logging_mixin.py:149} INFO - [2023-06-15T23:17:34.451+0000] {dag.py:2726} INFO - Sync 6 DAGs
[2023-06-15T23:17:34.538+0000] {logging_mixin.py:149} INFO - [2023-06-15T23:17:34.538+0000] {dag.py:3490} INFO - Setting next_dagrun for dataset_consumes_1 to None, run_after=None
[2023-06-15T23:17:34.545+0000] {logging_mixin.py:149} INFO - [2023-06-15T23:17:34.545+0000] {dag.py:3490} INFO - Setting next_dagrun for dataset_consumes_1_and_2 to None, run_after=None
[2023-06-15T23:17:34.551+0000] {logging_mixin.py:149} INFO - [2023-06-15T23:17:34.551+0000] {dag.py:3490} INFO - Setting next_dagrun for dataset_consumes_1_never_scheduled to None, run_after=None
[2023-06-15T23:17:34.554+0000] {logging_mixin.py:149} INFO - [2023-06-15T23:17:34.554+0000] {dag.py:3490} INFO - Setting next_dagrun for dataset_consumes_unknown_never_scheduled to None, run_after=None
[2023-06-15T23:17:34.558+0000] {logging_mixin.py:149} INFO - [2023-06-15T23:17:34.558+0000] {dag.py:3490} INFO - Setting next_dagrun for dataset_produces_1 to 2023-06-14T00:00:00+00:00, run_after=2023-06-15T00:00:00+00:00
[2023-06-15T23:17:34.561+0000] {logging_mixin.py:149} INFO - [2023-06-15T23:17:34.560+0000] {dag.py:3490} INFO - Setting next_dagrun for dataset_produces_2 to None, run_after=None
[2023-06-15T23:17:37.292+0000] {processor.py:179} INFO - Processing /home/airflow/.local/lib/python3.7/site-packages/airflow/example_dags/example_datasets.py took 3.008 seconds
[2023-06-15T23:20:42.663+0000] {processor.py:157} INFO - Started process (PID=2674) to work on /home/airflow/.local/lib/python3.7/site-packages/airflow/example_dags/example_datasets.py
[2023-06-15T23:20:42.666+0000] {processor.py:826} INFO - Processing file /home/airflow/.local/lib/python3.7/site-packages/airflow/example_dags/example_datasets.py for tasks to queue
[2023-06-15T23:20:42.669+0000] {logging_mixin.py:149} INFO - [2023-06-15T23:20:42.668+0000] {dagbag.py:541} INFO - Filling up the DagBag from /home/airflow/.local/lib/python3.7/site-packages/airflow/example_dags/example_datasets.py
[2023-06-15T23:20:42.685+0000] {processor.py:836} INFO - DAG(s) dict_keys(['dataset_produces_2', 'dataset_consumes_1', 'dataset_consumes_1_never_scheduled', 'dataset_consumes_1_and_2', 'dataset_produces_1', 'dataset_consumes_unknown_never_scheduled']) retrieved from /home/airflow/.local/lib/python3.7/site-packages/airflow/example_dags/example_datasets.py
[2023-06-15T23:20:43.155+0000] {logging_mixin.py:149} INFO - [2023-06-15T23:20:43.155+0000] {dag.py:2726} INFO - Sync 6 DAGs
[2023-06-15T23:20:55.104+0000] {logging_mixin.py:149} INFO - [2023-06-15T23:20:55.104+0000] {dag.py:3490} INFO - Setting next_dagrun for dataset_consumes_1 to None, run_after=None
[2023-06-15T23:20:55.110+0000] {logging_mixin.py:149} INFO - [2023-06-15T23:20:55.110+0000] {dag.py:3490} INFO - Setting next_dagrun for dataset_consumes_1_and_2 to None, run_after=None
[2023-06-15T23:20:55.115+0000] {logging_mixin.py:149} INFO - [2023-06-15T23:20:55.115+0000] {dag.py:3490} INFO - Setting next_dagrun for dataset_consumes_1_never_scheduled to None, run_after=None
[2023-06-15T23:20:55.121+0000] {logging_mixin.py:149} INFO - [2023-06-15T23:20:55.120+0000] {dag.py:3490} INFO - Setting next_dagrun for dataset_consumes_unknown_never_scheduled to None, run_after=None
[2023-06-15T23:20:55.125+0000] {logging_mixin.py:149} INFO - [2023-06-15T23:20:55.125+0000] {dag.py:3490} INFO - Setting next_dagrun for dataset_produces_1 to 2023-06-14T00:00:00+00:00, run_after=2023-06-15T00:00:00+00:00
[2023-06-15T23:20:55.128+0000] {logging_mixin.py:149} INFO - [2023-06-15T23:20:55.128+0000] {dag.py:3490} INFO - Setting next_dagrun for dataset_produces_2 to None, run_after=None
[2023-06-15T23:21:13.341+0000] {processor.py:179} INFO - Processing /home/airflow/.local/lib/python3.7/site-packages/airflow/example_dags/example_datasets.py took 30.461 seconds
[2023-06-15T23:22:17.356+0000] {processor.py:157} INFO - Started process (PID=2916) to work on /home/airflow/.local/lib/python3.7/site-packages/airflow/example_dags/example_datasets.py
[2023-06-15T23:22:17.359+0000] {processor.py:826} INFO - Processing file /home/airflow/.local/lib/python3.7/site-packages/airflow/example_dags/example_datasets.py for tasks to queue
[2023-06-15T23:22:17.360+0000] {logging_mixin.py:149} INFO - [2023-06-15T23:22:17.360+0000] {dagbag.py:541} INFO - Filling up the DagBag from /home/airflow/.local/lib/python3.7/site-packages/airflow/example_dags/example_datasets.py
[2023-06-15T23:22:17.381+0000] {processor.py:836} INFO - DAG(s) dict_keys(['dataset_consumes_1', 'dataset_produces_1', 'dataset_produces_2', 'dataset_consumes_1_and_2', 'dataset_consumes_1_never_scheduled', 'dataset_consumes_unknown_never_scheduled']) retrieved from /home/airflow/.local/lib/python3.7/site-packages/airflow/example_dags/example_datasets.py
[2023-06-15T23:22:17.478+0000] {logging_mixin.py:149} INFO - [2023-06-15T23:22:17.478+0000] {dag.py:2726} INFO - Sync 6 DAGs
[2023-06-15T23:22:17.546+0000] {logging_mixin.py:149} INFO - [2023-06-15T23:22:17.546+0000] {dag.py:3490} INFO - Setting next_dagrun for dataset_consumes_1 to None, run_after=None
[2023-06-15T23:22:17.556+0000] {logging_mixin.py:149} INFO - [2023-06-15T23:22:17.556+0000] {dag.py:3490} INFO - Setting next_dagrun for dataset_consumes_1_and_2 to None, run_after=None
[2023-06-15T23:22:17.565+0000] {logging_mixin.py:149} INFO - [2023-06-15T23:22:17.565+0000] {dag.py:3490} INFO - Setting next_dagrun for dataset_consumes_1_never_scheduled to None, run_after=None
[2023-06-15T23:22:17.568+0000] {logging_mixin.py:149} INFO - [2023-06-15T23:22:17.568+0000] {dag.py:3490} INFO - Setting next_dagrun for dataset_consumes_unknown_never_scheduled to None, run_after=None
[2023-06-15T23:22:17.589+0000] {logging_mixin.py:149} INFO - [2023-06-15T23:22:17.589+0000] {dag.py:3490} INFO - Setting next_dagrun for dataset_produces_1 to 2023-06-14T00:00:00+00:00, run_after=2023-06-15T00:00:00+00:00
[2023-06-15T23:22:17.592+0000] {logging_mixin.py:149} INFO - [2023-06-15T23:22:17.592+0000] {dag.py:3490} INFO - Setting next_dagrun for dataset_produces_2 to None, run_after=None
[2023-06-15T23:22:17.802+0000] {processor.py:179} INFO - Processing /home/airflow/.local/lib/python3.7/site-packages/airflow/example_dags/example_datasets.py took 0.451 seconds
[2023-06-15T23:23:29.134+0000] {processor.py:157} INFO - Started process (PID=3264) to work on /home/airflow/.local/lib/python3.7/site-packages/airflow/example_dags/example_datasets.py
[2023-06-15T23:23:29.135+0000] {processor.py:826} INFO - Processing file /home/airflow/.local/lib/python3.7/site-packages/airflow/example_dags/example_datasets.py for tasks to queue
[2023-06-15T23:23:29.137+0000] {logging_mixin.py:149} INFO - [2023-06-15T23:23:29.137+0000] {dagbag.py:541} INFO - Filling up the DagBag from /home/airflow/.local/lib/python3.7/site-packages/airflow/example_dags/example_datasets.py
[2023-06-15T23:23:29.150+0000] {processor.py:836} INFO - DAG(s) dict_keys(['dataset_consumes_unknown_never_scheduled', 'dataset_consumes_1_never_scheduled', 'dataset_produces_2', 'dataset_consumes_1_and_2', 'dataset_consumes_1', 'dataset_produces_1']) retrieved from /home/airflow/.local/lib/python3.7/site-packages/airflow/example_dags/example_datasets.py
[2023-06-15T23:23:29.212+0000] {logging_mixin.py:149} INFO - [2023-06-15T23:23:29.212+0000] {dag.py:2726} INFO - Sync 6 DAGs
[2023-06-15T23:23:29.249+0000] {logging_mixin.py:149} INFO - [2023-06-15T23:23:29.248+0000] {dag.py:3490} INFO - Setting next_dagrun for dataset_consumes_1 to None, run_after=None
[2023-06-15T23:23:29.255+0000] {logging_mixin.py:149} INFO - [2023-06-15T23:23:29.255+0000] {dag.py:3490} INFO - Setting next_dagrun for dataset_consumes_1_and_2 to None, run_after=None
[2023-06-15T23:23:29.257+0000] {logging_mixin.py:149} INFO - [2023-06-15T23:23:29.257+0000] {dag.py:3490} INFO - Setting next_dagrun for dataset_consumes_1_never_scheduled to None, run_after=None
[2023-06-15T23:23:29.259+0000] {logging_mixin.py:149} INFO - [2023-06-15T23:23:29.259+0000] {dag.py:3490} INFO - Setting next_dagrun for dataset_consumes_unknown_never_scheduled to None, run_after=None
[2023-06-15T23:23:29.263+0000] {logging_mixin.py:149} INFO - [2023-06-15T23:23:29.262+0000] {dag.py:3490} INFO - Setting next_dagrun for dataset_produces_1 to 2023-06-14T00:00:00+00:00, run_after=2023-06-15T00:00:00+00:00
[2023-06-15T23:23:29.270+0000] {logging_mixin.py:149} INFO - [2023-06-15T23:23:29.269+0000] {dag.py:3490} INFO - Setting next_dagrun for dataset_produces_2 to None, run_after=None
[2023-06-15T23:23:29.386+0000] {processor.py:179} INFO - Processing /home/airflow/.local/lib/python3.7/site-packages/airflow/example_dags/example_datasets.py took 0.259 seconds
[2023-06-15T23:24:13.310+0000] {processor.py:157} INFO - Started process (PID=3506) to work on /home/airflow/.local/lib/python3.7/site-packages/airflow/example_dags/example_datasets.py
[2023-06-15T23:24:13.311+0000] {processor.py:826} INFO - Processing file /home/airflow/.local/lib/python3.7/site-packages/airflow/example_dags/example_datasets.py for tasks to queue
[2023-06-15T23:24:13.313+0000] {logging_mixin.py:149} INFO - [2023-06-15T23:24:13.313+0000] {dagbag.py:541} INFO - Filling up the DagBag from /home/airflow/.local/lib/python3.7/site-packages/airflow/example_dags/example_datasets.py
[2023-06-15T23:24:13.326+0000] {processor.py:836} INFO - DAG(s) dict_keys(['dataset_consumes_unknown_never_scheduled', 'dataset_consumes_1_and_2', 'dataset_produces_1', 'dataset_consumes_1', 'dataset_consumes_1_never_scheduled', 'dataset_produces_2']) retrieved from /home/airflow/.local/lib/python3.7/site-packages/airflow/example_dags/example_datasets.py
[2023-06-15T23:24:13.384+0000] {logging_mixin.py:149} INFO - [2023-06-15T23:24:13.383+0000] {dag.py:2726} INFO - Sync 6 DAGs
[2023-06-15T23:24:13.419+0000] {logging_mixin.py:149} INFO - [2023-06-15T23:24:13.418+0000] {dag.py:3490} INFO - Setting next_dagrun for dataset_consumes_1 to None, run_after=None
[2023-06-15T23:24:13.424+0000] {logging_mixin.py:149} INFO - [2023-06-15T23:24:13.424+0000] {dag.py:3490} INFO - Setting next_dagrun for dataset_consumes_1_and_2 to None, run_after=None
[2023-06-15T23:24:13.426+0000] {logging_mixin.py:149} INFO - [2023-06-15T23:24:13.426+0000] {dag.py:3490} INFO - Setting next_dagrun for dataset_consumes_1_never_scheduled to None, run_after=None
[2023-06-15T23:24:13.428+0000] {logging_mixin.py:149} INFO - [2023-06-15T23:24:13.428+0000] {dag.py:3490} INFO - Setting next_dagrun for dataset_consumes_unknown_never_scheduled to None, run_after=None
[2023-06-15T23:24:13.432+0000] {logging_mixin.py:149} INFO - [2023-06-15T23:24:13.432+0000] {dag.py:3490} INFO - Setting next_dagrun for dataset_produces_1 to 2023-06-14T00:00:00+00:00, run_after=2023-06-15T00:00:00+00:00
[2023-06-15T23:24:13.434+0000] {logging_mixin.py:149} INFO - [2023-06-15T23:24:13.434+0000] {dag.py:3490} INFO - Setting next_dagrun for dataset_produces_2 to None, run_after=None
[2023-06-15T23:24:13.485+0000] {processor.py:179} INFO - Processing /home/airflow/.local/lib/python3.7/site-packages/airflow/example_dags/example_datasets.py took 0.180 seconds
[2023-06-15T23:26:45.699+0000] {processor.py:157} INFO - Started process (PID=3779) to work on /home/airflow/.local/lib/python3.7/site-packages/airflow/example_dags/example_datasets.py
[2023-06-15T23:26:45.701+0000] {processor.py:826} INFO - Processing file /home/airflow/.local/lib/python3.7/site-packages/airflow/example_dags/example_datasets.py for tasks to queue
[2023-06-15T23:26:45.703+0000] {logging_mixin.py:149} INFO - [2023-06-15T23:26:45.703+0000] {dagbag.py:541} INFO - Filling up the DagBag from /home/airflow/.local/lib/python3.7/site-packages/airflow/example_dags/example_datasets.py
[2023-06-15T23:26:45.719+0000] {processor.py:836} INFO - DAG(s) dict_keys(['dataset_consumes_1_never_scheduled', 'dataset_produces_1', 'dataset_produces_2', 'dataset_consumes_1_and_2', 'dataset_consumes_unknown_never_scheduled', 'dataset_consumes_1']) retrieved from /home/airflow/.local/lib/python3.7/site-packages/airflow/example_dags/example_datasets.py
[2023-06-15T23:26:45.781+0000] {logging_mixin.py:149} INFO - [2023-06-15T23:26:45.781+0000] {dag.py:2726} INFO - Sync 6 DAGs
[2023-06-15T23:26:45.832+0000] {logging_mixin.py:149} INFO - [2023-06-15T23:26:45.832+0000] {dag.py:3490} INFO - Setting next_dagrun for dataset_consumes_1 to None, run_after=None
[2023-06-15T23:26:45.842+0000] {logging_mixin.py:149} INFO - [2023-06-15T23:26:45.842+0000] {dag.py:3490} INFO - Setting next_dagrun for dataset_consumes_1_and_2 to None, run_after=None
[2023-06-15T23:26:45.846+0000] {logging_mixin.py:149} INFO - [2023-06-15T23:26:45.845+0000] {dag.py:3490} INFO - Setting next_dagrun for dataset_consumes_1_never_scheduled to None, run_after=None
[2023-06-15T23:26:45.849+0000] {logging_mixin.py:149} INFO - [2023-06-15T23:26:45.848+0000] {dag.py:3490} INFO - Setting next_dagrun for dataset_consumes_unknown_never_scheduled to None, run_after=None
[2023-06-15T23:26:45.855+0000] {logging_mixin.py:149} INFO - [2023-06-15T23:26:45.855+0000] {dag.py:3490} INFO - Setting next_dagrun for dataset_produces_1 to 2023-06-14T00:00:00+00:00, run_after=2023-06-15T00:00:00+00:00
[2023-06-15T23:26:45.861+0000] {logging_mixin.py:149} INFO - [2023-06-15T23:26:45.860+0000] {dag.py:3490} INFO - Setting next_dagrun for dataset_produces_2 to None, run_after=None
[2023-06-15T23:26:45.945+0000] {processor.py:179} INFO - Processing /home/airflow/.local/lib/python3.7/site-packages/airflow/example_dags/example_datasets.py took 0.252 seconds
[2023-06-15T23:28:04.221+0000] {processor.py:157} INFO - Started process (PID=4032) to work on /home/airflow/.local/lib/python3.7/site-packages/airflow/example_dags/example_datasets.py
[2023-06-15T23:28:04.223+0000] {processor.py:826} INFO - Processing file /home/airflow/.local/lib/python3.7/site-packages/airflow/example_dags/example_datasets.py for tasks to queue
[2023-06-15T23:28:04.225+0000] {logging_mixin.py:149} INFO - [2023-06-15T23:28:04.224+0000] {dagbag.py:541} INFO - Filling up the DagBag from /home/airflow/.local/lib/python3.7/site-packages/airflow/example_dags/example_datasets.py
[2023-06-15T23:28:04.239+0000] {processor.py:836} INFO - DAG(s) dict_keys(['dataset_produces_2', 'dataset_consumes_1_never_scheduled', 'dataset_consumes_unknown_never_scheduled', 'dataset_consumes_1_and_2', 'dataset_consumes_1', 'dataset_produces_1']) retrieved from /home/airflow/.local/lib/python3.7/site-packages/airflow/example_dags/example_datasets.py
[2023-06-15T23:28:04.322+0000] {logging_mixin.py:149} INFO - [2023-06-15T23:28:04.322+0000] {dag.py:2726} INFO - Sync 6 DAGs
[2023-06-15T23:28:04.423+0000] {logging_mixin.py:149} INFO - [2023-06-15T23:28:04.423+0000] {dag.py:3490} INFO - Setting next_dagrun for dataset_consumes_1 to None, run_after=None
[2023-06-15T23:28:04.430+0000] {logging_mixin.py:149} INFO - [2023-06-15T23:28:04.430+0000] {dag.py:3490} INFO - Setting next_dagrun for dataset_consumes_1_and_2 to None, run_after=None
[2023-06-15T23:28:04.432+0000] {logging_mixin.py:149} INFO - [2023-06-15T23:28:04.432+0000] {dag.py:3490} INFO - Setting next_dagrun for dataset_consumes_1_never_scheduled to None, run_after=None
[2023-06-15T23:28:04.434+0000] {logging_mixin.py:149} INFO - [2023-06-15T23:28:04.434+0000] {dag.py:3490} INFO - Setting next_dagrun for dataset_consumes_unknown_never_scheduled to None, run_after=None
[2023-06-15T23:28:04.440+0000] {logging_mixin.py:149} INFO - [2023-06-15T23:28:04.440+0000] {dag.py:3490} INFO - Setting next_dagrun for dataset_produces_1 to 2023-06-14T00:00:00+00:00, run_after=2023-06-15T00:00:00+00:00
[2023-06-15T23:28:04.443+0000] {logging_mixin.py:149} INFO - [2023-06-15T23:28:04.443+0000] {dag.py:3490} INFO - Setting next_dagrun for dataset_produces_2 to None, run_after=None
[2023-06-15T23:28:04.503+0000] {processor.py:179} INFO - Processing /home/airflow/.local/lib/python3.7/site-packages/airflow/example_dags/example_datasets.py took 0.288 seconds
[2023-06-15T23:31:58.806+0000] {processor.py:157} INFO - Started process (PID=4290) to work on /home/airflow/.local/lib/python3.7/site-packages/airflow/example_dags/example_datasets.py
[2023-06-15T23:31:58.808+0000] {processor.py:826} INFO - Processing file /home/airflow/.local/lib/python3.7/site-packages/airflow/example_dags/example_datasets.py for tasks to queue
[2023-06-15T23:31:58.809+0000] {logging_mixin.py:149} INFO - [2023-06-15T23:31:58.809+0000] {dagbag.py:541} INFO - Filling up the DagBag from /home/airflow/.local/lib/python3.7/site-packages/airflow/example_dags/example_datasets.py
[2023-06-15T23:31:58.823+0000] {processor.py:836} INFO - DAG(s) dict_keys(['dataset_produces_1', 'dataset_produces_2', 'dataset_consumes_1_never_scheduled', 'dataset_consumes_1_and_2', 'dataset_consumes_unknown_never_scheduled', 'dataset_consumes_1']) retrieved from /home/airflow/.local/lib/python3.7/site-packages/airflow/example_dags/example_datasets.py
[2023-06-15T23:31:58.931+0000] {logging_mixin.py:149} INFO - [2023-06-15T23:31:58.931+0000] {dag.py:2726} INFO - Sync 6 DAGs
[2023-06-15T23:31:58.996+0000] {logging_mixin.py:149} INFO - [2023-06-15T23:31:58.995+0000] {dag.py:3490} INFO - Setting next_dagrun for dataset_consumes_1 to None, run_after=None
[2023-06-15T23:31:59.004+0000] {logging_mixin.py:149} INFO - [2023-06-15T23:31:59.003+0000] {dag.py:3490} INFO - Setting next_dagrun for dataset_consumes_1_and_2 to None, run_after=None
[2023-06-15T23:31:59.013+0000] {logging_mixin.py:149} INFO - [2023-06-15T23:31:59.013+0000] {dag.py:3490} INFO - Setting next_dagrun for dataset_consumes_1_never_scheduled to None, run_after=None
[2023-06-15T23:31:59.018+0000] {logging_mixin.py:149} INFO - [2023-06-15T23:31:59.017+0000] {dag.py:3490} INFO - Setting next_dagrun for dataset_consumes_unknown_never_scheduled to None, run_after=None
[2023-06-15T23:31:59.024+0000] {logging_mixin.py:149} INFO - [2023-06-15T23:31:59.023+0000] {dag.py:3490} INFO - Setting next_dagrun for dataset_produces_1 to 2023-06-14T00:00:00+00:00, run_after=2023-06-15T00:00:00+00:00
[2023-06-15T23:31:59.032+0000] {logging_mixin.py:149} INFO - [2023-06-15T23:31:59.032+0000] {dag.py:3490} INFO - Setting next_dagrun for dataset_produces_2 to None, run_after=None
[2023-06-15T23:31:59.097+0000] {processor.py:179} INFO - Processing /home/airflow/.local/lib/python3.7/site-packages/airflow/example_dags/example_datasets.py took 0.296 seconds
[2023-06-15T23:34:44.427+0000] {processor.py:157} INFO - Started process (PID=4660) to work on /home/airflow/.local/lib/python3.7/site-packages/airflow/example_dags/example_datasets.py
[2023-06-15T23:34:44.428+0000] {processor.py:826} INFO - Processing file /home/airflow/.local/lib/python3.7/site-packages/airflow/example_dags/example_datasets.py for tasks to queue
[2023-06-15T23:34:44.430+0000] {logging_mixin.py:149} INFO - [2023-06-15T23:34:44.430+0000] {dagbag.py:541} INFO - Filling up the DagBag from /home/airflow/.local/lib/python3.7/site-packages/airflow/example_dags/example_datasets.py
[2023-06-15T23:34:44.452+0000] {processor.py:836} INFO - DAG(s) dict_keys(['dataset_consumes_1', 'dataset_consumes_unknown_never_scheduled', 'dataset_produces_2', 'dataset_consumes_1_never_scheduled', 'dataset_produces_1', 'dataset_consumes_1_and_2']) retrieved from /home/airflow/.local/lib/python3.7/site-packages/airflow/example_dags/example_datasets.py
[2023-06-15T23:34:44.511+0000] {logging_mixin.py:149} INFO - [2023-06-15T23:34:44.511+0000] {dag.py:2726} INFO - Sync 6 DAGs
[2023-06-15T23:34:44.557+0000] {logging_mixin.py:149} INFO - [2023-06-15T23:34:44.557+0000] {dag.py:3490} INFO - Setting next_dagrun for dataset_consumes_1 to None, run_after=None
[2023-06-15T23:34:44.567+0000] {logging_mixin.py:149} INFO - [2023-06-15T23:34:44.567+0000] {dag.py:3490} INFO - Setting next_dagrun for dataset_consumes_1_and_2 to None, run_after=None
[2023-06-15T23:34:44.570+0000] {logging_mixin.py:149} INFO - [2023-06-15T23:34:44.570+0000] {dag.py:3490} INFO - Setting next_dagrun for dataset_consumes_1_never_scheduled to None, run_after=None
[2023-06-15T23:34:44.573+0000] {logging_mixin.py:149} INFO - [2023-06-15T23:34:44.573+0000] {dag.py:3490} INFO - Setting next_dagrun for dataset_consumes_unknown_never_scheduled to None, run_after=None
[2023-06-15T23:34:44.578+0000] {logging_mixin.py:149} INFO - [2023-06-15T23:34:44.578+0000] {dag.py:3490} INFO - Setting next_dagrun for dataset_produces_1 to 2023-06-14T00:00:00+00:00, run_after=2023-06-15T00:00:00+00:00
[2023-06-15T23:34:44.581+0000] {logging_mixin.py:149} INFO - [2023-06-15T23:34:44.581+0000] {dag.py:3490} INFO - Setting next_dagrun for dataset_produces_2 to None, run_after=None
[2023-06-15T23:34:44.883+0000] {processor.py:179} INFO - Processing /home/airflow/.local/lib/python3.7/site-packages/airflow/example_dags/example_datasets.py took 0.466 seconds
[2023-06-15T23:35:16.596+0000] {processor.py:157} INFO - Started process (PID=4900) to work on /home/airflow/.local/lib/python3.7/site-packages/airflow/example_dags/example_datasets.py
[2023-06-15T23:35:16.598+0000] {processor.py:826} INFO - Processing file /home/airflow/.local/lib/python3.7/site-packages/airflow/example_dags/example_datasets.py for tasks to queue
[2023-06-15T23:35:16.600+0000] {logging_mixin.py:149} INFO - [2023-06-15T23:35:16.600+0000] {dagbag.py:541} INFO - Filling up the DagBag from /home/airflow/.local/lib/python3.7/site-packages/airflow/example_dags/example_datasets.py
[2023-06-15T23:35:16.618+0000] {processor.py:836} INFO - DAG(s) dict_keys(['dataset_consumes_1_never_scheduled', 'dataset_produces_2', 'dataset_consumes_1', 'dataset_consumes_unknown_never_scheduled', 'dataset_produces_1', 'dataset_consumes_1_and_2']) retrieved from /home/airflow/.local/lib/python3.7/site-packages/airflow/example_dags/example_datasets.py
[2023-06-15T23:35:16.731+0000] {logging_mixin.py:149} INFO - [2023-06-15T23:35:16.731+0000] {dag.py:2726} INFO - Sync 6 DAGs
[2023-06-15T23:35:16.792+0000] {logging_mixin.py:149} INFO - [2023-06-15T23:35:16.792+0000] {dag.py:3490} INFO - Setting next_dagrun for dataset_consumes_1 to None, run_after=None
[2023-06-15T23:35:16.800+0000] {logging_mixin.py:149} INFO - [2023-06-15T23:35:16.800+0000] {dag.py:3490} INFO - Setting next_dagrun for dataset_consumes_1_and_2 to None, run_after=None
[2023-06-15T23:35:16.804+0000] {logging_mixin.py:149} INFO - [2023-06-15T23:35:16.803+0000] {dag.py:3490} INFO - Setting next_dagrun for dataset_consumes_1_never_scheduled to None, run_after=None
[2023-06-15T23:35:16.806+0000] {logging_mixin.py:149} INFO - [2023-06-15T23:35:16.806+0000] {dag.py:3490} INFO - Setting next_dagrun for dataset_consumes_unknown_never_scheduled to None, run_after=None
[2023-06-15T23:35:16.812+0000] {logging_mixin.py:149} INFO - [2023-06-15T23:35:16.812+0000] {dag.py:3490} INFO - Setting next_dagrun for dataset_produces_1 to 2023-06-14T00:00:00+00:00, run_after=2023-06-15T00:00:00+00:00
[2023-06-15T23:35:16.816+0000] {logging_mixin.py:149} INFO - [2023-06-15T23:35:16.815+0000] {dag.py:3490} INFO - Setting next_dagrun for dataset_produces_2 to None, run_after=None
[2023-06-15T23:35:16.877+0000] {processor.py:179} INFO - Processing /home/airflow/.local/lib/python3.7/site-packages/airflow/example_dags/example_datasets.py took 0.287 seconds
