[2023-06-15T23:04:23.616+0000] {processor.py:157} INFO - Started process (PID=376) to work on /home/airflow/.local/lib/python3.7/site-packages/airflow/example_dags/example_xcomargs.py
[2023-06-15T23:04:23.618+0000] {processor.py:826} INFO - Processing file /home/airflow/.local/lib/python3.7/site-packages/airflow/example_dags/example_xcomargs.py for tasks to queue
[2023-06-15T23:04:23.620+0000] {logging_mixin.py:149} INFO - [2023-06-15T23:04:23.619+0000] {dagbag.py:541} INFO - Filling up the DagBag from /home/airflow/.local/lib/python3.7/site-packages/airflow/example_dags/example_xcomargs.py
[2023-06-15T23:04:23.641+0000] {processor.py:836} INFO - DAG(s) dict_keys(['example_xcom_args_with_operators', 'example_xcom_args']) retrieved from /home/airflow/.local/lib/python3.7/site-packages/airflow/example_dags/example_xcomargs.py
[2023-06-15T23:04:23.690+0000] {logging_mixin.py:149} INFO - [2023-06-15T23:04:23.689+0000] {dag.py:2726} INFO - Sync 2 DAGs
[2023-06-15T23:04:23.728+0000] {logging_mixin.py:149} INFO - [2023-06-15T23:04:23.728+0000] {dag.py:3490} INFO - Setting next_dagrun for example_xcom_args to None, run_after=None
[2023-06-15T23:04:23.733+0000] {logging_mixin.py:149} INFO - [2023-06-15T23:04:23.733+0000] {dag.py:3490} INFO - Setting next_dagrun for example_xcom_args_with_operators to None, run_after=None
[2023-06-15T23:04:23.761+0000] {processor.py:179} INFO - Processing /home/airflow/.local/lib/python3.7/site-packages/airflow/example_dags/example_xcomargs.py took 0.152 seconds
[2023-06-15T23:06:27.054+0000] {processor.py:157} INFO - Started process (PID=646) to work on /home/airflow/.local/lib/python3.7/site-packages/airflow/example_dags/example_xcomargs.py
[2023-06-15T23:06:27.085+0000] {processor.py:826} INFO - Processing file /home/airflow/.local/lib/python3.7/site-packages/airflow/example_dags/example_xcomargs.py for tasks to queue
[2023-06-15T23:06:27.086+0000] {logging_mixin.py:149} INFO - [2023-06-15T23:06:27.086+0000] {dagbag.py:541} INFO - Filling up the DagBag from /home/airflow/.local/lib/python3.7/site-packages/airflow/example_dags/example_xcomargs.py
[2023-06-15T23:06:27.100+0000] {processor.py:836} INFO - DAG(s) dict_keys(['example_xcom_args', 'example_xcom_args_with_operators']) retrieved from /home/airflow/.local/lib/python3.7/site-packages/airflow/example_dags/example_xcomargs.py
[2023-06-15T23:06:27.140+0000] {logging_mixin.py:149} INFO - [2023-06-15T23:06:27.140+0000] {dag.py:2726} INFO - Sync 2 DAGs
[2023-06-15T23:06:27.172+0000] {logging_mixin.py:149} INFO - [2023-06-15T23:06:27.172+0000] {dag.py:3490} INFO - Setting next_dagrun for example_xcom_args to None, run_after=None
[2023-06-15T23:06:27.178+0000] {logging_mixin.py:149} INFO - [2023-06-15T23:06:27.177+0000] {dag.py:3490} INFO - Setting next_dagrun for example_xcom_args_with_operators to None, run_after=None
[2023-06-15T23:06:27.276+0000] {processor.py:179} INFO - Processing /home/airflow/.local/lib/python3.7/site-packages/airflow/example_dags/example_xcomargs.py took 0.226 seconds
[2023-06-15T23:07:47.187+0000] {processor.py:157} INFO - Started process (PID=898) to work on /home/airflow/.local/lib/python3.7/site-packages/airflow/example_dags/example_xcomargs.py
[2023-06-15T23:07:47.189+0000] {processor.py:826} INFO - Processing file /home/airflow/.local/lib/python3.7/site-packages/airflow/example_dags/example_xcomargs.py for tasks to queue
[2023-06-15T23:07:47.191+0000] {logging_mixin.py:149} INFO - [2023-06-15T23:07:47.191+0000] {dagbag.py:541} INFO - Filling up the DagBag from /home/airflow/.local/lib/python3.7/site-packages/airflow/example_dags/example_xcomargs.py
[2023-06-15T23:07:47.206+0000] {processor.py:836} INFO - DAG(s) dict_keys(['example_xcom_args', 'example_xcom_args_with_operators']) retrieved from /home/airflow/.local/lib/python3.7/site-packages/airflow/example_dags/example_xcomargs.py
[2023-06-15T23:07:47.254+0000] {logging_mixin.py:149} INFO - [2023-06-15T23:07:47.254+0000] {dag.py:2726} INFO - Sync 2 DAGs
[2023-06-15T23:07:47.289+0000] {logging_mixin.py:149} INFO - [2023-06-15T23:07:47.289+0000] {dag.py:3490} INFO - Setting next_dagrun for example_xcom_args to None, run_after=None
[2023-06-15T23:07:47.296+0000] {logging_mixin.py:149} INFO - [2023-06-15T23:07:47.295+0000] {dag.py:3490} INFO - Setting next_dagrun for example_xcom_args_with_operators to None, run_after=None
[2023-06-15T23:07:47.320+0000] {processor.py:179} INFO - Processing /home/airflow/.local/lib/python3.7/site-packages/airflow/example_dags/example_xcomargs.py took 0.137 seconds
[2023-06-15T23:10:01.725+0000] {processor.py:157} INFO - Started process (PID=1248) to work on /home/airflow/.local/lib/python3.7/site-packages/airflow/example_dags/example_xcomargs.py
[2023-06-15T23:10:01.730+0000] {processor.py:826} INFO - Processing file /home/airflow/.local/lib/python3.7/site-packages/airflow/example_dags/example_xcomargs.py for tasks to queue
[2023-06-15T23:10:01.732+0000] {logging_mixin.py:149} INFO - [2023-06-15T23:10:01.732+0000] {dagbag.py:541} INFO - Filling up the DagBag from /home/airflow/.local/lib/python3.7/site-packages/airflow/example_dags/example_xcomargs.py
[2023-06-15T23:10:01.744+0000] {processor.py:836} INFO - DAG(s) dict_keys(['example_xcom_args_with_operators', 'example_xcom_args']) retrieved from /home/airflow/.local/lib/python3.7/site-packages/airflow/example_dags/example_xcomargs.py
[2023-06-15T23:10:02.274+0000] {logging_mixin.py:149} INFO - [2023-06-15T23:10:02.273+0000] {dag.py:2726} INFO - Sync 2 DAGs
[2023-06-15T23:10:05.763+0000] {logging_mixin.py:149} INFO - [2023-06-15T23:10:05.763+0000] {dag.py:3490} INFO - Setting next_dagrun for example_xcom_args to None, run_after=None
[2023-06-15T23:10:05.770+0000] {logging_mixin.py:149} INFO - [2023-06-15T23:10:05.770+0000] {dag.py:3490} INFO - Setting next_dagrun for example_xcom_args_with_operators to None, run_after=None
[2023-06-15T23:10:06.128+0000] {processor.py:179} INFO - Processing /home/airflow/.local/lib/python3.7/site-packages/airflow/example_dags/example_xcomargs.py took 4.486 seconds
[2023-06-15T23:11:05.222+0000] {processor.py:157} INFO - Started process (PID=1481) to work on /home/airflow/.local/lib/python3.7/site-packages/airflow/example_dags/example_xcomargs.py
[2023-06-15T23:11:05.223+0000] {processor.py:826} INFO - Processing file /home/airflow/.local/lib/python3.7/site-packages/airflow/example_dags/example_xcomargs.py for tasks to queue
[2023-06-15T23:11:05.224+0000] {logging_mixin.py:149} INFO - [2023-06-15T23:11:05.224+0000] {dagbag.py:541} INFO - Filling up the DagBag from /home/airflow/.local/lib/python3.7/site-packages/airflow/example_dags/example_xcomargs.py
[2023-06-15T23:11:05.236+0000] {processor.py:836} INFO - DAG(s) dict_keys(['example_xcom_args_with_operators', 'example_xcom_args']) retrieved from /home/airflow/.local/lib/python3.7/site-packages/airflow/example_dags/example_xcomargs.py
[2023-06-15T23:11:05.280+0000] {logging_mixin.py:149} INFO - [2023-06-15T23:11:05.280+0000] {dag.py:2726} INFO - Sync 2 DAGs
[2023-06-15T23:11:05.314+0000] {logging_mixin.py:149} INFO - [2023-06-15T23:11:05.313+0000] {dag.py:3490} INFO - Setting next_dagrun for example_xcom_args to None, run_after=None
[2023-06-15T23:11:05.319+0000] {logging_mixin.py:149} INFO - [2023-06-15T23:11:05.319+0000] {dag.py:3490} INFO - Setting next_dagrun for example_xcom_args_with_operators to None, run_after=None
[2023-06-15T23:11:05.343+0000] {processor.py:179} INFO - Processing /home/airflow/.local/lib/python3.7/site-packages/airflow/example_dags/example_xcomargs.py took 0.126 seconds
[2023-06-15T23:13:24.809+0000] {processor.py:157} INFO - Started process (PID=1749) to work on /home/airflow/.local/lib/python3.7/site-packages/airflow/example_dags/example_xcomargs.py
[2023-06-15T23:13:24.811+0000] {processor.py:826} INFO - Processing file /home/airflow/.local/lib/python3.7/site-packages/airflow/example_dags/example_xcomargs.py for tasks to queue
[2023-06-15T23:13:24.812+0000] {logging_mixin.py:149} INFO - [2023-06-15T23:13:24.812+0000] {dagbag.py:541} INFO - Filling up the DagBag from /home/airflow/.local/lib/python3.7/site-packages/airflow/example_dags/example_xcomargs.py
[2023-06-15T23:13:24.828+0000] {processor.py:836} INFO - DAG(s) dict_keys(['example_xcom_args', 'example_xcom_args_with_operators']) retrieved from /home/airflow/.local/lib/python3.7/site-packages/airflow/example_dags/example_xcomargs.py
[2023-06-15T23:13:24.885+0000] {logging_mixin.py:149} INFO - [2023-06-15T23:13:24.885+0000] {dag.py:2726} INFO - Sync 2 DAGs
[2023-06-15T23:13:24.952+0000] {logging_mixin.py:149} INFO - [2023-06-15T23:13:24.951+0000] {dag.py:3490} INFO - Setting next_dagrun for example_xcom_args to None, run_after=None
[2023-06-15T23:13:24.962+0000] {logging_mixin.py:149} INFO - [2023-06-15T23:13:24.961+0000] {dag.py:3490} INFO - Setting next_dagrun for example_xcom_args_with_operators to None, run_after=None
[2023-06-15T23:13:25.179+0000] {processor.py:179} INFO - Processing /home/airflow/.local/lib/python3.7/site-packages/airflow/example_dags/example_xcomargs.py took 0.374 seconds
[2023-06-15T23:15:42.839+0000] {processor.py:157} INFO - Started process (PID=2079) to work on /home/airflow/.local/lib/python3.7/site-packages/airflow/example_dags/example_xcomargs.py
[2023-06-15T23:15:42.841+0000] {processor.py:826} INFO - Processing file /home/airflow/.local/lib/python3.7/site-packages/airflow/example_dags/example_xcomargs.py for tasks to queue
[2023-06-15T23:15:42.843+0000] {logging_mixin.py:149} INFO - [2023-06-15T23:15:42.843+0000] {dagbag.py:541} INFO - Filling up the DagBag from /home/airflow/.local/lib/python3.7/site-packages/airflow/example_dags/example_xcomargs.py
[2023-06-15T23:15:42.858+0000] {processor.py:836} INFO - DAG(s) dict_keys(['example_xcom_args_with_operators', 'example_xcom_args']) retrieved from /home/airflow/.local/lib/python3.7/site-packages/airflow/example_dags/example_xcomargs.py
[2023-06-15T23:15:42.904+0000] {logging_mixin.py:149} INFO - [2023-06-15T23:15:42.903+0000] {dag.py:2726} INFO - Sync 2 DAGs
[2023-06-15T23:15:42.936+0000] {logging_mixin.py:149} INFO - [2023-06-15T23:15:42.936+0000] {dag.py:3490} INFO - Setting next_dagrun for example_xcom_args to None, run_after=None
[2023-06-15T23:15:42.941+0000] {logging_mixin.py:149} INFO - [2023-06-15T23:15:42.941+0000] {dag.py:3490} INFO - Setting next_dagrun for example_xcom_args_with_operators to None, run_after=None
[2023-06-15T23:15:42.970+0000] {processor.py:179} INFO - Processing /home/airflow/.local/lib/python3.7/site-packages/airflow/example_dags/example_xcomargs.py took 0.136 seconds
[2023-06-15T23:17:39.106+0000] {processor.py:157} INFO - Started process (PID=2403) to work on /home/airflow/.local/lib/python3.7/site-packages/airflow/example_dags/example_xcomargs.py
[2023-06-15T23:17:39.107+0000] {processor.py:826} INFO - Processing file /home/airflow/.local/lib/python3.7/site-packages/airflow/example_dags/example_xcomargs.py for tasks to queue
[2023-06-15T23:17:39.109+0000] {logging_mixin.py:149} INFO - [2023-06-15T23:17:39.108+0000] {dagbag.py:541} INFO - Filling up the DagBag from /home/airflow/.local/lib/python3.7/site-packages/airflow/example_dags/example_xcomargs.py
[2023-06-15T23:17:39.128+0000] {processor.py:836} INFO - DAG(s) dict_keys(['example_xcom_args_with_operators', 'example_xcom_args']) retrieved from /home/airflow/.local/lib/python3.7/site-packages/airflow/example_dags/example_xcomargs.py
[2023-06-15T23:17:39.242+0000] {logging_mixin.py:149} INFO - [2023-06-15T23:17:39.241+0000] {dag.py:2726} INFO - Sync 2 DAGs
[2023-06-15T23:17:39.358+0000] {logging_mixin.py:149} INFO - [2023-06-15T23:17:39.358+0000] {dag.py:3490} INFO - Setting next_dagrun for example_xcom_args to None, run_after=None
[2023-06-15T23:17:39.378+0000] {logging_mixin.py:149} INFO - [2023-06-15T23:17:39.378+0000] {dag.py:3490} INFO - Setting next_dagrun for example_xcom_args_with_operators to None, run_after=None
[2023-06-15T23:17:39.481+0000] {processor.py:179} INFO - Processing /home/airflow/.local/lib/python3.7/site-packages/airflow/example_dags/example_xcomargs.py took 0.380 seconds
[2023-06-15T23:21:32.555+0000] {processor.py:157} INFO - Started process (PID=2710) to work on /home/airflow/.local/lib/python3.7/site-packages/airflow/example_dags/example_xcomargs.py
[2023-06-15T23:21:32.557+0000] {processor.py:826} INFO - Processing file /home/airflow/.local/lib/python3.7/site-packages/airflow/example_dags/example_xcomargs.py for tasks to queue
[2023-06-15T23:21:32.558+0000] {logging_mixin.py:149} INFO - [2023-06-15T23:21:32.558+0000] {dagbag.py:541} INFO - Filling up the DagBag from /home/airflow/.local/lib/python3.7/site-packages/airflow/example_dags/example_xcomargs.py
[2023-06-15T23:21:32.571+0000] {processor.py:836} INFO - DAG(s) dict_keys(['example_xcom_args', 'example_xcom_args_with_operators']) retrieved from /home/airflow/.local/lib/python3.7/site-packages/airflow/example_dags/example_xcomargs.py
[2023-06-15T23:21:32.614+0000] {logging_mixin.py:149} INFO - [2023-06-15T23:21:32.614+0000] {dag.py:2726} INFO - Sync 2 DAGs
[2023-06-15T23:21:32.655+0000] {logging_mixin.py:149} INFO - [2023-06-15T23:21:32.654+0000] {dag.py:3490} INFO - Setting next_dagrun for example_xcom_args to None, run_after=None
[2023-06-15T23:21:32.661+0000] {logging_mixin.py:149} INFO - [2023-06-15T23:21:32.660+0000] {dag.py:3490} INFO - Setting next_dagrun for example_xcom_args_with_operators to None, run_after=None
[2023-06-15T23:21:32.695+0000] {processor.py:179} INFO - Processing /home/airflow/.local/lib/python3.7/site-packages/airflow/example_dags/example_xcomargs.py took 0.145 seconds
[2023-06-15T23:22:22.147+0000] {processor.py:157} INFO - Started process (PID=3018) to work on /home/airflow/.local/lib/python3.7/site-packages/airflow/example_dags/example_xcomargs.py
[2023-06-15T23:22:22.149+0000] {processor.py:826} INFO - Processing file /home/airflow/.local/lib/python3.7/site-packages/airflow/example_dags/example_xcomargs.py for tasks to queue
[2023-06-15T23:22:22.150+0000] {logging_mixin.py:149} INFO - [2023-06-15T23:22:22.150+0000] {dagbag.py:541} INFO - Filling up the DagBag from /home/airflow/.local/lib/python3.7/site-packages/airflow/example_dags/example_xcomargs.py
[2023-06-15T23:22:22.163+0000] {processor.py:836} INFO - DAG(s) dict_keys(['example_xcom_args', 'example_xcom_args_with_operators']) retrieved from /home/airflow/.local/lib/python3.7/site-packages/airflow/example_dags/example_xcomargs.py
[2023-06-15T23:22:22.233+0000] {logging_mixin.py:149} INFO - [2023-06-15T23:22:22.232+0000] {dag.py:2726} INFO - Sync 2 DAGs
[2023-06-15T23:22:22.294+0000] {logging_mixin.py:149} INFO - [2023-06-15T23:22:22.291+0000] {dag.py:3490} INFO - Setting next_dagrun for example_xcom_args to None, run_after=None
[2023-06-15T23:22:22.305+0000] {logging_mixin.py:149} INFO - [2023-06-15T23:22:22.305+0000] {dag.py:3490} INFO - Setting next_dagrun for example_xcom_args_with_operators to None, run_after=None
[2023-06-15T23:22:22.351+0000] {processor.py:179} INFO - Processing /home/airflow/.local/lib/python3.7/site-packages/airflow/example_dags/example_xcomargs.py took 0.208 seconds
[2023-06-15T23:23:30.239+0000] {processor.py:157} INFO - Started process (PID=3299) to work on /home/airflow/.local/lib/python3.7/site-packages/airflow/example_dags/example_xcomargs.py
[2023-06-15T23:23:30.241+0000] {processor.py:826} INFO - Processing file /home/airflow/.local/lib/python3.7/site-packages/airflow/example_dags/example_xcomargs.py for tasks to queue
[2023-06-15T23:23:30.242+0000] {logging_mixin.py:149} INFO - [2023-06-15T23:23:30.242+0000] {dagbag.py:541} INFO - Filling up the DagBag from /home/airflow/.local/lib/python3.7/site-packages/airflow/example_dags/example_xcomargs.py
[2023-06-15T23:23:30.254+0000] {processor.py:836} INFO - DAG(s) dict_keys(['example_xcom_args_with_operators', 'example_xcom_args']) retrieved from /home/airflow/.local/lib/python3.7/site-packages/airflow/example_dags/example_xcomargs.py
[2023-06-15T23:23:30.309+0000] {logging_mixin.py:149} INFO - [2023-06-15T23:23:30.308+0000] {dag.py:2726} INFO - Sync 2 DAGs
[2023-06-15T23:23:30.371+0000] {logging_mixin.py:149} INFO - [2023-06-15T23:23:30.370+0000] {dag.py:3490} INFO - Setting next_dagrun for example_xcom_args to None, run_after=None
[2023-06-15T23:23:30.380+0000] {logging_mixin.py:149} INFO - [2023-06-15T23:23:30.380+0000] {dag.py:3490} INFO - Setting next_dagrun for example_xcom_args_with_operators to None, run_after=None
[2023-06-15T23:23:30.421+0000] {processor.py:179} INFO - Processing /home/airflow/.local/lib/python3.7/site-packages/airflow/example_dags/example_xcomargs.py took 0.187 seconds
[2023-06-15T23:24:14.625+0000] {processor.py:157} INFO - Started process (PID=3539) to work on /home/airflow/.local/lib/python3.7/site-packages/airflow/example_dags/example_xcomargs.py
[2023-06-15T23:24:14.627+0000] {processor.py:826} INFO - Processing file /home/airflow/.local/lib/python3.7/site-packages/airflow/example_dags/example_xcomargs.py for tasks to queue
[2023-06-15T23:24:14.629+0000] {logging_mixin.py:149} INFO - [2023-06-15T23:24:14.629+0000] {dagbag.py:541} INFO - Filling up the DagBag from /home/airflow/.local/lib/python3.7/site-packages/airflow/example_dags/example_xcomargs.py
[2023-06-15T23:24:14.647+0000] {processor.py:836} INFO - DAG(s) dict_keys(['example_xcom_args', 'example_xcom_args_with_operators']) retrieved from /home/airflow/.local/lib/python3.7/site-packages/airflow/example_dags/example_xcomargs.py
[2023-06-15T23:24:14.702+0000] {logging_mixin.py:149} INFO - [2023-06-15T23:24:14.702+0000] {dag.py:2726} INFO - Sync 2 DAGs
[2023-06-15T23:24:14.748+0000] {logging_mixin.py:149} INFO - [2023-06-15T23:24:14.748+0000] {dag.py:3490} INFO - Setting next_dagrun for example_xcom_args to None, run_after=None
[2023-06-15T23:24:14.756+0000] {logging_mixin.py:149} INFO - [2023-06-15T23:24:14.756+0000] {dag.py:3490} INFO - Setting next_dagrun for example_xcom_args_with_operators to None, run_after=None
[2023-06-15T23:24:14.785+0000] {processor.py:179} INFO - Processing /home/airflow/.local/lib/python3.7/site-packages/airflow/example_dags/example_xcomargs.py took 0.166 seconds
[2023-06-15T23:26:46.656+0000] {processor.py:157} INFO - Started process (PID=3814) to work on /home/airflow/.local/lib/python3.7/site-packages/airflow/example_dags/example_xcomargs.py
[2023-06-15T23:26:46.658+0000] {processor.py:826} INFO - Processing file /home/airflow/.local/lib/python3.7/site-packages/airflow/example_dags/example_xcomargs.py for tasks to queue
[2023-06-15T23:26:46.659+0000] {logging_mixin.py:149} INFO - [2023-06-15T23:26:46.659+0000] {dagbag.py:541} INFO - Filling up the DagBag from /home/airflow/.local/lib/python3.7/site-packages/airflow/example_dags/example_xcomargs.py
[2023-06-15T23:26:46.674+0000] {processor.py:836} INFO - DAG(s) dict_keys(['example_xcom_args', 'example_xcom_args_with_operators']) retrieved from /home/airflow/.local/lib/python3.7/site-packages/airflow/example_dags/example_xcomargs.py
[2023-06-15T23:26:46.730+0000] {logging_mixin.py:149} INFO - [2023-06-15T23:26:46.729+0000] {dag.py:2726} INFO - Sync 2 DAGs
[2023-06-15T23:26:46.782+0000] {logging_mixin.py:149} INFO - [2023-06-15T23:26:46.781+0000] {dag.py:3490} INFO - Setting next_dagrun for example_xcom_args to None, run_after=None
[2023-06-15T23:26:46.798+0000] {logging_mixin.py:149} INFO - [2023-06-15T23:26:46.797+0000] {dag.py:3490} INFO - Setting next_dagrun for example_xcom_args_with_operators to None, run_after=None
[2023-06-15T23:26:47.049+0000] {processor.py:179} INFO - Processing /home/airflow/.local/lib/python3.7/site-packages/airflow/example_dags/example_xcomargs.py took 0.397 seconds
[2023-06-15T23:28:05.431+0000] {processor.py:157} INFO - Started process (PID=4067) to work on /home/airflow/.local/lib/python3.7/site-packages/airflow/example_dags/example_xcomargs.py
[2023-06-15T23:28:05.433+0000] {processor.py:826} INFO - Processing file /home/airflow/.local/lib/python3.7/site-packages/airflow/example_dags/example_xcomargs.py for tasks to queue
[2023-06-15T23:28:05.435+0000] {logging_mixin.py:149} INFO - [2023-06-15T23:28:05.434+0000] {dagbag.py:541} INFO - Filling up the DagBag from /home/airflow/.local/lib/python3.7/site-packages/airflow/example_dags/example_xcomargs.py
[2023-06-15T23:28:05.449+0000] {processor.py:836} INFO - DAG(s) dict_keys(['example_xcom_args_with_operators', 'example_xcom_args']) retrieved from /home/airflow/.local/lib/python3.7/site-packages/airflow/example_dags/example_xcomargs.py
[2023-06-15T23:28:05.504+0000] {logging_mixin.py:149} INFO - [2023-06-15T23:28:05.504+0000] {dag.py:2726} INFO - Sync 2 DAGs
[2023-06-15T23:28:05.572+0000] {logging_mixin.py:149} INFO - [2023-06-15T23:28:05.572+0000] {dag.py:3490} INFO - Setting next_dagrun for example_xcom_args to None, run_after=None
[2023-06-15T23:28:05.588+0000] {logging_mixin.py:149} INFO - [2023-06-15T23:28:05.588+0000] {dag.py:3490} INFO - Setting next_dagrun for example_xcom_args_with_operators to None, run_after=None
[2023-06-15T23:28:05.636+0000] {processor.py:179} INFO - Processing /home/airflow/.local/lib/python3.7/site-packages/airflow/example_dags/example_xcomargs.py took 0.211 seconds
[2023-06-15T23:31:59.894+0000] {processor.py:157} INFO - Started process (PID=4327) to work on /home/airflow/.local/lib/python3.7/site-packages/airflow/example_dags/example_xcomargs.py
[2023-06-15T23:31:59.897+0000] {processor.py:826} INFO - Processing file /home/airflow/.local/lib/python3.7/site-packages/airflow/example_dags/example_xcomargs.py for tasks to queue
[2023-06-15T23:31:59.898+0000] {logging_mixin.py:149} INFO - [2023-06-15T23:31:59.898+0000] {dagbag.py:541} INFO - Filling up the DagBag from /home/airflow/.local/lib/python3.7/site-packages/airflow/example_dags/example_xcomargs.py
[2023-06-15T23:31:59.913+0000] {processor.py:836} INFO - DAG(s) dict_keys(['example_xcom_args_with_operators', 'example_xcom_args']) retrieved from /home/airflow/.local/lib/python3.7/site-packages/airflow/example_dags/example_xcomargs.py
[2023-06-15T23:31:59.956+0000] {logging_mixin.py:149} INFO - [2023-06-15T23:31:59.956+0000] {dag.py:2726} INFO - Sync 2 DAGs
[2023-06-15T23:31:59.987+0000] {logging_mixin.py:149} INFO - [2023-06-15T23:31:59.987+0000] {dag.py:3490} INFO - Setting next_dagrun for example_xcom_args to None, run_after=None
[2023-06-15T23:31:59.992+0000] {logging_mixin.py:149} INFO - [2023-06-15T23:31:59.992+0000] {dag.py:3490} INFO - Setting next_dagrun for example_xcom_args_with_operators to None, run_after=None
[2023-06-15T23:32:00.091+0000] {processor.py:179} INFO - Processing /home/airflow/.local/lib/python3.7/site-packages/airflow/example_dags/example_xcomargs.py took 0.202 seconds
[2023-06-15T23:34:46.973+0000] {processor.py:157} INFO - Started process (PID=4697) to work on /home/airflow/.local/lib/python3.7/site-packages/airflow/example_dags/example_xcomargs.py
[2023-06-15T23:34:46.975+0000] {processor.py:826} INFO - Processing file /home/airflow/.local/lib/python3.7/site-packages/airflow/example_dags/example_xcomargs.py for tasks to queue
[2023-06-15T23:34:46.976+0000] {logging_mixin.py:149} INFO - [2023-06-15T23:34:46.976+0000] {dagbag.py:541} INFO - Filling up the DagBag from /home/airflow/.local/lib/python3.7/site-packages/airflow/example_dags/example_xcomargs.py
[2023-06-15T23:34:46.988+0000] {processor.py:836} INFO - DAG(s) dict_keys(['example_xcom_args', 'example_xcom_args_with_operators']) retrieved from /home/airflow/.local/lib/python3.7/site-packages/airflow/example_dags/example_xcomargs.py
[2023-06-15T23:34:47.044+0000] {logging_mixin.py:149} INFO - [2023-06-15T23:34:47.043+0000] {dag.py:2726} INFO - Sync 2 DAGs
[2023-06-15T23:34:47.091+0000] {logging_mixin.py:149} INFO - [2023-06-15T23:34:47.091+0000] {dag.py:3490} INFO - Setting next_dagrun for example_xcom_args to None, run_after=None
[2023-06-15T23:34:47.098+0000] {logging_mixin.py:149} INFO - [2023-06-15T23:34:47.098+0000] {dag.py:3490} INFO - Setting next_dagrun for example_xcom_args_with_operators to None, run_after=None
[2023-06-15T23:34:47.346+0000] {processor.py:179} INFO - Processing /home/airflow/.local/lib/python3.7/site-packages/airflow/example_dags/example_xcomargs.py took 0.378 seconds
[2023-06-15T23:35:20.396+0000] {processor.py:157} INFO - Started process (PID=4936) to work on /home/airflow/.local/lib/python3.7/site-packages/airflow/example_dags/example_xcomargs.py
[2023-06-15T23:35:20.398+0000] {processor.py:826} INFO - Processing file /home/airflow/.local/lib/python3.7/site-packages/airflow/example_dags/example_xcomargs.py for tasks to queue
[2023-06-15T23:35:20.399+0000] {logging_mixin.py:149} INFO - [2023-06-15T23:35:20.399+0000] {dagbag.py:541} INFO - Filling up the DagBag from /home/airflow/.local/lib/python3.7/site-packages/airflow/example_dags/example_xcomargs.py
[2023-06-15T23:35:20.411+0000] {processor.py:836} INFO - DAG(s) dict_keys(['example_xcom_args_with_operators', 'example_xcom_args']) retrieved from /home/airflow/.local/lib/python3.7/site-packages/airflow/example_dags/example_xcomargs.py
[2023-06-15T23:35:20.456+0000] {logging_mixin.py:149} INFO - [2023-06-15T23:35:20.456+0000] {dag.py:2726} INFO - Sync 2 DAGs
[2023-06-15T23:35:20.493+0000] {logging_mixin.py:149} INFO - [2023-06-15T23:35:20.493+0000] {dag.py:3490} INFO - Setting next_dagrun for example_xcom_args to None, run_after=None
[2023-06-15T23:35:20.499+0000] {logging_mixin.py:149} INFO - [2023-06-15T23:35:20.499+0000] {dag.py:3490} INFO - Setting next_dagrun for example_xcom_args_with_operators to None, run_after=None
[2023-06-15T23:35:20.527+0000] {processor.py:179} INFO - Processing /home/airflow/.local/lib/python3.7/site-packages/airflow/example_dags/example_xcomargs.py took 0.135 seconds
