[2023-06-15T23:04:21.583+0000] {processor.py:157} INFO - Started process (PID=351) to work on /home/airflow/.local/lib/python3.7/site-packages/airflow/example_dags/example_python_operator.py
[2023-06-15T23:04:21.584+0000] {processor.py:826} INFO - Processing file /home/airflow/.local/lib/python3.7/site-packages/airflow/example_dags/example_python_operator.py for tasks to queue
[2023-06-15T23:04:21.585+0000] {logging_mixin.py:149} INFO - [2023-06-15T23:04:21.585+0000] {dagbag.py:541} INFO - Filling up the DagBag from /home/airflow/.local/lib/python3.7/site-packages/airflow/example_dags/example_python_operator.py
[2023-06-15T23:04:21.817+0000] {logging_mixin.py:149} INFO - [2023-06-15T23:04:21.817+0000] {taskmixin.py:211} WARNING - Dependency <Task(_PythonDecoratedOperator): print_the_context>, log_sql_query already registered for DAG: example_python_operator
[2023-06-15T23:04:21.818+0000] {logging_mixin.py:149} INFO - [2023-06-15T23:04:21.818+0000] {taskmixin.py:211} WARNING - Dependency <Task(_PythonDecoratedOperator): log_sql_query>, print_the_context already registered for DAG: example_python_operator
[2023-06-15T23:04:21.820+0000] {logging_mixin.py:149} INFO - [2023-06-15T23:04:21.819+0000] {taskmixin.py:211} WARNING - Dependency <Task(_PythonDecoratedOperator): print_the_context>, log_sql_query already registered for DAG: example_python_operator
[2023-06-15T23:04:21.820+0000] {logging_mixin.py:149} INFO - [2023-06-15T23:04:21.820+0000] {taskmixin.py:211} WARNING - Dependency <Task(_PythonDecoratedOperator): log_sql_query>, print_the_context already registered for DAG: example_python_operator
[2023-06-15T23:04:21.822+0000] {logging_mixin.py:149} INFO - [2023-06-15T23:04:21.822+0000] {taskmixin.py:211} WARNING - Dependency <Task(_PythonDecoratedOperator): print_the_context>, log_sql_query already registered for DAG: example_python_operator
[2023-06-15T23:04:21.823+0000] {logging_mixin.py:149} INFO - [2023-06-15T23:04:21.822+0000] {taskmixin.py:211} WARNING - Dependency <Task(_PythonDecoratedOperator): log_sql_query>, print_the_context already registered for DAG: example_python_operator
[2023-06-15T23:04:21.824+0000] {logging_mixin.py:149} INFO - [2023-06-15T23:04:21.824+0000] {taskmixin.py:211} WARNING - Dependency <Task(_PythonDecoratedOperator): print_the_context>, log_sql_query already registered for DAG: example_python_operator
[2023-06-15T23:04:21.824+0000] {logging_mixin.py:149} INFO - [2023-06-15T23:04:21.824+0000] {taskmixin.py:211} WARNING - Dependency <Task(_PythonDecoratedOperator): log_sql_query>, print_the_context already registered for DAG: example_python_operator
[2023-06-15T23:04:21.830+0000] {processor.py:836} INFO - DAG(s) dict_keys(['example_python_operator']) retrieved from /home/airflow/.local/lib/python3.7/site-packages/airflow/example_dags/example_python_operator.py
[2023-06-15T23:04:21.954+0000] {logging_mixin.py:149} INFO - [2023-06-15T23:04:21.954+0000] {dag.py:2726} INFO - Sync 1 DAGs
[2023-06-15T23:04:22.002+0000] {logging_mixin.py:149} INFO - [2023-06-15T23:04:22.002+0000] {dag.py:3490} INFO - Setting next_dagrun for example_python_operator to None, run_after=None
[2023-06-15T23:04:22.045+0000] {processor.py:179} INFO - Processing /home/airflow/.local/lib/python3.7/site-packages/airflow/example_dags/example_python_operator.py took 0.468 seconds
[2023-06-15T23:06:26.436+0000] {processor.py:157} INFO - Started process (PID=621) to work on /home/airflow/.local/lib/python3.7/site-packages/airflow/example_dags/example_python_operator.py
[2023-06-15T23:06:26.438+0000] {processor.py:826} INFO - Processing file /home/airflow/.local/lib/python3.7/site-packages/airflow/example_dags/example_python_operator.py for tasks to queue
[2023-06-15T23:06:26.439+0000] {logging_mixin.py:149} INFO - [2023-06-15T23:06:26.439+0000] {dagbag.py:541} INFO - Filling up the DagBag from /home/airflow/.local/lib/python3.7/site-packages/airflow/example_dags/example_python_operator.py
[2023-06-15T23:06:26.450+0000] {logging_mixin.py:149} INFO - [2023-06-15T23:06:26.450+0000] {taskmixin.py:211} WARNING - Dependency <Task(_PythonDecoratedOperator): print_the_context>, log_sql_query already registered for DAG: example_python_operator
[2023-06-15T23:06:26.451+0000] {logging_mixin.py:149} INFO - [2023-06-15T23:06:26.451+0000] {taskmixin.py:211} WARNING - Dependency <Task(_PythonDecoratedOperator): log_sql_query>, print_the_context already registered for DAG: example_python_operator
[2023-06-15T23:06:26.452+0000] {logging_mixin.py:149} INFO - [2023-06-15T23:06:26.452+0000] {taskmixin.py:211} WARNING - Dependency <Task(_PythonDecoratedOperator): print_the_context>, log_sql_query already registered for DAG: example_python_operator
[2023-06-15T23:06:26.453+0000] {logging_mixin.py:149} INFO - [2023-06-15T23:06:26.452+0000] {taskmixin.py:211} WARNING - Dependency <Task(_PythonDecoratedOperator): log_sql_query>, print_the_context already registered for DAG: example_python_operator
[2023-06-15T23:06:26.454+0000] {logging_mixin.py:149} INFO - [2023-06-15T23:06:26.454+0000] {taskmixin.py:211} WARNING - Dependency <Task(_PythonDecoratedOperator): print_the_context>, log_sql_query already registered for DAG: example_python_operator
[2023-06-15T23:06:26.454+0000] {logging_mixin.py:149} INFO - [2023-06-15T23:06:26.454+0000] {taskmixin.py:211} WARNING - Dependency <Task(_PythonDecoratedOperator): log_sql_query>, print_the_context already registered for DAG: example_python_operator
[2023-06-15T23:06:26.456+0000] {logging_mixin.py:149} INFO - [2023-06-15T23:06:26.456+0000] {taskmixin.py:211} WARNING - Dependency <Task(_PythonDecoratedOperator): print_the_context>, log_sql_query already registered for DAG: example_python_operator
[2023-06-15T23:06:26.456+0000] {logging_mixin.py:149} INFO - [2023-06-15T23:06:26.456+0000] {taskmixin.py:211} WARNING - Dependency <Task(_PythonDecoratedOperator): log_sql_query>, print_the_context already registered for DAG: example_python_operator
[2023-06-15T23:06:26.461+0000] {processor.py:836} INFO - DAG(s) dict_keys(['example_python_operator']) retrieved from /home/airflow/.local/lib/python3.7/site-packages/airflow/example_dags/example_python_operator.py
[2023-06-15T23:06:26.507+0000] {logging_mixin.py:149} INFO - [2023-06-15T23:06:26.507+0000] {dag.py:2726} INFO - Sync 1 DAGs
[2023-06-15T23:06:26.544+0000] {logging_mixin.py:149} INFO - [2023-06-15T23:06:26.544+0000] {dag.py:3490} INFO - Setting next_dagrun for example_python_operator to None, run_after=None
[2023-06-15T23:06:26.633+0000] {processor.py:179} INFO - Processing /home/airflow/.local/lib/python3.7/site-packages/airflow/example_dags/example_python_operator.py took 0.203 seconds
[2023-06-15T23:07:16.637+0000] {processor.py:157} INFO - Started process (PID=866) to work on /home/airflow/.local/lib/python3.7/site-packages/airflow/example_dags/example_python_operator.py
[2023-06-15T23:07:16.642+0000] {processor.py:826} INFO - Processing file /home/airflow/.local/lib/python3.7/site-packages/airflow/example_dags/example_python_operator.py for tasks to queue
[2023-06-15T23:07:16.643+0000] {logging_mixin.py:149} INFO - [2023-06-15T23:07:16.643+0000] {dagbag.py:541} INFO - Filling up the DagBag from /home/airflow/.local/lib/python3.7/site-packages/airflow/example_dags/example_python_operator.py
[2023-06-15T23:07:16.775+0000] {logging_mixin.py:149} INFO - [2023-06-15T23:07:16.775+0000] {taskmixin.py:211} WARNING - Dependency <Task(_PythonDecoratedOperator): print_the_context>, log_sql_query already registered for DAG: example_python_operator
[2023-06-15T23:07:16.776+0000] {logging_mixin.py:149} INFO - [2023-06-15T23:07:16.776+0000] {taskmixin.py:211} WARNING - Dependency <Task(_PythonDecoratedOperator): log_sql_query>, print_the_context already registered for DAG: example_python_operator
[2023-06-15T23:07:16.778+0000] {logging_mixin.py:149} INFO - [2023-06-15T23:07:16.778+0000] {taskmixin.py:211} WARNING - Dependency <Task(_PythonDecoratedOperator): print_the_context>, log_sql_query already registered for DAG: example_python_operator
[2023-06-15T23:07:16.778+0000] {logging_mixin.py:149} INFO - [2023-06-15T23:07:16.778+0000] {taskmixin.py:211} WARNING - Dependency <Task(_PythonDecoratedOperator): log_sql_query>, print_the_context already registered for DAG: example_python_operator
[2023-06-15T23:07:16.780+0000] {logging_mixin.py:149} INFO - [2023-06-15T23:07:16.780+0000] {taskmixin.py:211} WARNING - Dependency <Task(_PythonDecoratedOperator): print_the_context>, log_sql_query already registered for DAG: example_python_operator
[2023-06-15T23:07:16.781+0000] {logging_mixin.py:149} INFO - [2023-06-15T23:07:16.781+0000] {taskmixin.py:211} WARNING - Dependency <Task(_PythonDecoratedOperator): log_sql_query>, print_the_context already registered for DAG: example_python_operator
[2023-06-15T23:07:16.784+0000] {logging_mixin.py:149} INFO - [2023-06-15T23:07:16.784+0000] {taskmixin.py:211} WARNING - Dependency <Task(_PythonDecoratedOperator): print_the_context>, log_sql_query already registered for DAG: example_python_operator
[2023-06-15T23:07:16.785+0000] {logging_mixin.py:149} INFO - [2023-06-15T23:07:16.784+0000] {taskmixin.py:211} WARNING - Dependency <Task(_PythonDecoratedOperator): log_sql_query>, print_the_context already registered for DAG: example_python_operator
[2023-06-15T23:07:16.790+0000] {processor.py:836} INFO - DAG(s) dict_keys(['example_python_operator']) retrieved from /home/airflow/.local/lib/python3.7/site-packages/airflow/example_dags/example_python_operator.py
[2023-06-15T23:07:23.645+0000] {logging_mixin.py:149} INFO - [2023-06-15T23:07:23.645+0000] {dag.py:2726} INFO - Sync 1 DAGs
[2023-06-15T23:07:27.235+0000] {logging_mixin.py:149} INFO - [2023-06-15T23:07:27.234+0000] {dag.py:3490} INFO - Setting next_dagrun for example_python_operator to None, run_after=None
[2023-06-15T23:07:35.260+0000] {processor.py:179} INFO - Processing /home/airflow/.local/lib/python3.7/site-packages/airflow/example_dags/example_python_operator.py took 18.627 seconds
[2023-06-15T23:09:34.383+0000] {processor.py:157} INFO - Started process (PID=1222) to work on /home/airflow/.local/lib/python3.7/site-packages/airflow/example_dags/example_python_operator.py
[2023-06-15T23:09:34.384+0000] {processor.py:826} INFO - Processing file /home/airflow/.local/lib/python3.7/site-packages/airflow/example_dags/example_python_operator.py for tasks to queue
[2023-06-15T23:09:34.407+0000] {logging_mixin.py:149} INFO - [2023-06-15T23:09:34.407+0000] {dagbag.py:541} INFO - Filling up the DagBag from /home/airflow/.local/lib/python3.7/site-packages/airflow/example_dags/example_python_operator.py
[2023-06-15T23:09:34.431+0000] {logging_mixin.py:149} INFO - [2023-06-15T23:09:34.431+0000] {taskmixin.py:211} WARNING - Dependency <Task(_PythonDecoratedOperator): print_the_context>, log_sql_query already registered for DAG: example_python_operator
[2023-06-15T23:09:34.435+0000] {logging_mixin.py:149} INFO - [2023-06-15T23:09:34.435+0000] {taskmixin.py:211} WARNING - Dependency <Task(_PythonDecoratedOperator): log_sql_query>, print_the_context already registered for DAG: example_python_operator
[2023-06-15T23:09:34.439+0000] {logging_mixin.py:149} INFO - [2023-06-15T23:09:34.439+0000] {taskmixin.py:211} WARNING - Dependency <Task(_PythonDecoratedOperator): print_the_context>, log_sql_query already registered for DAG: example_python_operator
[2023-06-15T23:09:34.444+0000] {logging_mixin.py:149} INFO - [2023-06-15T23:09:34.444+0000] {taskmixin.py:211} WARNING - Dependency <Task(_PythonDecoratedOperator): log_sql_query>, print_the_context already registered for DAG: example_python_operator
[2023-06-15T23:09:34.447+0000] {logging_mixin.py:149} INFO - [2023-06-15T23:09:34.447+0000] {taskmixin.py:211} WARNING - Dependency <Task(_PythonDecoratedOperator): print_the_context>, log_sql_query already registered for DAG: example_python_operator
[2023-06-15T23:09:34.449+0000] {logging_mixin.py:149} INFO - [2023-06-15T23:09:34.448+0000] {taskmixin.py:211} WARNING - Dependency <Task(_PythonDecoratedOperator): log_sql_query>, print_the_context already registered for DAG: example_python_operator
[2023-06-15T23:09:34.457+0000] {logging_mixin.py:149} INFO - [2023-06-15T23:09:34.457+0000] {taskmixin.py:211} WARNING - Dependency <Task(_PythonDecoratedOperator): print_the_context>, log_sql_query already registered for DAG: example_python_operator
[2023-06-15T23:09:34.472+0000] {logging_mixin.py:149} INFO - [2023-06-15T23:09:34.471+0000] {taskmixin.py:211} WARNING - Dependency <Task(_PythonDecoratedOperator): log_sql_query>, print_the_context already registered for DAG: example_python_operator
[2023-06-15T23:09:34.476+0000] {processor.py:836} INFO - DAG(s) dict_keys(['example_python_operator']) retrieved from /home/airflow/.local/lib/python3.7/site-packages/airflow/example_dags/example_python_operator.py
[2023-06-15T23:09:34.531+0000] {logging_mixin.py:149} INFO - [2023-06-15T23:09:34.531+0000] {dag.py:2726} INFO - Sync 1 DAGs
[2023-06-15T23:09:34.569+0000] {logging_mixin.py:149} INFO - [2023-06-15T23:09:34.569+0000] {dag.py:3490} INFO - Setting next_dagrun for example_python_operator to None, run_after=None
[2023-06-15T23:09:34.665+0000] {processor.py:179} INFO - Processing /home/airflow/.local/lib/python3.7/site-packages/airflow/example_dags/example_python_operator.py took 0.286 seconds
[2023-06-15T23:11:04.295+0000] {processor.py:157} INFO - Started process (PID=1458) to work on /home/airflow/.local/lib/python3.7/site-packages/airflow/example_dags/example_python_operator.py
[2023-06-15T23:11:04.297+0000] {processor.py:826} INFO - Processing file /home/airflow/.local/lib/python3.7/site-packages/airflow/example_dags/example_python_operator.py for tasks to queue
[2023-06-15T23:11:04.298+0000] {logging_mixin.py:149} INFO - [2023-06-15T23:11:04.298+0000] {dagbag.py:541} INFO - Filling up the DagBag from /home/airflow/.local/lib/python3.7/site-packages/airflow/example_dags/example_python_operator.py
[2023-06-15T23:11:04.308+0000] {logging_mixin.py:149} INFO - [2023-06-15T23:11:04.308+0000] {taskmixin.py:211} WARNING - Dependency <Task(_PythonDecoratedOperator): print_the_context>, log_sql_query already registered for DAG: example_python_operator
[2023-06-15T23:11:04.309+0000] {logging_mixin.py:149} INFO - [2023-06-15T23:11:04.309+0000] {taskmixin.py:211} WARNING - Dependency <Task(_PythonDecoratedOperator): log_sql_query>, print_the_context already registered for DAG: example_python_operator
[2023-06-15T23:11:04.310+0000] {logging_mixin.py:149} INFO - [2023-06-15T23:11:04.310+0000] {taskmixin.py:211} WARNING - Dependency <Task(_PythonDecoratedOperator): print_the_context>, log_sql_query already registered for DAG: example_python_operator
[2023-06-15T23:11:04.311+0000] {logging_mixin.py:149} INFO - [2023-06-15T23:11:04.311+0000] {taskmixin.py:211} WARNING - Dependency <Task(_PythonDecoratedOperator): log_sql_query>, print_the_context already registered for DAG: example_python_operator
[2023-06-15T23:11:04.312+0000] {logging_mixin.py:149} INFO - [2023-06-15T23:11:04.312+0000] {taskmixin.py:211} WARNING - Dependency <Task(_PythonDecoratedOperator): print_the_context>, log_sql_query already registered for DAG: example_python_operator
[2023-06-15T23:11:04.313+0000] {logging_mixin.py:149} INFO - [2023-06-15T23:11:04.313+0000] {taskmixin.py:211} WARNING - Dependency <Task(_PythonDecoratedOperator): log_sql_query>, print_the_context already registered for DAG: example_python_operator
[2023-06-15T23:11:04.314+0000] {logging_mixin.py:149} INFO - [2023-06-15T23:11:04.314+0000] {taskmixin.py:211} WARNING - Dependency <Task(_PythonDecoratedOperator): print_the_context>, log_sql_query already registered for DAG: example_python_operator
[2023-06-15T23:11:04.315+0000] {logging_mixin.py:149} INFO - [2023-06-15T23:11:04.315+0000] {taskmixin.py:211} WARNING - Dependency <Task(_PythonDecoratedOperator): log_sql_query>, print_the_context already registered for DAG: example_python_operator
[2023-06-15T23:11:04.319+0000] {processor.py:836} INFO - DAG(s) dict_keys(['example_python_operator']) retrieved from /home/airflow/.local/lib/python3.7/site-packages/airflow/example_dags/example_python_operator.py
[2023-06-15T23:11:04.363+0000] {logging_mixin.py:149} INFO - [2023-06-15T23:11:04.362+0000] {dag.py:2726} INFO - Sync 1 DAGs
[2023-06-15T23:11:04.398+0000] {logging_mixin.py:149} INFO - [2023-06-15T23:11:04.398+0000] {dag.py:3490} INFO - Setting next_dagrun for example_python_operator to None, run_after=None
[2023-06-15T23:11:04.426+0000] {processor.py:179} INFO - Processing /home/airflow/.local/lib/python3.7/site-packages/airflow/example_dags/example_python_operator.py took 0.135 seconds
[2023-06-15T23:13:24.239+0000] {processor.py:157} INFO - Started process (PID=1726) to work on /home/airflow/.local/lib/python3.7/site-packages/airflow/example_dags/example_python_operator.py
[2023-06-15T23:13:24.241+0000] {processor.py:826} INFO - Processing file /home/airflow/.local/lib/python3.7/site-packages/airflow/example_dags/example_python_operator.py for tasks to queue
[2023-06-15T23:13:24.242+0000] {logging_mixin.py:149} INFO - [2023-06-15T23:13:24.242+0000] {dagbag.py:541} INFO - Filling up the DagBag from /home/airflow/.local/lib/python3.7/site-packages/airflow/example_dags/example_python_operator.py
[2023-06-15T23:13:24.283+0000] {logging_mixin.py:149} INFO - [2023-06-15T23:13:24.283+0000] {taskmixin.py:211} WARNING - Dependency <Task(_PythonDecoratedOperator): print_the_context>, log_sql_query already registered for DAG: example_python_operator
[2023-06-15T23:13:24.284+0000] {logging_mixin.py:149} INFO - [2023-06-15T23:13:24.284+0000] {taskmixin.py:211} WARNING - Dependency <Task(_PythonDecoratedOperator): log_sql_query>, print_the_context already registered for DAG: example_python_operator
[2023-06-15T23:13:24.286+0000] {logging_mixin.py:149} INFO - [2023-06-15T23:13:24.286+0000] {taskmixin.py:211} WARNING - Dependency <Task(_PythonDecoratedOperator): print_the_context>, log_sql_query already registered for DAG: example_python_operator
[2023-06-15T23:13:24.287+0000] {logging_mixin.py:149} INFO - [2023-06-15T23:13:24.287+0000] {taskmixin.py:211} WARNING - Dependency <Task(_PythonDecoratedOperator): log_sql_query>, print_the_context already registered for DAG: example_python_operator
[2023-06-15T23:13:24.289+0000] {logging_mixin.py:149} INFO - [2023-06-15T23:13:24.289+0000] {taskmixin.py:211} WARNING - Dependency <Task(_PythonDecoratedOperator): print_the_context>, log_sql_query already registered for DAG: example_python_operator
[2023-06-15T23:13:24.290+0000] {logging_mixin.py:149} INFO - [2023-06-15T23:13:24.290+0000] {taskmixin.py:211} WARNING - Dependency <Task(_PythonDecoratedOperator): log_sql_query>, print_the_context already registered for DAG: example_python_operator
[2023-06-15T23:13:24.292+0000] {logging_mixin.py:149} INFO - [2023-06-15T23:13:24.291+0000] {taskmixin.py:211} WARNING - Dependency <Task(_PythonDecoratedOperator): print_the_context>, log_sql_query already registered for DAG: example_python_operator
[2023-06-15T23:13:24.292+0000] {logging_mixin.py:149} INFO - [2023-06-15T23:13:24.292+0000] {taskmixin.py:211} WARNING - Dependency <Task(_PythonDecoratedOperator): log_sql_query>, print_the_context already registered for DAG: example_python_operator
[2023-06-15T23:13:24.299+0000] {processor.py:836} INFO - DAG(s) dict_keys(['example_python_operator']) retrieved from /home/airflow/.local/lib/python3.7/site-packages/airflow/example_dags/example_python_operator.py
[2023-06-15T23:13:24.341+0000] {logging_mixin.py:149} INFO - [2023-06-15T23:13:24.341+0000] {dag.py:2726} INFO - Sync 1 DAGs
[2023-06-15T23:13:24.383+0000] {logging_mixin.py:149} INFO - [2023-06-15T23:13:24.383+0000] {dag.py:3490} INFO - Setting next_dagrun for example_python_operator to None, run_after=None
[2023-06-15T23:13:24.427+0000] {processor.py:179} INFO - Processing /home/airflow/.local/lib/python3.7/site-packages/airflow/example_dags/example_python_operator.py took 0.193 seconds
[2023-06-15T23:15:31.928+0000] {processor.py:157} INFO - Started process (PID=2054) to work on /home/airflow/.local/lib/python3.7/site-packages/airflow/example_dags/example_python_operator.py
[2023-06-15T23:15:31.930+0000] {processor.py:826} INFO - Processing file /home/airflow/.local/lib/python3.7/site-packages/airflow/example_dags/example_python_operator.py for tasks to queue
[2023-06-15T23:15:31.932+0000] {logging_mixin.py:149} INFO - [2023-06-15T23:15:31.932+0000] {dagbag.py:541} INFO - Filling up the DagBag from /home/airflow/.local/lib/python3.7/site-packages/airflow/example_dags/example_python_operator.py
[2023-06-15T23:15:31.944+0000] {logging_mixin.py:149} INFO - [2023-06-15T23:15:31.943+0000] {taskmixin.py:211} WARNING - Dependency <Task(_PythonDecoratedOperator): print_the_context>, log_sql_query already registered for DAG: example_python_operator
[2023-06-15T23:15:31.945+0000] {logging_mixin.py:149} INFO - [2023-06-15T23:15:31.945+0000] {taskmixin.py:211} WARNING - Dependency <Task(_PythonDecoratedOperator): log_sql_query>, print_the_context already registered for DAG: example_python_operator
[2023-06-15T23:15:31.946+0000] {logging_mixin.py:149} INFO - [2023-06-15T23:15:31.946+0000] {taskmixin.py:211} WARNING - Dependency <Task(_PythonDecoratedOperator): print_the_context>, log_sql_query already registered for DAG: example_python_operator
[2023-06-15T23:15:31.947+0000] {logging_mixin.py:149} INFO - [2023-06-15T23:15:31.947+0000] {taskmixin.py:211} WARNING - Dependency <Task(_PythonDecoratedOperator): log_sql_query>, print_the_context already registered for DAG: example_python_operator
[2023-06-15T23:15:31.948+0000] {logging_mixin.py:149} INFO - [2023-06-15T23:15:31.948+0000] {taskmixin.py:211} WARNING - Dependency <Task(_PythonDecoratedOperator): print_the_context>, log_sql_query already registered for DAG: example_python_operator
[2023-06-15T23:15:31.948+0000] {logging_mixin.py:149} INFO - [2023-06-15T23:15:31.948+0000] {taskmixin.py:211} WARNING - Dependency <Task(_PythonDecoratedOperator): log_sql_query>, print_the_context already registered for DAG: example_python_operator
[2023-06-15T23:15:31.950+0000] {logging_mixin.py:149} INFO - [2023-06-15T23:15:31.949+0000] {taskmixin.py:211} WARNING - Dependency <Task(_PythonDecoratedOperator): print_the_context>, log_sql_query already registered for DAG: example_python_operator
[2023-06-15T23:15:31.950+0000] {logging_mixin.py:149} INFO - [2023-06-15T23:15:31.950+0000] {taskmixin.py:211} WARNING - Dependency <Task(_PythonDecoratedOperator): log_sql_query>, print_the_context already registered for DAG: example_python_operator
[2023-06-15T23:15:31.955+0000] {processor.py:836} INFO - DAG(s) dict_keys(['example_python_operator']) retrieved from /home/airflow/.local/lib/python3.7/site-packages/airflow/example_dags/example_python_operator.py
[2023-06-15T23:15:32.828+0000] {logging_mixin.py:149} INFO - [2023-06-15T23:15:32.828+0000] {dag.py:2726} INFO - Sync 1 DAGs
[2023-06-15T23:15:33.778+0000] {logging_mixin.py:149} INFO - [2023-06-15T23:15:33.778+0000] {dag.py:3490} INFO - Setting next_dagrun for example_python_operator to None, run_after=None
[2023-06-15T23:15:34.417+0000] {processor.py:179} INFO - Processing /home/airflow/.local/lib/python3.7/site-packages/airflow/example_dags/example_python_operator.py took 2.493 seconds
[2023-06-15T23:17:37.467+0000] {processor.py:157} INFO - Started process (PID=2378) to work on /home/airflow/.local/lib/python3.7/site-packages/airflow/example_dags/example_python_operator.py
[2023-06-15T23:17:37.471+0000] {processor.py:826} INFO - Processing file /home/airflow/.local/lib/python3.7/site-packages/airflow/example_dags/example_python_operator.py for tasks to queue
[2023-06-15T23:17:37.473+0000] {logging_mixin.py:149} INFO - [2023-06-15T23:17:37.473+0000] {dagbag.py:541} INFO - Filling up the DagBag from /home/airflow/.local/lib/python3.7/site-packages/airflow/example_dags/example_python_operator.py
[2023-06-15T23:17:37.486+0000] {logging_mixin.py:149} INFO - [2023-06-15T23:17:37.485+0000] {taskmixin.py:211} WARNING - Dependency <Task(_PythonDecoratedOperator): print_the_context>, log_sql_query already registered for DAG: example_python_operator
[2023-06-15T23:17:37.488+0000] {logging_mixin.py:149} INFO - [2023-06-15T23:17:37.488+0000] {taskmixin.py:211} WARNING - Dependency <Task(_PythonDecoratedOperator): log_sql_query>, print_the_context already registered for DAG: example_python_operator
[2023-06-15T23:17:37.490+0000] {logging_mixin.py:149} INFO - [2023-06-15T23:17:37.489+0000] {taskmixin.py:211} WARNING - Dependency <Task(_PythonDecoratedOperator): print_the_context>, log_sql_query already registered for DAG: example_python_operator
[2023-06-15T23:17:37.491+0000] {logging_mixin.py:149} INFO - [2023-06-15T23:17:37.490+0000] {taskmixin.py:211} WARNING - Dependency <Task(_PythonDecoratedOperator): log_sql_query>, print_the_context already registered for DAG: example_python_operator
[2023-06-15T23:17:37.499+0000] {logging_mixin.py:149} INFO - [2023-06-15T23:17:37.498+0000] {taskmixin.py:211} WARNING - Dependency <Task(_PythonDecoratedOperator): print_the_context>, log_sql_query already registered for DAG: example_python_operator
[2023-06-15T23:17:37.501+0000] {logging_mixin.py:149} INFO - [2023-06-15T23:17:37.500+0000] {taskmixin.py:211} WARNING - Dependency <Task(_PythonDecoratedOperator): log_sql_query>, print_the_context already registered for DAG: example_python_operator
[2023-06-15T23:17:37.502+0000] {logging_mixin.py:149} INFO - [2023-06-15T23:17:37.502+0000] {taskmixin.py:211} WARNING - Dependency <Task(_PythonDecoratedOperator): print_the_context>, log_sql_query already registered for DAG: example_python_operator
[2023-06-15T23:17:37.503+0000] {logging_mixin.py:149} INFO - [2023-06-15T23:17:37.503+0000] {taskmixin.py:211} WARNING - Dependency <Task(_PythonDecoratedOperator): log_sql_query>, print_the_context already registered for DAG: example_python_operator
[2023-06-15T23:17:37.509+0000] {processor.py:836} INFO - DAG(s) dict_keys(['example_python_operator']) retrieved from /home/airflow/.local/lib/python3.7/site-packages/airflow/example_dags/example_python_operator.py
[2023-06-15T23:17:37.903+0000] {logging_mixin.py:149} INFO - [2023-06-15T23:17:37.903+0000] {dag.py:2726} INFO - Sync 1 DAGs
[2023-06-15T23:17:38.367+0000] {logging_mixin.py:149} INFO - [2023-06-15T23:17:38.367+0000] {dag.py:3490} INFO - Setting next_dagrun for example_python_operator to None, run_after=None
[2023-06-15T23:17:38.613+0000] {processor.py:179} INFO - Processing /home/airflow/.local/lib/python3.7/site-packages/airflow/example_dags/example_python_operator.py took 1.151 seconds
[2023-06-15T23:21:22.468+0000] {processor.py:157} INFO - Started process (PID=2685) to work on /home/airflow/.local/lib/python3.7/site-packages/airflow/example_dags/example_python_operator.py
[2023-06-15T23:21:22.472+0000] {processor.py:826} INFO - Processing file /home/airflow/.local/lib/python3.7/site-packages/airflow/example_dags/example_python_operator.py for tasks to queue
[2023-06-15T23:21:22.475+0000] {logging_mixin.py:149} INFO - [2023-06-15T23:21:22.473+0000] {dagbag.py:541} INFO - Filling up the DagBag from /home/airflow/.local/lib/python3.7/site-packages/airflow/example_dags/example_python_operator.py
[2023-06-15T23:21:22.486+0000] {logging_mixin.py:149} INFO - [2023-06-15T23:21:22.485+0000] {taskmixin.py:211} WARNING - Dependency <Task(_PythonDecoratedOperator): print_the_context>, log_sql_query already registered for DAG: example_python_operator
[2023-06-15T23:21:22.486+0000] {logging_mixin.py:149} INFO - [2023-06-15T23:21:22.486+0000] {taskmixin.py:211} WARNING - Dependency <Task(_PythonDecoratedOperator): log_sql_query>, print_the_context already registered for DAG: example_python_operator
[2023-06-15T23:21:22.488+0000] {logging_mixin.py:149} INFO - [2023-06-15T23:21:22.488+0000] {taskmixin.py:211} WARNING - Dependency <Task(_PythonDecoratedOperator): print_the_context>, log_sql_query already registered for DAG: example_python_operator
[2023-06-15T23:21:22.488+0000] {logging_mixin.py:149} INFO - [2023-06-15T23:21:22.488+0000] {taskmixin.py:211} WARNING - Dependency <Task(_PythonDecoratedOperator): log_sql_query>, print_the_context already registered for DAG: example_python_operator
[2023-06-15T23:21:22.490+0000] {logging_mixin.py:149} INFO - [2023-06-15T23:21:22.490+0000] {taskmixin.py:211} WARNING - Dependency <Task(_PythonDecoratedOperator): print_the_context>, log_sql_query already registered for DAG: example_python_operator
[2023-06-15T23:21:22.491+0000] {logging_mixin.py:149} INFO - [2023-06-15T23:21:22.490+0000] {taskmixin.py:211} WARNING - Dependency <Task(_PythonDecoratedOperator): log_sql_query>, print_the_context already registered for DAG: example_python_operator
[2023-06-15T23:21:22.492+0000] {logging_mixin.py:149} INFO - [2023-06-15T23:21:22.492+0000] {taskmixin.py:211} WARNING - Dependency <Task(_PythonDecoratedOperator): print_the_context>, log_sql_query already registered for DAG: example_python_operator
[2023-06-15T23:21:22.493+0000] {logging_mixin.py:149} INFO - [2023-06-15T23:21:22.493+0000] {taskmixin.py:211} WARNING - Dependency <Task(_PythonDecoratedOperator): log_sql_query>, print_the_context already registered for DAG: example_python_operator
[2023-06-15T23:21:25.342+0000] {processor.py:836} INFO - DAG(s) dict_keys(['example_python_operator']) retrieved from /home/airflow/.local/lib/python3.7/site-packages/airflow/example_dags/example_python_operator.py
[2023-06-15T23:21:25.397+0000] {logging_mixin.py:149} INFO - [2023-06-15T23:21:25.397+0000] {dag.py:2726} INFO - Sync 1 DAGs
[2023-06-15T23:21:25.448+0000] {logging_mixin.py:149} INFO - [2023-06-15T23:21:25.447+0000] {dag.py:3490} INFO - Setting next_dagrun for example_python_operator to None, run_after=None
[2023-06-15T23:21:32.124+0000] {processor.py:179} INFO - Processing /home/airflow/.local/lib/python3.7/site-packages/airflow/example_dags/example_python_operator.py took 9.661 seconds
[2023-06-15T23:22:21.000+0000] {processor.py:157} INFO - Started process (PID=2991) to work on /home/airflow/.local/lib/python3.7/site-packages/airflow/example_dags/example_python_operator.py
[2023-06-15T23:22:21.003+0000] {processor.py:826} INFO - Processing file /home/airflow/.local/lib/python3.7/site-packages/airflow/example_dags/example_python_operator.py for tasks to queue
[2023-06-15T23:22:21.004+0000] {logging_mixin.py:149} INFO - [2023-06-15T23:22:21.004+0000] {dagbag.py:541} INFO - Filling up the DagBag from /home/airflow/.local/lib/python3.7/site-packages/airflow/example_dags/example_python_operator.py
[2023-06-15T23:22:21.022+0000] {logging_mixin.py:149} INFO - [2023-06-15T23:22:21.021+0000] {taskmixin.py:211} WARNING - Dependency <Task(_PythonDecoratedOperator): print_the_context>, log_sql_query already registered for DAG: example_python_operator
[2023-06-15T23:22:21.023+0000] {logging_mixin.py:149} INFO - [2023-06-15T23:22:21.022+0000] {taskmixin.py:211} WARNING - Dependency <Task(_PythonDecoratedOperator): log_sql_query>, print_the_context already registered for DAG: example_python_operator
[2023-06-15T23:22:21.025+0000] {logging_mixin.py:149} INFO - [2023-06-15T23:22:21.024+0000] {taskmixin.py:211} WARNING - Dependency <Task(_PythonDecoratedOperator): print_the_context>, log_sql_query already registered for DAG: example_python_operator
[2023-06-15T23:22:21.026+0000] {logging_mixin.py:149} INFO - [2023-06-15T23:22:21.025+0000] {taskmixin.py:211} WARNING - Dependency <Task(_PythonDecoratedOperator): log_sql_query>, print_the_context already registered for DAG: example_python_operator
[2023-06-15T23:22:21.027+0000] {logging_mixin.py:149} INFO - [2023-06-15T23:22:21.027+0000] {taskmixin.py:211} WARNING - Dependency <Task(_PythonDecoratedOperator): print_the_context>, log_sql_query already registered for DAG: example_python_operator
[2023-06-15T23:22:21.028+0000] {logging_mixin.py:149} INFO - [2023-06-15T23:22:21.028+0000] {taskmixin.py:211} WARNING - Dependency <Task(_PythonDecoratedOperator): log_sql_query>, print_the_context already registered for DAG: example_python_operator
[2023-06-15T23:22:21.029+0000] {logging_mixin.py:149} INFO - [2023-06-15T23:22:21.029+0000] {taskmixin.py:211} WARNING - Dependency <Task(_PythonDecoratedOperator): print_the_context>, log_sql_query already registered for DAG: example_python_operator
[2023-06-15T23:22:21.030+0000] {logging_mixin.py:149} INFO - [2023-06-15T23:22:21.030+0000] {taskmixin.py:211} WARNING - Dependency <Task(_PythonDecoratedOperator): log_sql_query>, print_the_context already registered for DAG: example_python_operator
[2023-06-15T23:22:21.036+0000] {processor.py:836} INFO - DAG(s) dict_keys(['example_python_operator']) retrieved from /home/airflow/.local/lib/python3.7/site-packages/airflow/example_dags/example_python_operator.py
[2023-06-15T23:22:21.085+0000] {logging_mixin.py:149} INFO - [2023-06-15T23:22:21.085+0000] {dag.py:2726} INFO - Sync 1 DAGs
[2023-06-15T23:22:21.134+0000] {logging_mixin.py:149} INFO - [2023-06-15T23:22:21.134+0000] {dag.py:3490} INFO - Setting next_dagrun for example_python_operator to None, run_after=None
[2023-06-15T23:22:21.217+0000] {processor.py:179} INFO - Processing /home/airflow/.local/lib/python3.7/site-packages/airflow/example_dags/example_python_operator.py took 0.227 seconds
[2023-06-15T23:23:29.427+0000] {processor.py:157} INFO - Started process (PID=3276) to work on /home/airflow/.local/lib/python3.7/site-packages/airflow/example_dags/example_python_operator.py
[2023-06-15T23:23:29.429+0000] {processor.py:826} INFO - Processing file /home/airflow/.local/lib/python3.7/site-packages/airflow/example_dags/example_python_operator.py for tasks to queue
[2023-06-15T23:23:29.430+0000] {logging_mixin.py:149} INFO - [2023-06-15T23:23:29.430+0000] {dagbag.py:541} INFO - Filling up the DagBag from /home/airflow/.local/lib/python3.7/site-packages/airflow/example_dags/example_python_operator.py
[2023-06-15T23:23:29.444+0000] {logging_mixin.py:149} INFO - [2023-06-15T23:23:29.443+0000] {taskmixin.py:211} WARNING - Dependency <Task(_PythonDecoratedOperator): print_the_context>, log_sql_query already registered for DAG: example_python_operator
[2023-06-15T23:23:29.445+0000] {logging_mixin.py:149} INFO - [2023-06-15T23:23:29.445+0000] {taskmixin.py:211} WARNING - Dependency <Task(_PythonDecoratedOperator): log_sql_query>, print_the_context already registered for DAG: example_python_operator
[2023-06-15T23:23:29.446+0000] {logging_mixin.py:149} INFO - [2023-06-15T23:23:29.446+0000] {taskmixin.py:211} WARNING - Dependency <Task(_PythonDecoratedOperator): print_the_context>, log_sql_query already registered for DAG: example_python_operator
[2023-06-15T23:23:29.447+0000] {logging_mixin.py:149} INFO - [2023-06-15T23:23:29.447+0000] {taskmixin.py:211} WARNING - Dependency <Task(_PythonDecoratedOperator): log_sql_query>, print_the_context already registered for DAG: example_python_operator
[2023-06-15T23:23:29.448+0000] {logging_mixin.py:149} INFO - [2023-06-15T23:23:29.448+0000] {taskmixin.py:211} WARNING - Dependency <Task(_PythonDecoratedOperator): print_the_context>, log_sql_query already registered for DAG: example_python_operator
[2023-06-15T23:23:29.449+0000] {logging_mixin.py:149} INFO - [2023-06-15T23:23:29.449+0000] {taskmixin.py:211} WARNING - Dependency <Task(_PythonDecoratedOperator): log_sql_query>, print_the_context already registered for DAG: example_python_operator
[2023-06-15T23:23:29.450+0000] {logging_mixin.py:149} INFO - [2023-06-15T23:23:29.450+0000] {taskmixin.py:211} WARNING - Dependency <Task(_PythonDecoratedOperator): print_the_context>, log_sql_query already registered for DAG: example_python_operator
[2023-06-15T23:23:29.451+0000] {logging_mixin.py:149} INFO - [2023-06-15T23:23:29.450+0000] {taskmixin.py:211} WARNING - Dependency <Task(_PythonDecoratedOperator): log_sql_query>, print_the_context already registered for DAG: example_python_operator
[2023-06-15T23:23:29.456+0000] {processor.py:836} INFO - DAG(s) dict_keys(['example_python_operator']) retrieved from /home/airflow/.local/lib/python3.7/site-packages/airflow/example_dags/example_python_operator.py
[2023-06-15T23:23:29.500+0000] {logging_mixin.py:149} INFO - [2023-06-15T23:23:29.500+0000] {dag.py:2726} INFO - Sync 1 DAGs
[2023-06-15T23:23:29.549+0000] {logging_mixin.py:149} INFO - [2023-06-15T23:23:29.549+0000] {dag.py:3490} INFO - Setting next_dagrun for example_python_operator to None, run_after=None
[2023-06-15T23:23:29.923+0000] {processor.py:179} INFO - Processing /home/airflow/.local/lib/python3.7/site-packages/airflow/example_dags/example_python_operator.py took 0.501 seconds
[2023-06-15T23:24:13.532+0000] {processor.py:157} INFO - Started process (PID=3514) to work on /home/airflow/.local/lib/python3.7/site-packages/airflow/example_dags/example_python_operator.py
[2023-06-15T23:24:13.533+0000] {processor.py:826} INFO - Processing file /home/airflow/.local/lib/python3.7/site-packages/airflow/example_dags/example_python_operator.py for tasks to queue
[2023-06-15T23:24:13.534+0000] {logging_mixin.py:149} INFO - [2023-06-15T23:24:13.534+0000] {dagbag.py:541} INFO - Filling up the DagBag from /home/airflow/.local/lib/python3.7/site-packages/airflow/example_dags/example_python_operator.py
[2023-06-15T23:24:13.543+0000] {logging_mixin.py:149} INFO - [2023-06-15T23:24:13.543+0000] {taskmixin.py:211} WARNING - Dependency <Task(_PythonDecoratedOperator): print_the_context>, log_sql_query already registered for DAG: example_python_operator
[2023-06-15T23:24:13.544+0000] {logging_mixin.py:149} INFO - [2023-06-15T23:24:13.544+0000] {taskmixin.py:211} WARNING - Dependency <Task(_PythonDecoratedOperator): log_sql_query>, print_the_context already registered for DAG: example_python_operator
[2023-06-15T23:24:13.545+0000] {logging_mixin.py:149} INFO - [2023-06-15T23:24:13.545+0000] {taskmixin.py:211} WARNING - Dependency <Task(_PythonDecoratedOperator): print_the_context>, log_sql_query already registered for DAG: example_python_operator
[2023-06-15T23:24:13.546+0000] {logging_mixin.py:149} INFO - [2023-06-15T23:24:13.545+0000] {taskmixin.py:211} WARNING - Dependency <Task(_PythonDecoratedOperator): log_sql_query>, print_the_context already registered for DAG: example_python_operator
[2023-06-15T23:24:13.547+0000] {logging_mixin.py:149} INFO - [2023-06-15T23:24:13.546+0000] {taskmixin.py:211} WARNING - Dependency <Task(_PythonDecoratedOperator): print_the_context>, log_sql_query already registered for DAG: example_python_operator
[2023-06-15T23:24:13.547+0000] {logging_mixin.py:149} INFO - [2023-06-15T23:24:13.547+0000] {taskmixin.py:211} WARNING - Dependency <Task(_PythonDecoratedOperator): log_sql_query>, print_the_context already registered for DAG: example_python_operator
[2023-06-15T23:24:13.548+0000] {logging_mixin.py:149} INFO - [2023-06-15T23:24:13.548+0000] {taskmixin.py:211} WARNING - Dependency <Task(_PythonDecoratedOperator): print_the_context>, log_sql_query already registered for DAG: example_python_operator
[2023-06-15T23:24:13.549+0000] {logging_mixin.py:149} INFO - [2023-06-15T23:24:13.548+0000] {taskmixin.py:211} WARNING - Dependency <Task(_PythonDecoratedOperator): log_sql_query>, print_the_context already registered for DAG: example_python_operator
[2023-06-15T23:24:13.552+0000] {processor.py:836} INFO - DAG(s) dict_keys(['example_python_operator']) retrieved from /home/airflow/.local/lib/python3.7/site-packages/airflow/example_dags/example_python_operator.py
[2023-06-15T23:24:13.593+0000] {logging_mixin.py:149} INFO - [2023-06-15T23:24:13.593+0000] {dag.py:2726} INFO - Sync 1 DAGs
[2023-06-15T23:24:13.628+0000] {logging_mixin.py:149} INFO - [2023-06-15T23:24:13.627+0000] {dag.py:3490} INFO - Setting next_dagrun for example_python_operator to None, run_after=None
[2023-06-15T23:24:13.660+0000] {processor.py:179} INFO - Processing /home/airflow/.local/lib/python3.7/site-packages/airflow/example_dags/example_python_operator.py took 0.133 seconds
[2023-06-15T23:26:45.982+0000] {processor.py:157} INFO - Started process (PID=3789) to work on /home/airflow/.local/lib/python3.7/site-packages/airflow/example_dags/example_python_operator.py
[2023-06-15T23:26:45.984+0000] {processor.py:826} INFO - Processing file /home/airflow/.local/lib/python3.7/site-packages/airflow/example_dags/example_python_operator.py for tasks to queue
[2023-06-15T23:26:45.985+0000] {logging_mixin.py:149} INFO - [2023-06-15T23:26:45.985+0000] {dagbag.py:541} INFO - Filling up the DagBag from /home/airflow/.local/lib/python3.7/site-packages/airflow/example_dags/example_python_operator.py
[2023-06-15T23:26:45.995+0000] {logging_mixin.py:149} INFO - [2023-06-15T23:26:45.995+0000] {taskmixin.py:211} WARNING - Dependency <Task(_PythonDecoratedOperator): print_the_context>, log_sql_query already registered for DAG: example_python_operator
[2023-06-15T23:26:45.996+0000] {logging_mixin.py:149} INFO - [2023-06-15T23:26:45.995+0000] {taskmixin.py:211} WARNING - Dependency <Task(_PythonDecoratedOperator): log_sql_query>, print_the_context already registered for DAG: example_python_operator
[2023-06-15T23:26:45.997+0000] {logging_mixin.py:149} INFO - [2023-06-15T23:26:45.997+0000] {taskmixin.py:211} WARNING - Dependency <Task(_PythonDecoratedOperator): print_the_context>, log_sql_query already registered for DAG: example_python_operator
[2023-06-15T23:26:45.998+0000] {logging_mixin.py:149} INFO - [2023-06-15T23:26:45.998+0000] {taskmixin.py:211} WARNING - Dependency <Task(_PythonDecoratedOperator): log_sql_query>, print_the_context already registered for DAG: example_python_operator
[2023-06-15T23:26:45.999+0000] {logging_mixin.py:149} INFO - [2023-06-15T23:26:45.999+0000] {taskmixin.py:211} WARNING - Dependency <Task(_PythonDecoratedOperator): print_the_context>, log_sql_query already registered for DAG: example_python_operator
[2023-06-15T23:26:46.000+0000] {logging_mixin.py:149} INFO - [2023-06-15T23:26:45.999+0000] {taskmixin.py:211} WARNING - Dependency <Task(_PythonDecoratedOperator): log_sql_query>, print_the_context already registered for DAG: example_python_operator
[2023-06-15T23:26:46.001+0000] {logging_mixin.py:149} INFO - [2023-06-15T23:26:46.001+0000] {taskmixin.py:211} WARNING - Dependency <Task(_PythonDecoratedOperator): print_the_context>, log_sql_query already registered for DAG: example_python_operator
[2023-06-15T23:26:46.001+0000] {logging_mixin.py:149} INFO - [2023-06-15T23:26:46.001+0000] {taskmixin.py:211} WARNING - Dependency <Task(_PythonDecoratedOperator): log_sql_query>, print_the_context already registered for DAG: example_python_operator
[2023-06-15T23:26:46.006+0000] {processor.py:836} INFO - DAG(s) dict_keys(['example_python_operator']) retrieved from /home/airflow/.local/lib/python3.7/site-packages/airflow/example_dags/example_python_operator.py
[2023-06-15T23:26:46.049+0000] {logging_mixin.py:149} INFO - [2023-06-15T23:26:46.048+0000] {dag.py:2726} INFO - Sync 1 DAGs
[2023-06-15T23:26:46.089+0000] {logging_mixin.py:149} INFO - [2023-06-15T23:26:46.088+0000] {dag.py:3490} INFO - Setting next_dagrun for example_python_operator to None, run_after=None
[2023-06-15T23:26:46.139+0000] {processor.py:179} INFO - Processing /home/airflow/.local/lib/python3.7/site-packages/airflow/example_dags/example_python_operator.py took 0.161 seconds
[2023-06-15T23:28:04.673+0000] {processor.py:157} INFO - Started process (PID=4042) to work on /home/airflow/.local/lib/python3.7/site-packages/airflow/example_dags/example_python_operator.py
[2023-06-15T23:28:04.677+0000] {processor.py:826} INFO - Processing file /home/airflow/.local/lib/python3.7/site-packages/airflow/example_dags/example_python_operator.py for tasks to queue
[2023-06-15T23:28:04.680+0000] {logging_mixin.py:149} INFO - [2023-06-15T23:28:04.679+0000] {dagbag.py:541} INFO - Filling up the DagBag from /home/airflow/.local/lib/python3.7/site-packages/airflow/example_dags/example_python_operator.py
[2023-06-15T23:28:04.701+0000] {logging_mixin.py:149} INFO - [2023-06-15T23:28:04.701+0000] {taskmixin.py:211} WARNING - Dependency <Task(_PythonDecoratedOperator): print_the_context>, log_sql_query already registered for DAG: example_python_operator
[2023-06-15T23:28:04.702+0000] {logging_mixin.py:149} INFO - [2023-06-15T23:28:04.702+0000] {taskmixin.py:211} WARNING - Dependency <Task(_PythonDecoratedOperator): log_sql_query>, print_the_context already registered for DAG: example_python_operator
[2023-06-15T23:28:04.704+0000] {logging_mixin.py:149} INFO - [2023-06-15T23:28:04.704+0000] {taskmixin.py:211} WARNING - Dependency <Task(_PythonDecoratedOperator): print_the_context>, log_sql_query already registered for DAG: example_python_operator
[2023-06-15T23:28:04.704+0000] {logging_mixin.py:149} INFO - [2023-06-15T23:28:04.704+0000] {taskmixin.py:211} WARNING - Dependency <Task(_PythonDecoratedOperator): log_sql_query>, print_the_context already registered for DAG: example_python_operator
[2023-06-15T23:28:04.706+0000] {logging_mixin.py:149} INFO - [2023-06-15T23:28:04.705+0000] {taskmixin.py:211} WARNING - Dependency <Task(_PythonDecoratedOperator): print_the_context>, log_sql_query already registered for DAG: example_python_operator
[2023-06-15T23:28:04.708+0000] {logging_mixin.py:149} INFO - [2023-06-15T23:28:04.707+0000] {taskmixin.py:211} WARNING - Dependency <Task(_PythonDecoratedOperator): log_sql_query>, print_the_context already registered for DAG: example_python_operator
[2023-06-15T23:28:04.710+0000] {logging_mixin.py:149} INFO - [2023-06-15T23:28:04.709+0000] {taskmixin.py:211} WARNING - Dependency <Task(_PythonDecoratedOperator): print_the_context>, log_sql_query already registered for DAG: example_python_operator
[2023-06-15T23:28:04.710+0000] {logging_mixin.py:149} INFO - [2023-06-15T23:28:04.710+0000] {taskmixin.py:211} WARNING - Dependency <Task(_PythonDecoratedOperator): log_sql_query>, print_the_context already registered for DAG: example_python_operator
[2023-06-15T23:28:04.715+0000] {processor.py:836} INFO - DAG(s) dict_keys(['example_python_operator']) retrieved from /home/airflow/.local/lib/python3.7/site-packages/airflow/example_dags/example_python_operator.py
[2023-06-15T23:28:04.771+0000] {logging_mixin.py:149} INFO - [2023-06-15T23:28:04.770+0000] {dag.py:2726} INFO - Sync 1 DAGs
[2023-06-15T23:28:04.817+0000] {logging_mixin.py:149} INFO - [2023-06-15T23:28:04.817+0000] {dag.py:3490} INFO - Setting next_dagrun for example_python_operator to None, run_after=None
[2023-06-15T23:28:04.893+0000] {processor.py:179} INFO - Processing /home/airflow/.local/lib/python3.7/site-packages/airflow/example_dags/example_python_operator.py took 0.229 seconds
[2023-06-15T23:31:59.148+0000] {processor.py:157} INFO - Started process (PID=4300) to work on /home/airflow/.local/lib/python3.7/site-packages/airflow/example_dags/example_python_operator.py
[2023-06-15T23:31:59.150+0000] {processor.py:826} INFO - Processing file /home/airflow/.local/lib/python3.7/site-packages/airflow/example_dags/example_python_operator.py for tasks to queue
[2023-06-15T23:31:59.151+0000] {logging_mixin.py:149} INFO - [2023-06-15T23:31:59.151+0000] {dagbag.py:541} INFO - Filling up the DagBag from /home/airflow/.local/lib/python3.7/site-packages/airflow/example_dags/example_python_operator.py
[2023-06-15T23:31:59.167+0000] {logging_mixin.py:149} INFO - [2023-06-15T23:31:59.167+0000] {taskmixin.py:211} WARNING - Dependency <Task(_PythonDecoratedOperator): print_the_context>, log_sql_query already registered for DAG: example_python_operator
[2023-06-15T23:31:59.168+0000] {logging_mixin.py:149} INFO - [2023-06-15T23:31:59.168+0000] {taskmixin.py:211} WARNING - Dependency <Task(_PythonDecoratedOperator): log_sql_query>, print_the_context already registered for DAG: example_python_operator
[2023-06-15T23:31:59.170+0000] {logging_mixin.py:149} INFO - [2023-06-15T23:31:59.170+0000] {taskmixin.py:211} WARNING - Dependency <Task(_PythonDecoratedOperator): print_the_context>, log_sql_query already registered for DAG: example_python_operator
[2023-06-15T23:31:59.171+0000] {logging_mixin.py:149} INFO - [2023-06-15T23:31:59.170+0000] {taskmixin.py:211} WARNING - Dependency <Task(_PythonDecoratedOperator): log_sql_query>, print_the_context already registered for DAG: example_python_operator
[2023-06-15T23:31:59.172+0000] {logging_mixin.py:149} INFO - [2023-06-15T23:31:59.172+0000] {taskmixin.py:211} WARNING - Dependency <Task(_PythonDecoratedOperator): print_the_context>, log_sql_query already registered for DAG: example_python_operator
[2023-06-15T23:31:59.173+0000] {logging_mixin.py:149} INFO - [2023-06-15T23:31:59.173+0000] {taskmixin.py:211} WARNING - Dependency <Task(_PythonDecoratedOperator): log_sql_query>, print_the_context already registered for DAG: example_python_operator
[2023-06-15T23:31:59.175+0000] {logging_mixin.py:149} INFO - [2023-06-15T23:31:59.175+0000] {taskmixin.py:211} WARNING - Dependency <Task(_PythonDecoratedOperator): print_the_context>, log_sql_query already registered for DAG: example_python_operator
[2023-06-15T23:31:59.176+0000] {logging_mixin.py:149} INFO - [2023-06-15T23:31:59.176+0000] {taskmixin.py:211} WARNING - Dependency <Task(_PythonDecoratedOperator): log_sql_query>, print_the_context already registered for DAG: example_python_operator
[2023-06-15T23:31:59.186+0000] {processor.py:836} INFO - DAG(s) dict_keys(['example_python_operator']) retrieved from /home/airflow/.local/lib/python3.7/site-packages/airflow/example_dags/example_python_operator.py
[2023-06-15T23:31:59.237+0000] {logging_mixin.py:149} INFO - [2023-06-15T23:31:59.237+0000] {dag.py:2726} INFO - Sync 1 DAGs
[2023-06-15T23:31:59.287+0000] {logging_mixin.py:149} INFO - [2023-06-15T23:31:59.287+0000] {dag.py:3490} INFO - Setting next_dagrun for example_python_operator to None, run_after=None
[2023-06-15T23:31:59.352+0000] {processor.py:179} INFO - Processing /home/airflow/.local/lib/python3.7/site-packages/airflow/example_dags/example_python_operator.py took 0.211 seconds
[2023-06-15T23:34:45.185+0000] {processor.py:157} INFO - Started process (PID=4672) to work on /home/airflow/.local/lib/python3.7/site-packages/airflow/example_dags/example_python_operator.py
[2023-06-15T23:34:45.187+0000] {processor.py:826} INFO - Processing file /home/airflow/.local/lib/python3.7/site-packages/airflow/example_dags/example_python_operator.py for tasks to queue
[2023-06-15T23:34:45.189+0000] {logging_mixin.py:149} INFO - [2023-06-15T23:34:45.189+0000] {dagbag.py:541} INFO - Filling up the DagBag from /home/airflow/.local/lib/python3.7/site-packages/airflow/example_dags/example_python_operator.py
[2023-06-15T23:34:45.203+0000] {logging_mixin.py:149} INFO - [2023-06-15T23:34:45.202+0000] {taskmixin.py:211} WARNING - Dependency <Task(_PythonDecoratedOperator): print_the_context>, log_sql_query already registered for DAG: example_python_operator
[2023-06-15T23:34:45.204+0000] {logging_mixin.py:149} INFO - [2023-06-15T23:34:45.203+0000] {taskmixin.py:211} WARNING - Dependency <Task(_PythonDecoratedOperator): log_sql_query>, print_the_context already registered for DAG: example_python_operator
[2023-06-15T23:34:45.205+0000] {logging_mixin.py:149} INFO - [2023-06-15T23:34:45.205+0000] {taskmixin.py:211} WARNING - Dependency <Task(_PythonDecoratedOperator): print_the_context>, log_sql_query already registered for DAG: example_python_operator
[2023-06-15T23:34:45.206+0000] {logging_mixin.py:149} INFO - [2023-06-15T23:34:45.206+0000] {taskmixin.py:211} WARNING - Dependency <Task(_PythonDecoratedOperator): log_sql_query>, print_the_context already registered for DAG: example_python_operator
[2023-06-15T23:34:45.207+0000] {logging_mixin.py:149} INFO - [2023-06-15T23:34:45.207+0000] {taskmixin.py:211} WARNING - Dependency <Task(_PythonDecoratedOperator): print_the_context>, log_sql_query already registered for DAG: example_python_operator
[2023-06-15T23:34:45.208+0000] {logging_mixin.py:149} INFO - [2023-06-15T23:34:45.208+0000] {taskmixin.py:211} WARNING - Dependency <Task(_PythonDecoratedOperator): log_sql_query>, print_the_context already registered for DAG: example_python_operator
[2023-06-15T23:34:45.209+0000] {logging_mixin.py:149} INFO - [2023-06-15T23:34:45.209+0000] {taskmixin.py:211} WARNING - Dependency <Task(_PythonDecoratedOperator): print_the_context>, log_sql_query already registered for DAG: example_python_operator
[2023-06-15T23:34:45.210+0000] {logging_mixin.py:149} INFO - [2023-06-15T23:34:45.210+0000] {taskmixin.py:211} WARNING - Dependency <Task(_PythonDecoratedOperator): log_sql_query>, print_the_context already registered for DAG: example_python_operator
[2023-06-15T23:34:45.215+0000] {processor.py:836} INFO - DAG(s) dict_keys(['example_python_operator']) retrieved from /home/airflow/.local/lib/python3.7/site-packages/airflow/example_dags/example_python_operator.py
[2023-06-15T23:34:45.261+0000] {logging_mixin.py:149} INFO - [2023-06-15T23:34:45.261+0000] {dag.py:2726} INFO - Sync 1 DAGs
[2023-06-15T23:34:45.303+0000] {logging_mixin.py:149} INFO - [2023-06-15T23:34:45.303+0000] {dag.py:3490} INFO - Setting next_dagrun for example_python_operator to None, run_after=None
[2023-06-15T23:34:45.847+0000] {processor.py:179} INFO - Processing /home/airflow/.local/lib/python3.7/site-packages/airflow/example_dags/example_python_operator.py took 0.669 seconds
[2023-06-15T23:35:17.689+0000] {processor.py:157} INFO - Started process (PID=4915) to work on /home/airflow/.local/lib/python3.7/site-packages/airflow/example_dags/example_python_operator.py
[2023-06-15T23:35:17.690+0000] {processor.py:826} INFO - Processing file /home/airflow/.local/lib/python3.7/site-packages/airflow/example_dags/example_python_operator.py for tasks to queue
[2023-06-15T23:35:17.691+0000] {logging_mixin.py:149} INFO - [2023-06-15T23:35:17.691+0000] {dagbag.py:541} INFO - Filling up the DagBag from /home/airflow/.local/lib/python3.7/site-packages/airflow/example_dags/example_python_operator.py
[2023-06-15T23:35:17.702+0000] {logging_mixin.py:149} INFO - [2023-06-15T23:35:17.702+0000] {taskmixin.py:211} WARNING - Dependency <Task(_PythonDecoratedOperator): print_the_context>, log_sql_query already registered for DAG: example_python_operator
[2023-06-15T23:35:17.703+0000] {logging_mixin.py:149} INFO - [2023-06-15T23:35:17.703+0000] {taskmixin.py:211} WARNING - Dependency <Task(_PythonDecoratedOperator): log_sql_query>, print_the_context already registered for DAG: example_python_operator
[2023-06-15T23:35:17.705+0000] {logging_mixin.py:149} INFO - [2023-06-15T23:35:17.705+0000] {taskmixin.py:211} WARNING - Dependency <Task(_PythonDecoratedOperator): print_the_context>, log_sql_query already registered for DAG: example_python_operator
[2023-06-15T23:35:17.706+0000] {logging_mixin.py:149} INFO - [2023-06-15T23:35:17.705+0000] {taskmixin.py:211} WARNING - Dependency <Task(_PythonDecoratedOperator): log_sql_query>, print_the_context already registered for DAG: example_python_operator
[2023-06-15T23:35:17.707+0000] {logging_mixin.py:149} INFO - [2023-06-15T23:35:17.707+0000] {taskmixin.py:211} WARNING - Dependency <Task(_PythonDecoratedOperator): print_the_context>, log_sql_query already registered for DAG: example_python_operator
[2023-06-15T23:35:17.707+0000] {logging_mixin.py:149} INFO - [2023-06-15T23:35:17.707+0000] {taskmixin.py:211} WARNING - Dependency <Task(_PythonDecoratedOperator): log_sql_query>, print_the_context already registered for DAG: example_python_operator
[2023-06-15T23:35:17.709+0000] {logging_mixin.py:149} INFO - [2023-06-15T23:35:17.709+0000] {taskmixin.py:211} WARNING - Dependency <Task(_PythonDecoratedOperator): print_the_context>, log_sql_query already registered for DAG: example_python_operator
[2023-06-15T23:35:17.709+0000] {logging_mixin.py:149} INFO - [2023-06-15T23:35:17.709+0000] {taskmixin.py:211} WARNING - Dependency <Task(_PythonDecoratedOperator): log_sql_query>, print_the_context already registered for DAG: example_python_operator
[2023-06-15T23:35:17.714+0000] {processor.py:836} INFO - DAG(s) dict_keys(['example_python_operator']) retrieved from /home/airflow/.local/lib/python3.7/site-packages/airflow/example_dags/example_python_operator.py
[2023-06-15T23:35:17.758+0000] {logging_mixin.py:149} INFO - [2023-06-15T23:35:17.758+0000] {dag.py:2726} INFO - Sync 1 DAGs
[2023-06-15T23:35:17.801+0000] {logging_mixin.py:149} INFO - [2023-06-15T23:35:17.801+0000] {dag.py:3490} INFO - Setting next_dagrun for example_python_operator to None, run_after=None
[2023-06-15T23:35:18.812+0000] {processor.py:179} INFO - Processing /home/airflow/.local/lib/python3.7/site-packages/airflow/example_dags/example_python_operator.py took 1.128 seconds
