[2023-06-15T23:01:13.940+0000] {processor.py:157} INFO - Started process (PID=251) to work on /home/airflow/.local/lib/python3.7/site-packages/airflow/example_dags/example_short_circuit_decorator.py
[2023-06-15T23:01:13.942+0000] {processor.py:826} INFO - Processing file /home/airflow/.local/lib/python3.7/site-packages/airflow/example_dags/example_short_circuit_decorator.py for tasks to queue
[2023-06-15T23:01:13.944+0000] {logging_mixin.py:149} INFO - [2023-06-15T23:01:13.944+0000] {dagbag.py:541} INFO - Filling up the DagBag from /home/airflow/.local/lib/python3.7/site-packages/airflow/example_dags/example_short_circuit_decorator.py
[2023-06-15T23:01:14.288+0000] {processor.py:836} INFO - DAG(s) dict_keys(['example_short_circuit_decorator']) retrieved from /home/airflow/.local/lib/python3.7/site-packages/airflow/example_dags/example_short_circuit_decorator.py
[2023-06-15T23:01:14.859+0000] {logging_mixin.py:149} INFO - [2023-06-15T23:01:14.859+0000] {dag.py:2726} INFO - Sync 1 DAGs
[2023-06-15T23:01:14.912+0000] {logging_mixin.py:149} INFO - [2023-06-15T23:01:14.912+0000] {dag.py:3490} INFO - Setting next_dagrun for example_short_circuit_decorator to 2023-06-14T23:01:14.911637+00:00, run_after=2023-06-15T23:01:14.911637+00:00
[2023-06-15T23:01:15.103+0000] {processor.py:179} INFO - Processing /home/airflow/.local/lib/python3.7/site-packages/airflow/example_dags/example_short_circuit_decorator.py took 0.860 seconds
[2023-06-15T23:06:03.626+0000] {processor.py:157} INFO - Started process (PID=501) to work on /home/airflow/.local/lib/python3.7/site-packages/airflow/example_dags/example_short_circuit_decorator.py
[2023-06-15T23:06:03.629+0000] {processor.py:826} INFO - Processing file /home/airflow/.local/lib/python3.7/site-packages/airflow/example_dags/example_short_circuit_decorator.py for tasks to queue
[2023-06-15T23:06:03.631+0000] {logging_mixin.py:149} INFO - [2023-06-15T23:06:03.631+0000] {dagbag.py:541} INFO - Filling up the DagBag from /home/airflow/.local/lib/python3.7/site-packages/airflow/example_dags/example_short_circuit_decorator.py
[2023-06-15T23:06:03.649+0000] {processor.py:836} INFO - DAG(s) dict_keys(['example_short_circuit_decorator']) retrieved from /home/airflow/.local/lib/python3.7/site-packages/airflow/example_dags/example_short_circuit_decorator.py
[2023-06-15T23:06:03.699+0000] {logging_mixin.py:149} INFO - [2023-06-15T23:06:03.699+0000] {dag.py:2726} INFO - Sync 1 DAGs
[2023-06-15T23:06:03.741+0000] {logging_mixin.py:149} INFO - [2023-06-15T23:06:03.741+0000] {dag.py:3490} INFO - Setting next_dagrun for example_short_circuit_decorator to 2023-06-14T23:06:03.741190+00:00, run_after=2023-06-15T23:06:03.741190+00:00
[2023-06-15T23:06:03.976+0000] {processor.py:179} INFO - Processing /home/airflow/.local/lib/python3.7/site-packages/airflow/example_dags/example_short_circuit_decorator.py took 0.356 seconds
[2023-06-15T23:06:34.952+0000] {processor.py:157} INFO - Started process (PID=734) to work on /home/airflow/.local/lib/python3.7/site-packages/airflow/example_dags/example_short_circuit_decorator.py
[2023-06-15T23:06:34.954+0000] {processor.py:826} INFO - Processing file /home/airflow/.local/lib/python3.7/site-packages/airflow/example_dags/example_short_circuit_decorator.py for tasks to queue
[2023-06-15T23:06:34.956+0000] {logging_mixin.py:149} INFO - [2023-06-15T23:06:34.955+0000] {dagbag.py:541} INFO - Filling up the DagBag from /home/airflow/.local/lib/python3.7/site-packages/airflow/example_dags/example_short_circuit_decorator.py
[2023-06-15T23:06:34.973+0000] {processor.py:836} INFO - DAG(s) dict_keys(['example_short_circuit_decorator']) retrieved from /home/airflow/.local/lib/python3.7/site-packages/airflow/example_dags/example_short_circuit_decorator.py
[2023-06-15T23:06:35.015+0000] {logging_mixin.py:149} INFO - [2023-06-15T23:06:35.015+0000] {dag.py:2726} INFO - Sync 1 DAGs
[2023-06-15T23:06:35.052+0000] {logging_mixin.py:149} INFO - [2023-06-15T23:06:35.052+0000] {dag.py:3490} INFO - Setting next_dagrun for example_short_circuit_decorator to 2023-06-14T23:06:35.051600+00:00, run_after=2023-06-15T23:06:35.051600+00:00
[2023-06-15T23:06:35.134+0000] {processor.py:179} INFO - Processing /home/airflow/.local/lib/python3.7/site-packages/airflow/example_dags/example_short_circuit_decorator.py took 0.186 seconds
[2023-06-15T23:07:58.679+0000] {processor.py:157} INFO - Started process (PID=1000) to work on /home/airflow/.local/lib/python3.7/site-packages/airflow/example_dags/example_short_circuit_decorator.py
[2023-06-15T23:07:58.683+0000] {processor.py:826} INFO - Processing file /home/airflow/.local/lib/python3.7/site-packages/airflow/example_dags/example_short_circuit_decorator.py for tasks to queue
[2023-06-15T23:07:58.684+0000] {logging_mixin.py:149} INFO - [2023-06-15T23:07:58.684+0000] {dagbag.py:541} INFO - Filling up the DagBag from /home/airflow/.local/lib/python3.7/site-packages/airflow/example_dags/example_short_circuit_decorator.py
[2023-06-15T23:07:58.699+0000] {processor.py:836} INFO - DAG(s) dict_keys(['example_short_circuit_decorator']) retrieved from /home/airflow/.local/lib/python3.7/site-packages/airflow/example_dags/example_short_circuit_decorator.py
[2023-06-15T23:07:58.842+0000] {logging_mixin.py:149} INFO - [2023-06-15T23:07:58.842+0000] {dag.py:2726} INFO - Sync 1 DAGs
[2023-06-15T23:07:58.894+0000] {logging_mixin.py:149} INFO - [2023-06-15T23:07:58.894+0000] {dag.py:3490} INFO - Setting next_dagrun for example_short_circuit_decorator to 2023-06-14T23:07:58.894016+00:00, run_after=2023-06-15T23:07:58.894016+00:00
[2023-06-15T23:08:00.332+0000] {processor.py:179} INFO - Processing /home/airflow/.local/lib/python3.7/site-packages/airflow/example_dags/example_short_circuit_decorator.py took 1.660 seconds
[2023-06-15T23:09:22.098+0000] {processor.py:157} INFO - Started process (PID=1167) to work on /home/airflow/.local/lib/python3.7/site-packages/airflow/example_dags/example_short_circuit_decorator.py
[2023-06-15T23:09:22.100+0000] {processor.py:826} INFO - Processing file /home/airflow/.local/lib/python3.7/site-packages/airflow/example_dags/example_short_circuit_decorator.py for tasks to queue
[2023-06-15T23:09:22.102+0000] {logging_mixin.py:149} INFO - [2023-06-15T23:09:22.101+0000] {dagbag.py:541} INFO - Filling up the DagBag from /home/airflow/.local/lib/python3.7/site-packages/airflow/example_dags/example_short_circuit_decorator.py
[2023-06-15T23:09:22.117+0000] {processor.py:836} INFO - DAG(s) dict_keys(['example_short_circuit_decorator']) retrieved from /home/airflow/.local/lib/python3.7/site-packages/airflow/example_dags/example_short_circuit_decorator.py
[2023-06-15T23:09:22.159+0000] {logging_mixin.py:149} INFO - [2023-06-15T23:09:22.159+0000] {dag.py:2726} INFO - Sync 1 DAGs
[2023-06-15T23:09:22.196+0000] {logging_mixin.py:149} INFO - [2023-06-15T23:09:22.196+0000] {dag.py:3490} INFO - Setting next_dagrun for example_short_circuit_decorator to 2023-06-14T23:09:22.195609+00:00, run_after=2023-06-15T23:09:22.195609+00:00
[2023-06-15T23:09:22.224+0000] {processor.py:179} INFO - Processing /home/airflow/.local/lib/python3.7/site-packages/airflow/example_dags/example_short_circuit_decorator.py took 0.131 seconds
[2023-06-15T23:11:01.404+0000] {processor.py:157} INFO - Started process (PID=1361) to work on /home/airflow/.local/lib/python3.7/site-packages/airflow/example_dags/example_short_circuit_decorator.py
[2023-06-15T23:11:01.406+0000] {processor.py:826} INFO - Processing file /home/airflow/.local/lib/python3.7/site-packages/airflow/example_dags/example_short_circuit_decorator.py for tasks to queue
[2023-06-15T23:11:01.407+0000] {logging_mixin.py:149} INFO - [2023-06-15T23:11:01.407+0000] {dagbag.py:541} INFO - Filling up the DagBag from /home/airflow/.local/lib/python3.7/site-packages/airflow/example_dags/example_short_circuit_decorator.py
[2023-06-15T23:11:01.422+0000] {processor.py:836} INFO - DAG(s) dict_keys(['example_short_circuit_decorator']) retrieved from /home/airflow/.local/lib/python3.7/site-packages/airflow/example_dags/example_short_circuit_decorator.py
[2023-06-15T23:11:01.465+0000] {logging_mixin.py:149} INFO - [2023-06-15T23:11:01.465+0000] {dag.py:2726} INFO - Sync 1 DAGs
[2023-06-15T23:11:01.502+0000] {logging_mixin.py:149} INFO - [2023-06-15T23:11:01.502+0000] {dag.py:3490} INFO - Setting next_dagrun for example_short_circuit_decorator to 2023-06-14T23:11:01.501807+00:00, run_after=2023-06-15T23:11:01.501807+00:00
[2023-06-15T23:11:01.533+0000] {processor.py:179} INFO - Processing /home/airflow/.local/lib/python3.7/site-packages/airflow/example_dags/example_short_circuit_decorator.py took 0.133 seconds
[2023-06-15T23:12:22.152+0000] {processor.py:157} INFO - Started process (PID=1622) to work on /home/airflow/.local/lib/python3.7/site-packages/airflow/example_dags/example_short_circuit_decorator.py
[2023-06-15T23:12:22.154+0000] {processor.py:826} INFO - Processing file /home/airflow/.local/lib/python3.7/site-packages/airflow/example_dags/example_short_circuit_decorator.py for tasks to queue
[2023-06-15T23:12:22.155+0000] {logging_mixin.py:149} INFO - [2023-06-15T23:12:22.155+0000] {dagbag.py:541} INFO - Filling up the DagBag from /home/airflow/.local/lib/python3.7/site-packages/airflow/example_dags/example_short_circuit_decorator.py
[2023-06-15T23:12:22.166+0000] {processor.py:836} INFO - DAG(s) dict_keys(['example_short_circuit_decorator']) retrieved from /home/airflow/.local/lib/python3.7/site-packages/airflow/example_dags/example_short_circuit_decorator.py
[2023-06-15T23:12:22.203+0000] {logging_mixin.py:149} INFO - [2023-06-15T23:12:22.203+0000] {dag.py:2726} INFO - Sync 1 DAGs
[2023-06-15T23:12:22.246+0000] {logging_mixin.py:149} INFO - [2023-06-15T23:12:22.246+0000] {dag.py:3490} INFO - Setting next_dagrun for example_short_circuit_decorator to 2023-06-14T23:12:22.245722+00:00, run_after=2023-06-15T23:12:22.245722+00:00
[2023-06-15T23:12:22.314+0000] {processor.py:179} INFO - Processing /home/airflow/.local/lib/python3.7/site-packages/airflow/example_dags/example_short_circuit_decorator.py took 0.165 seconds
[2023-06-15T23:13:26.946+0000] {processor.py:157} INFO - Started process (PID=1849) to work on /home/airflow/.local/lib/python3.7/site-packages/airflow/example_dags/example_short_circuit_decorator.py
[2023-06-15T23:13:26.948+0000] {processor.py:826} INFO - Processing file /home/airflow/.local/lib/python3.7/site-packages/airflow/example_dags/example_short_circuit_decorator.py for tasks to queue
[2023-06-15T23:13:26.949+0000] {logging_mixin.py:149} INFO - [2023-06-15T23:13:26.949+0000] {dagbag.py:541} INFO - Filling up the DagBag from /home/airflow/.local/lib/python3.7/site-packages/airflow/example_dags/example_short_circuit_decorator.py
[2023-06-15T23:13:26.965+0000] {processor.py:836} INFO - DAG(s) dict_keys(['example_short_circuit_decorator']) retrieved from /home/airflow/.local/lib/python3.7/site-packages/airflow/example_dags/example_short_circuit_decorator.py
[2023-06-15T23:13:27.006+0000] {logging_mixin.py:149} INFO - [2023-06-15T23:13:27.006+0000] {dag.py:2726} INFO - Sync 1 DAGs
[2023-06-15T23:13:27.058+0000] {logging_mixin.py:149} INFO - [2023-06-15T23:13:27.058+0000] {dag.py:3490} INFO - Setting next_dagrun for example_short_circuit_decorator to 2023-06-14T23:13:27.057714+00:00, run_after=2023-06-15T23:13:27.057714+00:00
[2023-06-15T23:13:27.117+0000] {processor.py:179} INFO - Processing /home/airflow/.local/lib/python3.7/site-packages/airflow/example_dags/example_short_circuit_decorator.py took 0.176 seconds
[2023-06-15T23:15:00.034+0000] {processor.py:157} INFO - Started process (PID=1976) to work on /home/airflow/.local/lib/python3.7/site-packages/airflow/example_dags/example_short_circuit_decorator.py
[2023-06-15T23:15:00.036+0000] {processor.py:826} INFO - Processing file /home/airflow/.local/lib/python3.7/site-packages/airflow/example_dags/example_short_circuit_decorator.py for tasks to queue
[2023-06-15T23:15:00.038+0000] {logging_mixin.py:149} INFO - [2023-06-15T23:15:00.037+0000] {dagbag.py:541} INFO - Filling up the DagBag from /home/airflow/.local/lib/python3.7/site-packages/airflow/example_dags/example_short_circuit_decorator.py
[2023-06-15T23:15:00.055+0000] {processor.py:836} INFO - DAG(s) dict_keys(['example_short_circuit_decorator']) retrieved from /home/airflow/.local/lib/python3.7/site-packages/airflow/example_dags/example_short_circuit_decorator.py
[2023-06-15T23:15:00.100+0000] {logging_mixin.py:149} INFO - [2023-06-15T23:15:00.100+0000] {dag.py:2726} INFO - Sync 1 DAGs
[2023-06-15T23:15:00.139+0000] {logging_mixin.py:149} INFO - [2023-06-15T23:15:00.139+0000] {dag.py:3490} INFO - Setting next_dagrun for example_short_circuit_decorator to 2023-06-14T23:15:00.138730+00:00, run_after=2023-06-15T23:15:00.138730+00:00
[2023-06-15T23:15:00.169+0000] {processor.py:179} INFO - Processing /home/airflow/.local/lib/python3.7/site-packages/airflow/example_dags/example_short_circuit_decorator.py took 0.140 seconds
[2023-06-15T23:15:45.943+0000] {processor.py:157} INFO - Started process (PID=2191) to work on /home/airflow/.local/lib/python3.7/site-packages/airflow/example_dags/example_short_circuit_decorator.py
[2023-06-15T23:15:45.945+0000] {processor.py:826} INFO - Processing file /home/airflow/.local/lib/python3.7/site-packages/airflow/example_dags/example_short_circuit_decorator.py for tasks to queue
[2023-06-15T23:15:45.947+0000] {logging_mixin.py:149} INFO - [2023-06-15T23:15:45.947+0000] {dagbag.py:541} INFO - Filling up the DagBag from /home/airflow/.local/lib/python3.7/site-packages/airflow/example_dags/example_short_circuit_decorator.py
[2023-06-15T23:15:45.969+0000] {processor.py:836} INFO - DAG(s) dict_keys(['example_short_circuit_decorator']) retrieved from /home/airflow/.local/lib/python3.7/site-packages/airflow/example_dags/example_short_circuit_decorator.py
[2023-06-15T23:15:46.034+0000] {logging_mixin.py:149} INFO - [2023-06-15T23:15:46.033+0000] {dag.py:2726} INFO - Sync 1 DAGs
[2023-06-15T23:15:46.107+0000] {logging_mixin.py:149} INFO - [2023-06-15T23:15:46.107+0000] {dag.py:3490} INFO - Setting next_dagrun for example_short_circuit_decorator to 2023-06-14T23:15:46.106814+00:00, run_after=2023-06-15T23:15:46.106814+00:00
[2023-06-15T23:15:46.563+0000] {processor.py:179} INFO - Processing /home/airflow/.local/lib/python3.7/site-packages/airflow/example_dags/example_short_circuit_decorator.py took 0.627 seconds
[2023-06-15T23:16:51.064+0000] {processor.py:157} INFO - Started process (PID=2294) to work on /home/airflow/.local/lib/python3.7/site-packages/airflow/example_dags/example_short_circuit_decorator.py
[2023-06-15T23:16:51.066+0000] {processor.py:826} INFO - Processing file /home/airflow/.local/lib/python3.7/site-packages/airflow/example_dags/example_short_circuit_decorator.py for tasks to queue
[2023-06-15T23:16:51.068+0000] {logging_mixin.py:149} INFO - [2023-06-15T23:16:51.067+0000] {dagbag.py:541} INFO - Filling up the DagBag from /home/airflow/.local/lib/python3.7/site-packages/airflow/example_dags/example_short_circuit_decorator.py
[2023-06-15T23:16:51.086+0000] {processor.py:836} INFO - DAG(s) dict_keys(['example_short_circuit_decorator']) retrieved from /home/airflow/.local/lib/python3.7/site-packages/airflow/example_dags/example_short_circuit_decorator.py
[2023-06-15T23:16:51.132+0000] {logging_mixin.py:149} INFO - [2023-06-15T23:16:51.131+0000] {dag.py:2726} INFO - Sync 1 DAGs
[2023-06-15T23:16:51.169+0000] {logging_mixin.py:149} INFO - [2023-06-15T23:16:51.169+0000] {dag.py:3490} INFO - Setting next_dagrun for example_short_circuit_decorator to 2023-06-14T23:16:51.169048+00:00, run_after=2023-06-15T23:16:51.169048+00:00
[2023-06-15T23:16:51.209+0000] {processor.py:179} INFO - Processing /home/airflow/.local/lib/python3.7/site-packages/airflow/example_dags/example_short_circuit_decorator.py took 0.150 seconds
[2023-06-15T23:17:43.231+0000] {processor.py:157} INFO - Started process (PID=2504) to work on /home/airflow/.local/lib/python3.7/site-packages/airflow/example_dags/example_short_circuit_decorator.py
[2023-06-15T23:17:43.233+0000] {processor.py:826} INFO - Processing file /home/airflow/.local/lib/python3.7/site-packages/airflow/example_dags/example_short_circuit_decorator.py for tasks to queue
[2023-06-15T23:17:43.234+0000] {logging_mixin.py:149} INFO - [2023-06-15T23:17:43.234+0000] {dagbag.py:541} INFO - Filling up the DagBag from /home/airflow/.local/lib/python3.7/site-packages/airflow/example_dags/example_short_circuit_decorator.py
[2023-06-15T23:17:43.251+0000] {processor.py:836} INFO - DAG(s) dict_keys(['example_short_circuit_decorator']) retrieved from /home/airflow/.local/lib/python3.7/site-packages/airflow/example_dags/example_short_circuit_decorator.py
[2023-06-15T23:17:43.307+0000] {logging_mixin.py:149} INFO - [2023-06-15T23:17:43.306+0000] {dag.py:2726} INFO - Sync 1 DAGs
[2023-06-15T23:17:43.353+0000] {logging_mixin.py:149} INFO - [2023-06-15T23:17:43.353+0000] {dag.py:3490} INFO - Setting next_dagrun for example_short_circuit_decorator to 2023-06-14T23:17:43.352659+00:00, run_after=2023-06-15T23:17:43.352659+00:00
[2023-06-15T23:17:44.236+0000] {processor.py:179} INFO - Processing /home/airflow/.local/lib/python3.7/site-packages/airflow/example_dags/example_short_circuit_decorator.py took 1.010 seconds
[2023-06-15T23:20:42.371+0000] {processor.py:157} INFO - Started process (PID=2666) to work on /home/airflow/.local/lib/python3.7/site-packages/airflow/example_dags/example_short_circuit_decorator.py
[2023-06-15T23:20:42.373+0000] {processor.py:826} INFO - Processing file /home/airflow/.local/lib/python3.7/site-packages/airflow/example_dags/example_short_circuit_decorator.py for tasks to queue
[2023-06-15T23:20:42.375+0000] {logging_mixin.py:149} INFO - [2023-06-15T23:20:42.375+0000] {dagbag.py:541} INFO - Filling up the DagBag from /home/airflow/.local/lib/python3.7/site-packages/airflow/example_dags/example_short_circuit_decorator.py
[2023-06-15T23:20:42.389+0000] {processor.py:836} INFO - DAG(s) dict_keys(['example_short_circuit_decorator']) retrieved from /home/airflow/.local/lib/python3.7/site-packages/airflow/example_dags/example_short_circuit_decorator.py
[2023-06-15T23:20:42.811+0000] {logging_mixin.py:149} INFO - [2023-06-15T23:20:42.811+0000] {dag.py:2726} INFO - Sync 1 DAGs
[2023-06-15T23:20:59.236+0000] {logging_mixin.py:149} INFO - [2023-06-15T23:20:59.236+0000] {dag.py:3490} INFO - Setting next_dagrun for example_short_circuit_decorator to 2023-06-14T23:20:59.236135+00:00, run_after=2023-06-15T23:20:59.236135+00:00
[2023-06-15T23:21:10.015+0000] {processor.py:179} INFO - Processing /home/airflow/.local/lib/python3.7/site-packages/airflow/example_dags/example_short_circuit_decorator.py took 27.838 seconds
[2023-06-15T23:22:02.009+0000] {processor.py:157} INFO - Started process (PID=2909) to work on /home/airflow/.local/lib/python3.7/site-packages/airflow/example_dags/example_short_circuit_decorator.py
[2023-06-15T23:22:02.012+0000] {processor.py:826} INFO - Processing file /home/airflow/.local/lib/python3.7/site-packages/airflow/example_dags/example_short_circuit_decorator.py for tasks to queue
[2023-06-15T23:22:02.014+0000] {logging_mixin.py:149} INFO - [2023-06-15T23:22:02.014+0000] {dagbag.py:541} INFO - Filling up the DagBag from /home/airflow/.local/lib/python3.7/site-packages/airflow/example_dags/example_short_circuit_decorator.py
[2023-06-15T23:22:02.036+0000] {processor.py:836} INFO - DAG(s) dict_keys(['example_short_circuit_decorator']) retrieved from /home/airflow/.local/lib/python3.7/site-packages/airflow/example_dags/example_short_circuit_decorator.py
[2023-06-15T23:22:02.108+0000] {logging_mixin.py:149} INFO - [2023-06-15T23:22:02.108+0000] {dag.py:2726} INFO - Sync 1 DAGs
[2023-06-15T23:22:02.171+0000] {logging_mixin.py:149} INFO - [2023-06-15T23:22:02.170+0000] {dag.py:3490} INFO - Setting next_dagrun for example_short_circuit_decorator to 2023-06-14T23:22:02.170303+00:00, run_after=2023-06-15T23:22:02.170303+00:00
[2023-06-15T23:22:02.221+0000] {processor.py:179} INFO - Processing /home/airflow/.local/lib/python3.7/site-packages/airflow/example_dags/example_short_circuit_decorator.py took 0.219 seconds
[2023-06-15T23:22:32.494+0000] {processor.py:157} INFO - Started process (PID=3097) to work on /home/airflow/.local/lib/python3.7/site-packages/airflow/example_dags/example_short_circuit_decorator.py
[2023-06-15T23:22:32.496+0000] {processor.py:826} INFO - Processing file /home/airflow/.local/lib/python3.7/site-packages/airflow/example_dags/example_short_circuit_decorator.py for tasks to queue
[2023-06-15T23:22:32.498+0000] {logging_mixin.py:149} INFO - [2023-06-15T23:22:32.497+0000] {dagbag.py:541} INFO - Filling up the DagBag from /home/airflow/.local/lib/python3.7/site-packages/airflow/example_dags/example_short_circuit_decorator.py
[2023-06-15T23:22:32.514+0000] {processor.py:836} INFO - DAG(s) dict_keys(['example_short_circuit_decorator']) retrieved from /home/airflow/.local/lib/python3.7/site-packages/airflow/example_dags/example_short_circuit_decorator.py
[2023-06-15T23:22:32.904+0000] {logging_mixin.py:149} INFO - [2023-06-15T23:22:32.903+0000] {dag.py:2726} INFO - Sync 1 DAGs
[2023-06-15T23:22:33.085+0000] {logging_mixin.py:149} INFO - [2023-06-15T23:22:33.085+0000] {dag.py:3490} INFO - Setting next_dagrun for example_short_circuit_decorator to 2023-06-14T23:22:33.085184+00:00, run_after=2023-06-15T23:22:33.085184+00:00
[2023-06-15T23:22:33.119+0000] {processor.py:179} INFO - Processing /home/airflow/.local/lib/python3.7/site-packages/airflow/example_dags/example_short_circuit_decorator.py took 0.629 seconds
[2023-06-15T23:23:26.007+0000] {processor.py:157} INFO - Started process (PID=3209) to work on /home/airflow/.local/lib/python3.7/site-packages/airflow/example_dags/example_short_circuit_decorator.py
[2023-06-15T23:23:26.009+0000] {processor.py:826} INFO - Processing file /home/airflow/.local/lib/python3.7/site-packages/airflow/example_dags/example_short_circuit_decorator.py for tasks to queue
[2023-06-15T23:23:26.011+0000] {logging_mixin.py:149} INFO - [2023-06-15T23:23:26.011+0000] {dagbag.py:541} INFO - Filling up the DagBag from /home/airflow/.local/lib/python3.7/site-packages/airflow/example_dags/example_short_circuit_decorator.py
[2023-06-15T23:23:26.031+0000] {processor.py:836} INFO - DAG(s) dict_keys(['example_short_circuit_decorator']) retrieved from /home/airflow/.local/lib/python3.7/site-packages/airflow/example_dags/example_short_circuit_decorator.py
[2023-06-15T23:23:26.074+0000] {logging_mixin.py:149} INFO - [2023-06-15T23:23:26.074+0000] {dag.py:2726} INFO - Sync 1 DAGs
[2023-06-15T23:23:26.120+0000] {logging_mixin.py:149} INFO - [2023-06-15T23:23:26.120+0000] {dag.py:3490} INFO - Setting next_dagrun for example_short_circuit_decorator to 2023-06-14T23:23:26.119527+00:00, run_after=2023-06-15T23:23:26.119527+00:00
[2023-06-15T23:23:26.157+0000] {processor.py:179} INFO - Processing /home/airflow/.local/lib/python3.7/site-packages/airflow/example_dags/example_short_circuit_decorator.py took 0.156 seconds
[2023-06-15T23:24:08.750+0000] {processor.py:157} INFO - Started process (PID=3434) to work on /home/airflow/.local/lib/python3.7/site-packages/airflow/example_dags/example_short_circuit_decorator.py
[2023-06-15T23:24:08.752+0000] {processor.py:826} INFO - Processing file /home/airflow/.local/lib/python3.7/site-packages/airflow/example_dags/example_short_circuit_decorator.py for tasks to queue
[2023-06-15T23:24:08.754+0000] {logging_mixin.py:149} INFO - [2023-06-15T23:24:08.753+0000] {dagbag.py:541} INFO - Filling up the DagBag from /home/airflow/.local/lib/python3.7/site-packages/airflow/example_dags/example_short_circuit_decorator.py
[2023-06-15T23:24:08.773+0000] {processor.py:836} INFO - DAG(s) dict_keys(['example_short_circuit_decorator']) retrieved from /home/airflow/.local/lib/python3.7/site-packages/airflow/example_dags/example_short_circuit_decorator.py
[2023-06-15T23:24:08.820+0000] {logging_mixin.py:149} INFO - [2023-06-15T23:24:08.820+0000] {dag.py:2726} INFO - Sync 1 DAGs
[2023-06-15T23:24:08.859+0000] {logging_mixin.py:149} INFO - [2023-06-15T23:24:08.859+0000] {dag.py:3490} INFO - Setting next_dagrun for example_short_circuit_decorator to 2023-06-14T23:24:08.858585+00:00, run_after=2023-06-15T23:24:08.858585+00:00
[2023-06-15T23:24:08.903+0000] {processor.py:179} INFO - Processing /home/airflow/.local/lib/python3.7/site-packages/airflow/example_dags/example_short_circuit_decorator.py took 0.158 seconds
[2023-06-15T23:26:42.547+0000] {processor.py:157} INFO - Started process (PID=3684) to work on /home/airflow/.local/lib/python3.7/site-packages/airflow/example_dags/example_short_circuit_decorator.py
[2023-06-15T23:26:42.550+0000] {processor.py:826} INFO - Processing file /home/airflow/.local/lib/python3.7/site-packages/airflow/example_dags/example_short_circuit_decorator.py for tasks to queue
[2023-06-15T23:26:42.551+0000] {logging_mixin.py:149} INFO - [2023-06-15T23:26:42.551+0000] {dagbag.py:541} INFO - Filling up the DagBag from /home/airflow/.local/lib/python3.7/site-packages/airflow/example_dags/example_short_circuit_decorator.py
[2023-06-15T23:26:42.569+0000] {processor.py:836} INFO - DAG(s) dict_keys(['example_short_circuit_decorator']) retrieved from /home/airflow/.local/lib/python3.7/site-packages/airflow/example_dags/example_short_circuit_decorator.py
[2023-06-15T23:26:42.616+0000] {logging_mixin.py:149} INFO - [2023-06-15T23:26:42.616+0000] {dag.py:2726} INFO - Sync 1 DAGs
[2023-06-15T23:26:42.681+0000] {logging_mixin.py:149} INFO - [2023-06-15T23:26:42.681+0000] {dag.py:3490} INFO - Setting next_dagrun for example_short_circuit_decorator to 2023-06-14T23:26:42.680468+00:00, run_after=2023-06-15T23:26:42.680468+00:00
[2023-06-15T23:26:42.767+0000] {processor.py:179} INFO - Processing /home/airflow/.local/lib/python3.7/site-packages/airflow/example_dags/example_short_circuit_decorator.py took 0.225 seconds
[2023-06-15T23:27:58.737+0000] {processor.py:157} INFO - Started process (PID=3946) to work on /home/airflow/.local/lib/python3.7/site-packages/airflow/example_dags/example_short_circuit_decorator.py
[2023-06-15T23:27:58.739+0000] {processor.py:826} INFO - Processing file /home/airflow/.local/lib/python3.7/site-packages/airflow/example_dags/example_short_circuit_decorator.py for tasks to queue
[2023-06-15T23:27:58.740+0000] {logging_mixin.py:149} INFO - [2023-06-15T23:27:58.740+0000] {dagbag.py:541} INFO - Filling up the DagBag from /home/airflow/.local/lib/python3.7/site-packages/airflow/example_dags/example_short_circuit_decorator.py
[2023-06-15T23:27:58.755+0000] {processor.py:836} INFO - DAG(s) dict_keys(['example_short_circuit_decorator']) retrieved from /home/airflow/.local/lib/python3.7/site-packages/airflow/example_dags/example_short_circuit_decorator.py
[2023-06-15T23:27:58.886+0000] {logging_mixin.py:149} INFO - [2023-06-15T23:27:58.885+0000] {dag.py:2726} INFO - Sync 1 DAGs
[2023-06-15T23:27:58.935+0000] {logging_mixin.py:149} INFO - [2023-06-15T23:27:58.935+0000] {dag.py:3490} INFO - Setting next_dagrun for example_short_circuit_decorator to 2023-06-14T23:27:58.934693+00:00, run_after=2023-06-15T23:27:58.934693+00:00
[2023-06-15T23:27:58.984+0000] {processor.py:179} INFO - Processing /home/airflow/.local/lib/python3.7/site-packages/airflow/example_dags/example_short_circuit_decorator.py took 0.253 seconds
[2023-06-15T23:30:20.699+0000] {processor.py:157} INFO - Started process (PID=4190) to work on /home/airflow/.local/lib/python3.7/site-packages/airflow/example_dags/example_short_circuit_decorator.py
[2023-06-15T23:30:20.701+0000] {processor.py:826} INFO - Processing file /home/airflow/.local/lib/python3.7/site-packages/airflow/example_dags/example_short_circuit_decorator.py for tasks to queue
[2023-06-15T23:30:20.702+0000] {logging_mixin.py:149} INFO - [2023-06-15T23:30:20.702+0000] {dagbag.py:541} INFO - Filling up the DagBag from /home/airflow/.local/lib/python3.7/site-packages/airflow/example_dags/example_short_circuit_decorator.py
[2023-06-15T23:30:20.718+0000] {processor.py:836} INFO - DAG(s) dict_keys(['example_short_circuit_decorator']) retrieved from /home/airflow/.local/lib/python3.7/site-packages/airflow/example_dags/example_short_circuit_decorator.py
[2023-06-15T23:30:20.761+0000] {logging_mixin.py:149} INFO - [2023-06-15T23:30:20.760+0000] {dag.py:2726} INFO - Sync 1 DAGs
[2023-06-15T23:30:21.228+0000] {logging_mixin.py:149} INFO - [2023-06-15T23:30:21.228+0000] {dag.py:3490} INFO - Setting next_dagrun for example_short_circuit_decorator to 2023-06-14T23:30:21.227747+00:00, run_after=2023-06-15T23:30:21.227747+00:00
[2023-06-15T23:30:43.886+0000] {processor.py:179} INFO - Processing /home/airflow/.local/lib/python3.7/site-packages/airflow/example_dags/example_short_circuit_decorator.py took 23.192 seconds
[2023-06-15T23:32:04.338+0000] {processor.py:157} INFO - Started process (PID=4425) to work on /home/airflow/.local/lib/python3.7/site-packages/airflow/example_dags/example_short_circuit_decorator.py
[2023-06-15T23:32:04.341+0000] {processor.py:826} INFO - Processing file /home/airflow/.local/lib/python3.7/site-packages/airflow/example_dags/example_short_circuit_decorator.py for tasks to queue
[2023-06-15T23:32:04.342+0000] {logging_mixin.py:149} INFO - [2023-06-15T23:32:04.342+0000] {dagbag.py:541} INFO - Filling up the DagBag from /home/airflow/.local/lib/python3.7/site-packages/airflow/example_dags/example_short_circuit_decorator.py
[2023-06-15T23:32:04.361+0000] {processor.py:836} INFO - DAG(s) dict_keys(['example_short_circuit_decorator']) retrieved from /home/airflow/.local/lib/python3.7/site-packages/airflow/example_dags/example_short_circuit_decorator.py
[2023-06-15T23:32:04.402+0000] {logging_mixin.py:149} INFO - [2023-06-15T23:32:04.402+0000] {dag.py:2726} INFO - Sync 1 DAGs
[2023-06-15T23:32:04.434+0000] {logging_mixin.py:149} INFO - [2023-06-15T23:32:04.434+0000] {dag.py:3490} INFO - Setting next_dagrun for example_short_circuit_decorator to 2023-06-14T23:32:04.433828+00:00, run_after=2023-06-15T23:32:04.433828+00:00
[2023-06-15T23:32:04.744+0000] {processor.py:179} INFO - Processing /home/airflow/.local/lib/python3.7/site-packages/airflow/example_dags/example_short_circuit_decorator.py took 0.412 seconds
[2023-06-15T23:33:27.457+0000] {processor.py:157} INFO - Started process (PID=4590) to work on /home/airflow/.local/lib/python3.7/site-packages/airflow/example_dags/example_short_circuit_decorator.py
[2023-06-15T23:33:27.459+0000] {processor.py:826} INFO - Processing file /home/airflow/.local/lib/python3.7/site-packages/airflow/example_dags/example_short_circuit_decorator.py for tasks to queue
[2023-06-15T23:33:27.461+0000] {logging_mixin.py:149} INFO - [2023-06-15T23:33:27.460+0000] {dagbag.py:541} INFO - Filling up the DagBag from /home/airflow/.local/lib/python3.7/site-packages/airflow/example_dags/example_short_circuit_decorator.py
[2023-06-15T23:33:27.477+0000] {processor.py:836} INFO - DAG(s) dict_keys(['example_short_circuit_decorator']) retrieved from /home/airflow/.local/lib/python3.7/site-packages/airflow/example_dags/example_short_circuit_decorator.py
[2023-06-15T23:33:27.529+0000] {logging_mixin.py:149} INFO - [2023-06-15T23:33:27.529+0000] {dag.py:2726} INFO - Sync 1 DAGs
[2023-06-15T23:33:27.570+0000] {logging_mixin.py:149} INFO - [2023-06-15T23:33:27.569+0000] {dag.py:3490} INFO - Setting next_dagrun for example_short_circuit_decorator to 2023-06-14T23:33:27.569642+00:00, run_after=2023-06-15T23:33:27.569642+00:00
[2023-06-15T23:33:27.616+0000] {processor.py:179} INFO - Processing /home/airflow/.local/lib/python3.7/site-packages/airflow/example_dags/example_short_circuit_decorator.py took 0.164 seconds
[2023-06-15T23:35:13.091+0000] {processor.py:157} INFO - Started process (PID=4815) to work on /home/airflow/.local/lib/python3.7/site-packages/airflow/example_dags/example_short_circuit_decorator.py
[2023-06-15T23:35:13.093+0000] {processor.py:826} INFO - Processing file /home/airflow/.local/lib/python3.7/site-packages/airflow/example_dags/example_short_circuit_decorator.py for tasks to queue
[2023-06-15T23:35:13.095+0000] {logging_mixin.py:149} INFO - [2023-06-15T23:35:13.095+0000] {dagbag.py:541} INFO - Filling up the DagBag from /home/airflow/.local/lib/python3.7/site-packages/airflow/example_dags/example_short_circuit_decorator.py
[2023-06-15T23:35:13.116+0000] {processor.py:836} INFO - DAG(s) dict_keys(['example_short_circuit_decorator']) retrieved from /home/airflow/.local/lib/python3.7/site-packages/airflow/example_dags/example_short_circuit_decorator.py
[2023-06-15T23:35:13.170+0000] {logging_mixin.py:149} INFO - [2023-06-15T23:35:13.169+0000] {dag.py:2726} INFO - Sync 1 DAGs
[2023-06-15T23:35:13.211+0000] {logging_mixin.py:149} INFO - [2023-06-15T23:35:13.211+0000] {dag.py:3490} INFO - Setting next_dagrun for example_short_circuit_decorator to 2023-06-14T23:35:13.211026+00:00, run_after=2023-06-15T23:35:13.211026+00:00
[2023-06-15T23:35:13.239+0000] {processor.py:179} INFO - Processing /home/airflow/.local/lib/python3.7/site-packages/airflow/example_dags/example_short_circuit_decorator.py took 0.153 seconds
[2023-06-15T23:36:42.586+0000] {processor.py:157} INFO - Started process (PID=5039) to work on /home/airflow/.local/lib/python3.7/site-packages/airflow/example_dags/example_short_circuit_decorator.py
[2023-06-15T23:36:42.588+0000] {processor.py:826} INFO - Processing file /home/airflow/.local/lib/python3.7/site-packages/airflow/example_dags/example_short_circuit_decorator.py for tasks to queue
[2023-06-15T23:36:42.589+0000] {logging_mixin.py:149} INFO - [2023-06-15T23:36:42.589+0000] {dagbag.py:541} INFO - Filling up the DagBag from /home/airflow/.local/lib/python3.7/site-packages/airflow/example_dags/example_short_circuit_decorator.py
[2023-06-15T23:36:42.605+0000] {processor.py:836} INFO - DAG(s) dict_keys(['example_short_circuit_decorator']) retrieved from /home/airflow/.local/lib/python3.7/site-packages/airflow/example_dags/example_short_circuit_decorator.py
[2023-06-15T23:36:42.648+0000] {logging_mixin.py:149} INFO - [2023-06-15T23:36:42.648+0000] {dag.py:2726} INFO - Sync 1 DAGs
[2023-06-15T23:36:43.698+0000] {logging_mixin.py:149} INFO - [2023-06-15T23:36:43.698+0000] {dag.py:3490} INFO - Setting next_dagrun for example_short_circuit_decorator to 2023-06-14T23:36:43.697750+00:00, run_after=2023-06-15T23:36:43.697750+00:00
[2023-06-15T23:37:29.281+0000] {processor.py:179} INFO - Processing /home/airflow/.local/lib/python3.7/site-packages/airflow/example_dags/example_short_circuit_decorator.py took 46.821 seconds
