[2023-06-15T23:04:21.979+0000] {processor.py:157} INFO - Started process (PID=361) to work on /home/airflow/.local/lib/python3.7/site-packages/airflow/example_dags/example_short_circuit_operator.py
[2023-06-15T23:04:21.981+0000] {processor.py:826} INFO - Processing file /home/airflow/.local/lib/python3.7/site-packages/airflow/example_dags/example_short_circuit_operator.py for tasks to queue
[2023-06-15T23:04:21.983+0000] {logging_mixin.py:149} INFO - [2023-06-15T23:04:21.983+0000] {dagbag.py:541} INFO - Filling up the DagBag from /home/airflow/.local/lib/python3.7/site-packages/airflow/example_dags/example_short_circuit_operator.py
[2023-06-15T23:04:22.205+0000] {processor.py:836} INFO - DAG(s) dict_keys(['example_short_circuit_operator']) retrieved from /home/airflow/.local/lib/python3.7/site-packages/airflow/example_dags/example_short_circuit_operator.py
[2023-06-15T23:04:22.259+0000] {logging_mixin.py:149} INFO - [2023-06-15T23:04:22.258+0000] {dag.py:2726} INFO - Sync 1 DAGs
[2023-06-15T23:04:22.328+0000] {logging_mixin.py:149} INFO - [2023-06-15T23:04:22.328+0000] {dag.py:3490} INFO - Setting next_dagrun for example_short_circuit_operator to 2023-06-14T23:04:22.327841+00:00, run_after=2023-06-15T23:04:22.327841+00:00
[2023-06-15T23:04:22.384+0000] {processor.py:179} INFO - Processing /home/airflow/.local/lib/python3.7/site-packages/airflow/example_dags/example_short_circuit_operator.py took 0.411 seconds
[2023-06-15T23:06:26.576+0000] {processor.py:157} INFO - Started process (PID=631) to work on /home/airflow/.local/lib/python3.7/site-packages/airflow/example_dags/example_short_circuit_operator.py
[2023-06-15T23:06:26.632+0000] {processor.py:826} INFO - Processing file /home/airflow/.local/lib/python3.7/site-packages/airflow/example_dags/example_short_circuit_operator.py for tasks to queue
[2023-06-15T23:06:26.633+0000] {logging_mixin.py:149} INFO - [2023-06-15T23:06:26.633+0000] {dagbag.py:541} INFO - Filling up the DagBag from /home/airflow/.local/lib/python3.7/site-packages/airflow/example_dags/example_short_circuit_operator.py
[2023-06-15T23:06:26.650+0000] {processor.py:836} INFO - DAG(s) dict_keys(['example_short_circuit_operator']) retrieved from /home/airflow/.local/lib/python3.7/site-packages/airflow/example_dags/example_short_circuit_operator.py
[2023-06-15T23:06:26.706+0000] {logging_mixin.py:149} INFO - [2023-06-15T23:06:26.706+0000] {dag.py:2726} INFO - Sync 1 DAGs
[2023-06-15T23:06:26.745+0000] {logging_mixin.py:149} INFO - [2023-06-15T23:06:26.744+0000] {dag.py:3490} INFO - Setting next_dagrun for example_short_circuit_operator to 2023-06-14T23:06:26.744307+00:00, run_after=2023-06-15T23:06:26.744307+00:00
[2023-06-15T23:06:26.944+0000] {processor.py:179} INFO - Processing /home/airflow/.local/lib/python3.7/site-packages/airflow/example_dags/example_short_circuit_operator.py took 0.374 seconds
[2023-06-15T23:07:41.621+0000] {processor.py:157} INFO - Started process (PID=885) to work on /home/airflow/.local/lib/python3.7/site-packages/airflow/example_dags/example_short_circuit_operator.py
[2023-06-15T23:07:41.960+0000] {processor.py:826} INFO - Processing file /home/airflow/.local/lib/python3.7/site-packages/airflow/example_dags/example_short_circuit_operator.py for tasks to queue
[2023-06-15T23:07:41.962+0000] {logging_mixin.py:149} INFO - [2023-06-15T23:07:41.962+0000] {dagbag.py:541} INFO - Filling up the DagBag from /home/airflow/.local/lib/python3.7/site-packages/airflow/example_dags/example_short_circuit_operator.py
[2023-06-15T23:07:42.976+0000] {processor.py:836} INFO - DAG(s) dict_keys(['example_short_circuit_operator']) retrieved from /home/airflow/.local/lib/python3.7/site-packages/airflow/example_dags/example_short_circuit_operator.py
[2023-06-15T23:07:46.649+0000] {logging_mixin.py:149} INFO - [2023-06-15T23:07:46.648+0000] {dag.py:2726} INFO - Sync 1 DAGs
[2023-06-15T23:07:47.053+0000] {logging_mixin.py:149} INFO - [2023-06-15T23:07:47.053+0000] {dag.py:3490} INFO - Setting next_dagrun for example_short_circuit_operator to 2023-06-14T23:07:47.051396+00:00, run_after=2023-06-15T23:07:47.051396+00:00
[2023-06-15T23:07:47.098+0000] {processor.py:179} INFO - Processing /home/airflow/.local/lib/python3.7/site-packages/airflow/example_dags/example_short_circuit_operator.py took 6.026 seconds
[2023-06-15T23:09:34.847+0000] {processor.py:157} INFO - Started process (PID=1232) to work on /home/airflow/.local/lib/python3.7/site-packages/airflow/example_dags/example_short_circuit_operator.py
[2023-06-15T23:09:34.849+0000] {processor.py:826} INFO - Processing file /home/airflow/.local/lib/python3.7/site-packages/airflow/example_dags/example_short_circuit_operator.py for tasks to queue
[2023-06-15T23:09:34.851+0000] {logging_mixin.py:149} INFO - [2023-06-15T23:09:34.851+0000] {dagbag.py:541} INFO - Filling up the DagBag from /home/airflow/.local/lib/python3.7/site-packages/airflow/example_dags/example_short_circuit_operator.py
[2023-06-15T23:09:34.868+0000] {processor.py:836} INFO - DAG(s) dict_keys(['example_short_circuit_operator']) retrieved from /home/airflow/.local/lib/python3.7/site-packages/airflow/example_dags/example_short_circuit_operator.py
[2023-06-15T23:09:34.948+0000] {logging_mixin.py:149} INFO - [2023-06-15T23:09:34.947+0000] {dag.py:2726} INFO - Sync 1 DAGs
[2023-06-15T23:09:35.035+0000] {logging_mixin.py:149} INFO - [2023-06-15T23:09:35.035+0000] {dag.py:3490} INFO - Setting next_dagrun for example_short_circuit_operator to 2023-06-14T23:09:35.034929+00:00, run_after=2023-06-15T23:09:35.034929+00:00
[2023-06-15T23:09:35.148+0000] {processor.py:179} INFO - Processing /home/airflow/.local/lib/python3.7/site-packages/airflow/example_dags/example_short_circuit_operator.py took 0.306 seconds
[2023-06-15T23:11:04.359+0000] {processor.py:157} INFO - Started process (PID=1466) to work on /home/airflow/.local/lib/python3.7/site-packages/airflow/example_dags/example_short_circuit_operator.py
[2023-06-15T23:11:04.360+0000] {processor.py:826} INFO - Processing file /home/airflow/.local/lib/python3.7/site-packages/airflow/example_dags/example_short_circuit_operator.py for tasks to queue
[2023-06-15T23:11:04.361+0000] {logging_mixin.py:149} INFO - [2023-06-15T23:11:04.361+0000] {dagbag.py:541} INFO - Filling up the DagBag from /home/airflow/.local/lib/python3.7/site-packages/airflow/example_dags/example_short_circuit_operator.py
[2023-06-15T23:11:04.372+0000] {processor.py:836} INFO - DAG(s) dict_keys(['example_short_circuit_operator']) retrieved from /home/airflow/.local/lib/python3.7/site-packages/airflow/example_dags/example_short_circuit_operator.py
[2023-06-15T23:11:04.413+0000] {logging_mixin.py:149} INFO - [2023-06-15T23:11:04.413+0000] {dag.py:2726} INFO - Sync 1 DAGs
[2023-06-15T23:11:04.459+0000] {logging_mixin.py:149} INFO - [2023-06-15T23:11:04.459+0000] {dag.py:3490} INFO - Setting next_dagrun for example_short_circuit_operator to 2023-06-14T23:11:04.459030+00:00, run_after=2023-06-15T23:11:04.459030+00:00
[2023-06-15T23:11:04.487+0000] {processor.py:179} INFO - Processing /home/airflow/.local/lib/python3.7/site-packages/airflow/example_dags/example_short_circuit_operator.py took 0.133 seconds
[2023-06-15T23:13:24.337+0000] {processor.py:157} INFO - Started process (PID=1734) to work on /home/airflow/.local/lib/python3.7/site-packages/airflow/example_dags/example_short_circuit_operator.py
[2023-06-15T23:13:24.339+0000] {processor.py:826} INFO - Processing file /home/airflow/.local/lib/python3.7/site-packages/airflow/example_dags/example_short_circuit_operator.py for tasks to queue
[2023-06-15T23:13:24.340+0000] {logging_mixin.py:149} INFO - [2023-06-15T23:13:24.339+0000] {dagbag.py:541} INFO - Filling up the DagBag from /home/airflow/.local/lib/python3.7/site-packages/airflow/example_dags/example_short_circuit_operator.py
[2023-06-15T23:13:24.350+0000] {processor.py:836} INFO - DAG(s) dict_keys(['example_short_circuit_operator']) retrieved from /home/airflow/.local/lib/python3.7/site-packages/airflow/example_dags/example_short_circuit_operator.py
[2023-06-15T23:13:24.411+0000] {logging_mixin.py:149} INFO - [2023-06-15T23:13:24.411+0000] {dag.py:2726} INFO - Sync 1 DAGs
[2023-06-15T23:13:24.475+0000] {logging_mixin.py:149} INFO - [2023-06-15T23:13:24.475+0000] {dag.py:3490} INFO - Setting next_dagrun for example_short_circuit_operator to 2023-06-14T23:13:24.474198+00:00, run_after=2023-06-15T23:13:24.474198+00:00
[2023-06-15T23:13:24.524+0000] {processor.py:179} INFO - Processing /home/airflow/.local/lib/python3.7/site-packages/airflow/example_dags/example_short_circuit_operator.py took 0.192 seconds
[2023-06-15T23:15:34.560+0000] {processor.py:157} INFO - Started process (PID=2066) to work on /home/airflow/.local/lib/python3.7/site-packages/airflow/example_dags/example_short_circuit_operator.py
[2023-06-15T23:15:34.563+0000] {processor.py:826} INFO - Processing file /home/airflow/.local/lib/python3.7/site-packages/airflow/example_dags/example_short_circuit_operator.py for tasks to queue
[2023-06-15T23:15:34.566+0000] {logging_mixin.py:149} INFO - [2023-06-15T23:15:34.565+0000] {dagbag.py:541} INFO - Filling up the DagBag from /home/airflow/.local/lib/python3.7/site-packages/airflow/example_dags/example_short_circuit_operator.py
[2023-06-15T23:15:34.585+0000] {processor.py:836} INFO - DAG(s) dict_keys(['example_short_circuit_operator']) retrieved from /home/airflow/.local/lib/python3.7/site-packages/airflow/example_dags/example_short_circuit_operator.py
[2023-06-15T23:15:34.638+0000] {logging_mixin.py:149} INFO - [2023-06-15T23:15:34.638+0000] {dag.py:2726} INFO - Sync 1 DAGs
[2023-06-15T23:15:34.685+0000] {logging_mixin.py:149} INFO - [2023-06-15T23:15:34.685+0000] {dag.py:3490} INFO - Setting next_dagrun for example_short_circuit_operator to 2023-06-14T23:15:34.685101+00:00, run_after=2023-06-15T23:15:34.685101+00:00
[2023-06-15T23:15:35.069+0000] {processor.py:179} INFO - Processing /home/airflow/.local/lib/python3.7/site-packages/airflow/example_dags/example_short_circuit_operator.py took 0.516 seconds
[2023-06-15T23:17:38.401+0000] {processor.py:157} INFO - Started process (PID=2388) to work on /home/airflow/.local/lib/python3.7/site-packages/airflow/example_dags/example_short_circuit_operator.py
[2023-06-15T23:17:38.403+0000] {processor.py:826} INFO - Processing file /home/airflow/.local/lib/python3.7/site-packages/airflow/example_dags/example_short_circuit_operator.py for tasks to queue
[2023-06-15T23:17:38.404+0000] {logging_mixin.py:149} INFO - [2023-06-15T23:17:38.404+0000] {dagbag.py:541} INFO - Filling up the DagBag from /home/airflow/.local/lib/python3.7/site-packages/airflow/example_dags/example_short_circuit_operator.py
[2023-06-15T23:17:38.415+0000] {processor.py:836} INFO - DAG(s) dict_keys(['example_short_circuit_operator']) retrieved from /home/airflow/.local/lib/python3.7/site-packages/airflow/example_dags/example_short_circuit_operator.py
[2023-06-15T23:17:38.455+0000] {logging_mixin.py:149} INFO - [2023-06-15T23:17:38.454+0000] {dag.py:2726} INFO - Sync 1 DAGs
[2023-06-15T23:17:38.487+0000] {logging_mixin.py:149} INFO - [2023-06-15T23:17:38.486+0000] {dag.py:3490} INFO - Setting next_dagrun for example_short_circuit_operator to 2023-06-14T23:17:38.486611+00:00, run_after=2023-06-15T23:17:38.486611+00:00
[2023-06-15T23:17:38.614+0000] {processor.py:179} INFO - Processing /home/airflow/.local/lib/python3.7/site-packages/airflow/example_dags/example_short_circuit_operator.py took 0.218 seconds
[2023-06-15T23:21:32.275+0000] {processor.py:157} INFO - Started process (PID=2697) to work on /home/airflow/.local/lib/python3.7/site-packages/airflow/example_dags/example_short_circuit_operator.py
[2023-06-15T23:21:32.277+0000] {processor.py:826} INFO - Processing file /home/airflow/.local/lib/python3.7/site-packages/airflow/example_dags/example_short_circuit_operator.py for tasks to queue
[2023-06-15T23:21:32.279+0000] {logging_mixin.py:149} INFO - [2023-06-15T23:21:32.278+0000] {dagbag.py:541} INFO - Filling up the DagBag from /home/airflow/.local/lib/python3.7/site-packages/airflow/example_dags/example_short_circuit_operator.py
[2023-06-15T23:21:32.295+0000] {processor.py:836} INFO - DAG(s) dict_keys(['example_short_circuit_operator']) retrieved from /home/airflow/.local/lib/python3.7/site-packages/airflow/example_dags/example_short_circuit_operator.py
[2023-06-15T23:21:32.346+0000] {logging_mixin.py:149} INFO - [2023-06-15T23:21:32.346+0000] {dag.py:2726} INFO - Sync 1 DAGs
[2023-06-15T23:21:32.389+0000] {logging_mixin.py:149} INFO - [2023-06-15T23:21:32.388+0000] {dag.py:3490} INFO - Setting next_dagrun for example_short_circuit_operator to 2023-06-14T23:21:32.388437+00:00, run_after=2023-06-15T23:21:32.388437+00:00
[2023-06-15T23:21:32.449+0000] {processor.py:179} INFO - Processing /home/airflow/.local/lib/python3.7/site-packages/airflow/example_dags/example_short_circuit_operator.py took 0.180 seconds
[2023-06-15T23:22:21.191+0000] {processor.py:157} INFO - Started process (PID=3001) to work on /home/airflow/.local/lib/python3.7/site-packages/airflow/example_dags/example_short_circuit_operator.py
[2023-06-15T23:22:21.193+0000] {processor.py:826} INFO - Processing file /home/airflow/.local/lib/python3.7/site-packages/airflow/example_dags/example_short_circuit_operator.py for tasks to queue
[2023-06-15T23:22:21.195+0000] {logging_mixin.py:149} INFO - [2023-06-15T23:22:21.194+0000] {dagbag.py:541} INFO - Filling up the DagBag from /home/airflow/.local/lib/python3.7/site-packages/airflow/example_dags/example_short_circuit_operator.py
[2023-06-15T23:22:21.210+0000] {processor.py:836} INFO - DAG(s) dict_keys(['example_short_circuit_operator']) retrieved from /home/airflow/.local/lib/python3.7/site-packages/airflow/example_dags/example_short_circuit_operator.py
[2023-06-15T23:22:21.275+0000] {logging_mixin.py:149} INFO - [2023-06-15T23:22:21.274+0000] {dag.py:2726} INFO - Sync 1 DAGs
[2023-06-15T23:22:21.313+0000] {logging_mixin.py:149} INFO - [2023-06-15T23:22:21.313+0000] {dag.py:3490} INFO - Setting next_dagrun for example_short_circuit_operator to 2023-06-14T23:22:21.312773+00:00, run_after=2023-06-15T23:22:21.312773+00:00
[2023-06-15T23:22:21.449+0000] {processor.py:179} INFO - Processing /home/airflow/.local/lib/python3.7/site-packages/airflow/example_dags/example_short_circuit_operator.py took 0.263 seconds
[2023-06-15T23:23:29.518+0000] {processor.py:157} INFO - Started process (PID=3284) to work on /home/airflow/.local/lib/python3.7/site-packages/airflow/example_dags/example_short_circuit_operator.py
[2023-06-15T23:23:29.521+0000] {processor.py:826} INFO - Processing file /home/airflow/.local/lib/python3.7/site-packages/airflow/example_dags/example_short_circuit_operator.py for tasks to queue
[2023-06-15T23:23:29.524+0000] {logging_mixin.py:149} INFO - [2023-06-15T23:23:29.523+0000] {dagbag.py:541} INFO - Filling up the DagBag from /home/airflow/.local/lib/python3.7/site-packages/airflow/example_dags/example_short_circuit_operator.py
[2023-06-15T23:23:29.546+0000] {processor.py:836} INFO - DAG(s) dict_keys(['example_short_circuit_operator']) retrieved from /home/airflow/.local/lib/python3.7/site-packages/airflow/example_dags/example_short_circuit_operator.py
[2023-06-15T23:23:29.605+0000] {logging_mixin.py:149} INFO - [2023-06-15T23:23:29.605+0000] {dag.py:2726} INFO - Sync 1 DAGs
[2023-06-15T23:23:29.653+0000] {logging_mixin.py:149} INFO - [2023-06-15T23:23:29.653+0000] {dag.py:3490} INFO - Setting next_dagrun for example_short_circuit_operator to 2023-06-14T23:23:29.652434+00:00, run_after=2023-06-15T23:23:29.652434+00:00
[2023-06-15T23:23:29.925+0000] {processor.py:179} INFO - Processing /home/airflow/.local/lib/python3.7/site-packages/airflow/example_dags/example_short_circuit_operator.py took 0.415 seconds
[2023-06-15T23:24:13.827+0000] {processor.py:157} INFO - Started process (PID=3526) to work on /home/airflow/.local/lib/python3.7/site-packages/airflow/example_dags/example_short_circuit_operator.py
[2023-06-15T23:24:13.829+0000] {processor.py:826} INFO - Processing file /home/airflow/.local/lib/python3.7/site-packages/airflow/example_dags/example_short_circuit_operator.py for tasks to queue
[2023-06-15T23:24:13.831+0000] {logging_mixin.py:149} INFO - [2023-06-15T23:24:13.831+0000] {dagbag.py:541} INFO - Filling up the DagBag from /home/airflow/.local/lib/python3.7/site-packages/airflow/example_dags/example_short_circuit_operator.py
[2023-06-15T23:24:13.847+0000] {processor.py:836} INFO - DAG(s) dict_keys(['example_short_circuit_operator']) retrieved from /home/airflow/.local/lib/python3.7/site-packages/airflow/example_dags/example_short_circuit_operator.py
[2023-06-15T23:24:13.887+0000] {logging_mixin.py:149} INFO - [2023-06-15T23:24:13.887+0000] {dag.py:2726} INFO - Sync 1 DAGs
[2023-06-15T23:24:14.045+0000] {logging_mixin.py:149} INFO - [2023-06-15T23:24:14.045+0000] {dag.py:3490} INFO - Setting next_dagrun for example_short_circuit_operator to 2023-06-14T23:24:14.045070+00:00, run_after=2023-06-15T23:24:14.045070+00:00
[2023-06-15T23:24:14.538+0000] {processor.py:179} INFO - Processing /home/airflow/.local/lib/python3.7/site-packages/airflow/example_dags/example_short_circuit_operator.py took 0.717 seconds
[2023-06-15T23:26:46.124+0000] {processor.py:157} INFO - Started process (PID=3799) to work on /home/airflow/.local/lib/python3.7/site-packages/airflow/example_dags/example_short_circuit_operator.py
[2023-06-15T23:26:46.126+0000] {processor.py:826} INFO - Processing file /home/airflow/.local/lib/python3.7/site-packages/airflow/example_dags/example_short_circuit_operator.py for tasks to queue
[2023-06-15T23:26:46.128+0000] {logging_mixin.py:149} INFO - [2023-06-15T23:26:46.128+0000] {dagbag.py:541} INFO - Filling up the DagBag from /home/airflow/.local/lib/python3.7/site-packages/airflow/example_dags/example_short_circuit_operator.py
[2023-06-15T23:26:46.148+0000] {processor.py:836} INFO - DAG(s) dict_keys(['example_short_circuit_operator']) retrieved from /home/airflow/.local/lib/python3.7/site-packages/airflow/example_dags/example_short_circuit_operator.py
[2023-06-15T23:26:46.215+0000] {logging_mixin.py:149} INFO - [2023-06-15T23:26:46.214+0000] {dag.py:2726} INFO - Sync 1 DAGs
[2023-06-15T23:26:46.265+0000] {logging_mixin.py:149} INFO - [2023-06-15T23:26:46.265+0000] {dag.py:3490} INFO - Setting next_dagrun for example_short_circuit_operator to 2023-06-14T23:26:46.264948+00:00, run_after=2023-06-15T23:26:46.264948+00:00
[2023-06-15T23:26:46.533+0000] {processor.py:179} INFO - Processing /home/airflow/.local/lib/python3.7/site-packages/airflow/example_dags/example_short_circuit_operator.py took 0.415 seconds
[2023-06-15T23:28:05.080+0000] {processor.py:157} INFO - Started process (PID=4054) to work on /home/airflow/.local/lib/python3.7/site-packages/airflow/example_dags/example_short_circuit_operator.py
[2023-06-15T23:28:05.082+0000] {processor.py:826} INFO - Processing file /home/airflow/.local/lib/python3.7/site-packages/airflow/example_dags/example_short_circuit_operator.py for tasks to queue
[2023-06-15T23:28:05.084+0000] {logging_mixin.py:149} INFO - [2023-06-15T23:28:05.084+0000] {dagbag.py:541} INFO - Filling up the DagBag from /home/airflow/.local/lib/python3.7/site-packages/airflow/example_dags/example_short_circuit_operator.py
[2023-06-15T23:28:05.099+0000] {processor.py:836} INFO - DAG(s) dict_keys(['example_short_circuit_operator']) retrieved from /home/airflow/.local/lib/python3.7/site-packages/airflow/example_dags/example_short_circuit_operator.py
[2023-06-15T23:28:05.178+0000] {logging_mixin.py:149} INFO - [2023-06-15T23:28:05.178+0000] {dag.py:2726} INFO - Sync 1 DAGs
[2023-06-15T23:28:05.246+0000] {logging_mixin.py:149} INFO - [2023-06-15T23:28:05.245+0000] {dag.py:3490} INFO - Setting next_dagrun for example_short_circuit_operator to 2023-06-14T23:28:05.244621+00:00, run_after=2023-06-15T23:28:05.244621+00:00
[2023-06-15T23:28:05.296+0000] {processor.py:179} INFO - Processing /home/airflow/.local/lib/python3.7/site-packages/airflow/example_dags/example_short_circuit_operator.py took 0.223 seconds
[2023-06-15T23:31:59.265+0000] {processor.py:157} INFO - Started process (PID=4310) to work on /home/airflow/.local/lib/python3.7/site-packages/airflow/example_dags/example_short_circuit_operator.py
[2023-06-15T23:31:59.267+0000] {processor.py:826} INFO - Processing file /home/airflow/.local/lib/python3.7/site-packages/airflow/example_dags/example_short_circuit_operator.py for tasks to queue
[2023-06-15T23:31:59.268+0000] {logging_mixin.py:149} INFO - [2023-06-15T23:31:59.268+0000] {dagbag.py:541} INFO - Filling up the DagBag from /home/airflow/.local/lib/python3.7/site-packages/airflow/example_dags/example_short_circuit_operator.py
[2023-06-15T23:31:59.295+0000] {processor.py:836} INFO - DAG(s) dict_keys(['example_short_circuit_operator']) retrieved from /home/airflow/.local/lib/python3.7/site-packages/airflow/example_dags/example_short_circuit_operator.py
[2023-06-15T23:31:59.358+0000] {logging_mixin.py:149} INFO - [2023-06-15T23:31:59.358+0000] {dag.py:2726} INFO - Sync 1 DAGs
[2023-06-15T23:31:59.412+0000] {logging_mixin.py:149} INFO - [2023-06-15T23:31:59.412+0000] {dag.py:3490} INFO - Setting next_dagrun for example_short_circuit_operator to 2023-06-14T23:31:59.411360+00:00, run_after=2023-06-15T23:31:59.411360+00:00
[2023-06-15T23:31:59.474+0000] {processor.py:179} INFO - Processing /home/airflow/.local/lib/python3.7/site-packages/airflow/example_dags/example_short_circuit_operator.py took 0.216 seconds
[2023-06-15T23:34:45.258+0000] {processor.py:157} INFO - Started process (PID=4680) to work on /home/airflow/.local/lib/python3.7/site-packages/airflow/example_dags/example_short_circuit_operator.py
[2023-06-15T23:34:45.260+0000] {processor.py:826} INFO - Processing file /home/airflow/.local/lib/python3.7/site-packages/airflow/example_dags/example_short_circuit_operator.py for tasks to queue
[2023-06-15T23:34:45.262+0000] {logging_mixin.py:149} INFO - [2023-06-15T23:34:45.261+0000] {dagbag.py:541} INFO - Filling up the DagBag from /home/airflow/.local/lib/python3.7/site-packages/airflow/example_dags/example_short_circuit_operator.py
[2023-06-15T23:34:45.276+0000] {processor.py:836} INFO - DAG(s) dict_keys(['example_short_circuit_operator']) retrieved from /home/airflow/.local/lib/python3.7/site-packages/airflow/example_dags/example_short_circuit_operator.py
[2023-06-15T23:34:45.328+0000] {logging_mixin.py:149} INFO - [2023-06-15T23:34:45.328+0000] {dag.py:2726} INFO - Sync 1 DAGs
[2023-06-15T23:34:45.390+0000] {logging_mixin.py:149} INFO - [2023-06-15T23:34:45.390+0000] {dag.py:3490} INFO - Setting next_dagrun for example_short_circuit_operator to 2023-06-14T23:34:45.389552+00:00, run_after=2023-06-15T23:34:45.389552+00:00
[2023-06-15T23:34:45.847+0000] {processor.py:179} INFO - Processing /home/airflow/.local/lib/python3.7/site-packages/airflow/example_dags/example_short_circuit_operator.py took 0.592 seconds
[2023-06-15T23:35:18.848+0000] {processor.py:157} INFO - Started process (PID=4920) to work on /home/airflow/.local/lib/python3.7/site-packages/airflow/example_dags/example_short_circuit_operator.py
[2023-06-15T23:35:18.850+0000] {processor.py:826} INFO - Processing file /home/airflow/.local/lib/python3.7/site-packages/airflow/example_dags/example_short_circuit_operator.py for tasks to queue
[2023-06-15T23:35:18.851+0000] {logging_mixin.py:149} INFO - [2023-06-15T23:35:18.851+0000] {dagbag.py:541} INFO - Filling up the DagBag from /home/airflow/.local/lib/python3.7/site-packages/airflow/example_dags/example_short_circuit_operator.py
[2023-06-15T23:35:18.862+0000] {processor.py:836} INFO - DAG(s) dict_keys(['example_short_circuit_operator']) retrieved from /home/airflow/.local/lib/python3.7/site-packages/airflow/example_dags/example_short_circuit_operator.py
[2023-06-15T23:35:18.899+0000] {logging_mixin.py:149} INFO - [2023-06-15T23:35:18.899+0000] {dag.py:2726} INFO - Sync 1 DAGs
[2023-06-15T23:35:18.931+0000] {logging_mixin.py:149} INFO - [2023-06-15T23:35:18.930+0000] {dag.py:3490} INFO - Setting next_dagrun for example_short_circuit_operator to 2023-06-14T23:35:18.930263+00:00, run_after=2023-06-15T23:35:18.930263+00:00
[2023-06-15T23:35:18.969+0000] {processor.py:179} INFO - Processing /home/airflow/.local/lib/python3.7/site-packages/airflow/example_dags/example_short_circuit_operator.py took 0.125 seconds
