[2023-06-15T23:03:55.718+0000] {processor.py:157} INFO - Started process (PID=300) to work on /home/airflow/.local/lib/python3.7/site-packages/airflow/example_dags/example_skip_dag.py
[2023-06-15T23:03:55.721+0000] {processor.py:826} INFO - Processing file /home/airflow/.local/lib/python3.7/site-packages/airflow/example_dags/example_skip_dag.py for tasks to queue
[2023-06-15T23:03:55.722+0000] {logging_mixin.py:149} INFO - [2023-06-15T23:03:55.722+0000] {dagbag.py:541} INFO - Filling up the DagBag from /home/airflow/.local/lib/python3.7/site-packages/airflow/example_dags/example_skip_dag.py
[2023-06-15T23:03:56.049+0000] {processor.py:836} INFO - DAG(s) dict_keys(['example_skip_dag']) retrieved from /home/airflow/.local/lib/python3.7/site-packages/airflow/example_dags/example_skip_dag.py
[2023-06-15T23:04:03.530+0000] {logging_mixin.py:149} INFO - [2023-06-15T23:04:03.530+0000] {dag.py:2726} INFO - Sync 1 DAGs
[2023-06-15T23:04:03.560+0000] {logging_mixin.py:149} INFO - [2023-06-15T23:04:03.559+0000] {dag.py:3490} INFO - Setting next_dagrun for example_skip_dag to 2023-06-14T23:04:03.559710+00:00, run_after=2023-06-15T23:04:03.559710+00:00
[2023-06-15T23:04:03.588+0000] {processor.py:179} INFO - Processing /home/airflow/.local/lib/python3.7/site-packages/airflow/example_dags/example_skip_dag.py took 7.874 seconds
[2023-06-15T23:06:13.152+0000] {processor.py:157} INFO - Started process (PID=551) to work on /home/airflow/.local/lib/python3.7/site-packages/airflow/example_dags/example_skip_dag.py
[2023-06-15T23:06:13.155+0000] {processor.py:826} INFO - Processing file /home/airflow/.local/lib/python3.7/site-packages/airflow/example_dags/example_skip_dag.py for tasks to queue
[2023-06-15T23:06:13.156+0000] {logging_mixin.py:149} INFO - [2023-06-15T23:06:13.156+0000] {dagbag.py:541} INFO - Filling up the DagBag from /home/airflow/.local/lib/python3.7/site-packages/airflow/example_dags/example_skip_dag.py
[2023-06-15T23:06:13.169+0000] {processor.py:836} INFO - DAG(s) dict_keys(['example_skip_dag']) retrieved from /home/airflow/.local/lib/python3.7/site-packages/airflow/example_dags/example_skip_dag.py
[2023-06-15T23:06:13.206+0000] {logging_mixin.py:149} INFO - [2023-06-15T23:06:13.206+0000] {dag.py:2726} INFO - Sync 1 DAGs
[2023-06-15T23:06:13.250+0000] {logging_mixin.py:149} INFO - [2023-06-15T23:06:13.250+0000] {dag.py:3490} INFO - Setting next_dagrun for example_skip_dag to 2023-06-14T23:06:13.249692+00:00, run_after=2023-06-15T23:06:13.249692+00:00
[2023-06-15T23:06:13.283+0000] {processor.py:179} INFO - Processing /home/airflow/.local/lib/python3.7/site-packages/airflow/example_dags/example_skip_dag.py took 0.137 seconds
[2023-06-15T23:06:43.961+0000] {processor.py:157} INFO - Started process (PID=788) to work on /home/airflow/.local/lib/python3.7/site-packages/airflow/example_dags/example_skip_dag.py
[2023-06-15T23:06:43.973+0000] {processor.py:826} INFO - Processing file /home/airflow/.local/lib/python3.7/site-packages/airflow/example_dags/example_skip_dag.py for tasks to queue
[2023-06-15T23:06:43.974+0000] {logging_mixin.py:149} INFO - [2023-06-15T23:06:43.974+0000] {dagbag.py:541} INFO - Filling up the DagBag from /home/airflow/.local/lib/python3.7/site-packages/airflow/example_dags/example_skip_dag.py
[2023-06-15T23:06:43.984+0000] {processor.py:836} INFO - DAG(s) dict_keys(['example_skip_dag']) retrieved from /home/airflow/.local/lib/python3.7/site-packages/airflow/example_dags/example_skip_dag.py
[2023-06-15T23:06:44.016+0000] {logging_mixin.py:149} INFO - [2023-06-15T23:06:44.016+0000] {dag.py:2726} INFO - Sync 1 DAGs
[2023-06-15T23:06:44.050+0000] {logging_mixin.py:149} INFO - [2023-06-15T23:06:44.050+0000] {dag.py:3490} INFO - Setting next_dagrun for example_skip_dag to 2023-06-14T23:06:44.050020+00:00, run_after=2023-06-15T23:06:44.050020+00:00
[2023-06-15T23:06:44.102+0000] {processor.py:179} INFO - Processing /home/airflow/.local/lib/python3.7/site-packages/airflow/example_dags/example_skip_dag.py took 0.146 seconds
[2023-06-15T23:08:03.907+0000] {processor.py:157} INFO - Started process (PID=1045) to work on /home/airflow/.local/lib/python3.7/site-packages/airflow/example_dags/example_skip_dag.py
[2023-06-15T23:08:03.910+0000] {processor.py:826} INFO - Processing file /home/airflow/.local/lib/python3.7/site-packages/airflow/example_dags/example_skip_dag.py for tasks to queue
[2023-06-15T23:08:03.911+0000] {logging_mixin.py:149} INFO - [2023-06-15T23:08:03.911+0000] {dagbag.py:541} INFO - Filling up the DagBag from /home/airflow/.local/lib/python3.7/site-packages/airflow/example_dags/example_skip_dag.py
[2023-06-15T23:08:03.924+0000] {processor.py:836} INFO - DAG(s) dict_keys(['example_skip_dag']) retrieved from /home/airflow/.local/lib/python3.7/site-packages/airflow/example_dags/example_skip_dag.py
[2023-06-15T23:08:06.779+0000] {logging_mixin.py:149} INFO - [2023-06-15T23:08:06.778+0000] {dag.py:2726} INFO - Sync 1 DAGs
[2023-06-15T23:08:06.817+0000] {logging_mixin.py:149} INFO - [2023-06-15T23:08:06.816+0000] {dag.py:3490} INFO - Setting next_dagrun for example_skip_dag to 2023-06-14T23:08:06.816245+00:00, run_after=2023-06-15T23:08:06.816245+00:00
[2023-06-15T23:08:08.035+0000] {processor.py:179} INFO - Processing /home/airflow/.local/lib/python3.7/site-packages/airflow/example_dags/example_skip_dag.py took 4.132 seconds
[2023-06-15T23:09:34.174+0000] {processor.py:157} INFO - Started process (PID=1217) to work on /home/airflow/.local/lib/python3.7/site-packages/airflow/example_dags/example_skip_dag.py
[2023-06-15T23:09:34.175+0000] {processor.py:826} INFO - Processing file /home/airflow/.local/lib/python3.7/site-packages/airflow/example_dags/example_skip_dag.py for tasks to queue
[2023-06-15T23:09:34.183+0000] {logging_mixin.py:149} INFO - [2023-06-15T23:09:34.183+0000] {dagbag.py:541} INFO - Filling up the DagBag from /home/airflow/.local/lib/python3.7/site-packages/airflow/example_dags/example_skip_dag.py
[2023-06-15T23:09:34.194+0000] {processor.py:836} INFO - DAG(s) dict_keys(['example_skip_dag']) retrieved from /home/airflow/.local/lib/python3.7/site-packages/airflow/example_dags/example_skip_dag.py
[2023-06-15T23:09:34.242+0000] {logging_mixin.py:149} INFO - [2023-06-15T23:09:34.242+0000] {dag.py:2726} INFO - Sync 1 DAGs
[2023-06-15T23:09:34.276+0000] {logging_mixin.py:149} INFO - [2023-06-15T23:09:34.275+0000] {dag.py:3490} INFO - Setting next_dagrun for example_skip_dag to 2023-06-14T23:09:34.274903+00:00, run_after=2023-06-15T23:09:34.274903+00:00
[2023-06-15T23:09:34.307+0000] {processor.py:179} INFO - Processing /home/airflow/.local/lib/python3.7/site-packages/airflow/example_dags/example_skip_dag.py took 0.138 seconds
[2023-06-15T23:11:02.534+0000] {processor.py:157} INFO - Started process (PID=1411) to work on /home/airflow/.local/lib/python3.7/site-packages/airflow/example_dags/example_skip_dag.py
[2023-06-15T23:11:02.536+0000] {processor.py:826} INFO - Processing file /home/airflow/.local/lib/python3.7/site-packages/airflow/example_dags/example_skip_dag.py for tasks to queue
[2023-06-15T23:11:02.538+0000] {logging_mixin.py:149} INFO - [2023-06-15T23:11:02.538+0000] {dagbag.py:541} INFO - Filling up the DagBag from /home/airflow/.local/lib/python3.7/site-packages/airflow/example_dags/example_skip_dag.py
[2023-06-15T23:11:02.548+0000] {processor.py:836} INFO - DAG(s) dict_keys(['example_skip_dag']) retrieved from /home/airflow/.local/lib/python3.7/site-packages/airflow/example_dags/example_skip_dag.py
[2023-06-15T23:11:02.581+0000] {logging_mixin.py:149} INFO - [2023-06-15T23:11:02.580+0000] {dag.py:2726} INFO - Sync 1 DAGs
[2023-06-15T23:11:02.610+0000] {logging_mixin.py:149} INFO - [2023-06-15T23:11:02.609+0000] {dag.py:3490} INFO - Setting next_dagrun for example_skip_dag to 2023-06-14T23:11:02.609685+00:00, run_after=2023-06-15T23:11:02.609685+00:00
[2023-06-15T23:11:02.636+0000] {processor.py:179} INFO - Processing /home/airflow/.local/lib/python3.7/site-packages/airflow/example_dags/example_skip_dag.py took 0.107 seconds
[2023-06-15T23:13:20.500+0000] {processor.py:157} INFO - Started process (PID=1681) to work on /home/airflow/.local/lib/python3.7/site-packages/airflow/example_dags/example_skip_dag.py
[2023-06-15T23:13:20.503+0000] {processor.py:826} INFO - Processing file /home/airflow/.local/lib/python3.7/site-packages/airflow/example_dags/example_skip_dag.py for tasks to queue
[2023-06-15T23:13:20.506+0000] {logging_mixin.py:149} INFO - [2023-06-15T23:13:20.506+0000] {dagbag.py:541} INFO - Filling up the DagBag from /home/airflow/.local/lib/python3.7/site-packages/airflow/example_dags/example_skip_dag.py
[2023-06-15T23:13:20.532+0000] {processor.py:836} INFO - DAG(s) dict_keys(['example_skip_dag']) retrieved from /home/airflow/.local/lib/python3.7/site-packages/airflow/example_dags/example_skip_dag.py
[2023-06-15T23:13:20.601+0000] {logging_mixin.py:149} INFO - [2023-06-15T23:13:20.600+0000] {dag.py:2726} INFO - Sync 1 DAGs
[2023-06-15T23:13:20.647+0000] {logging_mixin.py:149} INFO - [2023-06-15T23:13:20.647+0000] {dag.py:3490} INFO - Setting next_dagrun for example_skip_dag to 2023-06-14T23:13:20.647203+00:00, run_after=2023-06-15T23:13:20.647203+00:00
[2023-06-15T23:13:21.643+0000] {processor.py:179} INFO - Processing /home/airflow/.local/lib/python3.7/site-packages/airflow/example_dags/example_skip_dag.py took 1.150 seconds
[2023-06-15T23:15:25.253+0000] {processor.py:157} INFO - Started process (PID=2003) to work on /home/airflow/.local/lib/python3.7/site-packages/airflow/example_dags/example_skip_dag.py
[2023-06-15T23:15:25.258+0000] {processor.py:826} INFO - Processing file /home/airflow/.local/lib/python3.7/site-packages/airflow/example_dags/example_skip_dag.py for tasks to queue
[2023-06-15T23:15:25.261+0000] {logging_mixin.py:149} INFO - [2023-06-15T23:15:25.260+0000] {dagbag.py:541} INFO - Filling up the DagBag from /home/airflow/.local/lib/python3.7/site-packages/airflow/example_dags/example_skip_dag.py
[2023-06-15T23:15:25.277+0000] {processor.py:836} INFO - DAG(s) dict_keys(['example_skip_dag']) retrieved from /home/airflow/.local/lib/python3.7/site-packages/airflow/example_dags/example_skip_dag.py
[2023-06-15T23:15:25.324+0000] {logging_mixin.py:149} INFO - [2023-06-15T23:15:25.323+0000] {dag.py:2726} INFO - Sync 1 DAGs
[2023-06-15T23:15:25.361+0000] {logging_mixin.py:149} INFO - [2023-06-15T23:15:25.361+0000] {dag.py:3490} INFO - Setting next_dagrun for example_skip_dag to 2023-06-14T23:15:25.361310+00:00, run_after=2023-06-15T23:15:25.361310+00:00
[2023-06-15T23:15:25.389+0000] {processor.py:179} INFO - Processing /home/airflow/.local/lib/python3.7/site-packages/airflow/example_dags/example_skip_dag.py took 0.144 seconds
[2023-06-15T23:16:53.590+0000] {processor.py:157} INFO - Started process (PID=2327) to work on /home/airflow/.local/lib/python3.7/site-packages/airflow/example_dags/example_skip_dag.py
[2023-06-15T23:16:53.593+0000] {processor.py:826} INFO - Processing file /home/airflow/.local/lib/python3.7/site-packages/airflow/example_dags/example_skip_dag.py for tasks to queue
[2023-06-15T23:16:53.594+0000] {logging_mixin.py:149} INFO - [2023-06-15T23:16:53.594+0000] {dagbag.py:541} INFO - Filling up the DagBag from /home/airflow/.local/lib/python3.7/site-packages/airflow/example_dags/example_skip_dag.py
[2023-06-15T23:16:53.609+0000] {processor.py:836} INFO - DAG(s) dict_keys(['example_skip_dag']) retrieved from /home/airflow/.local/lib/python3.7/site-packages/airflow/example_dags/example_skip_dag.py
[2023-06-15T23:16:53.650+0000] {logging_mixin.py:149} INFO - [2023-06-15T23:16:53.650+0000] {dag.py:2726} INFO - Sync 1 DAGs
[2023-06-15T23:16:53.691+0000] {logging_mixin.py:149} INFO - [2023-06-15T23:16:53.691+0000] {dag.py:3490} INFO - Setting next_dagrun for example_skip_dag to 2023-06-14T23:16:53.691105+00:00, run_after=2023-06-15T23:16:53.691105+00:00
[2023-06-15T23:16:53.748+0000] {processor.py:179} INFO - Processing /home/airflow/.local/lib/python3.7/site-packages/airflow/example_dags/example_skip_dag.py took 0.166 seconds
[2023-06-15T23:17:53.414+0000] {processor.py:157} INFO - Started process (PID=2548) to work on /home/airflow/.local/lib/python3.7/site-packages/airflow/example_dags/example_skip_dag.py
[2023-06-15T23:17:53.416+0000] {processor.py:826} INFO - Processing file /home/airflow/.local/lib/python3.7/site-packages/airflow/example_dags/example_skip_dag.py for tasks to queue
[2023-06-15T23:17:53.417+0000] {logging_mixin.py:149} INFO - [2023-06-15T23:17:53.417+0000] {dagbag.py:541} INFO - Filling up the DagBag from /home/airflow/.local/lib/python3.7/site-packages/airflow/example_dags/example_skip_dag.py
[2023-06-15T23:17:53.429+0000] {processor.py:836} INFO - DAG(s) dict_keys(['example_skip_dag']) retrieved from /home/airflow/.local/lib/python3.7/site-packages/airflow/example_dags/example_skip_dag.py
[2023-06-15T23:17:53.487+0000] {logging_mixin.py:149} INFO - [2023-06-15T23:17:53.487+0000] {dag.py:2726} INFO - Sync 1 DAGs
[2023-06-15T23:17:53.522+0000] {logging_mixin.py:149} INFO - [2023-06-15T23:17:53.522+0000] {dag.py:3490} INFO - Setting next_dagrun for example_skip_dag to 2023-06-14T23:17:53.521407+00:00, run_after=2023-06-15T23:17:53.521407+00:00
[2023-06-15T23:17:53.585+0000] {processor.py:179} INFO - Processing /home/airflow/.local/lib/python3.7/site-packages/airflow/example_dags/example_skip_dag.py took 0.176 seconds
[2023-06-15T23:21:59.964+0000] {processor.py:157} INFO - Started process (PID=2862) to work on /home/airflow/.local/lib/python3.7/site-packages/airflow/example_dags/example_skip_dag.py
[2023-06-15T23:22:00.479+0000] {processor.py:826} INFO - Processing file /home/airflow/.local/lib/python3.7/site-packages/airflow/example_dags/example_skip_dag.py for tasks to queue
[2023-06-15T23:22:00.483+0000] {logging_mixin.py:149} INFO - [2023-06-15T23:22:00.483+0000] {dagbag.py:541} INFO - Filling up the DagBag from /home/airflow/.local/lib/python3.7/site-packages/airflow/example_dags/example_skip_dag.py
[2023-06-15T23:22:00.494+0000] {processor.py:836} INFO - DAG(s) dict_keys(['example_skip_dag']) retrieved from /home/airflow/.local/lib/python3.7/site-packages/airflow/example_dags/example_skip_dag.py
[2023-06-15T23:22:00.526+0000] {logging_mixin.py:149} INFO - [2023-06-15T23:22:00.526+0000] {dag.py:2726} INFO - Sync 1 DAGs
[2023-06-15T23:22:00.558+0000] {logging_mixin.py:149} INFO - [2023-06-15T23:22:00.558+0000] {dag.py:3490} INFO - Setting next_dagrun for example_skip_dag to 2023-06-14T23:22:00.557786+00:00, run_after=2023-06-15T23:22:00.557786+00:00
[2023-06-15T23:22:00.593+0000] {processor.py:179} INFO - Processing /home/airflow/.local/lib/python3.7/site-packages/airflow/example_dags/example_skip_dag.py took 0.636 seconds
[2023-06-15T23:22:35.319+0000] {processor.py:157} INFO - Started process (PID=3107) to work on /home/airflow/.local/lib/python3.7/site-packages/airflow/example_dags/example_skip_dag.py
[2023-06-15T23:22:35.331+0000] {processor.py:826} INFO - Processing file /home/airflow/.local/lib/python3.7/site-packages/airflow/example_dags/example_skip_dag.py for tasks to queue
[2023-06-15T23:22:35.339+0000] {logging_mixin.py:149} INFO - [2023-06-15T23:22:35.338+0000] {dagbag.py:541} INFO - Filling up the DagBag from /home/airflow/.local/lib/python3.7/site-packages/airflow/example_dags/example_skip_dag.py
[2023-06-15T23:22:36.252+0000] {processor.py:836} INFO - DAG(s) dict_keys(['example_skip_dag']) retrieved from /home/airflow/.local/lib/python3.7/site-packages/airflow/example_dags/example_skip_dag.py
[2023-06-15T23:22:40.492+0000] {logging_mixin.py:149} INFO - [2023-06-15T23:22:40.491+0000] {dag.py:2726} INFO - Sync 1 DAGs
[2023-06-15T23:22:40.656+0000] {logging_mixin.py:149} INFO - [2023-06-15T23:22:40.656+0000] {dag.py:3490} INFO - Setting next_dagrun for example_skip_dag to 2023-06-14T23:22:40.655687+00:00, run_after=2023-06-15T23:22:40.655687+00:00
[2023-06-15T23:22:41.270+0000] {processor.py:179} INFO - Processing /home/airflow/.local/lib/python3.7/site-packages/airflow/example_dags/example_skip_dag.py took 5.954 seconds
[2023-06-15T23:23:28.999+0000] {processor.py:157} INFO - Started process (PID=3259) to work on /home/airflow/.local/lib/python3.7/site-packages/airflow/example_dags/example_skip_dag.py
[2023-06-15T23:23:29.001+0000] {processor.py:826} INFO - Processing file /home/airflow/.local/lib/python3.7/site-packages/airflow/example_dags/example_skip_dag.py for tasks to queue
[2023-06-15T23:23:29.002+0000] {logging_mixin.py:149} INFO - [2023-06-15T23:23:29.002+0000] {dagbag.py:541} INFO - Filling up the DagBag from /home/airflow/.local/lib/python3.7/site-packages/airflow/example_dags/example_skip_dag.py
[2023-06-15T23:23:29.013+0000] {processor.py:836} INFO - DAG(s) dict_keys(['example_skip_dag']) retrieved from /home/airflow/.local/lib/python3.7/site-packages/airflow/example_dags/example_skip_dag.py
[2023-06-15T23:23:29.052+0000] {logging_mixin.py:149} INFO - [2023-06-15T23:23:29.051+0000] {dag.py:2726} INFO - Sync 1 DAGs
[2023-06-15T23:23:29.086+0000] {logging_mixin.py:149} INFO - [2023-06-15T23:23:29.086+0000] {dag.py:3490} INFO - Setting next_dagrun for example_skip_dag to 2023-06-14T23:23:29.086070+00:00, run_after=2023-06-15T23:23:29.086070+00:00
[2023-06-15T23:23:29.118+0000] {processor.py:179} INFO - Processing /home/airflow/.local/lib/python3.7/site-packages/airflow/example_dags/example_skip_dag.py took 0.124 seconds
[2023-06-15T23:24:12.810+0000] {processor.py:157} INFO - Started process (PID=3499) to work on /home/airflow/.local/lib/python3.7/site-packages/airflow/example_dags/example_skip_dag.py
[2023-06-15T23:24:12.812+0000] {processor.py:826} INFO - Processing file /home/airflow/.local/lib/python3.7/site-packages/airflow/example_dags/example_skip_dag.py for tasks to queue
[2023-06-15T23:24:12.814+0000] {logging_mixin.py:149} INFO - [2023-06-15T23:24:12.813+0000] {dagbag.py:541} INFO - Filling up the DagBag from /home/airflow/.local/lib/python3.7/site-packages/airflow/example_dags/example_skip_dag.py
[2023-06-15T23:24:12.827+0000] {processor.py:836} INFO - DAG(s) dict_keys(['example_skip_dag']) retrieved from /home/airflow/.local/lib/python3.7/site-packages/airflow/example_dags/example_skip_dag.py
[2023-06-15T23:24:12.880+0000] {logging_mixin.py:149} INFO - [2023-06-15T23:24:12.880+0000] {dag.py:2726} INFO - Sync 1 DAGs
[2023-06-15T23:24:12.933+0000] {logging_mixin.py:149} INFO - [2023-06-15T23:24:12.933+0000] {dag.py:3490} INFO - Setting next_dagrun for example_skip_dag to 2023-06-14T23:24:12.933161+00:00, run_after=2023-06-15T23:24:12.933161+00:00
[2023-06-15T23:24:13.254+0000] {processor.py:179} INFO - Processing /home/airflow/.local/lib/python3.7/site-packages/airflow/example_dags/example_skip_dag.py took 0.451 seconds
[2023-06-15T23:26:45.288+0000] {processor.py:157} INFO - Started process (PID=3759) to work on /home/airflow/.local/lib/python3.7/site-packages/airflow/example_dags/example_skip_dag.py
[2023-06-15T23:26:45.291+0000] {processor.py:826} INFO - Processing file /home/airflow/.local/lib/python3.7/site-packages/airflow/example_dags/example_skip_dag.py for tasks to queue
[2023-06-15T23:26:45.292+0000] {logging_mixin.py:149} INFO - [2023-06-15T23:26:45.292+0000] {dagbag.py:541} INFO - Filling up the DagBag from /home/airflow/.local/lib/python3.7/site-packages/airflow/example_dags/example_skip_dag.py
[2023-06-15T23:26:45.303+0000] {processor.py:836} INFO - DAG(s) dict_keys(['example_skip_dag']) retrieved from /home/airflow/.local/lib/python3.7/site-packages/airflow/example_dags/example_skip_dag.py
[2023-06-15T23:26:45.338+0000] {logging_mixin.py:149} INFO - [2023-06-15T23:26:45.337+0000] {dag.py:2726} INFO - Sync 1 DAGs
[2023-06-15T23:26:45.370+0000] {logging_mixin.py:149} INFO - [2023-06-15T23:26:45.370+0000] {dag.py:3490} INFO - Setting next_dagrun for example_skip_dag to 2023-06-14T23:26:45.370084+00:00, run_after=2023-06-15T23:26:45.370084+00:00
[2023-06-15T23:26:45.414+0000] {processor.py:179} INFO - Processing /home/airflow/.local/lib/python3.7/site-packages/airflow/example_dags/example_skip_dag.py took 0.131 seconds
[2023-06-15T23:28:03.370+0000] {processor.py:157} INFO - Started process (PID=3997) to work on /home/airflow/.local/lib/python3.7/site-packages/airflow/example_dags/example_skip_dag.py
[2023-06-15T23:28:03.372+0000] {processor.py:826} INFO - Processing file /home/airflow/.local/lib/python3.7/site-packages/airflow/example_dags/example_skip_dag.py for tasks to queue
[2023-06-15T23:28:03.374+0000] {logging_mixin.py:149} INFO - [2023-06-15T23:28:03.373+0000] {dagbag.py:541} INFO - Filling up the DagBag from /home/airflow/.local/lib/python3.7/site-packages/airflow/example_dags/example_skip_dag.py
[2023-06-15T23:28:03.386+0000] {processor.py:836} INFO - DAG(s) dict_keys(['example_skip_dag']) retrieved from /home/airflow/.local/lib/python3.7/site-packages/airflow/example_dags/example_skip_dag.py
[2023-06-15T23:28:03.438+0000] {logging_mixin.py:149} INFO - [2023-06-15T23:28:03.438+0000] {dag.py:2726} INFO - Sync 1 DAGs
[2023-06-15T23:28:03.483+0000] {logging_mixin.py:149} INFO - [2023-06-15T23:28:03.482+0000] {dag.py:3490} INFO - Setting next_dagrun for example_skip_dag to 2023-06-14T23:28:03.482358+00:00, run_after=2023-06-15T23:28:03.482358+00:00
[2023-06-15T23:28:03.519+0000] {processor.py:179} INFO - Processing /home/airflow/.local/lib/python3.7/site-packages/airflow/example_dags/example_skip_dag.py took 0.155 seconds
[2023-06-15T23:31:14.276+0000] {processor.py:157} INFO - Started process (PID=4247) to work on /home/airflow/.local/lib/python3.7/site-packages/airflow/example_dags/example_skip_dag.py
[2023-06-15T23:31:14.279+0000] {processor.py:826} INFO - Processing file /home/airflow/.local/lib/python3.7/site-packages/airflow/example_dags/example_skip_dag.py for tasks to queue
[2023-06-15T23:31:14.281+0000] {logging_mixin.py:149} INFO - [2023-06-15T23:31:14.281+0000] {dagbag.py:541} INFO - Filling up the DagBag from /home/airflow/.local/lib/python3.7/site-packages/airflow/example_dags/example_skip_dag.py
[2023-06-15T23:31:14.988+0000] {processor.py:836} INFO - DAG(s) dict_keys(['example_skip_dag']) retrieved from /home/airflow/.local/lib/python3.7/site-packages/airflow/example_dags/example_skip_dag.py
[2023-06-15T23:31:22.179+0000] {logging_mixin.py:149} INFO - [2023-06-15T23:31:22.178+0000] {dag.py:2726} INFO - Sync 1 DAGs
[2023-06-15T23:31:22.220+0000] {logging_mixin.py:149} INFO - [2023-06-15T23:31:22.219+0000] {dag.py:3490} INFO - Setting next_dagrun for example_skip_dag to 2023-06-14T23:31:22.219593+00:00, run_after=2023-06-15T23:31:22.219593+00:00
[2023-06-15T23:31:26.004+0000] {processor.py:179} INFO - Processing /home/airflow/.local/lib/python3.7/site-packages/airflow/example_dags/example_skip_dag.py took 12.951 seconds
[2023-06-15T23:32:06.861+0000] {processor.py:157} INFO - Started process (PID=4485) to work on /home/airflow/.local/lib/python3.7/site-packages/airflow/example_dags/example_skip_dag.py
[2023-06-15T23:32:06.863+0000] {processor.py:826} INFO - Processing file /home/airflow/.local/lib/python3.7/site-packages/airflow/example_dags/example_skip_dag.py for tasks to queue
[2023-06-15T23:32:06.865+0000] {logging_mixin.py:149} INFO - [2023-06-15T23:32:06.864+0000] {dagbag.py:541} INFO - Filling up the DagBag from /home/airflow/.local/lib/python3.7/site-packages/airflow/example_dags/example_skip_dag.py
[2023-06-15T23:32:06.875+0000] {processor.py:836} INFO - DAG(s) dict_keys(['example_skip_dag']) retrieved from /home/airflow/.local/lib/python3.7/site-packages/airflow/example_dags/example_skip_dag.py
[2023-06-15T23:32:06.910+0000] {logging_mixin.py:149} INFO - [2023-06-15T23:32:06.909+0000] {dag.py:2726} INFO - Sync 1 DAGs
[2023-06-15T23:32:06.941+0000] {logging_mixin.py:149} INFO - [2023-06-15T23:32:06.941+0000] {dag.py:3490} INFO - Setting next_dagrun for example_skip_dag to 2023-06-14T23:32:06.941274+00:00, run_after=2023-06-15T23:32:06.941274+00:00
[2023-06-15T23:32:07.501+0000] {processor.py:179} INFO - Processing /home/airflow/.local/lib/python3.7/site-packages/airflow/example_dags/example_skip_dag.py took 0.644 seconds
[2023-06-15T23:34:37.097+0000] {processor.py:157} INFO - Started process (PID=4647) to work on /home/airflow/.local/lib/python3.7/site-packages/airflow/example_dags/example_skip_dag.py
[2023-06-15T23:34:37.102+0000] {processor.py:826} INFO - Processing file /home/airflow/.local/lib/python3.7/site-packages/airflow/example_dags/example_skip_dag.py for tasks to queue
[2023-06-15T23:34:37.106+0000] {logging_mixin.py:149} INFO - [2023-06-15T23:34:37.106+0000] {dagbag.py:541} INFO - Filling up the DagBag from /home/airflow/.local/lib/python3.7/site-packages/airflow/example_dags/example_skip_dag.py
[2023-06-15T23:34:37.136+0000] {processor.py:836} INFO - DAG(s) dict_keys(['example_skip_dag']) retrieved from /home/airflow/.local/lib/python3.7/site-packages/airflow/example_dags/example_skip_dag.py
[2023-06-15T23:34:37.219+0000] {logging_mixin.py:149} INFO - [2023-06-15T23:34:37.219+0000] {dag.py:2726} INFO - Sync 1 DAGs
[2023-06-15T23:34:41.453+0000] {logging_mixin.py:149} INFO - [2023-06-15T23:34:41.452+0000] {dag.py:3490} INFO - Setting next_dagrun for example_skip_dag to 2023-06-14T23:34:41.451540+00:00, run_after=2023-06-15T23:34:41.451540+00:00
[2023-06-15T23:34:41.924+0000] {processor.py:179} INFO - Processing /home/airflow/.local/lib/python3.7/site-packages/airflow/example_dags/example_skip_dag.py took 4.842 seconds
[2023-06-15T23:35:15.897+0000] {processor.py:157} INFO - Started process (PID=4885) to work on /home/airflow/.local/lib/python3.7/site-packages/airflow/example_dags/example_skip_dag.py
[2023-06-15T23:35:15.899+0000] {processor.py:826} INFO - Processing file /home/airflow/.local/lib/python3.7/site-packages/airflow/example_dags/example_skip_dag.py for tasks to queue
[2023-06-15T23:35:15.900+0000] {logging_mixin.py:149} INFO - [2023-06-15T23:35:15.900+0000] {dagbag.py:541} INFO - Filling up the DagBag from /home/airflow/.local/lib/python3.7/site-packages/airflow/example_dags/example_skip_dag.py
[2023-06-15T23:35:15.908+0000] {processor.py:836} INFO - DAG(s) dict_keys(['example_skip_dag']) retrieved from /home/airflow/.local/lib/python3.7/site-packages/airflow/example_dags/example_skip_dag.py
[2023-06-15T23:35:15.938+0000] {logging_mixin.py:149} INFO - [2023-06-15T23:35:15.938+0000] {dag.py:2726} INFO - Sync 1 DAGs
[2023-06-15T23:35:15.966+0000] {logging_mixin.py:149} INFO - [2023-06-15T23:35:15.966+0000] {dag.py:3490} INFO - Setting next_dagrun for example_skip_dag to 2023-06-14T23:35:15.966318+00:00, run_after=2023-06-15T23:35:15.966318+00:00
[2023-06-15T23:35:15.995+0000] {processor.py:179} INFO - Processing /home/airflow/.local/lib/python3.7/site-packages/airflow/example_dags/example_skip_dag.py took 0.102 seconds
