[2023-06-15T23:01:15.463+0000] {processor.py:157} INFO - Started process (PID=274) to work on /home/airflow/.local/lib/python3.7/site-packages/airflow/example_dags/example_time_delta_sensor_async.py
[2023-06-15T23:01:15.464+0000] {processor.py:826} INFO - Processing file /home/airflow/.local/lib/python3.7/site-packages/airflow/example_dags/example_time_delta_sensor_async.py for tasks to queue
[2023-06-15T23:01:15.466+0000] {logging_mixin.py:149} INFO - [2023-06-15T23:01:15.465+0000] {dagbag.py:541} INFO - Filling up the DagBag from /home/airflow/.local/lib/python3.7/site-packages/airflow/example_dags/example_time_delta_sensor_async.py
[2023-06-15T23:01:15.475+0000] {processor.py:836} INFO - DAG(s) dict_keys(['example_time_delta_sensor_async']) retrieved from /home/airflow/.local/lib/python3.7/site-packages/airflow/example_dags/example_time_delta_sensor_async.py
[2023-06-15T23:01:15.530+0000] {logging_mixin.py:149} INFO - [2023-06-15T23:01:15.530+0000] {dag.py:2726} INFO - Sync 1 DAGs
[2023-06-15T23:01:15.581+0000] {logging_mixin.py:149} INFO - [2023-06-15T23:01:15.581+0000] {dag.py:3490} INFO - Setting next_dagrun for example_time_delta_sensor_async to None, run_after=None
[2023-06-15T23:01:18.175+0000] {processor.py:179} INFO - Processing /home/airflow/.local/lib/python3.7/site-packages/airflow/example_dags/example_time_delta_sensor_async.py took 2.717 seconds
[2023-06-15T23:06:07.030+0000] {processor.py:157} INFO - Started process (PID=526) to work on /home/airflow/.local/lib/python3.7/site-packages/airflow/example_dags/example_time_delta_sensor_async.py
[2023-06-15T23:06:07.032+0000] {processor.py:826} INFO - Processing file /home/airflow/.local/lib/python3.7/site-packages/airflow/example_dags/example_time_delta_sensor_async.py for tasks to queue
[2023-06-15T23:06:07.034+0000] {logging_mixin.py:149} INFO - [2023-06-15T23:06:07.034+0000] {dagbag.py:541} INFO - Filling up the DagBag from /home/airflow/.local/lib/python3.7/site-packages/airflow/example_dags/example_time_delta_sensor_async.py
[2023-06-15T23:06:07.046+0000] {processor.py:836} INFO - DAG(s) dict_keys(['example_time_delta_sensor_async']) retrieved from /home/airflow/.local/lib/python3.7/site-packages/airflow/example_dags/example_time_delta_sensor_async.py
[2023-06-15T23:06:07.780+0000] {logging_mixin.py:149} INFO - [2023-06-15T23:06:07.780+0000] {dag.py:2726} INFO - Sync 1 DAGs
[2023-06-15T23:06:07.843+0000] {logging_mixin.py:149} INFO - [2023-06-15T23:06:07.843+0000] {dag.py:3490} INFO - Setting next_dagrun for example_time_delta_sensor_async to None, run_after=None
[2023-06-15T23:06:11.116+0000] {processor.py:179} INFO - Processing /home/airflow/.local/lib/python3.7/site-packages/airflow/example_dags/example_time_delta_sensor_async.py took 4.099 seconds
[2023-06-15T23:06:41.230+0000] {processor.py:157} INFO - Started process (PID=766) to work on /home/airflow/.local/lib/python3.7/site-packages/airflow/example_dags/example_time_delta_sensor_async.py
[2023-06-15T23:06:41.232+0000] {processor.py:826} INFO - Processing file /home/airflow/.local/lib/python3.7/site-packages/airflow/example_dags/example_time_delta_sensor_async.py for tasks to queue
[2023-06-15T23:06:41.233+0000] {logging_mixin.py:149} INFO - [2023-06-15T23:06:41.233+0000] {dagbag.py:541} INFO - Filling up the DagBag from /home/airflow/.local/lib/python3.7/site-packages/airflow/example_dags/example_time_delta_sensor_async.py
[2023-06-15T23:06:41.243+0000] {processor.py:836} INFO - DAG(s) dict_keys(['example_time_delta_sensor_async']) retrieved from /home/airflow/.local/lib/python3.7/site-packages/airflow/example_dags/example_time_delta_sensor_async.py
[2023-06-15T23:06:41.286+0000] {logging_mixin.py:149} INFO - [2023-06-15T23:06:41.286+0000] {dag.py:2726} INFO - Sync 1 DAGs
[2023-06-15T23:06:41.319+0000] {logging_mixin.py:149} INFO - [2023-06-15T23:06:41.319+0000] {dag.py:3490} INFO - Setting next_dagrun for example_time_delta_sensor_async to None, run_after=None
[2023-06-15T23:06:41.370+0000] {processor.py:179} INFO - Processing /home/airflow/.local/lib/python3.7/site-packages/airflow/example_dags/example_time_delta_sensor_async.py took 0.145 seconds
[2023-06-15T23:08:00.819+0000] {processor.py:157} INFO - Started process (PID=1023) to work on /home/airflow/.local/lib/python3.7/site-packages/airflow/example_dags/example_time_delta_sensor_async.py
[2023-06-15T23:08:00.821+0000] {processor.py:826} INFO - Processing file /home/airflow/.local/lib/python3.7/site-packages/airflow/example_dags/example_time_delta_sensor_async.py for tasks to queue
[2023-06-15T23:08:00.823+0000] {logging_mixin.py:149} INFO - [2023-06-15T23:08:00.822+0000] {dagbag.py:541} INFO - Filling up the DagBag from /home/airflow/.local/lib/python3.7/site-packages/airflow/example_dags/example_time_delta_sensor_async.py
[2023-06-15T23:08:00.829+0000] {processor.py:836} INFO - DAG(s) dict_keys(['example_time_delta_sensor_async']) retrieved from /home/airflow/.local/lib/python3.7/site-packages/airflow/example_dags/example_time_delta_sensor_async.py
[2023-06-15T23:08:00.877+0000] {logging_mixin.py:149} INFO - [2023-06-15T23:08:00.877+0000] {dag.py:2726} INFO - Sync 1 DAGs
[2023-06-15T23:08:00.914+0000] {logging_mixin.py:149} INFO - [2023-06-15T23:08:00.914+0000] {dag.py:3490} INFO - Setting next_dagrun for example_time_delta_sensor_async to None, run_after=None
[2023-06-15T23:08:01.227+0000] {processor.py:179} INFO - Processing /home/airflow/.local/lib/python3.7/site-packages/airflow/example_dags/example_time_delta_sensor_async.py took 0.413 seconds
[2023-06-15T23:09:33.226+0000] {processor.py:157} INFO - Started process (PID=1192) to work on /home/airflow/.local/lib/python3.7/site-packages/airflow/example_dags/example_time_delta_sensor_async.py
[2023-06-15T23:09:33.228+0000] {processor.py:826} INFO - Processing file /home/airflow/.local/lib/python3.7/site-packages/airflow/example_dags/example_time_delta_sensor_async.py for tasks to queue
[2023-06-15T23:09:33.229+0000] {logging_mixin.py:149} INFO - [2023-06-15T23:09:33.229+0000] {dagbag.py:541} INFO - Filling up the DagBag from /home/airflow/.local/lib/python3.7/site-packages/airflow/example_dags/example_time_delta_sensor_async.py
[2023-06-15T23:09:33.237+0000] {processor.py:836} INFO - DAG(s) dict_keys(['example_time_delta_sensor_async']) retrieved from /home/airflow/.local/lib/python3.7/site-packages/airflow/example_dags/example_time_delta_sensor_async.py
[2023-06-15T23:09:33.282+0000] {logging_mixin.py:149} INFO - [2023-06-15T23:09:33.281+0000] {dag.py:2726} INFO - Sync 1 DAGs
[2023-06-15T23:09:33.322+0000] {logging_mixin.py:149} INFO - [2023-06-15T23:09:33.322+0000] {dag.py:3490} INFO - Setting next_dagrun for example_time_delta_sensor_async to None, run_after=None
[2023-06-15T23:09:33.410+0000] {processor.py:179} INFO - Processing /home/airflow/.local/lib/python3.7/site-packages/airflow/example_dags/example_time_delta_sensor_async.py took 0.189 seconds
[2023-06-15T23:11:01.803+0000] {processor.py:157} INFO - Started process (PID=1386) to work on /home/airflow/.local/lib/python3.7/site-packages/airflow/example_dags/example_time_delta_sensor_async.py
[2023-06-15T23:11:01.805+0000] {processor.py:826} INFO - Processing file /home/airflow/.local/lib/python3.7/site-packages/airflow/example_dags/example_time_delta_sensor_async.py for tasks to queue
[2023-06-15T23:11:01.807+0000] {logging_mixin.py:149} INFO - [2023-06-15T23:11:01.807+0000] {dagbag.py:541} INFO - Filling up the DagBag from /home/airflow/.local/lib/python3.7/site-packages/airflow/example_dags/example_time_delta_sensor_async.py
[2023-06-15T23:11:01.813+0000] {processor.py:836} INFO - DAG(s) dict_keys(['example_time_delta_sensor_async']) retrieved from /home/airflow/.local/lib/python3.7/site-packages/airflow/example_dags/example_time_delta_sensor_async.py
[2023-06-15T23:11:01.856+0000] {logging_mixin.py:149} INFO - [2023-06-15T23:11:01.856+0000] {dag.py:2726} INFO - Sync 1 DAGs
[2023-06-15T23:11:01.921+0000] {logging_mixin.py:149} INFO - [2023-06-15T23:11:01.921+0000] {dag.py:3490} INFO - Setting next_dagrun for example_time_delta_sensor_async to None, run_after=None
[2023-06-15T23:11:01.976+0000] {processor.py:179} INFO - Processing /home/airflow/.local/lib/python3.7/site-packages/airflow/example_dags/example_time_delta_sensor_async.py took 0.177 seconds
[2023-06-15T23:12:28.864+0000] {processor.py:157} INFO - Started process (PID=1647) to work on /home/airflow/.local/lib/python3.7/site-packages/airflow/example_dags/example_time_delta_sensor_async.py
[2023-06-15T23:12:28.867+0000] {processor.py:826} INFO - Processing file /home/airflow/.local/lib/python3.7/site-packages/airflow/example_dags/example_time_delta_sensor_async.py for tasks to queue
[2023-06-15T23:12:28.869+0000] {logging_mixin.py:149} INFO - [2023-06-15T23:12:28.869+0000] {dagbag.py:541} INFO - Filling up the DagBag from /home/airflow/.local/lib/python3.7/site-packages/airflow/example_dags/example_time_delta_sensor_async.py
[2023-06-15T23:12:28.876+0000] {processor.py:836} INFO - DAG(s) dict_keys(['example_time_delta_sensor_async']) retrieved from /home/airflow/.local/lib/python3.7/site-packages/airflow/example_dags/example_time_delta_sensor_async.py
[2023-06-15T23:12:28.925+0000] {logging_mixin.py:149} INFO - [2023-06-15T23:12:28.925+0000] {dag.py:2726} INFO - Sync 1 DAGs
[2023-06-15T23:12:28.996+0000] {logging_mixin.py:149} INFO - [2023-06-15T23:12:28.996+0000] {dag.py:3490} INFO - Setting next_dagrun for example_time_delta_sensor_async to None, run_after=None
[2023-06-15T23:13:00.665+0000] {processor.py:179} INFO - Processing /home/airflow/.local/lib/python3.7/site-packages/airflow/example_dags/example_time_delta_sensor_async.py took 31.807 seconds
[2023-06-15T23:13:51.329+0000] {processor.py:157} INFO - Started process (PID=1889) to work on /home/airflow/.local/lib/python3.7/site-packages/airflow/example_dags/example_time_delta_sensor_async.py
[2023-06-15T23:13:51.365+0000] {processor.py:826} INFO - Processing file /home/airflow/.local/lib/python3.7/site-packages/airflow/example_dags/example_time_delta_sensor_async.py for tasks to queue
[2023-06-15T23:13:51.367+0000] {logging_mixin.py:149} INFO - [2023-06-15T23:13:51.367+0000] {dagbag.py:541} INFO - Filling up the DagBag from /home/airflow/.local/lib/python3.7/site-packages/airflow/example_dags/example_time_delta_sensor_async.py
[2023-06-15T23:13:52.557+0000] {processor.py:836} INFO - DAG(s) dict_keys(['example_time_delta_sensor_async']) retrieved from /home/airflow/.local/lib/python3.7/site-packages/airflow/example_dags/example_time_delta_sensor_async.py
[2023-06-15T23:15:46.743+0000] {processor.py:157} INFO - Started process (PID=2201) to work on /home/airflow/.local/lib/python3.7/site-packages/airflow/example_dags/example_time_delta_sensor_async.py
[2023-06-15T23:15:46.745+0000] {processor.py:826} INFO - Processing file /home/airflow/.local/lib/python3.7/site-packages/airflow/example_dags/example_time_delta_sensor_async.py for tasks to queue
[2023-06-15T23:15:46.747+0000] {logging_mixin.py:149} INFO - [2023-06-15T23:15:46.746+0000] {dagbag.py:541} INFO - Filling up the DagBag from /home/airflow/.local/lib/python3.7/site-packages/airflow/example_dags/example_time_delta_sensor_async.py
[2023-06-15T23:15:46.753+0000] {processor.py:836} INFO - DAG(s) dict_keys(['example_time_delta_sensor_async']) retrieved from /home/airflow/.local/lib/python3.7/site-packages/airflow/example_dags/example_time_delta_sensor_async.py
[2023-06-15T23:15:46.838+0000] {logging_mixin.py:149} INFO - [2023-06-15T23:15:46.838+0000] {dag.py:2726} INFO - Sync 1 DAGs
[2023-06-15T23:15:46.868+0000] {logging_mixin.py:149} INFO - [2023-06-15T23:15:46.868+0000] {dag.py:3490} INFO - Setting next_dagrun for example_time_delta_sensor_async to None, run_after=None
[2023-06-15T23:15:46.900+0000] {processor.py:179} INFO - Processing /home/airflow/.local/lib/python3.7/site-packages/airflow/example_dags/example_time_delta_sensor_async.py took 0.162 seconds
[2023-06-15T23:16:52.834+0000] {processor.py:157} INFO - Started process (PID=2317) to work on /home/airflow/.local/lib/python3.7/site-packages/airflow/example_dags/example_time_delta_sensor_async.py
[2023-06-15T23:16:52.837+0000] {processor.py:826} INFO - Processing file /home/airflow/.local/lib/python3.7/site-packages/airflow/example_dags/example_time_delta_sensor_async.py for tasks to queue
[2023-06-15T23:16:52.838+0000] {logging_mixin.py:149} INFO - [2023-06-15T23:16:52.838+0000] {dagbag.py:541} INFO - Filling up the DagBag from /home/airflow/.local/lib/python3.7/site-packages/airflow/example_dags/example_time_delta_sensor_async.py
[2023-06-15T23:16:52.844+0000] {processor.py:836} INFO - DAG(s) dict_keys(['example_time_delta_sensor_async']) retrieved from /home/airflow/.local/lib/python3.7/site-packages/airflow/example_dags/example_time_delta_sensor_async.py
[2023-06-15T23:16:52.881+0000] {logging_mixin.py:149} INFO - [2023-06-15T23:16:52.881+0000] {dag.py:2726} INFO - Sync 1 DAGs
[2023-06-15T23:16:52.925+0000] {logging_mixin.py:149} INFO - [2023-06-15T23:16:52.925+0000] {dag.py:3490} INFO - Setting next_dagrun for example_time_delta_sensor_async to None, run_after=None
[2023-06-15T23:16:52.997+0000] {processor.py:179} INFO - Processing /home/airflow/.local/lib/python3.7/site-packages/airflow/example_dags/example_time_delta_sensor_async.py took 0.167 seconds
[2023-06-15T23:17:52.947+0000] {processor.py:157} INFO - Started process (PID=2529) to work on /home/airflow/.local/lib/python3.7/site-packages/airflow/example_dags/example_time_delta_sensor_async.py
[2023-06-15T23:17:52.948+0000] {processor.py:826} INFO - Processing file /home/airflow/.local/lib/python3.7/site-packages/airflow/example_dags/example_time_delta_sensor_async.py for tasks to queue
[2023-06-15T23:17:52.950+0000] {logging_mixin.py:149} INFO - [2023-06-15T23:17:52.950+0000] {dagbag.py:541} INFO - Filling up the DagBag from /home/airflow/.local/lib/python3.7/site-packages/airflow/example_dags/example_time_delta_sensor_async.py
[2023-06-15T23:17:52.956+0000] {processor.py:836} INFO - DAG(s) dict_keys(['example_time_delta_sensor_async']) retrieved from /home/airflow/.local/lib/python3.7/site-packages/airflow/example_dags/example_time_delta_sensor_async.py
[2023-06-15T23:17:52.995+0000] {logging_mixin.py:149} INFO - [2023-06-15T23:17:52.995+0000] {dag.py:2726} INFO - Sync 1 DAGs
[2023-06-15T23:17:53.061+0000] {logging_mixin.py:149} INFO - [2023-06-15T23:17:53.060+0000] {dag.py:3490} INFO - Setting next_dagrun for example_time_delta_sensor_async to None, run_after=None
[2023-06-15T23:17:53.134+0000] {processor.py:179} INFO - Processing /home/airflow/.local/lib/python3.7/site-packages/airflow/example_dags/example_time_delta_sensor_async.py took 0.193 seconds
[2023-06-15T23:21:56.696+0000] {processor.py:157} INFO - Started process (PID=2838) to work on /home/airflow/.local/lib/python3.7/site-packages/airflow/example_dags/example_time_delta_sensor_async.py
[2023-06-15T23:21:56.698+0000] {processor.py:826} INFO - Processing file /home/airflow/.local/lib/python3.7/site-packages/airflow/example_dags/example_time_delta_sensor_async.py for tasks to queue
[2023-06-15T23:21:56.699+0000] {logging_mixin.py:149} INFO - [2023-06-15T23:21:56.699+0000] {dagbag.py:541} INFO - Filling up the DagBag from /home/airflow/.local/lib/python3.7/site-packages/airflow/example_dags/example_time_delta_sensor_async.py
[2023-06-15T23:21:56.705+0000] {processor.py:836} INFO - DAG(s) dict_keys(['example_time_delta_sensor_async']) retrieved from /home/airflow/.local/lib/python3.7/site-packages/airflow/example_dags/example_time_delta_sensor_async.py
[2023-06-15T23:21:56.741+0000] {logging_mixin.py:149} INFO - [2023-06-15T23:21:56.741+0000] {dag.py:2726} INFO - Sync 1 DAGs
[2023-06-15T23:21:56.775+0000] {logging_mixin.py:149} INFO - [2023-06-15T23:21:56.775+0000] {dag.py:3490} INFO - Setting next_dagrun for example_time_delta_sensor_async to None, run_after=None
[2023-06-15T23:21:56.900+0000] {processor.py:179} INFO - Processing /home/airflow/.local/lib/python3.7/site-packages/airflow/example_dags/example_time_delta_sensor_async.py took 0.209 seconds
[2023-06-15T23:22:28.279+0000] {processor.py:157} INFO - Started process (PID=3079) to work on /home/airflow/.local/lib/python3.7/site-packages/airflow/example_dags/example_time_delta_sensor_async.py
[2023-06-15T23:22:28.280+0000] {processor.py:826} INFO - Processing file /home/airflow/.local/lib/python3.7/site-packages/airflow/example_dags/example_time_delta_sensor_async.py for tasks to queue
[2023-06-15T23:22:28.282+0000] {logging_mixin.py:149} INFO - [2023-06-15T23:22:28.282+0000] {dagbag.py:541} INFO - Filling up the DagBag from /home/airflow/.local/lib/python3.7/site-packages/airflow/example_dags/example_time_delta_sensor_async.py
[2023-06-15T23:22:28.289+0000] {processor.py:836} INFO - DAG(s) dict_keys(['example_time_delta_sensor_async']) retrieved from /home/airflow/.local/lib/python3.7/site-packages/airflow/example_dags/example_time_delta_sensor_async.py
[2023-06-15T23:22:28.329+0000] {logging_mixin.py:149} INFO - [2023-06-15T23:22:28.329+0000] {dag.py:2726} INFO - Sync 1 DAGs
[2023-06-15T23:22:28.369+0000] {logging_mixin.py:149} INFO - [2023-06-15T23:22:28.369+0000] {dag.py:3490} INFO - Setting next_dagrun for example_time_delta_sensor_async to None, run_after=None
[2023-06-15T23:22:28.404+0000] {processor.py:179} INFO - Processing /home/airflow/.local/lib/python3.7/site-packages/airflow/example_dags/example_time_delta_sensor_async.py took 0.131 seconds
[2023-06-15T23:23:28.514+0000] {processor.py:157} INFO - Started process (PID=3236) to work on /home/airflow/.local/lib/python3.7/site-packages/airflow/example_dags/example_time_delta_sensor_async.py
[2023-06-15T23:23:28.517+0000] {processor.py:826} INFO - Processing file /home/airflow/.local/lib/python3.7/site-packages/airflow/example_dags/example_time_delta_sensor_async.py for tasks to queue
[2023-06-15T23:23:28.518+0000] {logging_mixin.py:149} INFO - [2023-06-15T23:23:28.518+0000] {dagbag.py:541} INFO - Filling up the DagBag from /home/airflow/.local/lib/python3.7/site-packages/airflow/example_dags/example_time_delta_sensor_async.py
[2023-06-15T23:23:28.524+0000] {processor.py:836} INFO - DAG(s) dict_keys(['example_time_delta_sensor_async']) retrieved from /home/airflow/.local/lib/python3.7/site-packages/airflow/example_dags/example_time_delta_sensor_async.py
[2023-06-15T23:23:28.559+0000] {logging_mixin.py:149} INFO - [2023-06-15T23:23:28.559+0000] {dag.py:2726} INFO - Sync 1 DAGs
[2023-06-15T23:23:28.595+0000] {logging_mixin.py:149} INFO - [2023-06-15T23:23:28.594+0000] {dag.py:3490} INFO - Setting next_dagrun for example_time_delta_sensor_async to None, run_after=None
[2023-06-15T23:23:28.632+0000] {processor.py:179} INFO - Processing /home/airflow/.local/lib/python3.7/site-packages/airflow/example_dags/example_time_delta_sensor_async.py took 0.124 seconds
[2023-06-15T23:24:09.634+0000] {processor.py:157} INFO - Started process (PID=3476) to work on /home/airflow/.local/lib/python3.7/site-packages/airflow/example_dags/example_time_delta_sensor_async.py
[2023-06-15T23:24:09.636+0000] {processor.py:826} INFO - Processing file /home/airflow/.local/lib/python3.7/site-packages/airflow/example_dags/example_time_delta_sensor_async.py for tasks to queue
[2023-06-15T23:24:09.637+0000] {logging_mixin.py:149} INFO - [2023-06-15T23:24:09.637+0000] {dagbag.py:541} INFO - Filling up the DagBag from /home/airflow/.local/lib/python3.7/site-packages/airflow/example_dags/example_time_delta_sensor_async.py
[2023-06-15T23:24:09.644+0000] {processor.py:836} INFO - DAG(s) dict_keys(['example_time_delta_sensor_async']) retrieved from /home/airflow/.local/lib/python3.7/site-packages/airflow/example_dags/example_time_delta_sensor_async.py
[2023-06-15T23:24:09.688+0000] {logging_mixin.py:149} INFO - [2023-06-15T23:24:09.687+0000] {dag.py:2726} INFO - Sync 1 DAGs
[2023-06-15T23:24:09.747+0000] {logging_mixin.py:149} INFO - [2023-06-15T23:24:09.746+0000] {dag.py:3490} INFO - Setting next_dagrun for example_time_delta_sensor_async to None, run_after=None
[2023-06-15T23:24:09.806+0000] {processor.py:179} INFO - Processing /home/airflow/.local/lib/python3.7/site-packages/airflow/example_dags/example_time_delta_sensor_async.py took 0.177 seconds
[2023-06-15T23:26:43.017+0000] {processor.py:157} INFO - Started process (PID=3709) to work on /home/airflow/.local/lib/python3.7/site-packages/airflow/example_dags/example_time_delta_sensor_async.py
[2023-06-15T23:26:43.019+0000] {processor.py:826} INFO - Processing file /home/airflow/.local/lib/python3.7/site-packages/airflow/example_dags/example_time_delta_sensor_async.py for tasks to queue
[2023-06-15T23:26:43.021+0000] {logging_mixin.py:149} INFO - [2023-06-15T23:26:43.020+0000] {dagbag.py:541} INFO - Filling up the DagBag from /home/airflow/.local/lib/python3.7/site-packages/airflow/example_dags/example_time_delta_sensor_async.py
[2023-06-15T23:26:43.028+0000] {processor.py:836} INFO - DAG(s) dict_keys(['example_time_delta_sensor_async']) retrieved from /home/airflow/.local/lib/python3.7/site-packages/airflow/example_dags/example_time_delta_sensor_async.py
[2023-06-15T23:26:43.069+0000] {logging_mixin.py:149} INFO - [2023-06-15T23:26:43.069+0000] {dag.py:2726} INFO - Sync 1 DAGs
[2023-06-15T23:26:43.103+0000] {logging_mixin.py:149} INFO - [2023-06-15T23:26:43.103+0000] {dag.py:3490} INFO - Setting next_dagrun for example_time_delta_sensor_async to None, run_after=None
[2023-06-15T23:26:43.136+0000] {processor.py:179} INFO - Processing /home/airflow/.local/lib/python3.7/site-packages/airflow/example_dags/example_time_delta_sensor_async.py took 0.123 seconds
[2023-06-15T23:28:02.584+0000] {processor.py:157} INFO - Started process (PID=3972) to work on /home/airflow/.local/lib/python3.7/site-packages/airflow/example_dags/example_time_delta_sensor_async.py
[2023-06-15T23:28:02.585+0000] {processor.py:826} INFO - Processing file /home/airflow/.local/lib/python3.7/site-packages/airflow/example_dags/example_time_delta_sensor_async.py for tasks to queue
[2023-06-15T23:28:02.587+0000] {logging_mixin.py:149} INFO - [2023-06-15T23:28:02.587+0000] {dagbag.py:541} INFO - Filling up the DagBag from /home/airflow/.local/lib/python3.7/site-packages/airflow/example_dags/example_time_delta_sensor_async.py
[2023-06-15T23:28:02.594+0000] {processor.py:836} INFO - DAG(s) dict_keys(['example_time_delta_sensor_async']) retrieved from /home/airflow/.local/lib/python3.7/site-packages/airflow/example_dags/example_time_delta_sensor_async.py
[2023-06-15T23:28:02.631+0000] {logging_mixin.py:149} INFO - [2023-06-15T23:28:02.630+0000] {dag.py:2726} INFO - Sync 1 DAGs
[2023-06-15T23:28:02.666+0000] {logging_mixin.py:149} INFO - [2023-06-15T23:28:02.665+0000] {dag.py:3490} INFO - Setting next_dagrun for example_time_delta_sensor_async to None, run_after=None
[2023-06-15T23:28:02.717+0000] {processor.py:179} INFO - Processing /home/airflow/.local/lib/python3.7/site-packages/airflow/example_dags/example_time_delta_sensor_async.py took 0.137 seconds
[2023-06-15T23:30:48.506+0000] {processor.py:157} INFO - Started process (PID=4216) to work on /home/airflow/.local/lib/python3.7/site-packages/airflow/example_dags/example_time_delta_sensor_async.py
[2023-06-15T23:30:48.508+0000] {processor.py:826} INFO - Processing file /home/airflow/.local/lib/python3.7/site-packages/airflow/example_dags/example_time_delta_sensor_async.py for tasks to queue
[2023-06-15T23:30:48.519+0000] {logging_mixin.py:149} INFO - [2023-06-15T23:30:48.519+0000] {dagbag.py:541} INFO - Filling up the DagBag from /home/airflow/.local/lib/python3.7/site-packages/airflow/example_dags/example_time_delta_sensor_async.py
[2023-06-15T23:30:48.526+0000] {processor.py:836} INFO - DAG(s) dict_keys(['example_time_delta_sensor_async']) retrieved from /home/airflow/.local/lib/python3.7/site-packages/airflow/example_dags/example_time_delta_sensor_async.py
[2023-06-15T23:30:48.578+0000] {logging_mixin.py:149} INFO - [2023-06-15T23:30:48.577+0000] {dag.py:2726} INFO - Sync 1 DAGs
[2023-06-15T23:30:48.649+0000] {logging_mixin.py:149} INFO - [2023-06-15T23:30:48.649+0000] {dag.py:3490} INFO - Setting next_dagrun for example_time_delta_sensor_async to None, run_after=None
[2023-06-15T23:30:48.720+0000] {processor.py:179} INFO - Processing /home/airflow/.local/lib/python3.7/site-packages/airflow/example_dags/example_time_delta_sensor_async.py took 0.218 seconds
[2023-06-15T23:32:05.014+0000] {processor.py:157} INFO - Started process (PID=4450) to work on /home/airflow/.local/lib/python3.7/site-packages/airflow/example_dags/example_time_delta_sensor_async.py
[2023-06-15T23:32:05.017+0000] {processor.py:826} INFO - Processing file /home/airflow/.local/lib/python3.7/site-packages/airflow/example_dags/example_time_delta_sensor_async.py for tasks to queue
[2023-06-15T23:32:05.019+0000] {logging_mixin.py:149} INFO - [2023-06-15T23:32:05.019+0000] {dagbag.py:541} INFO - Filling up the DagBag from /home/airflow/.local/lib/python3.7/site-packages/airflow/example_dags/example_time_delta_sensor_async.py
[2023-06-15T23:32:05.029+0000] {processor.py:836} INFO - DAG(s) dict_keys(['example_time_delta_sensor_async']) retrieved from /home/airflow/.local/lib/python3.7/site-packages/airflow/example_dags/example_time_delta_sensor_async.py
[2023-06-15T23:32:05.076+0000] {logging_mixin.py:149} INFO - [2023-06-15T23:32:05.076+0000] {dag.py:2726} INFO - Sync 1 DAGs
[2023-06-15T23:32:05.124+0000] {logging_mixin.py:149} INFO - [2023-06-15T23:32:05.124+0000] {dag.py:3490} INFO - Setting next_dagrun for example_time_delta_sensor_async to None, run_after=None
[2023-06-15T23:32:05.157+0000] {processor.py:179} INFO - Processing /home/airflow/.local/lib/python3.7/site-packages/airflow/example_dags/example_time_delta_sensor_async.py took 0.148 seconds
[2023-06-15T23:33:28.193+0000] {processor.py:157} INFO - Started process (PID=4615) to work on /home/airflow/.local/lib/python3.7/site-packages/airflow/example_dags/example_time_delta_sensor_async.py
[2023-06-15T23:33:28.195+0000] {processor.py:826} INFO - Processing file /home/airflow/.local/lib/python3.7/site-packages/airflow/example_dags/example_time_delta_sensor_async.py for tasks to queue
[2023-06-15T23:33:28.196+0000] {logging_mixin.py:149} INFO - [2023-06-15T23:33:28.196+0000] {dagbag.py:541} INFO - Filling up the DagBag from /home/airflow/.local/lib/python3.7/site-packages/airflow/example_dags/example_time_delta_sensor_async.py
[2023-06-15T23:33:28.201+0000] {processor.py:836} INFO - DAG(s) dict_keys(['example_time_delta_sensor_async']) retrieved from /home/airflow/.local/lib/python3.7/site-packages/airflow/example_dags/example_time_delta_sensor_async.py
[2023-06-15T23:33:28.240+0000] {logging_mixin.py:149} INFO - [2023-06-15T23:33:28.240+0000] {dag.py:2726} INFO - Sync 1 DAGs
[2023-06-15T23:33:28.282+0000] {logging_mixin.py:149} INFO - [2023-06-15T23:33:28.282+0000] {dag.py:3490} INFO - Setting next_dagrun for example_time_delta_sensor_async to None, run_after=None
[2023-06-15T23:33:28.326+0000] {processor.py:179} INFO - Processing /home/airflow/.local/lib/python3.7/site-packages/airflow/example_dags/example_time_delta_sensor_async.py took 0.137 seconds
[2023-06-15T23:35:13.967+0000] {processor.py:157} INFO - Started process (PID=4840) to work on /home/airflow/.local/lib/python3.7/site-packages/airflow/example_dags/example_time_delta_sensor_async.py
[2023-06-15T23:35:13.969+0000] {processor.py:826} INFO - Processing file /home/airflow/.local/lib/python3.7/site-packages/airflow/example_dags/example_time_delta_sensor_async.py for tasks to queue
[2023-06-15T23:35:13.971+0000] {logging_mixin.py:149} INFO - [2023-06-15T23:35:13.971+0000] {dagbag.py:541} INFO - Filling up the DagBag from /home/airflow/.local/lib/python3.7/site-packages/airflow/example_dags/example_time_delta_sensor_async.py
[2023-06-15T23:35:13.977+0000] {processor.py:836} INFO - DAG(s) dict_keys(['example_time_delta_sensor_async']) retrieved from /home/airflow/.local/lib/python3.7/site-packages/airflow/example_dags/example_time_delta_sensor_async.py
[2023-06-15T23:35:14.015+0000] {logging_mixin.py:149} INFO - [2023-06-15T23:35:14.015+0000] {dag.py:2726} INFO - Sync 1 DAGs
[2023-06-15T23:35:14.045+0000] {logging_mixin.py:149} INFO - [2023-06-15T23:35:14.045+0000] {dag.py:3490} INFO - Setting next_dagrun for example_time_delta_sensor_async to None, run_after=None
[2023-06-15T23:35:14.081+0000] {processor.py:179} INFO - Processing /home/airflow/.local/lib/python3.7/site-packages/airflow/example_dags/example_time_delta_sensor_async.py took 0.118 seconds
