[2023-06-15T23:01:06.421+0000] {processor.py:157} INFO - Started process (PID=224) to work on /home/airflow/.local/lib/python3.7/site-packages/airflow/example_dags/example_branch_python_dop_operator_3.py
[2023-06-15T23:01:06.423+0000] {processor.py:826} INFO - Processing file /home/airflow/.local/lib/python3.7/site-packages/airflow/example_dags/example_branch_python_dop_operator_3.py for tasks to queue
[2023-06-15T23:01:06.424+0000] {logging_mixin.py:149} INFO - [2023-06-15T23:01:06.424+0000] {dagbag.py:541} INFO - Filling up the DagBag from /home/airflow/.local/lib/python3.7/site-packages/airflow/example_dags/example_branch_python_dop_operator_3.py
[2023-06-15T23:01:06.444+0000] {processor.py:836} INFO - DAG(s) dict_keys(['example_branch_dop_operator_v3']) retrieved from /home/airflow/.local/lib/python3.7/site-packages/airflow/example_dags/example_branch_python_dop_operator_3.py
[2023-06-15T23:01:06.489+0000] {logging_mixin.py:149} INFO - [2023-06-15T23:01:06.489+0000] {dag.py:2726} INFO - Sync 1 DAGs
[2023-06-15T23:01:06.532+0000] {logging_mixin.py:149} INFO - [2023-06-15T23:01:06.532+0000] {dag.py:3490} INFO - Setting next_dagrun for example_branch_dop_operator_v3 to 2023-06-15T23:00:00+00:00, run_after=2023-06-15T23:01:00+00:00
[2023-06-15T23:01:06.766+0000] {processor.py:179} INFO - Processing /home/airflow/.local/lib/python3.7/site-packages/airflow/example_dags/example_branch_python_dop_operator_3.py took 0.350 seconds
[2023-06-15T23:05:53.901+0000] {processor.py:157} INFO - Started process (PID=476) to work on /home/airflow/.local/lib/python3.7/site-packages/airflow/example_dags/example_branch_python_dop_operator_3.py
[2023-06-15T23:05:53.916+0000] {processor.py:826} INFO - Processing file /home/airflow/.local/lib/python3.7/site-packages/airflow/example_dags/example_branch_python_dop_operator_3.py for tasks to queue
[2023-06-15T23:05:53.917+0000] {logging_mixin.py:149} INFO - [2023-06-15T23:05:53.917+0000] {dagbag.py:541} INFO - Filling up the DagBag from /home/airflow/.local/lib/python3.7/site-packages/airflow/example_dags/example_branch_python_dop_operator_3.py
[2023-06-15T23:06:03.009+0000] {processor.py:836} INFO - DAG(s) dict_keys(['example_branch_dop_operator_v3']) retrieved from /home/airflow/.local/lib/python3.7/site-packages/airflow/example_dags/example_branch_python_dop_operator_3.py
[2023-06-15T23:06:03.104+0000] {logging_mixin.py:149} INFO - [2023-06-15T23:06:03.104+0000] {dag.py:2726} INFO - Sync 1 DAGs
[2023-06-15T23:06:03.167+0000] {logging_mixin.py:149} INFO - [2023-06-15T23:06:03.166+0000] {dag.py:3490} INFO - Setting next_dagrun for example_branch_dop_operator_v3 to 2023-06-15T23:05:00+00:00, run_after=2023-06-15T23:06:00+00:00
[2023-06-15T23:06:03.213+0000] {processor.py:179} INFO - Processing /home/airflow/.local/lib/python3.7/site-packages/airflow/example_dags/example_branch_python_dop_operator_3.py took 9.327 seconds
[2023-06-15T23:06:34.166+0000] {processor.py:157} INFO - Started process (PID=709) to work on /home/airflow/.local/lib/python3.7/site-packages/airflow/example_dags/example_branch_python_dop_operator_3.py
[2023-06-15T23:06:34.171+0000] {processor.py:826} INFO - Processing file /home/airflow/.local/lib/python3.7/site-packages/airflow/example_dags/example_branch_python_dop_operator_3.py for tasks to queue
[2023-06-15T23:06:34.174+0000] {logging_mixin.py:149} INFO - [2023-06-15T23:06:34.173+0000] {dagbag.py:541} INFO - Filling up the DagBag from /home/airflow/.local/lib/python3.7/site-packages/airflow/example_dags/example_branch_python_dop_operator_3.py
[2023-06-15T23:06:34.187+0000] {processor.py:836} INFO - DAG(s) dict_keys(['example_branch_dop_operator_v3']) retrieved from /home/airflow/.local/lib/python3.7/site-packages/airflow/example_dags/example_branch_python_dop_operator_3.py
[2023-06-15T23:06:34.227+0000] {logging_mixin.py:149} INFO - [2023-06-15T23:06:34.227+0000] {dag.py:2726} INFO - Sync 1 DAGs
[2023-06-15T23:06:34.266+0000] {logging_mixin.py:149} INFO - [2023-06-15T23:06:34.266+0000] {dag.py:3490} INFO - Setting next_dagrun for example_branch_dop_operator_v3 to 2023-06-15T23:05:00+00:00, run_after=2023-06-15T23:06:00+00:00
[2023-06-15T23:06:34.293+0000] {processor.py:179} INFO - Processing /home/airflow/.local/lib/python3.7/site-packages/airflow/example_dags/example_branch_python_dop_operator_3.py took 0.131 seconds
[2023-06-15T23:07:55.373+0000] {processor.py:157} INFO - Started process (PID=975) to work on /home/airflow/.local/lib/python3.7/site-packages/airflow/example_dags/example_branch_python_dop_operator_3.py
[2023-06-15T23:07:55.375+0000] {processor.py:826} INFO - Processing file /home/airflow/.local/lib/python3.7/site-packages/airflow/example_dags/example_branch_python_dop_operator_3.py for tasks to queue
[2023-06-15T23:07:55.377+0000] {logging_mixin.py:149} INFO - [2023-06-15T23:07:55.377+0000] {dagbag.py:541} INFO - Filling up the DagBag from /home/airflow/.local/lib/python3.7/site-packages/airflow/example_dags/example_branch_python_dop_operator_3.py
[2023-06-15T23:07:55.388+0000] {processor.py:836} INFO - DAG(s) dict_keys(['example_branch_dop_operator_v3']) retrieved from /home/airflow/.local/lib/python3.7/site-packages/airflow/example_dags/example_branch_python_dop_operator_3.py
[2023-06-15T23:07:55.424+0000] {logging_mixin.py:149} INFO - [2023-06-15T23:07:55.423+0000] {dag.py:2726} INFO - Sync 1 DAGs
[2023-06-15T23:07:55.462+0000] {logging_mixin.py:149} INFO - [2023-06-15T23:07:55.462+0000] {dag.py:3490} INFO - Setting next_dagrun for example_branch_dop_operator_v3 to 2023-06-15T23:06:00+00:00, run_after=2023-06-15T23:07:00+00:00
[2023-06-15T23:07:55.490+0000] {processor.py:179} INFO - Processing /home/airflow/.local/lib/python3.7/site-packages/airflow/example_dags/example_branch_python_dop_operator_3.py took 0.122 seconds
[2023-06-15T23:09:21.446+0000] {processor.py:157} INFO - Started process (PID=1142) to work on /home/airflow/.local/lib/python3.7/site-packages/airflow/example_dags/example_branch_python_dop_operator_3.py
[2023-06-15T23:09:21.448+0000] {processor.py:826} INFO - Processing file /home/airflow/.local/lib/python3.7/site-packages/airflow/example_dags/example_branch_python_dop_operator_3.py for tasks to queue
[2023-06-15T23:09:21.450+0000] {logging_mixin.py:149} INFO - [2023-06-15T23:09:21.449+0000] {dagbag.py:541} INFO - Filling up the DagBag from /home/airflow/.local/lib/python3.7/site-packages/airflow/example_dags/example_branch_python_dop_operator_3.py
[2023-06-15T23:09:21.463+0000] {processor.py:836} INFO - DAG(s) dict_keys(['example_branch_dop_operator_v3']) retrieved from /home/airflow/.local/lib/python3.7/site-packages/airflow/example_dags/example_branch_python_dop_operator_3.py
[2023-06-15T23:09:21.594+0000] {logging_mixin.py:149} INFO - [2023-06-15T23:09:21.594+0000] {dag.py:2726} INFO - Sync 1 DAGs
[2023-06-15T23:09:21.677+0000] {logging_mixin.py:149} INFO - [2023-06-15T23:09:21.676+0000] {dag.py:3490} INFO - Setting next_dagrun for example_branch_dop_operator_v3 to 2023-06-15T23:08:00+00:00, run_after=2023-06-15T23:09:00+00:00
[2023-06-15T23:09:21.816+0000] {processor.py:179} INFO - Processing /home/airflow/.local/lib/python3.7/site-packages/airflow/example_dags/example_branch_python_dop_operator_3.py took 0.374 seconds
[2023-06-15T23:11:00.871+0000] {processor.py:157} INFO - Started process (PID=1338) to work on /home/airflow/.local/lib/python3.7/site-packages/airflow/example_dags/example_branch_python_dop_operator_3.py
[2023-06-15T23:11:00.873+0000] {processor.py:826} INFO - Processing file /home/airflow/.local/lib/python3.7/site-packages/airflow/example_dags/example_branch_python_dop_operator_3.py for tasks to queue
[2023-06-15T23:11:00.879+0000] {logging_mixin.py:149} INFO - [2023-06-15T23:11:00.879+0000] {dagbag.py:541} INFO - Filling up the DagBag from /home/airflow/.local/lib/python3.7/site-packages/airflow/example_dags/example_branch_python_dop_operator_3.py
[2023-06-15T23:11:00.897+0000] {processor.py:836} INFO - DAG(s) dict_keys(['example_branch_dop_operator_v3']) retrieved from /home/airflow/.local/lib/python3.7/site-packages/airflow/example_dags/example_branch_python_dop_operator_3.py
[2023-06-15T23:11:00.949+0000] {logging_mixin.py:149} INFO - [2023-06-15T23:11:00.949+0000] {dag.py:2726} INFO - Sync 1 DAGs
[2023-06-15T23:11:01.006+0000] {logging_mixin.py:149} INFO - [2023-06-15T23:11:01.006+0000] {dag.py:3490} INFO - Setting next_dagrun for example_branch_dop_operator_v3 to 2023-06-15T23:10:00+00:00, run_after=2023-06-15T23:11:00+00:00
[2023-06-15T23:11:01.044+0000] {processor.py:179} INFO - Processing /home/airflow/.local/lib/python3.7/site-packages/airflow/example_dags/example_branch_python_dop_operator_3.py took 0.178 seconds
[2023-06-15T23:12:14.014+0000] {processor.py:157} INFO - Started process (PID=1571) to work on /home/airflow/.local/lib/python3.7/site-packages/airflow/example_dags/example_branch_python_dop_operator_3.py
[2023-06-15T23:12:14.512+0000] {processor.py:826} INFO - Processing file /home/airflow/.local/lib/python3.7/site-packages/airflow/example_dags/example_branch_python_dop_operator_3.py for tasks to queue
[2023-06-15T23:12:14.567+0000] {logging_mixin.py:149} INFO - [2023-06-15T23:12:14.566+0000] {dagbag.py:541} INFO - Filling up the DagBag from /home/airflow/.local/lib/python3.7/site-packages/airflow/example_dags/example_branch_python_dop_operator_3.py
[2023-06-15T23:12:15.211+0000] {processor.py:836} INFO - DAG(s) dict_keys(['example_branch_dop_operator_v3']) retrieved from /home/airflow/.local/lib/python3.7/site-packages/airflow/example_dags/example_branch_python_dop_operator_3.py
[2023-06-15T23:12:16.521+0000] {logging_mixin.py:149} INFO - [2023-06-15T23:12:16.520+0000] {dag.py:2726} INFO - Sync 1 DAGs
[2023-06-15T23:12:18.453+0000] {logging_mixin.py:149} INFO - [2023-06-15T23:12:18.452+0000] {dag.py:3490} INFO - Setting next_dagrun for example_branch_dop_operator_v3 to 2023-06-15T23:11:00+00:00, run_after=2023-06-15T23:12:00+00:00
[2023-06-15T23:12:18.686+0000] {processor.py:179} INFO - Processing /home/airflow/.local/lib/python3.7/site-packages/airflow/example_dags/example_branch_python_dop_operator_3.py took 4.676 seconds
[2023-06-15T23:13:26.588+0000] {processor.py:157} INFO - Started process (PID=1824) to work on /home/airflow/.local/lib/python3.7/site-packages/airflow/example_dags/example_branch_python_dop_operator_3.py
[2023-06-15T23:13:26.590+0000] {processor.py:826} INFO - Processing file /home/airflow/.local/lib/python3.7/site-packages/airflow/example_dags/example_branch_python_dop_operator_3.py for tasks to queue
[2023-06-15T23:13:26.591+0000] {logging_mixin.py:149} INFO - [2023-06-15T23:13:26.591+0000] {dagbag.py:541} INFO - Filling up the DagBag from /home/airflow/.local/lib/python3.7/site-packages/airflow/example_dags/example_branch_python_dop_operator_3.py
[2023-06-15T23:13:26.603+0000] {processor.py:836} INFO - DAG(s) dict_keys(['example_branch_dop_operator_v3']) retrieved from /home/airflow/.local/lib/python3.7/site-packages/airflow/example_dags/example_branch_python_dop_operator_3.py
[2023-06-15T23:13:26.636+0000] {logging_mixin.py:149} INFO - [2023-06-15T23:13:26.636+0000] {dag.py:2726} INFO - Sync 1 DAGs
[2023-06-15T23:13:26.675+0000] {logging_mixin.py:149} INFO - [2023-06-15T23:13:26.675+0000] {dag.py:3490} INFO - Setting next_dagrun for example_branch_dop_operator_v3 to 2023-06-15T23:12:00+00:00, run_after=2023-06-15T23:13:00+00:00
[2023-06-15T23:13:26.705+0000] {processor.py:179} INFO - Processing /home/airflow/.local/lib/python3.7/site-packages/airflow/example_dags/example_branch_python_dop_operator_3.py took 0.121 seconds
[2023-06-15T23:14:59.469+0000] {processor.py:157} INFO - Started process (PID=1951) to work on /home/airflow/.local/lib/python3.7/site-packages/airflow/example_dags/example_branch_python_dop_operator_3.py
[2023-06-15T23:14:59.471+0000] {processor.py:826} INFO - Processing file /home/airflow/.local/lib/python3.7/site-packages/airflow/example_dags/example_branch_python_dop_operator_3.py for tasks to queue
[2023-06-15T23:14:59.472+0000] {logging_mixin.py:149} INFO - [2023-06-15T23:14:59.472+0000] {dagbag.py:541} INFO - Filling up the DagBag from /home/airflow/.local/lib/python3.7/site-packages/airflow/example_dags/example_branch_python_dop_operator_3.py
[2023-06-15T23:14:59.491+0000] {processor.py:836} INFO - DAG(s) dict_keys(['example_branch_dop_operator_v3']) retrieved from /home/airflow/.local/lib/python3.7/site-packages/airflow/example_dags/example_branch_python_dop_operator_3.py
[2023-06-15T23:14:59.535+0000] {logging_mixin.py:149} INFO - [2023-06-15T23:14:59.535+0000] {dag.py:2726} INFO - Sync 1 DAGs
[2023-06-15T23:14:59.580+0000] {logging_mixin.py:149} INFO - [2023-06-15T23:14:59.579+0000] {dag.py:3490} INFO - Setting next_dagrun for example_branch_dop_operator_v3 to 2023-06-15T23:13:00+00:00, run_after=2023-06-15T23:14:00+00:00
[2023-06-15T23:14:59.608+0000] {processor.py:179} INFO - Processing /home/airflow/.local/lib/python3.7/site-packages/airflow/example_dags/example_branch_python_dop_operator_3.py took 0.144 seconds
[2023-06-15T23:15:45.103+0000] {processor.py:157} INFO - Started process (PID=2164) to work on /home/airflow/.local/lib/python3.7/site-packages/airflow/example_dags/example_branch_python_dop_operator_3.py
[2023-06-15T23:15:45.105+0000] {processor.py:826} INFO - Processing file /home/airflow/.local/lib/python3.7/site-packages/airflow/example_dags/example_branch_python_dop_operator_3.py for tasks to queue
[2023-06-15T23:15:45.106+0000] {logging_mixin.py:149} INFO - [2023-06-15T23:15:45.106+0000] {dagbag.py:541} INFO - Filling up the DagBag from /home/airflow/.local/lib/python3.7/site-packages/airflow/example_dags/example_branch_python_dop_operator_3.py
[2023-06-15T23:15:45.116+0000] {processor.py:836} INFO - DAG(s) dict_keys(['example_branch_dop_operator_v3']) retrieved from /home/airflow/.local/lib/python3.7/site-packages/airflow/example_dags/example_branch_python_dop_operator_3.py
[2023-06-15T23:15:45.159+0000] {logging_mixin.py:149} INFO - [2023-06-15T23:15:45.158+0000] {dag.py:2726} INFO - Sync 1 DAGs
[2023-06-15T23:15:45.213+0000] {logging_mixin.py:149} INFO - [2023-06-15T23:15:45.212+0000] {dag.py:3490} INFO - Setting next_dagrun for example_branch_dop_operator_v3 to 2023-06-15T23:14:00+00:00, run_after=2023-06-15T23:15:00+00:00
[2023-06-15T23:15:45.243+0000] {processor.py:179} INFO - Processing /home/airflow/.local/lib/python3.7/site-packages/airflow/example_dags/example_branch_python_dop_operator_3.py took 0.144 seconds
[2023-06-15T23:16:50.413+0000] {processor.py:157} INFO - Started process (PID=2267) to work on /home/airflow/.local/lib/python3.7/site-packages/airflow/example_dags/example_branch_python_dop_operator_3.py
[2023-06-15T23:16:50.415+0000] {processor.py:826} INFO - Processing file /home/airflow/.local/lib/python3.7/site-packages/airflow/example_dags/example_branch_python_dop_operator_3.py for tasks to queue
[2023-06-15T23:16:50.416+0000] {logging_mixin.py:149} INFO - [2023-06-15T23:16:50.416+0000] {dagbag.py:541} INFO - Filling up the DagBag from /home/airflow/.local/lib/python3.7/site-packages/airflow/example_dags/example_branch_python_dop_operator_3.py
[2023-06-15T23:16:50.427+0000] {processor.py:836} INFO - DAG(s) dict_keys(['example_branch_dop_operator_v3']) retrieved from /home/airflow/.local/lib/python3.7/site-packages/airflow/example_dags/example_branch_python_dop_operator_3.py
[2023-06-15T23:16:50.463+0000] {logging_mixin.py:149} INFO - [2023-06-15T23:16:50.463+0000] {dag.py:2726} INFO - Sync 1 DAGs
[2023-06-15T23:16:50.510+0000] {logging_mixin.py:149} INFO - [2023-06-15T23:16:50.510+0000] {dag.py:3490} INFO - Setting next_dagrun for example_branch_dop_operator_v3 to 2023-06-15T23:15:00+00:00, run_after=2023-06-15T23:16:00+00:00
[2023-06-15T23:16:50.540+0000] {processor.py:179} INFO - Processing /home/airflow/.local/lib/python3.7/site-packages/airflow/example_dags/example_branch_python_dop_operator_3.py took 0.133 seconds
[2023-06-15T23:17:42.290+0000] {processor.py:157} INFO - Started process (PID=2476) to work on /home/airflow/.local/lib/python3.7/site-packages/airflow/example_dags/example_branch_python_dop_operator_3.py
[2023-06-15T23:17:42.292+0000] {processor.py:826} INFO - Processing file /home/airflow/.local/lib/python3.7/site-packages/airflow/example_dags/example_branch_python_dop_operator_3.py for tasks to queue
[2023-06-15T23:17:42.294+0000] {logging_mixin.py:149} INFO - [2023-06-15T23:17:42.294+0000] {dagbag.py:541} INFO - Filling up the DagBag from /home/airflow/.local/lib/python3.7/site-packages/airflow/example_dags/example_branch_python_dop_operator_3.py
[2023-06-15T23:17:42.307+0000] {processor.py:836} INFO - DAG(s) dict_keys(['example_branch_dop_operator_v3']) retrieved from /home/airflow/.local/lib/python3.7/site-packages/airflow/example_dags/example_branch_python_dop_operator_3.py
[2023-06-15T23:17:42.347+0000] {logging_mixin.py:149} INFO - [2023-06-15T23:17:42.347+0000] {dag.py:2726} INFO - Sync 1 DAGs
[2023-06-15T23:17:42.394+0000] {logging_mixin.py:149} INFO - [2023-06-15T23:17:42.394+0000] {dag.py:3490} INFO - Setting next_dagrun for example_branch_dop_operator_v3 to 2023-06-15T23:16:00+00:00, run_after=2023-06-15T23:17:00+00:00
[2023-06-15T23:17:42.457+0000] {processor.py:179} INFO - Processing /home/airflow/.local/lib/python3.7/site-packages/airflow/example_dags/example_branch_python_dop_operator_3.py took 0.174 seconds
[2023-06-15T23:19:50.927+0000] {processor.py:157} INFO - Started process (PID=2638) to work on /home/airflow/.local/lib/python3.7/site-packages/airflow/example_dags/example_branch_python_dop_operator_3.py
[2023-06-15T23:19:50.930+0000] {processor.py:826} INFO - Processing file /home/airflow/.local/lib/python3.7/site-packages/airflow/example_dags/example_branch_python_dop_operator_3.py for tasks to queue
[2023-06-15T23:19:50.931+0000] {logging_mixin.py:149} INFO - [2023-06-15T23:19:50.931+0000] {dagbag.py:541} INFO - Filling up the DagBag from /home/airflow/.local/lib/python3.7/site-packages/airflow/example_dags/example_branch_python_dop_operator_3.py
[2023-06-15T23:19:50.949+0000] {processor.py:836} INFO - DAG(s) dict_keys(['example_branch_dop_operator_v3']) retrieved from /home/airflow/.local/lib/python3.7/site-packages/airflow/example_dags/example_branch_python_dop_operator_3.py
[2023-06-15T23:19:51.000+0000] {logging_mixin.py:149} INFO - [2023-06-15T23:19:50.999+0000] {dag.py:2726} INFO - Sync 1 DAGs
[2023-06-15T23:19:53.355+0000] {logging_mixin.py:149} INFO - [2023-06-15T23:19:53.353+0000] {dag.py:3490} INFO - Setting next_dagrun for example_branch_dop_operator_v3 to 2023-06-15T23:18:00+00:00, run_after=2023-06-15T23:19:00+00:00
[2023-06-15T23:19:54.614+0000] {processor.py:179} INFO - Processing /home/airflow/.local/lib/python3.7/site-packages/airflow/example_dags/example_branch_python_dop_operator_3.py took 3.692 seconds
[2023-06-15T23:21:35.423+0000] {processor.py:157} INFO - Started process (PID=2785) to work on /home/airflow/.local/lib/python3.7/site-packages/airflow/example_dags/example_branch_python_dop_operator_3.py
[2023-06-15T23:21:35.425+0000] {processor.py:826} INFO - Processing file /home/airflow/.local/lib/python3.7/site-packages/airflow/example_dags/example_branch_python_dop_operator_3.py for tasks to queue
[2023-06-15T23:21:35.427+0000] {logging_mixin.py:149} INFO - [2023-06-15T23:21:35.427+0000] {dagbag.py:541} INFO - Filling up the DagBag from /home/airflow/.local/lib/python3.7/site-packages/airflow/example_dags/example_branch_python_dop_operator_3.py
[2023-06-15T23:21:35.458+0000] {processor.py:836} INFO - DAG(s) dict_keys(['example_branch_dop_operator_v3']) retrieved from /home/airflow/.local/lib/python3.7/site-packages/airflow/example_dags/example_branch_python_dop_operator_3.py
[2023-06-15T23:21:35.505+0000] {logging_mixin.py:149} INFO - [2023-06-15T23:21:35.505+0000] {dag.py:2726} INFO - Sync 1 DAGs
[2023-06-15T23:21:35.550+0000] {logging_mixin.py:149} INFO - [2023-06-15T23:21:35.550+0000] {dag.py:3490} INFO - Setting next_dagrun for example_branch_dop_operator_v3 to 2023-06-15T23:20:00+00:00, run_after=2023-06-15T23:21:00+00:00
[2023-06-15T23:21:35.584+0000] {processor.py:179} INFO - Processing /home/airflow/.local/lib/python3.7/site-packages/airflow/example_dags/example_branch_python_dop_operator_3.py took 0.166 seconds
[2023-06-15T23:22:20.073+0000] {processor.py:157} INFO - Started process (PID=2960) to work on /home/airflow/.local/lib/python3.7/site-packages/airflow/example_dags/example_branch_python_dop_operator_3.py
[2023-06-15T23:22:20.076+0000] {processor.py:826} INFO - Processing file /home/airflow/.local/lib/python3.7/site-packages/airflow/example_dags/example_branch_python_dop_operator_3.py for tasks to queue
[2023-06-15T23:22:20.078+0000] {logging_mixin.py:149} INFO - [2023-06-15T23:22:20.078+0000] {dagbag.py:541} INFO - Filling up the DagBag from /home/airflow/.local/lib/python3.7/site-packages/airflow/example_dags/example_branch_python_dop_operator_3.py
[2023-06-15T23:22:20.093+0000] {processor.py:836} INFO - DAG(s) dict_keys(['example_branch_dop_operator_v3']) retrieved from /home/airflow/.local/lib/python3.7/site-packages/airflow/example_dags/example_branch_python_dop_operator_3.py
[2023-06-15T23:22:20.135+0000] {logging_mixin.py:149} INFO - [2023-06-15T23:22:20.135+0000] {dag.py:2726} INFO - Sync 1 DAGs
[2023-06-15T23:22:20.195+0000] {logging_mixin.py:149} INFO - [2023-06-15T23:22:20.195+0000] {dag.py:3490} INFO - Setting next_dagrun for example_branch_dop_operator_v3 to 2023-06-15T23:21:00+00:00, run_after=2023-06-15T23:22:00+00:00
[2023-06-15T23:22:20.259+0000] {processor.py:179} INFO - Processing /home/airflow/.local/lib/python3.7/site-packages/airflow/example_dags/example_branch_python_dop_operator_3.py took 0.191 seconds
[2023-06-15T23:23:25.502+0000] {processor.py:157} INFO - Started process (PID=3184) to work on /home/airflow/.local/lib/python3.7/site-packages/airflow/example_dags/example_branch_python_dop_operator_3.py
[2023-06-15T23:23:25.505+0000] {processor.py:826} INFO - Processing file /home/airflow/.local/lib/python3.7/site-packages/airflow/example_dags/example_branch_python_dop_operator_3.py for tasks to queue
[2023-06-15T23:23:25.506+0000] {logging_mixin.py:149} INFO - [2023-06-15T23:23:25.506+0000] {dagbag.py:541} INFO - Filling up the DagBag from /home/airflow/.local/lib/python3.7/site-packages/airflow/example_dags/example_branch_python_dop_operator_3.py
[2023-06-15T23:23:25.523+0000] {processor.py:836} INFO - DAG(s) dict_keys(['example_branch_dop_operator_v3']) retrieved from /home/airflow/.local/lib/python3.7/site-packages/airflow/example_dags/example_branch_python_dop_operator_3.py
[2023-06-15T23:23:25.579+0000] {logging_mixin.py:149} INFO - [2023-06-15T23:23:25.579+0000] {dag.py:2726} INFO - Sync 1 DAGs
[2023-06-15T23:23:25.642+0000] {logging_mixin.py:149} INFO - [2023-06-15T23:23:25.641+0000] {dag.py:3490} INFO - Setting next_dagrun for example_branch_dop_operator_v3 to 2023-06-15T23:22:00+00:00, run_after=2023-06-15T23:23:00+00:00
[2023-06-15T23:23:25.687+0000] {processor.py:179} INFO - Processing /home/airflow/.local/lib/python3.7/site-packages/airflow/example_dags/example_branch_python_dop_operator_3.py took 0.189 seconds
[2023-06-15T23:24:06.423+0000] {processor.py:157} INFO - Started process (PID=3411) to work on /home/airflow/.local/lib/python3.7/site-packages/airflow/example_dags/example_branch_python_dop_operator_3.py
[2023-06-15T23:24:06.425+0000] {processor.py:826} INFO - Processing file /home/airflow/.local/lib/python3.7/site-packages/airflow/example_dags/example_branch_python_dop_operator_3.py for tasks to queue
[2023-06-15T23:24:06.426+0000] {logging_mixin.py:149} INFO - [2023-06-15T23:24:06.426+0000] {dagbag.py:541} INFO - Filling up the DagBag from /home/airflow/.local/lib/python3.7/site-packages/airflow/example_dags/example_branch_python_dop_operator_3.py
[2023-06-15T23:24:06.439+0000] {processor.py:836} INFO - DAG(s) dict_keys(['example_branch_dop_operator_v3']) retrieved from /home/airflow/.local/lib/python3.7/site-packages/airflow/example_dags/example_branch_python_dop_operator_3.py
[2023-06-15T23:24:08.075+0000] {logging_mixin.py:149} INFO - [2023-06-15T23:24:08.075+0000] {dag.py:2726} INFO - Sync 1 DAGs
[2023-06-15T23:24:08.124+0000] {logging_mixin.py:149} INFO - [2023-06-15T23:24:08.123+0000] {dag.py:3490} INFO - Setting next_dagrun for example_branch_dop_operator_v3 to 2023-06-15T23:23:00+00:00, run_after=2023-06-15T23:24:00+00:00
[2023-06-15T23:24:08.156+0000] {processor.py:179} INFO - Processing /home/airflow/.local/lib/python3.7/site-packages/airflow/example_dags/example_branch_python_dop_operator_3.py took 1.740 seconds
[2023-06-15T23:26:41.898+0000] {processor.py:157} INFO - Started process (PID=3661) to work on /home/airflow/.local/lib/python3.7/site-packages/airflow/example_dags/example_branch_python_dop_operator_3.py
[2023-06-15T23:26:41.900+0000] {processor.py:826} INFO - Processing file /home/airflow/.local/lib/python3.7/site-packages/airflow/example_dags/example_branch_python_dop_operator_3.py for tasks to queue
[2023-06-15T23:26:41.902+0000] {logging_mixin.py:149} INFO - [2023-06-15T23:26:41.901+0000] {dagbag.py:541} INFO - Filling up the DagBag from /home/airflow/.local/lib/python3.7/site-packages/airflow/example_dags/example_branch_python_dop_operator_3.py
[2023-06-15T23:26:41.918+0000] {processor.py:836} INFO - DAG(s) dict_keys(['example_branch_dop_operator_v3']) retrieved from /home/airflow/.local/lib/python3.7/site-packages/airflow/example_dags/example_branch_python_dop_operator_3.py
[2023-06-15T23:26:41.965+0000] {logging_mixin.py:149} INFO - [2023-06-15T23:26:41.965+0000] {dag.py:2726} INFO - Sync 1 DAGs
[2023-06-15T23:26:42.026+0000] {logging_mixin.py:149} INFO - [2023-06-15T23:26:42.025+0000] {dag.py:3490} INFO - Setting next_dagrun for example_branch_dop_operator_v3 to 2023-06-15T23:25:00+00:00, run_after=2023-06-15T23:26:00+00:00
[2023-06-15T23:26:42.062+0000] {processor.py:179} INFO - Processing /home/airflow/.local/lib/python3.7/site-packages/airflow/example_dags/example_branch_python_dop_operator_3.py took 0.169 seconds
[2023-06-15T23:27:55.779+0000] {processor.py:157} INFO - Started process (PID=3896) to work on /home/airflow/.local/lib/python3.7/site-packages/airflow/example_dags/example_branch_python_dop_operator_3.py
[2023-06-15T23:27:55.783+0000] {processor.py:826} INFO - Processing file /home/airflow/.local/lib/python3.7/site-packages/airflow/example_dags/example_branch_python_dop_operator_3.py for tasks to queue
[2023-06-15T23:27:55.787+0000] {logging_mixin.py:149} INFO - [2023-06-15T23:27:55.786+0000] {dagbag.py:541} INFO - Filling up the DagBag from /home/airflow/.local/lib/python3.7/site-packages/airflow/example_dags/example_branch_python_dop_operator_3.py
[2023-06-15T23:27:55.807+0000] {processor.py:836} INFO - DAG(s) dict_keys(['example_branch_dop_operator_v3']) retrieved from /home/airflow/.local/lib/python3.7/site-packages/airflow/example_dags/example_branch_python_dop_operator_3.py
[2023-06-15T23:27:55.867+0000] {logging_mixin.py:149} INFO - [2023-06-15T23:27:55.867+0000] {dag.py:2726} INFO - Sync 1 DAGs
[2023-06-15T23:27:55.914+0000] {logging_mixin.py:149} INFO - [2023-06-15T23:27:55.913+0000] {dag.py:3490} INFO - Setting next_dagrun for example_branch_dop_operator_v3 to 2023-06-15T23:26:00+00:00, run_after=2023-06-15T23:27:00+00:00
[2023-06-15T23:27:57.557+0000] {processor.py:179} INFO - Processing /home/airflow/.local/lib/python3.7/site-packages/airflow/example_dags/example_branch_python_dop_operator_3.py took 1.784 seconds
[2023-06-15T23:29:58.049+0000] {processor.py:157} INFO - Started process (PID=4142) to work on /home/airflow/.local/lib/python3.7/site-packages/airflow/example_dags/example_branch_python_dop_operator_3.py
[2023-06-15T23:29:58.051+0000] {processor.py:826} INFO - Processing file /home/airflow/.local/lib/python3.7/site-packages/airflow/example_dags/example_branch_python_dop_operator_3.py for tasks to queue
[2023-06-15T23:29:58.059+0000] {logging_mixin.py:149} INFO - [2023-06-15T23:29:58.055+0000] {dagbag.py:541} INFO - Filling up the DagBag from /home/airflow/.local/lib/python3.7/site-packages/airflow/example_dags/example_branch_python_dop_operator_3.py
[2023-06-15T23:29:58.080+0000] {processor.py:836} INFO - DAG(s) dict_keys(['example_branch_dop_operator_v3']) retrieved from /home/airflow/.local/lib/python3.7/site-packages/airflow/example_dags/example_branch_python_dop_operator_3.py
[2023-06-15T23:29:58.131+0000] {logging_mixin.py:149} INFO - [2023-06-15T23:29:58.131+0000] {dag.py:2726} INFO - Sync 1 DAGs
[2023-06-15T23:30:01.094+0000] {logging_mixin.py:149} INFO - [2023-06-15T23:30:01.094+0000] {dag.py:3490} INFO - Setting next_dagrun for example_branch_dop_operator_v3 to 2023-06-15T23:29:00+00:00, run_after=2023-06-15T23:30:00+00:00
[2023-06-15T23:30:01.133+0000] {processor.py:179} INFO - Processing /home/airflow/.local/lib/python3.7/site-packages/airflow/example_dags/example_branch_python_dop_operator_3.py took 3.089 seconds
[2023-06-15T23:32:03.868+0000] {processor.py:157} INFO - Started process (PID=4402) to work on /home/airflow/.local/lib/python3.7/site-packages/airflow/example_dags/example_branch_python_dop_operator_3.py
[2023-06-15T23:32:03.869+0000] {processor.py:826} INFO - Processing file /home/airflow/.local/lib/python3.7/site-packages/airflow/example_dags/example_branch_python_dop_operator_3.py for tasks to queue
[2023-06-15T23:32:03.871+0000] {logging_mixin.py:149} INFO - [2023-06-15T23:32:03.871+0000] {dagbag.py:541} INFO - Filling up the DagBag from /home/airflow/.local/lib/python3.7/site-packages/airflow/example_dags/example_branch_python_dop_operator_3.py
[2023-06-15T23:32:03.884+0000] {processor.py:836} INFO - DAG(s) dict_keys(['example_branch_dop_operator_v3']) retrieved from /home/airflow/.local/lib/python3.7/site-packages/airflow/example_dags/example_branch_python_dop_operator_3.py
[2023-06-15T23:32:03.922+0000] {logging_mixin.py:149} INFO - [2023-06-15T23:32:03.922+0000] {dag.py:2726} INFO - Sync 1 DAGs
[2023-06-15T23:32:03.959+0000] {logging_mixin.py:149} INFO - [2023-06-15T23:32:03.959+0000] {dag.py:3490} INFO - Setting next_dagrun for example_branch_dop_operator_v3 to 2023-06-15T23:31:00+00:00, run_after=2023-06-15T23:32:00+00:00
[2023-06-15T23:32:03.989+0000] {processor.py:179} INFO - Processing /home/airflow/.local/lib/python3.7/site-packages/airflow/example_dags/example_branch_python_dop_operator_3.py took 0.126 seconds
[2023-06-15T23:33:25.082+0000] {processor.py:157} INFO - Started process (PID=4565) to work on /home/airflow/.local/lib/python3.7/site-packages/airflow/example_dags/example_branch_python_dop_operator_3.py
[2023-06-15T23:33:25.084+0000] {processor.py:826} INFO - Processing file /home/airflow/.local/lib/python3.7/site-packages/airflow/example_dags/example_branch_python_dop_operator_3.py for tasks to queue
[2023-06-15T23:33:25.085+0000] {logging_mixin.py:149} INFO - [2023-06-15T23:33:25.085+0000] {dagbag.py:541} INFO - Filling up the DagBag from /home/airflow/.local/lib/python3.7/site-packages/airflow/example_dags/example_branch_python_dop_operator_3.py
[2023-06-15T23:33:25.098+0000] {processor.py:836} INFO - DAG(s) dict_keys(['example_branch_dop_operator_v3']) retrieved from /home/airflow/.local/lib/python3.7/site-packages/airflow/example_dags/example_branch_python_dop_operator_3.py
[2023-06-15T23:33:25.134+0000] {logging_mixin.py:149} INFO - [2023-06-15T23:33:25.134+0000] {dag.py:2726} INFO - Sync 1 DAGs
[2023-06-15T23:33:25.179+0000] {logging_mixin.py:149} INFO - [2023-06-15T23:33:25.178+0000] {dag.py:3490} INFO - Setting next_dagrun for example_branch_dop_operator_v3 to 2023-06-15T23:32:00+00:00, run_after=2023-06-15T23:33:00+00:00
[2023-06-15T23:33:25.212+0000] {processor.py:179} INFO - Processing /home/airflow/.local/lib/python3.7/site-packages/airflow/example_dags/example_branch_python_dop_operator_3.py took 0.135 seconds
[2023-06-15T23:35:12.176+0000] {processor.py:157} INFO - Started process (PID=4790) to work on /home/airflow/.local/lib/python3.7/site-packages/airflow/example_dags/example_branch_python_dop_operator_3.py
[2023-06-15T23:35:12.178+0000] {processor.py:826} INFO - Processing file /home/airflow/.local/lib/python3.7/site-packages/airflow/example_dags/example_branch_python_dop_operator_3.py for tasks to queue
[2023-06-15T23:35:12.179+0000] {logging_mixin.py:149} INFO - [2023-06-15T23:35:12.179+0000] {dagbag.py:541} INFO - Filling up the DagBag from /home/airflow/.local/lib/python3.7/site-packages/airflow/example_dags/example_branch_python_dop_operator_3.py
[2023-06-15T23:35:12.196+0000] {processor.py:836} INFO - DAG(s) dict_keys(['example_branch_dop_operator_v3']) retrieved from /home/airflow/.local/lib/python3.7/site-packages/airflow/example_dags/example_branch_python_dop_operator_3.py
[2023-06-15T23:35:12.241+0000] {logging_mixin.py:149} INFO - [2023-06-15T23:35:12.241+0000] {dag.py:2726} INFO - Sync 1 DAGs
[2023-06-15T23:35:12.291+0000] {logging_mixin.py:149} INFO - [2023-06-15T23:35:12.290+0000] {dag.py:3490} INFO - Setting next_dagrun for example_branch_dop_operator_v3 to 2023-06-15T23:34:00+00:00, run_after=2023-06-15T23:35:00+00:00
[2023-06-15T23:35:12.324+0000] {processor.py:179} INFO - Processing /home/airflow/.local/lib/python3.7/site-packages/airflow/example_dags/example_branch_python_dop_operator_3.py took 0.153 seconds
[2023-06-15T23:36:32.890+0000] {processor.py:157} INFO - Started process (PID=5015) to work on /home/airflow/.local/lib/python3.7/site-packages/airflow/example_dags/example_branch_python_dop_operator_3.py
[2023-06-15T23:36:32.892+0000] {processor.py:826} INFO - Processing file /home/airflow/.local/lib/python3.7/site-packages/airflow/example_dags/example_branch_python_dop_operator_3.py for tasks to queue
[2023-06-15T23:36:32.893+0000] {logging_mixin.py:149} INFO - [2023-06-15T23:36:32.893+0000] {dagbag.py:541} INFO - Filling up the DagBag from /home/airflow/.local/lib/python3.7/site-packages/airflow/example_dags/example_branch_python_dop_operator_3.py
[2023-06-15T23:36:32.905+0000] {processor.py:836} INFO - DAG(s) dict_keys(['example_branch_dop_operator_v3']) retrieved from /home/airflow/.local/lib/python3.7/site-packages/airflow/example_dags/example_branch_python_dop_operator_3.py
[2023-06-15T23:36:32.944+0000] {logging_mixin.py:149} INFO - [2023-06-15T23:36:32.944+0000] {dag.py:2726} INFO - Sync 1 DAGs
[2023-06-15T23:36:32.987+0000] {logging_mixin.py:149} INFO - [2023-06-15T23:36:32.987+0000] {dag.py:3490} INFO - Setting next_dagrun for example_branch_dop_operator_v3 to 2023-06-15T23:35:00+00:00, run_after=2023-06-15T23:36:00+00:00
[2023-06-15T23:36:33.018+0000] {processor.py:179} INFO - Processing /home/airflow/.local/lib/python3.7/site-packages/airflow/example_dags/example_branch_python_dop_operator_3.py took 0.134 seconds
[2023-06-15T23:47:06.454+0000] {processor.py:157} INFO - Started process (PID=213) to work on /home/airflow/.local/lib/python3.7/site-packages/airflow/example_dags/example_branch_python_dop_operator_3.py
[2023-06-15T23:47:06.462+0000] {processor.py:826} INFO - Processing file /home/airflow/.local/lib/python3.7/site-packages/airflow/example_dags/example_branch_python_dop_operator_3.py for tasks to queue
[2023-06-15T23:47:06.465+0000] {logging_mixin.py:149} INFO - [2023-06-15T23:47:06.465+0000] {dagbag.py:541} INFO - Filling up the DagBag from /home/airflow/.local/lib/python3.7/site-packages/airflow/example_dags/example_branch_python_dop_operator_3.py
[2023-06-15T23:47:37.117+0000] {processor.py:836} INFO - DAG(s) dict_keys(['example_branch_dop_operator_v3']) retrieved from /home/airflow/.local/lib/python3.7/site-packages/airflow/example_dags/example_branch_python_dop_operator_3.py
[2023-06-15T23:47:50.960+0000] {logging_mixin.py:149} INFO - [2023-06-15T23:47:50.959+0000] {dag.py:2726} INFO - Sync 1 DAGs
[2023-06-15T23:47:55.334+0000] {logging_mixin.py:149} INFO - [2023-06-15T23:47:55.334+0000] {dag.py:3490} INFO - Setting next_dagrun for example_branch_dop_operator_v3 to 2023-06-15T23:46:00+00:00, run_after=2023-06-15T23:47:00+00:00
