[2023-06-15T23:01:15.419+0000] {processor.py:157} INFO - Started process (PID=269) to work on /home/airflow/.local/lib/python3.7/site-packages/airflow/example_dags/example_xcom.py
[2023-06-15T23:01:15.421+0000] {processor.py:826} INFO - Processing file /home/airflow/.local/lib/python3.7/site-packages/airflow/example_dags/example_xcom.py for tasks to queue
[2023-06-15T23:01:15.422+0000] {logging_mixin.py:149} INFO - [2023-06-15T23:01:15.422+0000] {dagbag.py:541} INFO - Filling up the DagBag from /home/airflow/.local/lib/python3.7/site-packages/airflow/example_dags/example_xcom.py
[2023-06-15T23:01:15.437+0000] {processor.py:836} INFO - DAG(s) dict_keys(['example_xcom']) retrieved from /home/airflow/.local/lib/python3.7/site-packages/airflow/example_dags/example_xcom.py
[2023-06-15T23:01:15.489+0000] {logging_mixin.py:149} INFO - [2023-06-15T23:01:15.488+0000] {dag.py:2726} INFO - Sync 1 DAGs
[2023-06-15T23:01:15.713+0000] {logging_mixin.py:149} INFO - [2023-06-15T23:01:15.713+0000] {dag.py:3490} INFO - Setting next_dagrun for example_xcom to 2021-01-01T00:00:00+00:00, run_after=2021-01-01T00:00:00+00:00
[2023-06-15T23:01:16.381+0000] {processor.py:179} INFO - Processing /home/airflow/.local/lib/python3.7/site-packages/airflow/example_dags/example_xcom.py took 0.966 seconds
[2023-06-15T23:06:06.308+0000] {processor.py:157} INFO - Started process (PID=521) to work on /home/airflow/.local/lib/python3.7/site-packages/airflow/example_dags/example_xcom.py
[2023-06-15T23:06:06.310+0000] {processor.py:826} INFO - Processing file /home/airflow/.local/lib/python3.7/site-packages/airflow/example_dags/example_xcom.py for tasks to queue
[2023-06-15T23:06:06.312+0000] {logging_mixin.py:149} INFO - [2023-06-15T23:06:06.311+0000] {dagbag.py:541} INFO - Filling up the DagBag from /home/airflow/.local/lib/python3.7/site-packages/airflow/example_dags/example_xcom.py
[2023-06-15T23:06:06.324+0000] {processor.py:836} INFO - DAG(s) dict_keys(['example_xcom']) retrieved from /home/airflow/.local/lib/python3.7/site-packages/airflow/example_dags/example_xcom.py
[2023-06-15T23:06:06.363+0000] {logging_mixin.py:149} INFO - [2023-06-15T23:06:06.362+0000] {dag.py:2726} INFO - Sync 1 DAGs
[2023-06-15T23:06:10.152+0000] {logging_mixin.py:149} INFO - [2023-06-15T23:06:10.152+0000] {dag.py:3490} INFO - Setting next_dagrun for example_xcom to 2021-01-01T00:00:00+00:00, run_after=2021-01-01T00:00:00+00:00
[2023-06-15T23:06:11.137+0000] {processor.py:179} INFO - Processing /home/airflow/.local/lib/python3.7/site-packages/airflow/example_dags/example_xcom.py took 4.834 seconds
[2023-06-15T23:06:41.229+0000] {processor.py:157} INFO - Started process (PID=763) to work on /home/airflow/.local/lib/python3.7/site-packages/airflow/example_dags/example_xcom.py
[2023-06-15T23:06:41.232+0000] {processor.py:826} INFO - Processing file /home/airflow/.local/lib/python3.7/site-packages/airflow/example_dags/example_xcom.py for tasks to queue
[2023-06-15T23:06:41.233+0000] {logging_mixin.py:149} INFO - [2023-06-15T23:06:41.233+0000] {dagbag.py:541} INFO - Filling up the DagBag from /home/airflow/.local/lib/python3.7/site-packages/airflow/example_dags/example_xcom.py
[2023-06-15T23:06:41.253+0000] {processor.py:836} INFO - DAG(s) dict_keys(['example_xcom']) retrieved from /home/airflow/.local/lib/python3.7/site-packages/airflow/example_dags/example_xcom.py
[2023-06-15T23:06:41.297+0000] {logging_mixin.py:149} INFO - [2023-06-15T23:06:41.297+0000] {dag.py:2726} INFO - Sync 1 DAGs
[2023-06-15T23:06:41.336+0000] {logging_mixin.py:149} INFO - [2023-06-15T23:06:41.336+0000] {dag.py:3490} INFO - Setting next_dagrun for example_xcom to 2021-01-01T00:00:00+00:00, run_after=2021-01-01T00:00:00+00:00
[2023-06-15T23:06:41.386+0000] {processor.py:179} INFO - Processing /home/airflow/.local/lib/python3.7/site-packages/airflow/example_dags/example_xcom.py took 0.161 seconds
[2023-06-15T23:08:00.558+0000] {processor.py:157} INFO - Started process (PID=1018) to work on /home/airflow/.local/lib/python3.7/site-packages/airflow/example_dags/example_xcom.py
[2023-06-15T23:08:00.560+0000] {processor.py:826} INFO - Processing file /home/airflow/.local/lib/python3.7/site-packages/airflow/example_dags/example_xcom.py for tasks to queue
[2023-06-15T23:08:00.561+0000] {logging_mixin.py:149} INFO - [2023-06-15T23:08:00.561+0000] {dagbag.py:541} INFO - Filling up the DagBag from /home/airflow/.local/lib/python3.7/site-packages/airflow/example_dags/example_xcom.py
[2023-06-15T23:08:00.575+0000] {processor.py:836} INFO - DAG(s) dict_keys(['example_xcom']) retrieved from /home/airflow/.local/lib/python3.7/site-packages/airflow/example_dags/example_xcom.py
[2023-06-15T23:08:00.613+0000] {logging_mixin.py:149} INFO - [2023-06-15T23:08:00.612+0000] {dag.py:2726} INFO - Sync 1 DAGs
[2023-06-15T23:08:00.656+0000] {logging_mixin.py:149} INFO - [2023-06-15T23:08:00.656+0000] {dag.py:3490} INFO - Setting next_dagrun for example_xcom to 2021-01-01T00:00:00+00:00, run_after=2021-01-01T00:00:00+00:00
[2023-06-15T23:08:01.239+0000] {processor.py:179} INFO - Processing /home/airflow/.local/lib/python3.7/site-packages/airflow/example_dags/example_xcom.py took 0.686 seconds
[2023-06-15T23:09:33.175+0000] {processor.py:157} INFO - Started process (PID=1189) to work on /home/airflow/.local/lib/python3.7/site-packages/airflow/example_dags/example_xcom.py
[2023-06-15T23:09:33.177+0000] {processor.py:826} INFO - Processing file /home/airflow/.local/lib/python3.7/site-packages/airflow/example_dags/example_xcom.py for tasks to queue
[2023-06-15T23:09:33.178+0000] {logging_mixin.py:149} INFO - [2023-06-15T23:09:33.178+0000] {dagbag.py:541} INFO - Filling up the DagBag from /home/airflow/.local/lib/python3.7/site-packages/airflow/example_dags/example_xcom.py
[2023-06-15T23:09:33.192+0000] {processor.py:836} INFO - DAG(s) dict_keys(['example_xcom']) retrieved from /home/airflow/.local/lib/python3.7/site-packages/airflow/example_dags/example_xcom.py
[2023-06-15T23:09:33.247+0000] {logging_mixin.py:149} INFO - [2023-06-15T23:09:33.247+0000] {dag.py:2726} INFO - Sync 1 DAGs
[2023-06-15T23:09:33.288+0000] {logging_mixin.py:149} INFO - [2023-06-15T23:09:33.288+0000] {dag.py:3490} INFO - Setting next_dagrun for example_xcom to 2021-01-01T00:00:00+00:00, run_after=2021-01-01T00:00:00+00:00
[2023-06-15T23:09:33.320+0000] {processor.py:179} INFO - Processing /home/airflow/.local/lib/python3.7/site-packages/airflow/example_dags/example_xcom.py took 0.151 seconds
[2023-06-15T23:11:01.746+0000] {processor.py:157} INFO - Started process (PID=1381) to work on /home/airflow/.local/lib/python3.7/site-packages/airflow/example_dags/example_xcom.py
[2023-06-15T23:11:01.748+0000] {processor.py:826} INFO - Processing file /home/airflow/.local/lib/python3.7/site-packages/airflow/example_dags/example_xcom.py for tasks to queue
[2023-06-15T23:11:01.749+0000] {logging_mixin.py:149} INFO - [2023-06-15T23:11:01.749+0000] {dagbag.py:541} INFO - Filling up the DagBag from /home/airflow/.local/lib/python3.7/site-packages/airflow/example_dags/example_xcom.py
[2023-06-15T23:11:01.761+0000] {processor.py:836} INFO - DAG(s) dict_keys(['example_xcom']) retrieved from /home/airflow/.local/lib/python3.7/site-packages/airflow/example_dags/example_xcom.py
[2023-06-15T23:11:01.801+0000] {logging_mixin.py:149} INFO - [2023-06-15T23:11:01.800+0000] {dag.py:2726} INFO - Sync 1 DAGs
[2023-06-15T23:11:01.833+0000] {logging_mixin.py:149} INFO - [2023-06-15T23:11:01.832+0000] {dag.py:3490} INFO - Setting next_dagrun for example_xcom to 2021-01-01T00:00:00+00:00, run_after=2021-01-01T00:00:00+00:00
[2023-06-15T23:11:01.864+0000] {processor.py:179} INFO - Processing /home/airflow/.local/lib/python3.7/site-packages/airflow/example_dags/example_xcom.py took 0.123 seconds
[2023-06-15T23:12:23.867+0000] {processor.py:157} INFO - Started process (PID=1642) to work on /home/airflow/.local/lib/python3.7/site-packages/airflow/example_dags/example_xcom.py
[2023-06-15T23:12:23.870+0000] {processor.py:826} INFO - Processing file /home/airflow/.local/lib/python3.7/site-packages/airflow/example_dags/example_xcom.py for tasks to queue
[2023-06-15T23:12:23.871+0000] {logging_mixin.py:149} INFO - [2023-06-15T23:12:23.871+0000] {dagbag.py:541} INFO - Filling up the DagBag from /home/airflow/.local/lib/python3.7/site-packages/airflow/example_dags/example_xcom.py
[2023-06-15T23:12:23.881+0000] {processor.py:836} INFO - DAG(s) dict_keys(['example_xcom']) retrieved from /home/airflow/.local/lib/python3.7/site-packages/airflow/example_dags/example_xcom.py
[2023-06-15T23:12:23.925+0000] {logging_mixin.py:149} INFO - [2023-06-15T23:12:23.924+0000] {dag.py:2726} INFO - Sync 1 DAGs
[2023-06-15T23:12:23.986+0000] {logging_mixin.py:149} INFO - [2023-06-15T23:12:23.985+0000] {dag.py:3490} INFO - Setting next_dagrun for example_xcom to 2021-01-01T00:00:00+00:00, run_after=2021-01-01T00:00:00+00:00
[2023-06-15T23:12:24.030+0000] {processor.py:179} INFO - Processing /home/airflow/.local/lib/python3.7/site-packages/airflow/example_dags/example_xcom.py took 0.166 seconds
[2023-06-15T23:13:27.578+0000] {processor.py:157} INFO - Started process (PID=1869) to work on /home/airflow/.local/lib/python3.7/site-packages/airflow/example_dags/example_xcom.py
[2023-06-15T23:13:27.580+0000] {processor.py:826} INFO - Processing file /home/airflow/.local/lib/python3.7/site-packages/airflow/example_dags/example_xcom.py for tasks to queue
[2023-06-15T23:13:27.583+0000] {logging_mixin.py:149} INFO - [2023-06-15T23:13:27.582+0000] {dagbag.py:541} INFO - Filling up the DagBag from /home/airflow/.local/lib/python3.7/site-packages/airflow/example_dags/example_xcom.py
[2023-06-15T23:13:27.597+0000] {processor.py:836} INFO - DAG(s) dict_keys(['example_xcom']) retrieved from /home/airflow/.local/lib/python3.7/site-packages/airflow/example_dags/example_xcom.py
[2023-06-15T23:13:27.639+0000] {logging_mixin.py:149} INFO - [2023-06-15T23:13:27.639+0000] {dag.py:2726} INFO - Sync 1 DAGs
[2023-06-15T23:13:27.676+0000] {logging_mixin.py:149} INFO - [2023-06-15T23:13:27.675+0000] {dag.py:3490} INFO - Setting next_dagrun for example_xcom to 2021-01-01T00:00:00+00:00, run_after=2021-01-01T00:00:00+00:00
[2023-06-15T23:13:27.710+0000] {processor.py:179} INFO - Processing /home/airflow/.local/lib/python3.7/site-packages/airflow/example_dags/example_xcom.py took 0.137 seconds
[2023-06-15T23:15:22.071+0000] {processor.py:157} INFO - Started process (PID=1996) to work on /home/airflow/.local/lib/python3.7/site-packages/airflow/example_dags/example_xcom.py
[2023-06-15T23:15:22.073+0000] {processor.py:826} INFO - Processing file /home/airflow/.local/lib/python3.7/site-packages/airflow/example_dags/example_xcom.py for tasks to queue
[2023-06-15T23:15:22.074+0000] {logging_mixin.py:149} INFO - [2023-06-15T23:15:22.074+0000] {dagbag.py:541} INFO - Filling up the DagBag from /home/airflow/.local/lib/python3.7/site-packages/airflow/example_dags/example_xcom.py
[2023-06-15T23:15:22.090+0000] {processor.py:836} INFO - DAG(s) dict_keys(['example_xcom']) retrieved from /home/airflow/.local/lib/python3.7/site-packages/airflow/example_dags/example_xcom.py
[2023-06-15T23:15:24.890+0000] {logging_mixin.py:149} INFO - [2023-06-15T23:15:24.889+0000] {dag.py:2726} INFO - Sync 1 DAGs
[2023-06-15T23:15:24.978+0000] {logging_mixin.py:149} INFO - [2023-06-15T23:15:24.976+0000] {dag.py:3490} INFO - Setting next_dagrun for example_xcom to 2021-01-01T00:00:00+00:00, run_after=2021-01-01T00:00:00+00:00
[2023-06-15T23:15:25.114+0000] {processor.py:179} INFO - Processing /home/airflow/.local/lib/python3.7/site-packages/airflow/example_dags/example_xcom.py took 3.301 seconds
[2023-06-15T23:16:52.840+0000] {processor.py:157} INFO - Started process (PID=2314) to work on /home/airflow/.local/lib/python3.7/site-packages/airflow/example_dags/example_xcom.py
[2023-06-15T23:16:52.842+0000] {processor.py:826} INFO - Processing file /home/airflow/.local/lib/python3.7/site-packages/airflow/example_dags/example_xcom.py for tasks to queue
[2023-06-15T23:16:52.843+0000] {logging_mixin.py:149} INFO - [2023-06-15T23:16:52.843+0000] {dagbag.py:541} INFO - Filling up the DagBag from /home/airflow/.local/lib/python3.7/site-packages/airflow/example_dags/example_xcom.py
[2023-06-15T23:16:52.856+0000] {processor.py:836} INFO - DAG(s) dict_keys(['example_xcom']) retrieved from /home/airflow/.local/lib/python3.7/site-packages/airflow/example_dags/example_xcom.py
[2023-06-15T23:16:52.892+0000] {logging_mixin.py:149} INFO - [2023-06-15T23:16:52.892+0000] {dag.py:2726} INFO - Sync 1 DAGs
[2023-06-15T23:16:52.946+0000] {logging_mixin.py:149} INFO - [2023-06-15T23:16:52.945+0000] {dag.py:3490} INFO - Setting next_dagrun for example_xcom to 2021-01-01T00:00:00+00:00, run_after=2021-01-01T00:00:00+00:00
[2023-06-15T23:16:53.535+0000] {processor.py:179} INFO - Processing /home/airflow/.local/lib/python3.7/site-packages/airflow/example_dags/example_xcom.py took 0.699 seconds
[2023-06-15T23:17:52.785+0000] {processor.py:157} INFO - Started process (PID=2524) to work on /home/airflow/.local/lib/python3.7/site-packages/airflow/example_dags/example_xcom.py
[2023-06-15T23:17:52.787+0000] {processor.py:826} INFO - Processing file /home/airflow/.local/lib/python3.7/site-packages/airflow/example_dags/example_xcom.py for tasks to queue
[2023-06-15T23:17:52.789+0000] {logging_mixin.py:149} INFO - [2023-06-15T23:17:52.789+0000] {dagbag.py:541} INFO - Filling up the DagBag from /home/airflow/.local/lib/python3.7/site-packages/airflow/example_dags/example_xcom.py
[2023-06-15T23:17:52.799+0000] {processor.py:836} INFO - DAG(s) dict_keys(['example_xcom']) retrieved from /home/airflow/.local/lib/python3.7/site-packages/airflow/example_dags/example_xcom.py
[2023-06-15T23:17:52.849+0000] {logging_mixin.py:149} INFO - [2023-06-15T23:17:52.848+0000] {dag.py:2726} INFO - Sync 1 DAGs
[2023-06-15T23:17:52.900+0000] {logging_mixin.py:149} INFO - [2023-06-15T23:17:52.900+0000] {dag.py:3490} INFO - Setting next_dagrun for example_xcom to 2021-01-01T00:00:00+00:00, run_after=2021-01-01T00:00:00+00:00
[2023-06-15T23:17:52.931+0000] {processor.py:179} INFO - Processing /home/airflow/.local/lib/python3.7/site-packages/airflow/example_dags/example_xcom.py took 0.152 seconds
[2023-06-15T23:21:56.181+0000] {processor.py:157} INFO - Started process (PID=2829) to work on /home/airflow/.local/lib/python3.7/site-packages/airflow/example_dags/example_xcom.py
[2023-06-15T23:21:56.183+0000] {processor.py:826} INFO - Processing file /home/airflow/.local/lib/python3.7/site-packages/airflow/example_dags/example_xcom.py for tasks to queue
[2023-06-15T23:21:56.184+0000] {logging_mixin.py:149} INFO - [2023-06-15T23:21:56.184+0000] {dagbag.py:541} INFO - Filling up the DagBag from /home/airflow/.local/lib/python3.7/site-packages/airflow/example_dags/example_xcom.py
[2023-06-15T23:21:56.196+0000] {processor.py:836} INFO - DAG(s) dict_keys(['example_xcom']) retrieved from /home/airflow/.local/lib/python3.7/site-packages/airflow/example_dags/example_xcom.py
[2023-06-15T23:21:56.237+0000] {logging_mixin.py:149} INFO - [2023-06-15T23:21:56.236+0000] {dag.py:2726} INFO - Sync 1 DAGs
[2023-06-15T23:21:56.281+0000] {logging_mixin.py:149} INFO - [2023-06-15T23:21:56.281+0000] {dag.py:3490} INFO - Setting next_dagrun for example_xcom to 2021-01-01T00:00:00+00:00, run_after=2021-01-01T00:00:00+00:00
[2023-06-15T23:21:56.652+0000] {processor.py:179} INFO - Processing /home/airflow/.local/lib/python3.7/site-packages/airflow/example_dags/example_xcom.py took 0.477 seconds
[2023-06-15T23:22:27.096+0000] {processor.py:157} INFO - Started process (PID=3072) to work on /home/airflow/.local/lib/python3.7/site-packages/airflow/example_dags/example_xcom.py
[2023-06-15T23:22:27.098+0000] {processor.py:826} INFO - Processing file /home/airflow/.local/lib/python3.7/site-packages/airflow/example_dags/example_xcom.py for tasks to queue
[2023-06-15T23:22:27.099+0000] {logging_mixin.py:149} INFO - [2023-06-15T23:22:27.099+0000] {dagbag.py:541} INFO - Filling up the DagBag from /home/airflow/.local/lib/python3.7/site-packages/airflow/example_dags/example_xcom.py
[2023-06-15T23:22:27.110+0000] {processor.py:836} INFO - DAG(s) dict_keys(['example_xcom']) retrieved from /home/airflow/.local/lib/python3.7/site-packages/airflow/example_dags/example_xcom.py
[2023-06-15T23:22:27.298+0000] {logging_mixin.py:149} INFO - [2023-06-15T23:22:27.296+0000] {dag.py:2726} INFO - Sync 1 DAGs
[2023-06-15T23:22:27.364+0000] {logging_mixin.py:149} INFO - [2023-06-15T23:22:27.361+0000] {dag.py:3490} INFO - Setting next_dagrun for example_xcom to 2021-01-01T00:00:00+00:00, run_after=2021-01-01T00:00:00+00:00
[2023-06-15T23:22:27.425+0000] {processor.py:179} INFO - Processing /home/airflow/.local/lib/python3.7/site-packages/airflow/example_dags/example_xcom.py took 0.333 seconds
[2023-06-15T23:23:28.329+0000] {processor.py:157} INFO - Started process (PID=3231) to work on /home/airflow/.local/lib/python3.7/site-packages/airflow/example_dags/example_xcom.py
[2023-06-15T23:23:28.331+0000] {processor.py:826} INFO - Processing file /home/airflow/.local/lib/python3.7/site-packages/airflow/example_dags/example_xcom.py for tasks to queue
[2023-06-15T23:23:28.332+0000] {logging_mixin.py:149} INFO - [2023-06-15T23:23:28.332+0000] {dagbag.py:541} INFO - Filling up the DagBag from /home/airflow/.local/lib/python3.7/site-packages/airflow/example_dags/example_xcom.py
[2023-06-15T23:23:28.342+0000] {processor.py:836} INFO - DAG(s) dict_keys(['example_xcom']) retrieved from /home/airflow/.local/lib/python3.7/site-packages/airflow/example_dags/example_xcom.py
[2023-06-15T23:23:28.383+0000] {logging_mixin.py:149} INFO - [2023-06-15T23:23:28.382+0000] {dag.py:2726} INFO - Sync 1 DAGs
[2023-06-15T23:23:28.424+0000] {logging_mixin.py:149} INFO - [2023-06-15T23:23:28.424+0000] {dag.py:3490} INFO - Setting next_dagrun for example_xcom to 2021-01-01T00:00:00+00:00, run_after=2021-01-01T00:00:00+00:00
[2023-06-15T23:23:28.463+0000] {processor.py:179} INFO - Processing /home/airflow/.local/lib/python3.7/site-packages/airflow/example_dags/example_xcom.py took 0.139 seconds
[2023-06-15T23:24:09.447+0000] {processor.py:157} INFO - Started process (PID=3469) to work on /home/airflow/.local/lib/python3.7/site-packages/airflow/example_dags/example_xcom.py
[2023-06-15T23:24:09.450+0000] {processor.py:826} INFO - Processing file /home/airflow/.local/lib/python3.7/site-packages/airflow/example_dags/example_xcom.py for tasks to queue
[2023-06-15T23:24:09.451+0000] {logging_mixin.py:149} INFO - [2023-06-15T23:24:09.451+0000] {dagbag.py:541} INFO - Filling up the DagBag from /home/airflow/.local/lib/python3.7/site-packages/airflow/example_dags/example_xcom.py
[2023-06-15T23:24:09.465+0000] {processor.py:836} INFO - DAG(s) dict_keys(['example_xcom']) retrieved from /home/airflow/.local/lib/python3.7/site-packages/airflow/example_dags/example_xcom.py
[2023-06-15T23:24:09.513+0000] {logging_mixin.py:149} INFO - [2023-06-15T23:24:09.512+0000] {dag.py:2726} INFO - Sync 1 DAGs
[2023-06-15T23:24:09.562+0000] {logging_mixin.py:149} INFO - [2023-06-15T23:24:09.561+0000] {dag.py:3490} INFO - Setting next_dagrun for example_xcom to 2021-01-01T00:00:00+00:00, run_after=2021-01-01T00:00:00+00:00
[2023-06-15T23:24:09.597+0000] {processor.py:179} INFO - Processing /home/airflow/.local/lib/python3.7/site-packages/airflow/example_dags/example_xcom.py took 0.154 seconds
[2023-06-15T23:26:42.988+0000] {processor.py:157} INFO - Started process (PID=3704) to work on /home/airflow/.local/lib/python3.7/site-packages/airflow/example_dags/example_xcom.py
[2023-06-15T23:26:42.990+0000] {processor.py:826} INFO - Processing file /home/airflow/.local/lib/python3.7/site-packages/airflow/example_dags/example_xcom.py for tasks to queue
[2023-06-15T23:26:42.992+0000] {logging_mixin.py:149} INFO - [2023-06-15T23:26:42.991+0000] {dagbag.py:541} INFO - Filling up the DagBag from /home/airflow/.local/lib/python3.7/site-packages/airflow/example_dags/example_xcom.py
[2023-06-15T23:26:43.003+0000] {processor.py:836} INFO - DAG(s) dict_keys(['example_xcom']) retrieved from /home/airflow/.local/lib/python3.7/site-packages/airflow/example_dags/example_xcom.py
[2023-06-15T23:26:43.040+0000] {logging_mixin.py:149} INFO - [2023-06-15T23:26:43.040+0000] {dag.py:2726} INFO - Sync 1 DAGs
[2023-06-15T23:26:43.076+0000] {logging_mixin.py:149} INFO - [2023-06-15T23:26:43.075+0000] {dag.py:3490} INFO - Setting next_dagrun for example_xcom to 2021-01-01T00:00:00+00:00, run_after=2021-01-01T00:00:00+00:00
[2023-06-15T23:26:43.105+0000] {processor.py:179} INFO - Processing /home/airflow/.local/lib/python3.7/site-packages/airflow/example_dags/example_xcom.py took 0.123 seconds
[2023-06-15T23:28:02.388+0000] {processor.py:157} INFO - Started process (PID=3965) to work on /home/airflow/.local/lib/python3.7/site-packages/airflow/example_dags/example_xcom.py
[2023-06-15T23:28:02.391+0000] {processor.py:826} INFO - Processing file /home/airflow/.local/lib/python3.7/site-packages/airflow/example_dags/example_xcom.py for tasks to queue
[2023-06-15T23:28:02.392+0000] {logging_mixin.py:149} INFO - [2023-06-15T23:28:02.392+0000] {dagbag.py:541} INFO - Filling up the DagBag from /home/airflow/.local/lib/python3.7/site-packages/airflow/example_dags/example_xcom.py
[2023-06-15T23:28:02.410+0000] {processor.py:836} INFO - DAG(s) dict_keys(['example_xcom']) retrieved from /home/airflow/.local/lib/python3.7/site-packages/airflow/example_dags/example_xcom.py
[2023-06-15T23:28:02.468+0000] {logging_mixin.py:149} INFO - [2023-06-15T23:28:02.468+0000] {dag.py:2726} INFO - Sync 1 DAGs
[2023-06-15T23:28:02.512+0000] {logging_mixin.py:149} INFO - [2023-06-15T23:28:02.511+0000] {dag.py:3490} INFO - Setting next_dagrun for example_xcom to 2021-01-01T00:00:00+00:00, run_after=2021-01-01T00:00:00+00:00
[2023-06-15T23:28:02.544+0000] {processor.py:179} INFO - Processing /home/airflow/.local/lib/python3.7/site-packages/airflow/example_dags/example_xcom.py took 0.161 seconds
[2023-06-15T23:30:48.169+0000] {processor.py:157} INFO - Started process (PID=4211) to work on /home/airflow/.local/lib/python3.7/site-packages/airflow/example_dags/example_xcom.py
[2023-06-15T23:30:48.170+0000] {processor.py:826} INFO - Processing file /home/airflow/.local/lib/python3.7/site-packages/airflow/example_dags/example_xcom.py for tasks to queue
[2023-06-15T23:30:48.172+0000] {logging_mixin.py:149} INFO - [2023-06-15T23:30:48.172+0000] {dagbag.py:541} INFO - Filling up the DagBag from /home/airflow/.local/lib/python3.7/site-packages/airflow/example_dags/example_xcom.py
[2023-06-15T23:30:48.185+0000] {processor.py:836} INFO - DAG(s) dict_keys(['example_xcom']) retrieved from /home/airflow/.local/lib/python3.7/site-packages/airflow/example_dags/example_xcom.py
[2023-06-15T23:30:48.230+0000] {logging_mixin.py:149} INFO - [2023-06-15T23:30:48.229+0000] {dag.py:2726} INFO - Sync 1 DAGs
[2023-06-15T23:30:48.271+0000] {logging_mixin.py:149} INFO - [2023-06-15T23:30:48.271+0000] {dag.py:3490} INFO - Setting next_dagrun for example_xcom to 2021-01-01T00:00:00+00:00, run_after=2021-01-01T00:00:00+00:00
[2023-06-15T23:30:48.454+0000] {processor.py:179} INFO - Processing /home/airflow/.local/lib/python3.7/site-packages/airflow/example_dags/example_xcom.py took 0.290 seconds
[2023-06-15T23:32:04.962+0000] {processor.py:157} INFO - Started process (PID=4445) to work on /home/airflow/.local/lib/python3.7/site-packages/airflow/example_dags/example_xcom.py
[2023-06-15T23:32:04.965+0000] {processor.py:826} INFO - Processing file /home/airflow/.local/lib/python3.7/site-packages/airflow/example_dags/example_xcom.py for tasks to queue
[2023-06-15T23:32:04.967+0000] {logging_mixin.py:149} INFO - [2023-06-15T23:32:04.967+0000] {dagbag.py:541} INFO - Filling up the DagBag from /home/airflow/.local/lib/python3.7/site-packages/airflow/example_dags/example_xcom.py
[2023-06-15T23:32:04.985+0000] {processor.py:836} INFO - DAG(s) dict_keys(['example_xcom']) retrieved from /home/airflow/.local/lib/python3.7/site-packages/airflow/example_dags/example_xcom.py
[2023-06-15T23:32:05.036+0000] {logging_mixin.py:149} INFO - [2023-06-15T23:32:05.035+0000] {dag.py:2726} INFO - Sync 1 DAGs
[2023-06-15T23:32:05.082+0000] {logging_mixin.py:149} INFO - [2023-06-15T23:32:05.082+0000] {dag.py:3490} INFO - Setting next_dagrun for example_xcom to 2021-01-01T00:00:00+00:00, run_after=2021-01-01T00:00:00+00:00
[2023-06-15T23:32:05.124+0000] {processor.py:179} INFO - Processing /home/airflow/.local/lib/python3.7/site-packages/airflow/example_dags/example_xcom.py took 0.166 seconds
[2023-06-15T23:33:28.061+0000] {processor.py:157} INFO - Started process (PID=4610) to work on /home/airflow/.local/lib/python3.7/site-packages/airflow/example_dags/example_xcom.py
[2023-06-15T23:33:28.062+0000] {processor.py:826} INFO - Processing file /home/airflow/.local/lib/python3.7/site-packages/airflow/example_dags/example_xcom.py for tasks to queue
[2023-06-15T23:33:28.063+0000] {logging_mixin.py:149} INFO - [2023-06-15T23:33:28.063+0000] {dagbag.py:541} INFO - Filling up the DagBag from /home/airflow/.local/lib/python3.7/site-packages/airflow/example_dags/example_xcom.py
[2023-06-15T23:33:28.073+0000] {processor.py:836} INFO - DAG(s) dict_keys(['example_xcom']) retrieved from /home/airflow/.local/lib/python3.7/site-packages/airflow/example_dags/example_xcom.py
[2023-06-15T23:33:28.106+0000] {logging_mixin.py:149} INFO - [2023-06-15T23:33:28.105+0000] {dag.py:2726} INFO - Sync 1 DAGs
[2023-06-15T23:33:28.136+0000] {logging_mixin.py:149} INFO - [2023-06-15T23:33:28.136+0000] {dag.py:3490} INFO - Setting next_dagrun for example_xcom to 2021-01-01T00:00:00+00:00, run_after=2021-01-01T00:00:00+00:00
[2023-06-15T23:33:28.162+0000] {processor.py:179} INFO - Processing /home/airflow/.local/lib/python3.7/site-packages/airflow/example_dags/example_xcom.py took 0.105 seconds
[2023-06-15T23:35:13.821+0000] {processor.py:157} INFO - Started process (PID=4835) to work on /home/airflow/.local/lib/python3.7/site-packages/airflow/example_dags/example_xcom.py
[2023-06-15T23:35:13.823+0000] {processor.py:826} INFO - Processing file /home/airflow/.local/lib/python3.7/site-packages/airflow/example_dags/example_xcom.py for tasks to queue
[2023-06-15T23:35:13.824+0000] {logging_mixin.py:149} INFO - [2023-06-15T23:35:13.824+0000] {dagbag.py:541} INFO - Filling up the DagBag from /home/airflow/.local/lib/python3.7/site-packages/airflow/example_dags/example_xcom.py
[2023-06-15T23:35:13.835+0000] {processor.py:836} INFO - DAG(s) dict_keys(['example_xcom']) retrieved from /home/airflow/.local/lib/python3.7/site-packages/airflow/example_dags/example_xcom.py
[2023-06-15T23:35:13.870+0000] {logging_mixin.py:149} INFO - [2023-06-15T23:35:13.870+0000] {dag.py:2726} INFO - Sync 1 DAGs
[2023-06-15T23:35:13.904+0000] {logging_mixin.py:149} INFO - [2023-06-15T23:35:13.904+0000] {dag.py:3490} INFO - Setting next_dagrun for example_xcom to 2021-01-01T00:00:00+00:00, run_after=2021-01-01T00:00:00+00:00
[2023-06-15T23:35:13.932+0000] {processor.py:179} INFO - Processing /home/airflow/.local/lib/python3.7/site-packages/airflow/example_dags/example_xcom.py took 0.115 seconds
