[2023-06-15T23:04:03.635+0000] {processor.py:157} INFO - Started process (PID=318) to work on /home/airflow/.local/lib/python3.7/site-packages/airflow/example_dags/example_task_group_decorator.py
[2023-06-15T23:04:03.637+0000] {processor.py:826} INFO - Processing file /home/airflow/.local/lib/python3.7/site-packages/airflow/example_dags/example_task_group_decorator.py for tasks to queue
[2023-06-15T23:04:03.638+0000] {logging_mixin.py:149} INFO - [2023-06-15T23:04:03.637+0000] {dagbag.py:541} INFO - Filling up the DagBag from /home/airflow/.local/lib/python3.7/site-packages/airflow/example_dags/example_task_group_decorator.py
[2023-06-15T23:04:03.817+0000] {processor.py:836} INFO - DAG(s) dict_keys(['example_task_group_decorator']) retrieved from /home/airflow/.local/lib/python3.7/site-packages/airflow/example_dags/example_task_group_decorator.py
[2023-06-15T23:04:03.867+0000] {logging_mixin.py:149} INFO - [2023-06-15T23:04:03.867+0000] {dag.py:2726} INFO - Sync 1 DAGs
[2023-06-15T23:04:03.904+0000] {logging_mixin.py:149} INFO - [2023-06-15T23:04:03.904+0000] {dag.py:3490} INFO - Setting next_dagrun for example_task_group_decorator to 2023-06-14T23:04:03.903798+00:00, run_after=2023-06-15T23:04:03.903798+00:00
[2023-06-15T23:04:03.944+0000] {processor.py:179} INFO - Processing /home/airflow/.local/lib/python3.7/site-packages/airflow/example_dags/example_task_group_decorator.py took 0.314 seconds
[2023-06-15T23:06:13.610+0000] {processor.py:157} INFO - Started process (PID=561) to work on /home/airflow/.local/lib/python3.7/site-packages/airflow/example_dags/example_task_group_decorator.py
[2023-06-15T23:06:13.612+0000] {processor.py:826} INFO - Processing file /home/airflow/.local/lib/python3.7/site-packages/airflow/example_dags/example_task_group_decorator.py for tasks to queue
[2023-06-15T23:06:13.613+0000] {logging_mixin.py:149} INFO - [2023-06-15T23:06:13.613+0000] {dagbag.py:541} INFO - Filling up the DagBag from /home/airflow/.local/lib/python3.7/site-packages/airflow/example_dags/example_task_group_decorator.py
[2023-06-15T23:06:13.644+0000] {processor.py:836} INFO - DAG(s) dict_keys(['example_task_group_decorator']) retrieved from /home/airflow/.local/lib/python3.7/site-packages/airflow/example_dags/example_task_group_decorator.py
[2023-06-15T23:06:13.729+0000] {logging_mixin.py:149} INFO - [2023-06-15T23:06:13.728+0000] {dag.py:2726} INFO - Sync 1 DAGs
[2023-06-15T23:06:13.785+0000] {logging_mixin.py:149} INFO - [2023-06-15T23:06:13.784+0000] {dag.py:3490} INFO - Setting next_dagrun for example_task_group_decorator to 2023-06-14T23:06:13.784572+00:00, run_after=2023-06-15T23:06:13.784572+00:00
[2023-06-15T23:06:13.854+0000] {processor.py:179} INFO - Processing /home/airflow/.local/lib/python3.7/site-packages/airflow/example_dags/example_task_group_decorator.py took 0.249 seconds
[2023-06-15T23:06:44.153+0000] {processor.py:157} INFO - Started process (PID=796) to work on /home/airflow/.local/lib/python3.7/site-packages/airflow/example_dags/example_task_group_decorator.py
[2023-06-15T23:06:44.155+0000] {processor.py:826} INFO - Processing file /home/airflow/.local/lib/python3.7/site-packages/airflow/example_dags/example_task_group_decorator.py for tasks to queue
[2023-06-15T23:06:44.157+0000] {logging_mixin.py:149} INFO - [2023-06-15T23:06:44.157+0000] {dagbag.py:541} INFO - Filling up the DagBag from /home/airflow/.local/lib/python3.7/site-packages/airflow/example_dags/example_task_group_decorator.py
[2023-06-15T23:06:44.191+0000] {processor.py:836} INFO - DAG(s) dict_keys(['example_task_group_decorator']) retrieved from /home/airflow/.local/lib/python3.7/site-packages/airflow/example_dags/example_task_group_decorator.py
[2023-06-15T23:06:44.251+0000] {logging_mixin.py:149} INFO - [2023-06-15T23:06:44.251+0000] {dag.py:2726} INFO - Sync 1 DAGs
[2023-06-15T23:06:44.292+0000] {logging_mixin.py:149} INFO - [2023-06-15T23:06:44.291+0000] {dag.py:3490} INFO - Setting next_dagrun for example_task_group_decorator to 2023-06-14T23:06:44.291313+00:00, run_after=2023-06-15T23:06:44.291313+00:00
[2023-06-15T23:06:44.323+0000] {processor.py:179} INFO - Processing /home/airflow/.local/lib/python3.7/site-packages/airflow/example_dags/example_task_group_decorator.py took 0.178 seconds
[2023-06-15T23:08:10.697+0000] {processor.py:157} INFO - Started process (PID=1055) to work on /home/airflow/.local/lib/python3.7/site-packages/airflow/example_dags/example_task_group_decorator.py
[2023-06-15T23:08:10.699+0000] {processor.py:826} INFO - Processing file /home/airflow/.local/lib/python3.7/site-packages/airflow/example_dags/example_task_group_decorator.py for tasks to queue
[2023-06-15T23:08:10.700+0000] {logging_mixin.py:149} INFO - [2023-06-15T23:08:10.700+0000] {dagbag.py:541} INFO - Filling up the DagBag from /home/airflow/.local/lib/python3.7/site-packages/airflow/example_dags/example_task_group_decorator.py
[2023-06-15T23:08:10.729+0000] {processor.py:836} INFO - DAG(s) dict_keys(['example_task_group_decorator']) retrieved from /home/airflow/.local/lib/python3.7/site-packages/airflow/example_dags/example_task_group_decorator.py
[2023-06-15T23:08:11.385+0000] {logging_mixin.py:149} INFO - [2023-06-15T23:08:11.384+0000] {dag.py:2726} INFO - Sync 1 DAGs
[2023-06-15T23:08:22.299+0000] {logging_mixin.py:149} INFO - [2023-06-15T23:08:22.298+0000] {dag.py:3490} INFO - Setting next_dagrun for example_task_group_decorator to 2023-06-14T23:08:22.290520+00:00, run_after=2023-06-15T23:08:22.290520+00:00
[2023-06-15T23:08:23.610+0000] {processor.py:179} INFO - Processing /home/airflow/.local/lib/python3.7/site-packages/airflow/example_dags/example_task_group_decorator.py took 12.913 seconds
[2023-06-15T23:11:02.912+0000] {processor.py:157} INFO - Started process (PID=1421) to work on /home/airflow/.local/lib/python3.7/site-packages/airflow/example_dags/example_task_group_decorator.py
[2023-06-15T23:11:02.913+0000] {processor.py:826} INFO - Processing file /home/airflow/.local/lib/python3.7/site-packages/airflow/example_dags/example_task_group_decorator.py for tasks to queue
[2023-06-15T23:11:02.914+0000] {logging_mixin.py:149} INFO - [2023-06-15T23:11:02.914+0000] {dagbag.py:541} INFO - Filling up the DagBag from /home/airflow/.local/lib/python3.7/site-packages/airflow/example_dags/example_task_group_decorator.py
[2023-06-15T23:11:02.934+0000] {processor.py:836} INFO - DAG(s) dict_keys(['example_task_group_decorator']) retrieved from /home/airflow/.local/lib/python3.7/site-packages/airflow/example_dags/example_task_group_decorator.py
[2023-06-15T23:11:03.007+0000] {logging_mixin.py:149} INFO - [2023-06-15T23:11:03.007+0000] {dag.py:2726} INFO - Sync 1 DAGs
[2023-06-15T23:11:03.057+0000] {logging_mixin.py:149} INFO - [2023-06-15T23:11:03.057+0000] {dag.py:3490} INFO - Setting next_dagrun for example_task_group_decorator to 2023-06-14T23:11:03.057163+00:00, run_after=2023-06-15T23:11:03.057163+00:00
[2023-06-15T23:11:03.102+0000] {processor.py:179} INFO - Processing /home/airflow/.local/lib/python3.7/site-packages/airflow/example_dags/example_task_group_decorator.py took 0.195 seconds
[2023-06-15T23:13:21.760+0000] {processor.py:157} INFO - Started process (PID=1691) to work on /home/airflow/.local/lib/python3.7/site-packages/airflow/example_dags/example_task_group_decorator.py
[2023-06-15T23:13:21.762+0000] {processor.py:826} INFO - Processing file /home/airflow/.local/lib/python3.7/site-packages/airflow/example_dags/example_task_group_decorator.py for tasks to queue
[2023-06-15T23:13:21.764+0000] {logging_mixin.py:149} INFO - [2023-06-15T23:13:21.764+0000] {dagbag.py:541} INFO - Filling up the DagBag from /home/airflow/.local/lib/python3.7/site-packages/airflow/example_dags/example_task_group_decorator.py
[2023-06-15T23:13:21.795+0000] {processor.py:836} INFO - DAG(s) dict_keys(['example_task_group_decorator']) retrieved from /home/airflow/.local/lib/python3.7/site-packages/airflow/example_dags/example_task_group_decorator.py
[2023-06-15T23:13:21.859+0000] {logging_mixin.py:149} INFO - [2023-06-15T23:13:21.858+0000] {dag.py:2726} INFO - Sync 1 DAGs
[2023-06-15T23:13:21.904+0000] {logging_mixin.py:149} INFO - [2023-06-15T23:13:21.904+0000] {dag.py:3490} INFO - Setting next_dagrun for example_task_group_decorator to 2023-06-14T23:13:21.903862+00:00, run_after=2023-06-15T23:13:21.903862+00:00
[2023-06-15T23:13:21.944+0000] {processor.py:179} INFO - Processing /home/airflow/.local/lib/python3.7/site-packages/airflow/example_dags/example_task_group_decorator.py took 0.196 seconds
[2023-06-15T23:15:25.448+0000] {processor.py:157} INFO - Started process (PID=2019) to work on /home/airflow/.local/lib/python3.7/site-packages/airflow/example_dags/example_task_group_decorator.py
[2023-06-15T23:15:25.450+0000] {processor.py:826} INFO - Processing file /home/airflow/.local/lib/python3.7/site-packages/airflow/example_dags/example_task_group_decorator.py for tasks to queue
[2023-06-15T23:15:25.453+0000] {logging_mixin.py:149} INFO - [2023-06-15T23:15:25.452+0000] {dagbag.py:541} INFO - Filling up the DagBag from /home/airflow/.local/lib/python3.7/site-packages/airflow/example_dags/example_task_group_decorator.py
[2023-06-15T23:15:25.492+0000] {processor.py:836} INFO - DAG(s) dict_keys(['example_task_group_decorator']) retrieved from /home/airflow/.local/lib/python3.7/site-packages/airflow/example_dags/example_task_group_decorator.py
[2023-06-15T23:15:25.572+0000] {logging_mixin.py:149} INFO - [2023-06-15T23:15:25.572+0000] {dag.py:2726} INFO - Sync 1 DAGs
[2023-06-15T23:15:25.612+0000] {logging_mixin.py:149} INFO - [2023-06-15T23:15:25.612+0000] {dag.py:3490} INFO - Setting next_dagrun for example_task_group_decorator to 2023-06-14T23:15:25.611602+00:00, run_after=2023-06-15T23:15:25.611602+00:00
[2023-06-15T23:15:25.649+0000] {processor.py:179} INFO - Processing /home/airflow/.local/lib/python3.7/site-packages/airflow/example_dags/example_task_group_decorator.py took 0.207 seconds
[2023-06-15T23:16:54.099+0000] {processor.py:157} INFO - Started process (PID=2337) to work on /home/airflow/.local/lib/python3.7/site-packages/airflow/example_dags/example_task_group_decorator.py
[2023-06-15T23:16:54.101+0000] {processor.py:826} INFO - Processing file /home/airflow/.local/lib/python3.7/site-packages/airflow/example_dags/example_task_group_decorator.py for tasks to queue
[2023-06-15T23:16:54.103+0000] {logging_mixin.py:149} INFO - [2023-06-15T23:16:54.102+0000] {dagbag.py:541} INFO - Filling up the DagBag from /home/airflow/.local/lib/python3.7/site-packages/airflow/example_dags/example_task_group_decorator.py
[2023-06-15T23:16:54.125+0000] {processor.py:836} INFO - DAG(s) dict_keys(['example_task_group_decorator']) retrieved from /home/airflow/.local/lib/python3.7/site-packages/airflow/example_dags/example_task_group_decorator.py
[2023-06-15T23:16:54.178+0000] {logging_mixin.py:149} INFO - [2023-06-15T23:16:54.178+0000] {dag.py:2726} INFO - Sync 1 DAGs
[2023-06-15T23:16:54.215+0000] {logging_mixin.py:149} INFO - [2023-06-15T23:16:54.215+0000] {dag.py:3490} INFO - Setting next_dagrun for example_task_group_decorator to 2023-06-14T23:16:54.214761+00:00, run_after=2023-06-15T23:16:54.214761+00:00
[2023-06-15T23:16:54.315+0000] {processor.py:179} INFO - Processing /home/airflow/.local/lib/python3.7/site-packages/airflow/example_dags/example_task_group_decorator.py took 0.221 seconds
[2023-06-15T23:17:54.036+0000] {processor.py:157} INFO - Started process (PID=2561) to work on /home/airflow/.local/lib/python3.7/site-packages/airflow/example_dags/example_task_group_decorator.py
[2023-06-15T23:17:54.038+0000] {processor.py:826} INFO - Processing file /home/airflow/.local/lib/python3.7/site-packages/airflow/example_dags/example_task_group_decorator.py for tasks to queue
[2023-06-15T23:17:54.039+0000] {logging_mixin.py:149} INFO - [2023-06-15T23:17:54.039+0000] {dagbag.py:541} INFO - Filling up the DagBag from /home/airflow/.local/lib/python3.7/site-packages/airflow/example_dags/example_task_group_decorator.py
[2023-06-15T23:17:54.086+0000] {processor.py:836} INFO - DAG(s) dict_keys(['example_task_group_decorator']) retrieved from /home/airflow/.local/lib/python3.7/site-packages/airflow/example_dags/example_task_group_decorator.py
[2023-06-15T23:17:54.166+0000] {logging_mixin.py:149} INFO - [2023-06-15T23:17:54.166+0000] {dag.py:2726} INFO - Sync 1 DAGs
[2023-06-15T23:17:54.250+0000] {logging_mixin.py:149} INFO - [2023-06-15T23:17:54.249+0000] {dag.py:3490} INFO - Setting next_dagrun for example_task_group_decorator to 2023-06-14T23:17:54.248692+00:00, run_after=2023-06-15T23:17:54.248692+00:00
[2023-06-15T23:17:54.432+0000] {processor.py:179} INFO - Processing /home/airflow/.local/lib/python3.7/site-packages/airflow/example_dags/example_task_group_decorator.py took 0.402 seconds
[2023-06-15T23:22:00.660+0000] {processor.py:157} INFO - Started process (PID=2872) to work on /home/airflow/.local/lib/python3.7/site-packages/airflow/example_dags/example_task_group_decorator.py
[2023-06-15T23:22:00.663+0000] {processor.py:826} INFO - Processing file /home/airflow/.local/lib/python3.7/site-packages/airflow/example_dags/example_task_group_decorator.py for tasks to queue
[2023-06-15T23:22:00.666+0000] {logging_mixin.py:149} INFO - [2023-06-15T23:22:00.665+0000] {dagbag.py:541} INFO - Filling up the DagBag from /home/airflow/.local/lib/python3.7/site-packages/airflow/example_dags/example_task_group_decorator.py
[2023-06-15T23:22:00.697+0000] {processor.py:836} INFO - DAG(s) dict_keys(['example_task_group_decorator']) retrieved from /home/airflow/.local/lib/python3.7/site-packages/airflow/example_dags/example_task_group_decorator.py
[2023-06-15T23:22:00.761+0000] {logging_mixin.py:149} INFO - [2023-06-15T23:22:00.760+0000] {dag.py:2726} INFO - Sync 1 DAGs
[2023-06-15T23:22:00.809+0000] {logging_mixin.py:149} INFO - [2023-06-15T23:22:00.808+0000] {dag.py:3490} INFO - Setting next_dagrun for example_task_group_decorator to 2023-06-14T23:22:00.808381+00:00, run_after=2023-06-15T23:22:00.808381+00:00
[2023-06-15T23:22:00.842+0000] {processor.py:179} INFO - Processing /home/airflow/.local/lib/python3.7/site-packages/airflow/example_dags/example_task_group_decorator.py took 0.188 seconds
[2023-06-15T23:23:04.352+0000] {processor.py:157} INFO - Started process (PID=3117) to work on /home/airflow/.local/lib/python3.7/site-packages/airflow/example_dags/example_task_group_decorator.py
[2023-06-15T23:23:04.353+0000] {processor.py:826} INFO - Processing file /home/airflow/.local/lib/python3.7/site-packages/airflow/example_dags/example_task_group_decorator.py for tasks to queue
[2023-06-15T23:23:04.355+0000] {logging_mixin.py:149} INFO - [2023-06-15T23:23:04.354+0000] {dagbag.py:541} INFO - Filling up the DagBag from /home/airflow/.local/lib/python3.7/site-packages/airflow/example_dags/example_task_group_decorator.py
[2023-06-15T23:23:04.382+0000] {processor.py:836} INFO - DAG(s) dict_keys(['example_task_group_decorator']) retrieved from /home/airflow/.local/lib/python3.7/site-packages/airflow/example_dags/example_task_group_decorator.py
[2023-06-15T23:23:04.444+0000] {logging_mixin.py:149} INFO - [2023-06-15T23:23:04.444+0000] {dag.py:2726} INFO - Sync 1 DAGs
[2023-06-15T23:23:04.495+0000] {logging_mixin.py:149} INFO - [2023-06-15T23:23:04.495+0000] {dag.py:3490} INFO - Setting next_dagrun for example_task_group_decorator to 2023-06-14T23:23:04.494781+00:00, run_after=2023-06-15T23:23:04.494781+00:00
[2023-06-15T23:23:15.881+0000] {processor.py:179} INFO - Processing /home/airflow/.local/lib/python3.7/site-packages/airflow/example_dags/example_task_group_decorator.py took 11.533 seconds
[2023-06-15T23:23:56.897+0000] {processor.py:157} INFO - Started process (PID=3356) to work on /home/airflow/.local/lib/python3.7/site-packages/airflow/example_dags/example_task_group_decorator.py
[2023-06-15T23:23:56.900+0000] {processor.py:826} INFO - Processing file /home/airflow/.local/lib/python3.7/site-packages/airflow/example_dags/example_task_group_decorator.py for tasks to queue
[2023-06-15T23:23:56.901+0000] {logging_mixin.py:149} INFO - [2023-06-15T23:23:56.901+0000] {dagbag.py:541} INFO - Filling up the DagBag from /home/airflow/.local/lib/python3.7/site-packages/airflow/example_dags/example_task_group_decorator.py
[2023-06-15T23:23:56.930+0000] {processor.py:836} INFO - DAG(s) dict_keys(['example_task_group_decorator']) retrieved from /home/airflow/.local/lib/python3.7/site-packages/airflow/example_dags/example_task_group_decorator.py
[2023-06-15T23:23:56.980+0000] {logging_mixin.py:149} INFO - [2023-06-15T23:23:56.980+0000] {dag.py:2726} INFO - Sync 1 DAGs
[2023-06-15T23:23:57.027+0000] {logging_mixin.py:149} INFO - [2023-06-15T23:23:57.027+0000] {dag.py:3490} INFO - Setting next_dagrun for example_task_group_decorator to 2023-06-14T23:23:57.027206+00:00, run_after=2023-06-15T23:23:57.027206+00:00
[2023-06-15T23:23:57.057+0000] {processor.py:179} INFO - Processing /home/airflow/.local/lib/python3.7/site-packages/airflow/example_dags/example_task_group_decorator.py took 0.169 seconds
[2023-06-15T23:24:27.512+0000] {processor.py:157} INFO - Started process (PID=3586) to work on /home/airflow/.local/lib/python3.7/site-packages/airflow/example_dags/example_task_group_decorator.py
[2023-06-15T23:24:27.519+0000] {processor.py:826} INFO - Processing file /home/airflow/.local/lib/python3.7/site-packages/airflow/example_dags/example_task_group_decorator.py for tasks to queue
[2023-06-15T23:24:27.523+0000] {logging_mixin.py:149} INFO - [2023-06-15T23:24:27.522+0000] {dagbag.py:541} INFO - Filling up the DagBag from /home/airflow/.local/lib/python3.7/site-packages/airflow/example_dags/example_task_group_decorator.py
[2023-06-15T23:24:27.553+0000] {processor.py:836} INFO - DAG(s) dict_keys(['example_task_group_decorator']) retrieved from /home/airflow/.local/lib/python3.7/site-packages/airflow/example_dags/example_task_group_decorator.py
[2023-06-15T23:24:28.445+0000] {logging_mixin.py:149} INFO - [2023-06-15T23:24:28.445+0000] {dag.py:2726} INFO - Sync 1 DAGs
[2023-06-15T23:24:28.787+0000] {logging_mixin.py:149} INFO - [2023-06-15T23:24:28.787+0000] {dag.py:3490} INFO - Setting next_dagrun for example_task_group_decorator to 2023-06-14T23:24:28.785832+00:00, run_after=2023-06-15T23:24:28.785832+00:00
[2023-06-15T23:24:28.813+0000] {processor.py:179} INFO - Processing /home/airflow/.local/lib/python3.7/site-packages/airflow/example_dags/example_task_group_decorator.py took 1.337 seconds
[2023-06-15T23:26:45.538+0000] {processor.py:157} INFO - Started process (PID=3769) to work on /home/airflow/.local/lib/python3.7/site-packages/airflow/example_dags/example_task_group_decorator.py
[2023-06-15T23:26:45.540+0000] {processor.py:826} INFO - Processing file /home/airflow/.local/lib/python3.7/site-packages/airflow/example_dags/example_task_group_decorator.py for tasks to queue
[2023-06-15T23:26:45.541+0000] {logging_mixin.py:149} INFO - [2023-06-15T23:26:45.541+0000] {dagbag.py:541} INFO - Filling up the DagBag from /home/airflow/.local/lib/python3.7/site-packages/airflow/example_dags/example_task_group_decorator.py
[2023-06-15T23:26:45.559+0000] {processor.py:836} INFO - DAG(s) dict_keys(['example_task_group_decorator']) retrieved from /home/airflow/.local/lib/python3.7/site-packages/airflow/example_dags/example_task_group_decorator.py
[2023-06-15T23:26:45.597+0000] {logging_mixin.py:149} INFO - [2023-06-15T23:26:45.597+0000] {dag.py:2726} INFO - Sync 1 DAGs
[2023-06-15T23:26:45.631+0000] {logging_mixin.py:149} INFO - [2023-06-15T23:26:45.631+0000] {dag.py:3490} INFO - Setting next_dagrun for example_task_group_decorator to 2023-06-14T23:26:45.631196+00:00, run_after=2023-06-15T23:26:45.631196+00:00
[2023-06-15T23:26:45.661+0000] {processor.py:179} INFO - Processing /home/airflow/.local/lib/python3.7/site-packages/airflow/example_dags/example_task_group_decorator.py took 0.128 seconds
[2023-06-15T23:28:03.566+0000] {processor.py:157} INFO - Started process (PID=4007) to work on /home/airflow/.local/lib/python3.7/site-packages/airflow/example_dags/example_task_group_decorator.py
[2023-06-15T23:28:03.569+0000] {processor.py:826} INFO - Processing file /home/airflow/.local/lib/python3.7/site-packages/airflow/example_dags/example_task_group_decorator.py for tasks to queue
[2023-06-15T23:28:03.570+0000] {logging_mixin.py:149} INFO - [2023-06-15T23:28:03.570+0000] {dagbag.py:541} INFO - Filling up the DagBag from /home/airflow/.local/lib/python3.7/site-packages/airflow/example_dags/example_task_group_decorator.py
[2023-06-15T23:28:03.594+0000] {processor.py:836} INFO - DAG(s) dict_keys(['example_task_group_decorator']) retrieved from /home/airflow/.local/lib/python3.7/site-packages/airflow/example_dags/example_task_group_decorator.py
[2023-06-15T23:28:03.646+0000] {logging_mixin.py:149} INFO - [2023-06-15T23:28:03.645+0000] {dag.py:2726} INFO - Sync 1 DAGs
[2023-06-15T23:28:03.700+0000] {logging_mixin.py:149} INFO - [2023-06-15T23:28:03.700+0000] {dag.py:3490} INFO - Setting next_dagrun for example_task_group_decorator to 2023-06-14T23:28:03.700087+00:00, run_after=2023-06-15T23:28:03.700087+00:00
[2023-06-15T23:28:03.738+0000] {processor.py:179} INFO - Processing /home/airflow/.local/lib/python3.7/site-packages/airflow/example_dags/example_task_group_decorator.py took 0.177 seconds
[2023-06-15T23:31:36.462+0000] {processor.py:157} INFO - Started process (PID=4258) to work on /home/airflow/.local/lib/python3.7/site-packages/airflow/example_dags/example_task_group_decorator.py
[2023-06-15T23:31:36.464+0000] {processor.py:826} INFO - Processing file /home/airflow/.local/lib/python3.7/site-packages/airflow/example_dags/example_task_group_decorator.py for tasks to queue
[2023-06-15T23:31:36.466+0000] {logging_mixin.py:149} INFO - [2023-06-15T23:31:36.465+0000] {dagbag.py:541} INFO - Filling up the DagBag from /home/airflow/.local/lib/python3.7/site-packages/airflow/example_dags/example_task_group_decorator.py
[2023-06-15T23:31:36.497+0000] {processor.py:836} INFO - DAG(s) dict_keys(['example_task_group_decorator']) retrieved from /home/airflow/.local/lib/python3.7/site-packages/airflow/example_dags/example_task_group_decorator.py
[2023-06-15T23:31:36.566+0000] {logging_mixin.py:149} INFO - [2023-06-15T23:31:36.566+0000] {dag.py:2726} INFO - Sync 1 DAGs
[2023-06-15T23:31:36.640+0000] {logging_mixin.py:149} INFO - [2023-06-15T23:31:36.640+0000] {dag.py:3490} INFO - Setting next_dagrun for example_task_group_decorator to 2023-06-14T23:31:36.639757+00:00, run_after=2023-06-15T23:31:36.639757+00:00
[2023-06-15T23:31:37.262+0000] {processor.py:179} INFO - Processing /home/airflow/.local/lib/python3.7/site-packages/airflow/example_dags/example_task_group_decorator.py took 0.806 seconds
[2023-06-15T23:32:08.338+0000] {processor.py:157} INFO - Started process (PID=4496) to work on /home/airflow/.local/lib/python3.7/site-packages/airflow/example_dags/example_task_group_decorator.py
[2023-06-15T23:32:08.340+0000] {processor.py:826} INFO - Processing file /home/airflow/.local/lib/python3.7/site-packages/airflow/example_dags/example_task_group_decorator.py for tasks to queue
[2023-06-15T23:32:08.341+0000] {logging_mixin.py:149} INFO - [2023-06-15T23:32:08.341+0000] {dagbag.py:541} INFO - Filling up the DagBag from /home/airflow/.local/lib/python3.7/site-packages/airflow/example_dags/example_task_group_decorator.py
[2023-06-15T23:32:08.357+0000] {processor.py:836} INFO - DAG(s) dict_keys(['example_task_group_decorator']) retrieved from /home/airflow/.local/lib/python3.7/site-packages/airflow/example_dags/example_task_group_decorator.py
[2023-06-15T23:32:08.394+0000] {logging_mixin.py:149} INFO - [2023-06-15T23:32:08.394+0000] {dag.py:2726} INFO - Sync 1 DAGs
[2023-06-15T23:32:08.422+0000] {logging_mixin.py:149} INFO - [2023-06-15T23:32:08.421+0000] {dag.py:3490} INFO - Setting next_dagrun for example_task_group_decorator to 2023-06-14T23:32:08.421691+00:00, run_after=2023-06-15T23:32:08.421691+00:00
[2023-06-15T23:32:08.457+0000] {processor.py:179} INFO - Processing /home/airflow/.local/lib/python3.7/site-packages/airflow/example_dags/example_task_group_decorator.py took 0.124 seconds
[2023-06-15T23:34:44.407+0000] {processor.py:157} INFO - Started process (PID=4657) to work on /home/airflow/.local/lib/python3.7/site-packages/airflow/example_dags/example_task_group_decorator.py
[2023-06-15T23:34:44.409+0000] {processor.py:826} INFO - Processing file /home/airflow/.local/lib/python3.7/site-packages/airflow/example_dags/example_task_group_decorator.py for tasks to queue
[2023-06-15T23:34:44.410+0000] {logging_mixin.py:149} INFO - [2023-06-15T23:34:44.410+0000] {dagbag.py:541} INFO - Filling up the DagBag from /home/airflow/.local/lib/python3.7/site-packages/airflow/example_dags/example_task_group_decorator.py
[2023-06-15T23:34:44.448+0000] {processor.py:836} INFO - DAG(s) dict_keys(['example_task_group_decorator']) retrieved from /home/airflow/.local/lib/python3.7/site-packages/airflow/example_dags/example_task_group_decorator.py
[2023-06-15T23:34:44.495+0000] {logging_mixin.py:149} INFO - [2023-06-15T23:34:44.495+0000] {dag.py:2726} INFO - Sync 1 DAGs
[2023-06-15T23:34:44.533+0000] {logging_mixin.py:149} INFO - [2023-06-15T23:34:44.533+0000] {dag.py:3490} INFO - Setting next_dagrun for example_task_group_decorator to 2023-06-14T23:34:44.533017+00:00, run_after=2023-06-15T23:34:44.533017+00:00
[2023-06-15T23:34:44.886+0000] {processor.py:179} INFO - Processing /home/airflow/.local/lib/python3.7/site-packages/airflow/example_dags/example_task_group_decorator.py took 0.484 seconds
[2023-06-15T23:35:16.347+0000] {processor.py:157} INFO - Started process (PID=4895) to work on /home/airflow/.local/lib/python3.7/site-packages/airflow/example_dags/example_task_group_decorator.py
[2023-06-15T23:35:16.351+0000] {processor.py:826} INFO - Processing file /home/airflow/.local/lib/python3.7/site-packages/airflow/example_dags/example_task_group_decorator.py for tasks to queue
[2023-06-15T23:35:16.353+0000] {logging_mixin.py:149} INFO - [2023-06-15T23:35:16.352+0000] {dagbag.py:541} INFO - Filling up the DagBag from /home/airflow/.local/lib/python3.7/site-packages/airflow/example_dags/example_task_group_decorator.py
[2023-06-15T23:35:16.400+0000] {processor.py:836} INFO - DAG(s) dict_keys(['example_task_group_decorator']) retrieved from /home/airflow/.local/lib/python3.7/site-packages/airflow/example_dags/example_task_group_decorator.py
[2023-06-15T23:35:16.473+0000] {logging_mixin.py:149} INFO - [2023-06-15T23:35:16.473+0000] {dag.py:2726} INFO - Sync 1 DAGs
[2023-06-15T23:35:16.512+0000] {logging_mixin.py:149} INFO - [2023-06-15T23:35:16.511+0000] {dag.py:3490} INFO - Setting next_dagrun for example_task_group_decorator to 2023-06-14T23:35:16.511527+00:00, run_after=2023-06-15T23:35:16.511527+00:00
[2023-06-15T23:35:16.549+0000] {processor.py:179} INFO - Processing /home/airflow/.local/lib/python3.7/site-packages/airflow/example_dags/example_task_group_decorator.py took 0.213 seconds
