[2023-06-15T23:00:47.896+0000] {processor.py:157} INFO - Started process (PID=179) to work on /home/airflow/.local/lib/python3.7/site-packages/airflow/example_dags/example_sensor_decorator.py
[2023-06-15T23:00:47.898+0000] {processor.py:826} INFO - Processing file /home/airflow/.local/lib/python3.7/site-packages/airflow/example_dags/example_sensor_decorator.py for tasks to queue
[2023-06-15T23:00:47.903+0000] {logging_mixin.py:149} INFO - [2023-06-15T23:00:47.902+0000] {dagbag.py:541} INFO - Filling up the DagBag from /home/airflow/.local/lib/python3.7/site-packages/airflow/example_dags/example_sensor_decorator.py
[2023-06-15T23:00:48.585+0000] {processor.py:836} INFO - DAG(s) dict_keys(['example_sensor_decorator']) retrieved from /home/airflow/.local/lib/python3.7/site-packages/airflow/example_dags/example_sensor_decorator.py
[2023-06-15T23:00:49.149+0000] {logging_mixin.py:149} INFO - [2023-06-15T23:00:49.148+0000] {dag.py:2726} INFO - Sync 1 DAGs
[2023-06-15T23:00:49.213+0000] {logging_mixin.py:149} INFO - [2023-06-15T23:00:49.213+0000] {dag.py:3490} INFO - Setting next_dagrun for example_sensor_decorator to None, run_after=None
[2023-06-15T23:00:49.273+0000] {processor.py:179} INFO - Processing /home/airflow/.local/lib/python3.7/site-packages/airflow/example_dags/example_sensor_decorator.py took 1.381 seconds
[2023-06-15T23:00:49.741+0000] {processor.py:157} INFO - Started process (PID=194) to work on /home/airflow/.local/lib/python3.7/site-packages/airflow/example_dags/example_sensor_decorator.py
[2023-06-15T23:00:49.743+0000] {processor.py:826} INFO - Processing file /home/airflow/.local/lib/python3.7/site-packages/airflow/example_dags/example_sensor_decorator.py for tasks to queue
[2023-06-15T23:00:49.744+0000] {logging_mixin.py:149} INFO - [2023-06-15T23:00:49.744+0000] {dagbag.py:541} INFO - Filling up the DagBag from /home/airflow/.local/lib/python3.7/site-packages/airflow/example_dags/example_sensor_decorator.py
[2023-06-15T23:00:49.762+0000] {processor.py:836} INFO - DAG(s) dict_keys(['example_sensor_decorator']) retrieved from /home/airflow/.local/lib/python3.7/site-packages/airflow/example_dags/example_sensor_decorator.py
[2023-06-15T23:00:49.804+0000] {logging_mixin.py:149} INFO - [2023-06-15T23:00:49.803+0000] {dag.py:2726} INFO - Sync 1 DAGs
[2023-06-15T23:00:49.841+0000] {logging_mixin.py:149} INFO - [2023-06-15T23:00:49.841+0000] {dag.py:3490} INFO - Setting next_dagrun for example_sensor_decorator to None, run_after=None
[2023-06-15T23:00:49.883+0000] {processor.py:179} INFO - Processing /home/airflow/.local/lib/python3.7/site-packages/airflow/example_dags/example_sensor_decorator.py took 0.146 seconds
[2023-06-15T23:04:38.960+0000] {processor.py:157} INFO - Started process (PID=441) to work on /home/airflow/.local/lib/python3.7/site-packages/airflow/example_dags/example_sensor_decorator.py
[2023-06-15T23:04:38.963+0000] {processor.py:826} INFO - Processing file /home/airflow/.local/lib/python3.7/site-packages/airflow/example_dags/example_sensor_decorator.py for tasks to queue
[2023-06-15T23:04:38.965+0000] {logging_mixin.py:149} INFO - [2023-06-15T23:04:38.964+0000] {dagbag.py:541} INFO - Filling up the DagBag from /home/airflow/.local/lib/python3.7/site-packages/airflow/example_dags/example_sensor_decorator.py
[2023-06-15T23:04:38.977+0000] {processor.py:836} INFO - DAG(s) dict_keys(['example_sensor_decorator']) retrieved from /home/airflow/.local/lib/python3.7/site-packages/airflow/example_dags/example_sensor_decorator.py
[2023-06-15T23:04:39.034+0000] {logging_mixin.py:149} INFO - [2023-06-15T23:04:39.033+0000] {dag.py:2726} INFO - Sync 1 DAGs
[2023-06-15T23:04:39.083+0000] {logging_mixin.py:149} INFO - [2023-06-15T23:04:39.083+0000] {dag.py:3490} INFO - Setting next_dagrun for example_sensor_decorator to None, run_after=None
[2023-06-15T23:04:39.132+0000] {processor.py:179} INFO - Processing /home/airflow/.local/lib/python3.7/site-packages/airflow/example_dags/example_sensor_decorator.py took 0.184 seconds
[2023-06-15T23:06:16.426+0000] {processor.py:157} INFO - Started process (PID=586) to work on /home/airflow/.local/lib/python3.7/site-packages/airflow/example_dags/example_sensor_decorator.py
[2023-06-15T23:06:16.428+0000] {processor.py:826} INFO - Processing file /home/airflow/.local/lib/python3.7/site-packages/airflow/example_dags/example_sensor_decorator.py for tasks to queue
[2023-06-15T23:06:16.430+0000] {logging_mixin.py:149} INFO - [2023-06-15T23:06:16.430+0000] {dagbag.py:541} INFO - Filling up the DagBag from /home/airflow/.local/lib/python3.7/site-packages/airflow/example_dags/example_sensor_decorator.py
[2023-06-15T23:06:16.439+0000] {processor.py:836} INFO - DAG(s) dict_keys(['example_sensor_decorator']) retrieved from /home/airflow/.local/lib/python3.7/site-packages/airflow/example_dags/example_sensor_decorator.py
[2023-06-15T23:06:16.471+0000] {logging_mixin.py:149} INFO - [2023-06-15T23:06:16.471+0000] {dag.py:2726} INFO - Sync 1 DAGs
[2023-06-15T23:06:16.507+0000] {logging_mixin.py:149} INFO - [2023-06-15T23:06:16.506+0000] {dag.py:3490} INFO - Setting next_dagrun for example_sensor_decorator to None, run_after=None
[2023-06-15T23:06:16.534+0000] {processor.py:179} INFO - Processing /home/airflow/.local/lib/python3.7/site-packages/airflow/example_dags/example_sensor_decorator.py took 0.114 seconds
[2023-06-15T23:06:54.660+0000] {processor.py:157} INFO - Started process (PID=823) to work on /home/airflow/.local/lib/python3.7/site-packages/airflow/example_dags/example_sensor_decorator.py
[2023-06-15T23:06:54.662+0000] {processor.py:826} INFO - Processing file /home/airflow/.local/lib/python3.7/site-packages/airflow/example_dags/example_sensor_decorator.py for tasks to queue
[2023-06-15T23:06:54.665+0000] {logging_mixin.py:149} INFO - [2023-06-15T23:06:54.665+0000] {dagbag.py:541} INFO - Filling up the DagBag from /home/airflow/.local/lib/python3.7/site-packages/airflow/example_dags/example_sensor_decorator.py
[2023-06-15T23:06:54.679+0000] {processor.py:836} INFO - DAG(s) dict_keys(['example_sensor_decorator']) retrieved from /home/airflow/.local/lib/python3.7/site-packages/airflow/example_dags/example_sensor_decorator.py
[2023-06-15T23:06:54.722+0000] {logging_mixin.py:149} INFO - [2023-06-15T23:06:54.721+0000] {dag.py:2726} INFO - Sync 1 DAGs
[2023-06-15T23:06:54.776+0000] {logging_mixin.py:149} INFO - [2023-06-15T23:06:54.775+0000] {dag.py:3490} INFO - Setting next_dagrun for example_sensor_decorator to None, run_after=None
[2023-06-15T23:06:54.831+0000] {processor.py:179} INFO - Processing /home/airflow/.local/lib/python3.7/site-packages/airflow/example_dags/example_sensor_decorator.py took 0.181 seconds
[2023-06-15T23:07:51.453+0000] {processor.py:157} INFO - Started process (PID=943) to work on /home/airflow/.local/lib/python3.7/site-packages/airflow/example_dags/example_sensor_decorator.py
[2023-06-15T23:07:51.454+0000] {processor.py:826} INFO - Processing file /home/airflow/.local/lib/python3.7/site-packages/airflow/example_dags/example_sensor_decorator.py for tasks to queue
[2023-06-15T23:07:51.456+0000] {logging_mixin.py:149} INFO - [2023-06-15T23:07:51.455+0000] {dagbag.py:541} INFO - Filling up the DagBag from /home/airflow/.local/lib/python3.7/site-packages/airflow/example_dags/example_sensor_decorator.py
[2023-06-15T23:07:51.464+0000] {processor.py:836} INFO - DAG(s) dict_keys(['example_sensor_decorator']) retrieved from /home/airflow/.local/lib/python3.7/site-packages/airflow/example_dags/example_sensor_decorator.py
[2023-06-15T23:07:51.498+0000] {logging_mixin.py:149} INFO - [2023-06-15T23:07:51.498+0000] {dag.py:2726} INFO - Sync 1 DAGs
[2023-06-15T23:07:51.533+0000] {logging_mixin.py:149} INFO - [2023-06-15T23:07:51.533+0000] {dag.py:3490} INFO - Setting next_dagrun for example_sensor_decorator to None, run_after=None
[2023-06-15T23:07:51.566+0000] {processor.py:179} INFO - Processing /home/airflow/.local/lib/python3.7/site-packages/airflow/example_dags/example_sensor_decorator.py took 0.119 seconds
[2023-06-15T23:08:57.679+0000] {processor.py:157} INFO - Started process (PID=1111) to work on /home/airflow/.local/lib/python3.7/site-packages/airflow/example_dags/example_sensor_decorator.py
[2023-06-15T23:08:57.683+0000] {processor.py:826} INFO - Processing file /home/airflow/.local/lib/python3.7/site-packages/airflow/example_dags/example_sensor_decorator.py for tasks to queue
[2023-06-15T23:08:57.688+0000] {logging_mixin.py:149} INFO - [2023-06-15T23:08:57.686+0000] {dagbag.py:541} INFO - Filling up the DagBag from /home/airflow/.local/lib/python3.7/site-packages/airflow/example_dags/example_sensor_decorator.py
[2023-06-15T23:08:57.711+0000] {processor.py:836} INFO - DAG(s) dict_keys(['example_sensor_decorator']) retrieved from /home/airflow/.local/lib/python3.7/site-packages/airflow/example_dags/example_sensor_decorator.py
[2023-06-15T23:09:00.521+0000] {logging_mixin.py:149} INFO - [2023-06-15T23:09:00.521+0000] {dag.py:2726} INFO - Sync 1 DAGs
[2023-06-15T23:09:04.518+0000] {logging_mixin.py:149} INFO - [2023-06-15T23:09:04.517+0000] {dag.py:3490} INFO - Setting next_dagrun for example_sensor_decorator to None, run_after=None
[2023-06-15T23:09:09.285+0000] {processor.py:179} INFO - Processing /home/airflow/.local/lib/python3.7/site-packages/airflow/example_dags/example_sensor_decorator.py took 11.622 seconds
[2023-06-15T23:10:52.147+0000] {processor.py:157} INFO - Started process (PID=1301) to work on /home/airflow/.local/lib/python3.7/site-packages/airflow/example_dags/example_sensor_decorator.py
[2023-06-15T23:10:52.149+0000] {processor.py:826} INFO - Processing file /home/airflow/.local/lib/python3.7/site-packages/airflow/example_dags/example_sensor_decorator.py for tasks to queue
[2023-06-15T23:10:52.150+0000] {logging_mixin.py:149} INFO - [2023-06-15T23:10:52.150+0000] {dagbag.py:541} INFO - Filling up the DagBag from /home/airflow/.local/lib/python3.7/site-packages/airflow/example_dags/example_sensor_decorator.py
[2023-06-15T23:10:52.169+0000] {processor.py:836} INFO - DAG(s) dict_keys(['example_sensor_decorator']) retrieved from /home/airflow/.local/lib/python3.7/site-packages/airflow/example_dags/example_sensor_decorator.py
[2023-06-15T23:10:52.233+0000] {logging_mixin.py:149} INFO - [2023-06-15T23:10:52.233+0000] {dag.py:2726} INFO - Sync 1 DAGs
[2023-06-15T23:10:52.272+0000] {logging_mixin.py:149} INFO - [2023-06-15T23:10:52.272+0000] {dag.py:3490} INFO - Setting next_dagrun for example_sensor_decorator to None, run_after=None
[2023-06-15T23:10:56.221+0000] {processor.py:179} INFO - Processing /home/airflow/.local/lib/python3.7/site-packages/airflow/example_dags/example_sensor_decorator.py took 4.088 seconds
[2023-06-15T23:11:26.927+0000] {processor.py:157} INFO - Started process (PID=1536) to work on /home/airflow/.local/lib/python3.7/site-packages/airflow/example_dags/example_sensor_decorator.py
[2023-06-15T23:11:26.929+0000] {processor.py:826} INFO - Processing file /home/airflow/.local/lib/python3.7/site-packages/airflow/example_dags/example_sensor_decorator.py for tasks to queue
[2023-06-15T23:11:26.930+0000] {logging_mixin.py:149} INFO - [2023-06-15T23:11:26.930+0000] {dagbag.py:541} INFO - Filling up the DagBag from /home/airflow/.local/lib/python3.7/site-packages/airflow/example_dags/example_sensor_decorator.py
[2023-06-15T23:11:26.938+0000] {processor.py:836} INFO - DAG(s) dict_keys(['example_sensor_decorator']) retrieved from /home/airflow/.local/lib/python3.7/site-packages/airflow/example_dags/example_sensor_decorator.py
[2023-06-15T23:11:26.971+0000] {logging_mixin.py:149} INFO - [2023-06-15T23:11:26.971+0000] {dag.py:2726} INFO - Sync 1 DAGs
[2023-06-15T23:11:27.003+0000] {logging_mixin.py:149} INFO - [2023-06-15T23:11:27.003+0000] {dag.py:3490} INFO - Setting next_dagrun for example_sensor_decorator to None, run_after=None
[2023-06-15T23:11:27.031+0000] {processor.py:179} INFO - Processing /home/airflow/.local/lib/python3.7/site-packages/airflow/example_dags/example_sensor_decorator.py took 0.108 seconds
[2023-06-15T23:12:18.738+0000] {processor.py:157} INFO - Started process (PID=1584) to work on /home/airflow/.local/lib/python3.7/site-packages/airflow/example_dags/example_sensor_decorator.py
[2023-06-15T23:12:18.740+0000] {processor.py:826} INFO - Processing file /home/airflow/.local/lib/python3.7/site-packages/airflow/example_dags/example_sensor_decorator.py for tasks to queue
[2023-06-15T23:12:18.741+0000] {logging_mixin.py:149} INFO - [2023-06-15T23:12:18.741+0000] {dagbag.py:541} INFO - Filling up the DagBag from /home/airflow/.local/lib/python3.7/site-packages/airflow/example_dags/example_sensor_decorator.py
[2023-06-15T23:12:18.750+0000] {processor.py:836} INFO - DAG(s) dict_keys(['example_sensor_decorator']) retrieved from /home/airflow/.local/lib/python3.7/site-packages/airflow/example_dags/example_sensor_decorator.py
[2023-06-15T23:12:18.789+0000] {logging_mixin.py:149} INFO - [2023-06-15T23:12:18.789+0000] {dag.py:2726} INFO - Sync 1 DAGs
[2023-06-15T23:12:18.823+0000] {logging_mixin.py:149} INFO - [2023-06-15T23:12:18.823+0000] {dag.py:3490} INFO - Setting next_dagrun for example_sensor_decorator to None, run_after=None
[2023-06-15T23:12:18.880+0000] {processor.py:179} INFO - Processing /home/airflow/.local/lib/python3.7/site-packages/airflow/example_dags/example_sensor_decorator.py took 0.148 seconds
[2023-06-15T23:13:26.022+0000] {processor.py:157} INFO - Started process (PID=1794) to work on /home/airflow/.local/lib/python3.7/site-packages/airflow/example_dags/example_sensor_decorator.py
[2023-06-15T23:13:26.025+0000] {processor.py:826} INFO - Processing file /home/airflow/.local/lib/python3.7/site-packages/airflow/example_dags/example_sensor_decorator.py for tasks to queue
[2023-06-15T23:13:26.026+0000] {logging_mixin.py:149} INFO - [2023-06-15T23:13:26.026+0000] {dagbag.py:541} INFO - Filling up the DagBag from /home/airflow/.local/lib/python3.7/site-packages/airflow/example_dags/example_sensor_decorator.py
[2023-06-15T23:13:26.036+0000] {processor.py:836} INFO - DAG(s) dict_keys(['example_sensor_decorator']) retrieved from /home/airflow/.local/lib/python3.7/site-packages/airflow/example_dags/example_sensor_decorator.py
[2023-06-15T23:13:26.073+0000] {logging_mixin.py:149} INFO - [2023-06-15T23:13:26.072+0000] {dag.py:2726} INFO - Sync 1 DAGs
[2023-06-15T23:13:26.112+0000] {logging_mixin.py:149} INFO - [2023-06-15T23:13:26.112+0000] {dag.py:3490} INFO - Setting next_dagrun for example_sensor_decorator to None, run_after=None
[2023-06-15T23:13:26.143+0000] {processor.py:179} INFO - Processing /home/airflow/.local/lib/python3.7/site-packages/airflow/example_dags/example_sensor_decorator.py took 0.127 seconds
[2023-06-15T23:14:58.484+0000] {processor.py:157} INFO - Started process (PID=1921) to work on /home/airflow/.local/lib/python3.7/site-packages/airflow/example_dags/example_sensor_decorator.py
[2023-06-15T23:14:58.486+0000] {processor.py:826} INFO - Processing file /home/airflow/.local/lib/python3.7/site-packages/airflow/example_dags/example_sensor_decorator.py for tasks to queue
[2023-06-15T23:14:58.487+0000] {logging_mixin.py:149} INFO - [2023-06-15T23:14:58.487+0000] {dagbag.py:541} INFO - Filling up the DagBag from /home/airflow/.local/lib/python3.7/site-packages/airflow/example_dags/example_sensor_decorator.py
[2023-06-15T23:14:58.497+0000] {processor.py:836} INFO - DAG(s) dict_keys(['example_sensor_decorator']) retrieved from /home/airflow/.local/lib/python3.7/site-packages/airflow/example_dags/example_sensor_decorator.py
[2023-06-15T23:14:58.533+0000] {logging_mixin.py:149} INFO - [2023-06-15T23:14:58.533+0000] {dag.py:2726} INFO - Sync 1 DAGs
[2023-06-15T23:14:58.562+0000] {logging_mixin.py:149} INFO - [2023-06-15T23:14:58.561+0000] {dag.py:3490} INFO - Setting next_dagrun for example_sensor_decorator to None, run_after=None
[2023-06-15T23:14:58.594+0000] {processor.py:179} INFO - Processing /home/airflow/.local/lib/python3.7/site-packages/airflow/example_dags/example_sensor_decorator.py took 0.114 seconds
[2023-06-15T23:15:43.950+0000] {processor.py:157} INFO - Started process (PID=2134) to work on /home/airflow/.local/lib/python3.7/site-packages/airflow/example_dags/example_sensor_decorator.py
[2023-06-15T23:15:43.952+0000] {processor.py:826} INFO - Processing file /home/airflow/.local/lib/python3.7/site-packages/airflow/example_dags/example_sensor_decorator.py for tasks to queue
[2023-06-15T23:15:43.956+0000] {logging_mixin.py:149} INFO - [2023-06-15T23:15:43.955+0000] {dagbag.py:541} INFO - Filling up the DagBag from /home/airflow/.local/lib/python3.7/site-packages/airflow/example_dags/example_sensor_decorator.py
[2023-06-15T23:15:43.965+0000] {processor.py:836} INFO - DAG(s) dict_keys(['example_sensor_decorator']) retrieved from /home/airflow/.local/lib/python3.7/site-packages/airflow/example_dags/example_sensor_decorator.py
[2023-06-15T23:15:44.027+0000] {logging_mixin.py:149} INFO - [2023-06-15T23:15:44.026+0000] {dag.py:2726} INFO - Sync 1 DAGs
[2023-06-15T23:15:44.087+0000] {logging_mixin.py:149} INFO - [2023-06-15T23:15:44.086+0000] {dag.py:3490} INFO - Setting next_dagrun for example_sensor_decorator to None, run_after=None
[2023-06-15T23:15:44.134+0000] {processor.py:179} INFO - Processing /home/airflow/.local/lib/python3.7/site-packages/airflow/example_dags/example_sensor_decorator.py took 0.191 seconds
[2023-06-15T23:16:48.510+0000] {processor.py:157} INFO - Started process (PID=2237) to work on /home/airflow/.local/lib/python3.7/site-packages/airflow/example_dags/example_sensor_decorator.py
[2023-06-15T23:16:48.513+0000] {processor.py:826} INFO - Processing file /home/airflow/.local/lib/python3.7/site-packages/airflow/example_dags/example_sensor_decorator.py for tasks to queue
[2023-06-15T23:16:48.514+0000] {logging_mixin.py:149} INFO - [2023-06-15T23:16:48.514+0000] {dagbag.py:541} INFO - Filling up the DagBag from /home/airflow/.local/lib/python3.7/site-packages/airflow/example_dags/example_sensor_decorator.py
[2023-06-15T23:16:48.524+0000] {processor.py:836} INFO - DAG(s) dict_keys(['example_sensor_decorator']) retrieved from /home/airflow/.local/lib/python3.7/site-packages/airflow/example_dags/example_sensor_decorator.py
[2023-06-15T23:16:48.594+0000] {logging_mixin.py:149} INFO - [2023-06-15T23:16:48.594+0000] {dag.py:2726} INFO - Sync 1 DAGs
[2023-06-15T23:16:48.634+0000] {logging_mixin.py:149} INFO - [2023-06-15T23:16:48.634+0000] {dag.py:3490} INFO - Setting next_dagrun for example_sensor_decorator to None, run_after=None
[2023-06-15T23:16:48.668+0000] {processor.py:179} INFO - Processing /home/airflow/.local/lib/python3.7/site-packages/airflow/example_dags/example_sensor_decorator.py took 0.163 seconds
[2023-06-15T23:17:40.685+0000] {processor.py:157} INFO - Started process (PID=2447) to work on /home/airflow/.local/lib/python3.7/site-packages/airflow/example_dags/example_sensor_decorator.py
[2023-06-15T23:17:40.687+0000] {processor.py:826} INFO - Processing file /home/airflow/.local/lib/python3.7/site-packages/airflow/example_dags/example_sensor_decorator.py for tasks to queue
[2023-06-15T23:17:40.689+0000] {logging_mixin.py:149} INFO - [2023-06-15T23:17:40.688+0000] {dagbag.py:541} INFO - Filling up the DagBag from /home/airflow/.local/lib/python3.7/site-packages/airflow/example_dags/example_sensor_decorator.py
[2023-06-15T23:17:40.698+0000] {processor.py:836} INFO - DAG(s) dict_keys(['example_sensor_decorator']) retrieved from /home/airflow/.local/lib/python3.7/site-packages/airflow/example_dags/example_sensor_decorator.py
[2023-06-15T23:17:40.739+0000] {logging_mixin.py:149} INFO - [2023-06-15T23:17:40.739+0000] {dag.py:2726} INFO - Sync 1 DAGs
[2023-06-15T23:17:40.783+0000] {logging_mixin.py:149} INFO - [2023-06-15T23:17:40.782+0000] {dag.py:3490} INFO - Setting next_dagrun for example_sensor_decorator to None, run_after=None
[2023-06-15T23:17:40.845+0000] {processor.py:179} INFO - Processing /home/airflow/.local/lib/python3.7/site-packages/airflow/example_dags/example_sensor_decorator.py took 0.166 seconds
[2023-06-15T23:18:54.048+0000] {processor.py:157} INFO - Started process (PID=2608) to work on /home/airflow/.local/lib/python3.7/site-packages/airflow/example_dags/example_sensor_decorator.py
[2023-06-15T23:18:54.050+0000] {processor.py:826} INFO - Processing file /home/airflow/.local/lib/python3.7/site-packages/airflow/example_dags/example_sensor_decorator.py for tasks to queue
[2023-06-15T23:18:54.052+0000] {logging_mixin.py:149} INFO - [2023-06-15T23:18:54.051+0000] {dagbag.py:541} INFO - Filling up the DagBag from /home/airflow/.local/lib/python3.7/site-packages/airflow/example_dags/example_sensor_decorator.py
[2023-06-15T23:18:54.065+0000] {processor.py:836} INFO - DAG(s) dict_keys(['example_sensor_decorator']) retrieved from /home/airflow/.local/lib/python3.7/site-packages/airflow/example_dags/example_sensor_decorator.py
[2023-06-15T23:18:54.121+0000] {logging_mixin.py:149} INFO - [2023-06-15T23:18:54.120+0000] {dag.py:2726} INFO - Sync 1 DAGs
[2023-06-15T23:18:54.161+0000] {logging_mixin.py:149} INFO - [2023-06-15T23:18:54.161+0000] {dag.py:3490} INFO - Setting next_dagrun for example_sensor_decorator to None, run_after=None
[2023-06-15T23:18:59.595+0000] {processor.py:179} INFO - Processing /home/airflow/.local/lib/python3.7/site-packages/airflow/example_dags/example_sensor_decorator.py took 5.553 seconds
[2023-06-15T23:21:34.516+0000] {processor.py:157} INFO - Started process (PID=2755) to work on /home/airflow/.local/lib/python3.7/site-packages/airflow/example_dags/example_sensor_decorator.py
[2023-06-15T23:21:34.518+0000] {processor.py:826} INFO - Processing file /home/airflow/.local/lib/python3.7/site-packages/airflow/example_dags/example_sensor_decorator.py for tasks to queue
[2023-06-15T23:21:34.520+0000] {logging_mixin.py:149} INFO - [2023-06-15T23:21:34.520+0000] {dagbag.py:541} INFO - Filling up the DagBag from /home/airflow/.local/lib/python3.7/site-packages/airflow/example_dags/example_sensor_decorator.py
[2023-06-15T23:21:34.530+0000] {processor.py:836} INFO - DAG(s) dict_keys(['example_sensor_decorator']) retrieved from /home/airflow/.local/lib/python3.7/site-packages/airflow/example_dags/example_sensor_decorator.py
[2023-06-15T23:21:34.562+0000] {logging_mixin.py:149} INFO - [2023-06-15T23:21:34.561+0000] {dag.py:2726} INFO - Sync 1 DAGs
[2023-06-15T23:21:34.592+0000] {logging_mixin.py:149} INFO - [2023-06-15T23:21:34.592+0000] {dag.py:3490} INFO - Setting next_dagrun for example_sensor_decorator to None, run_after=None
[2023-06-15T23:21:34.734+0000] {processor.py:179} INFO - Processing /home/airflow/.local/lib/python3.7/site-packages/airflow/example_dags/example_sensor_decorator.py took 0.222 seconds
[2023-06-15T23:22:18.622+0000] {processor.py:157} INFO - Started process (PID=2931) to work on /home/airflow/.local/lib/python3.7/site-packages/airflow/example_dags/example_sensor_decorator.py
[2023-06-15T23:22:18.624+0000] {processor.py:826} INFO - Processing file /home/airflow/.local/lib/python3.7/site-packages/airflow/example_dags/example_sensor_decorator.py for tasks to queue
[2023-06-15T23:22:18.625+0000] {logging_mixin.py:149} INFO - [2023-06-15T23:22:18.625+0000] {dagbag.py:541} INFO - Filling up the DagBag from /home/airflow/.local/lib/python3.7/site-packages/airflow/example_dags/example_sensor_decorator.py
[2023-06-15T23:22:18.639+0000] {processor.py:836} INFO - DAG(s) dict_keys(['example_sensor_decorator']) retrieved from /home/airflow/.local/lib/python3.7/site-packages/airflow/example_dags/example_sensor_decorator.py
[2023-06-15T23:22:18.673+0000] {logging_mixin.py:149} INFO - [2023-06-15T23:22:18.673+0000] {dag.py:2726} INFO - Sync 1 DAGs
[2023-06-15T23:22:18.706+0000] {logging_mixin.py:149} INFO - [2023-06-15T23:22:18.706+0000] {dag.py:3490} INFO - Setting next_dagrun for example_sensor_decorator to None, run_after=None
[2023-06-15T23:22:19.206+0000] {processor.py:179} INFO - Processing /home/airflow/.local/lib/python3.7/site-packages/airflow/example_dags/example_sensor_decorator.py took 0.590 seconds
[2023-06-15T23:23:24.377+0000] {processor.py:157} INFO - Started process (PID=3154) to work on /home/airflow/.local/lib/python3.7/site-packages/airflow/example_dags/example_sensor_decorator.py
[2023-06-15T23:23:24.379+0000] {processor.py:826} INFO - Processing file /home/airflow/.local/lib/python3.7/site-packages/airflow/example_dags/example_sensor_decorator.py for tasks to queue
[2023-06-15T23:23:24.380+0000] {logging_mixin.py:149} INFO - [2023-06-15T23:23:24.379+0000] {dagbag.py:541} INFO - Filling up the DagBag from /home/airflow/.local/lib/python3.7/site-packages/airflow/example_dags/example_sensor_decorator.py
[2023-06-15T23:23:24.388+0000] {processor.py:836} INFO - DAG(s) dict_keys(['example_sensor_decorator']) retrieved from /home/airflow/.local/lib/python3.7/site-packages/airflow/example_dags/example_sensor_decorator.py
[2023-06-15T23:23:24.423+0000] {logging_mixin.py:149} INFO - [2023-06-15T23:23:24.423+0000] {dag.py:2726} INFO - Sync 1 DAGs
[2023-06-15T23:23:24.458+0000] {logging_mixin.py:149} INFO - [2023-06-15T23:23:24.457+0000] {dag.py:3490} INFO - Setting next_dagrun for example_sensor_decorator to None, run_after=None
[2023-06-15T23:23:24.487+0000] {processor.py:179} INFO - Processing /home/airflow/.local/lib/python3.7/site-packages/airflow/example_dags/example_sensor_decorator.py took 0.115 seconds
[2023-06-15T23:24:00.100+0000] {processor.py:157} INFO - Started process (PID=3381) to work on /home/airflow/.local/lib/python3.7/site-packages/airflow/example_dags/example_sensor_decorator.py
[2023-06-15T23:24:00.102+0000] {processor.py:826} INFO - Processing file /home/airflow/.local/lib/python3.7/site-packages/airflow/example_dags/example_sensor_decorator.py for tasks to queue
[2023-06-15T23:24:00.104+0000] {logging_mixin.py:149} INFO - [2023-06-15T23:24:00.104+0000] {dagbag.py:541} INFO - Filling up the DagBag from /home/airflow/.local/lib/python3.7/site-packages/airflow/example_dags/example_sensor_decorator.py
[2023-06-15T23:24:00.114+0000] {processor.py:836} INFO - DAG(s) dict_keys(['example_sensor_decorator']) retrieved from /home/airflow/.local/lib/python3.7/site-packages/airflow/example_dags/example_sensor_decorator.py
[2023-06-15T23:24:00.159+0000] {logging_mixin.py:149} INFO - [2023-06-15T23:24:00.158+0000] {dag.py:2726} INFO - Sync 1 DAGs
[2023-06-15T23:24:00.222+0000] {logging_mixin.py:149} INFO - [2023-06-15T23:24:00.219+0000] {dag.py:3490} INFO - Setting next_dagrun for example_sensor_decorator to None, run_after=None
[2023-06-15T23:24:00.271+0000] {processor.py:179} INFO - Processing /home/airflow/.local/lib/python3.7/site-packages/airflow/example_dags/example_sensor_decorator.py took 0.186 seconds
[2023-06-15T23:24:42.328+0000] {processor.py:157} INFO - Started process (PID=3614) to work on /home/airflow/.local/lib/python3.7/site-packages/airflow/example_dags/example_sensor_decorator.py
[2023-06-15T23:24:42.330+0000] {processor.py:826} INFO - Processing file /home/airflow/.local/lib/python3.7/site-packages/airflow/example_dags/example_sensor_decorator.py for tasks to queue
[2023-06-15T23:24:42.331+0000] {logging_mixin.py:149} INFO - [2023-06-15T23:24:42.331+0000] {dagbag.py:541} INFO - Filling up the DagBag from /home/airflow/.local/lib/python3.7/site-packages/airflow/example_dags/example_sensor_decorator.py
[2023-06-15T23:24:42.340+0000] {processor.py:836} INFO - DAG(s) dict_keys(['example_sensor_decorator']) retrieved from /home/airflow/.local/lib/python3.7/site-packages/airflow/example_dags/example_sensor_decorator.py
[2023-06-15T23:24:42.373+0000] {logging_mixin.py:149} INFO - [2023-06-15T23:24:42.372+0000] {dag.py:2726} INFO - Sync 1 DAGs
[2023-06-15T23:24:42.751+0000] {logging_mixin.py:149} INFO - [2023-06-15T23:24:42.751+0000] {dag.py:3490} INFO - Setting next_dagrun for example_sensor_decorator to None, run_after=None
[2023-06-15T23:25:09.560+0000] {processor.py:179} INFO - Processing /home/airflow/.local/lib/python3.7/site-packages/airflow/example_dags/example_sensor_decorator.py took 28.745 seconds
[2023-06-15T23:26:43.740+0000] {processor.py:157} INFO - Started process (PID=3739) to work on /home/airflow/.local/lib/python3.7/site-packages/airflow/example_dags/example_sensor_decorator.py
[2023-06-15T23:26:43.742+0000] {processor.py:826} INFO - Processing file /home/airflow/.local/lib/python3.7/site-packages/airflow/example_dags/example_sensor_decorator.py for tasks to queue
[2023-06-15T23:26:43.744+0000] {logging_mixin.py:149} INFO - [2023-06-15T23:26:43.743+0000] {dagbag.py:541} INFO - Filling up the DagBag from /home/airflow/.local/lib/python3.7/site-packages/airflow/example_dags/example_sensor_decorator.py
[2023-06-15T23:26:43.753+0000] {processor.py:836} INFO - DAG(s) dict_keys(['example_sensor_decorator']) retrieved from /home/airflow/.local/lib/python3.7/site-packages/airflow/example_dags/example_sensor_decorator.py
[2023-06-15T23:26:43.790+0000] {logging_mixin.py:149} INFO - [2023-06-15T23:26:43.790+0000] {dag.py:2726} INFO - Sync 1 DAGs
[2023-06-15T23:26:43.829+0000] {logging_mixin.py:149} INFO - [2023-06-15T23:26:43.829+0000] {dag.py:3490} INFO - Setting next_dagrun for example_sensor_decorator to None, run_after=None
[2023-06-15T23:26:43.877+0000] {processor.py:179} INFO - Processing /home/airflow/.local/lib/python3.7/site-packages/airflow/example_dags/example_sensor_decorator.py took 0.139 seconds
[2023-06-15T23:27:57.921+0000] {processor.py:157} INFO - Started process (PID=3915) to work on /home/airflow/.local/lib/python3.7/site-packages/airflow/example_dags/example_sensor_decorator.py
[2023-06-15T23:27:57.923+0000] {processor.py:826} INFO - Processing file /home/airflow/.local/lib/python3.7/site-packages/airflow/example_dags/example_sensor_decorator.py for tasks to queue
[2023-06-15T23:27:57.925+0000] {logging_mixin.py:149} INFO - [2023-06-15T23:27:57.925+0000] {dagbag.py:541} INFO - Filling up the DagBag from /home/airflow/.local/lib/python3.7/site-packages/airflow/example_dags/example_sensor_decorator.py
[2023-06-15T23:27:57.935+0000] {processor.py:836} INFO - DAG(s) dict_keys(['example_sensor_decorator']) retrieved from /home/airflow/.local/lib/python3.7/site-packages/airflow/example_dags/example_sensor_decorator.py
[2023-06-15T23:27:57.973+0000] {logging_mixin.py:149} INFO - [2023-06-15T23:27:57.973+0000] {dag.py:2726} INFO - Sync 1 DAGs
[2023-06-15T23:27:58.011+0000] {logging_mixin.py:149} INFO - [2023-06-15T23:27:58.011+0000] {dag.py:3490} INFO - Setting next_dagrun for example_sensor_decorator to None, run_after=None
[2023-06-15T23:27:58.047+0000] {processor.py:179} INFO - Processing /home/airflow/.local/lib/python3.7/site-packages/airflow/example_dags/example_sensor_decorator.py took 0.131 seconds
[2023-06-15T23:29:51.806+0000] {processor.py:157} INFO - Started process (PID=4134) to work on /home/airflow/.local/lib/python3.7/site-packages/airflow/example_dags/example_sensor_decorator.py
[2023-06-15T23:29:51.808+0000] {processor.py:826} INFO - Processing file /home/airflow/.local/lib/python3.7/site-packages/airflow/example_dags/example_sensor_decorator.py for tasks to queue
[2023-06-15T23:29:51.809+0000] {logging_mixin.py:149} INFO - [2023-06-15T23:29:51.809+0000] {dagbag.py:541} INFO - Filling up the DagBag from /home/airflow/.local/lib/python3.7/site-packages/airflow/example_dags/example_sensor_decorator.py
[2023-06-15T23:29:51.941+0000] {processor.py:836} INFO - DAG(s) dict_keys(['example_sensor_decorator']) retrieved from /home/airflow/.local/lib/python3.7/site-packages/airflow/example_dags/example_sensor_decorator.py
[2023-06-15T23:29:55.750+0000] {logging_mixin.py:149} INFO - [2023-06-15T23:29:55.749+0000] {dag.py:2726} INFO - Sync 1 DAGs
[2023-06-15T23:29:57.853+0000] {logging_mixin.py:149} INFO - [2023-06-15T23:29:57.852+0000] {dag.py:3490} INFO - Setting next_dagrun for example_sensor_decorator to None, run_after=None
[2023-06-15T23:30:01.090+0000] {processor.py:179} INFO - Processing /home/airflow/.local/lib/python3.7/site-packages/airflow/example_dags/example_sensor_decorator.py took 9.385 seconds
[2023-06-15T23:32:02.261+0000] {processor.py:157} INFO - Started process (PID=4370) to work on /home/airflow/.local/lib/python3.7/site-packages/airflow/example_dags/example_sensor_decorator.py
[2023-06-15T23:32:02.263+0000] {processor.py:826} INFO - Processing file /home/airflow/.local/lib/python3.7/site-packages/airflow/example_dags/example_sensor_decorator.py for tasks to queue
[2023-06-15T23:32:02.264+0000] {logging_mixin.py:149} INFO - [2023-06-15T23:32:02.264+0000] {dagbag.py:541} INFO - Filling up the DagBag from /home/airflow/.local/lib/python3.7/site-packages/airflow/example_dags/example_sensor_decorator.py
[2023-06-15T23:32:02.271+0000] {processor.py:836} INFO - DAG(s) dict_keys(['example_sensor_decorator']) retrieved from /home/airflow/.local/lib/python3.7/site-packages/airflow/example_dags/example_sensor_decorator.py
[2023-06-15T23:32:02.307+0000] {logging_mixin.py:149} INFO - [2023-06-15T23:32:02.306+0000] {dag.py:2726} INFO - Sync 1 DAGs
[2023-06-15T23:32:02.344+0000] {logging_mixin.py:149} INFO - [2023-06-15T23:32:02.344+0000] {dag.py:3490} INFO - Setting next_dagrun for example_sensor_decorator to None, run_after=None
[2023-06-15T23:32:02.378+0000] {processor.py:179} INFO - Processing /home/airflow/.local/lib/python3.7/site-packages/airflow/example_dags/example_sensor_decorator.py took 0.122 seconds
[2023-06-15T23:33:17.681+0000] {processor.py:157} INFO - Started process (PID=4535) to work on /home/airflow/.local/lib/python3.7/site-packages/airflow/example_dags/example_sensor_decorator.py
[2023-06-15T23:33:17.684+0000] {processor.py:826} INFO - Processing file /home/airflow/.local/lib/python3.7/site-packages/airflow/example_dags/example_sensor_decorator.py for tasks to queue
[2023-06-15T23:33:17.686+0000] {logging_mixin.py:149} INFO - [2023-06-15T23:33:17.686+0000] {dagbag.py:541} INFO - Filling up the DagBag from /home/airflow/.local/lib/python3.7/site-packages/airflow/example_dags/example_sensor_decorator.py
[2023-06-15T23:33:17.696+0000] {processor.py:836} INFO - DAG(s) dict_keys(['example_sensor_decorator']) retrieved from /home/airflow/.local/lib/python3.7/site-packages/airflow/example_dags/example_sensor_decorator.py
[2023-06-15T23:33:17.744+0000] {logging_mixin.py:149} INFO - [2023-06-15T23:33:17.743+0000] {dag.py:2726} INFO - Sync 1 DAGs
[2023-06-15T23:33:17.775+0000] {logging_mixin.py:149} INFO - [2023-06-15T23:33:17.775+0000] {dag.py:3490} INFO - Setting next_dagrun for example_sensor_decorator to None, run_after=None
[2023-06-15T23:33:17.806+0000] {processor.py:179} INFO - Processing /home/airflow/.local/lib/python3.7/site-packages/airflow/example_dags/example_sensor_decorator.py took 0.132 seconds
[2023-06-15T23:35:01.754+0000] {processor.py:157} INFO - Started process (PID=4752) to work on /home/airflow/.local/lib/python3.7/site-packages/airflow/example_dags/example_sensor_decorator.py
[2023-06-15T23:35:01.757+0000] {processor.py:826} INFO - Processing file /home/airflow/.local/lib/python3.7/site-packages/airflow/example_dags/example_sensor_decorator.py for tasks to queue
[2023-06-15T23:35:01.758+0000] {logging_mixin.py:149} INFO - [2023-06-15T23:35:01.758+0000] {dagbag.py:541} INFO - Filling up the DagBag from /home/airflow/.local/lib/python3.7/site-packages/airflow/example_dags/example_sensor_decorator.py
[2023-06-15T23:35:01.770+0000] {processor.py:836} INFO - DAG(s) dict_keys(['example_sensor_decorator']) retrieved from /home/airflow/.local/lib/python3.7/site-packages/airflow/example_dags/example_sensor_decorator.py
[2023-06-15T23:35:01.821+0000] {logging_mixin.py:149} INFO - [2023-06-15T23:35:01.821+0000] {dag.py:2726} INFO - Sync 1 DAGs
[2023-06-15T23:35:01.860+0000] {logging_mixin.py:149} INFO - [2023-06-15T23:35:01.859+0000] {dag.py:3490} INFO - Setting next_dagrun for example_sensor_decorator to None, run_after=None
[2023-06-15T23:35:01.891+0000] {processor.py:179} INFO - Processing /home/airflow/.local/lib/python3.7/site-packages/airflow/example_dags/example_sensor_decorator.py took 0.143 seconds
[2023-06-15T23:35:33.137+0000] {processor.py:157} INFO - Started process (PID=4970) to work on /home/airflow/.local/lib/python3.7/site-packages/airflow/example_dags/example_sensor_decorator.py
[2023-06-15T23:35:33.140+0000] {processor.py:826} INFO - Processing file /home/airflow/.local/lib/python3.7/site-packages/airflow/example_dags/example_sensor_decorator.py for tasks to queue
[2023-06-15T23:35:33.142+0000] {logging_mixin.py:149} INFO - [2023-06-15T23:35:33.142+0000] {dagbag.py:541} INFO - Filling up the DagBag from /home/airflow/.local/lib/python3.7/site-packages/airflow/example_dags/example_sensor_decorator.py
[2023-06-15T23:35:33.152+0000] {processor.py:836} INFO - DAG(s) dict_keys(['example_sensor_decorator']) retrieved from /home/airflow/.local/lib/python3.7/site-packages/airflow/example_dags/example_sensor_decorator.py
[2023-06-15T23:35:33.206+0000] {logging_mixin.py:149} INFO - [2023-06-15T23:35:33.205+0000] {dag.py:2726} INFO - Sync 1 DAGs
[2023-06-15T23:35:33.257+0000] {logging_mixin.py:149} INFO - [2023-06-15T23:35:33.256+0000] {dag.py:3490} INFO - Setting next_dagrun for example_sensor_decorator to None, run_after=None
[2023-06-15T23:35:33.320+0000] {processor.py:179} INFO - Processing /home/airflow/.local/lib/python3.7/site-packages/airflow/example_dags/example_sensor_decorator.py took 0.187 seconds
[2023-06-15T23:45:11.243+0000] {processor.py:157} INFO - Started process (PID=180) to work on /home/airflow/.local/lib/python3.7/site-packages/airflow/example_dags/example_sensor_decorator.py
[2023-06-15T23:45:11.246+0000] {processor.py:826} INFO - Processing file /home/airflow/.local/lib/python3.7/site-packages/airflow/example_dags/example_sensor_decorator.py for tasks to queue
[2023-06-15T23:45:11.248+0000] {logging_mixin.py:149} INFO - [2023-06-15T23:45:11.247+0000] {dagbag.py:541} INFO - Filling up the DagBag from /home/airflow/.local/lib/python3.7/site-packages/airflow/example_dags/example_sensor_decorator.py
[2023-06-15T23:45:11.314+0000] {processor.py:836} INFO - DAG(s) dict_keys(['example_sensor_decorator']) retrieved from /home/airflow/.local/lib/python3.7/site-packages/airflow/example_dags/example_sensor_decorator.py
[2023-06-15T23:45:11.493+0000] {logging_mixin.py:149} INFO - [2023-06-15T23:45:11.493+0000] {dag.py:2726} INFO - Sync 1 DAGs
[2023-06-15T23:45:11.560+0000] {logging_mixin.py:149} INFO - [2023-06-15T23:45:11.559+0000] {dag.py:3490} INFO - Setting next_dagrun for example_sensor_decorator to None, run_after=None
[2023-06-15T23:45:18.256+0000] {processor.py:179} INFO - Processing /home/airflow/.local/lib/python3.7/site-packages/airflow/example_dags/example_sensor_decorator.py took 7.067 seconds
