[2023-06-15T23:03:55.718+0000] {processor.py:157} INFO - Started process (PID=303) to work on /home/airflow/.local/lib/python3.7/site-packages/airflow/example_dags/example_branch_operator.py
[2023-06-15T23:03:55.721+0000] {processor.py:826} INFO - Processing file /home/airflow/.local/lib/python3.7/site-packages/airflow/example_dags/example_branch_operator.py for tasks to queue
[2023-06-15T23:03:55.722+0000] {logging_mixin.py:149} INFO - [2023-06-15T23:03:55.722+0000] {dagbag.py:541} INFO - Filling up the DagBag from /home/airflow/.local/lib/python3.7/site-packages/airflow/example_dags/example_branch_operator.py
[2023-06-15T23:03:55.867+0000] {processor.py:836} INFO - DAG(s) dict_keys(['example_branch_operator']) retrieved from /home/airflow/.local/lib/python3.7/site-packages/airflow/example_dags/example_branch_operator.py
[2023-06-15T23:04:03.545+0000] {logging_mixin.py:149} INFO - [2023-06-15T23:04:03.545+0000] {dag.py:2726} INFO - Sync 1 DAGs
[2023-06-15T23:04:03.574+0000] {logging_mixin.py:149} INFO - [2023-06-15T23:04:03.574+0000] {dag.py:3490} INFO - Setting next_dagrun for example_branch_operator to 2023-06-14T00:00:00+00:00, run_after=2023-06-15T00:00:00+00:00
[2023-06-15T23:04:03.608+0000] {processor.py:179} INFO - Processing /home/airflow/.local/lib/python3.7/site-packages/airflow/example_dags/example_branch_operator.py took 7.895 seconds
[2023-06-15T23:06:13.350+0000] {processor.py:157} INFO - Started process (PID=556) to work on /home/airflow/.local/lib/python3.7/site-packages/airflow/example_dags/example_branch_operator.py
[2023-06-15T23:06:13.359+0000] {processor.py:826} INFO - Processing file /home/airflow/.local/lib/python3.7/site-packages/airflow/example_dags/example_branch_operator.py for tasks to queue
[2023-06-15T23:06:13.363+0000] {logging_mixin.py:149} INFO - [2023-06-15T23:06:13.361+0000] {dagbag.py:541} INFO - Filling up the DagBag from /home/airflow/.local/lib/python3.7/site-packages/airflow/example_dags/example_branch_operator.py
[2023-06-15T23:06:13.389+0000] {processor.py:836} INFO - DAG(s) dict_keys(['example_branch_operator']) retrieved from /home/airflow/.local/lib/python3.7/site-packages/airflow/example_dags/example_branch_operator.py
[2023-06-15T23:06:13.464+0000] {logging_mixin.py:149} INFO - [2023-06-15T23:06:13.463+0000] {dag.py:2726} INFO - Sync 1 DAGs
[2023-06-15T23:06:13.511+0000] {logging_mixin.py:149} INFO - [2023-06-15T23:06:13.510+0000] {dag.py:3490} INFO - Setting next_dagrun for example_branch_operator to 2023-06-14T00:00:00+00:00, run_after=2023-06-15T00:00:00+00:00
[2023-06-15T23:06:13.572+0000] {processor.py:179} INFO - Processing /home/airflow/.local/lib/python3.7/site-packages/airflow/example_dags/example_branch_operator.py took 0.235 seconds
[2023-06-15T23:06:44.153+0000] {processor.py:157} INFO - Started process (PID=793) to work on /home/airflow/.local/lib/python3.7/site-packages/airflow/example_dags/example_branch_operator.py
[2023-06-15T23:06:44.155+0000] {processor.py:826} INFO - Processing file /home/airflow/.local/lib/python3.7/site-packages/airflow/example_dags/example_branch_operator.py for tasks to queue
[2023-06-15T23:06:44.157+0000] {logging_mixin.py:149} INFO - [2023-06-15T23:06:44.157+0000] {dagbag.py:541} INFO - Filling up the DagBag from /home/airflow/.local/lib/python3.7/site-packages/airflow/example_dags/example_branch_operator.py
[2023-06-15T23:06:44.177+0000] {processor.py:836} INFO - DAG(s) dict_keys(['example_branch_operator']) retrieved from /home/airflow/.local/lib/python3.7/site-packages/airflow/example_dags/example_branch_operator.py
[2023-06-15T23:06:44.238+0000] {logging_mixin.py:149} INFO - [2023-06-15T23:06:44.237+0000] {dag.py:2726} INFO - Sync 1 DAGs
[2023-06-15T23:06:44.284+0000] {logging_mixin.py:149} INFO - [2023-06-15T23:06:44.284+0000] {dag.py:3490} INFO - Setting next_dagrun for example_branch_operator to 2023-06-14T00:00:00+00:00, run_after=2023-06-15T00:00:00+00:00
[2023-06-15T23:06:44.320+0000] {processor.py:179} INFO - Processing /home/airflow/.local/lib/python3.7/site-packages/airflow/example_dags/example_branch_operator.py took 0.177 seconds
[2023-06-15T23:08:06.770+0000] {processor.py:157} INFO - Started process (PID=1048) to work on /home/airflow/.local/lib/python3.7/site-packages/airflow/example_dags/example_branch_operator.py
[2023-06-15T23:08:06.771+0000] {processor.py:826} INFO - Processing file /home/airflow/.local/lib/python3.7/site-packages/airflow/example_dags/example_branch_operator.py for tasks to queue
[2023-06-15T23:08:06.773+0000] {logging_mixin.py:149} INFO - [2023-06-15T23:08:06.772+0000] {dagbag.py:541} INFO - Filling up the DagBag from /home/airflow/.local/lib/python3.7/site-packages/airflow/example_dags/example_branch_operator.py
[2023-06-15T23:08:06.790+0000] {processor.py:836} INFO - DAG(s) dict_keys(['example_branch_operator']) retrieved from /home/airflow/.local/lib/python3.7/site-packages/airflow/example_dags/example_branch_operator.py
[2023-06-15T23:08:06.869+0000] {logging_mixin.py:149} INFO - [2023-06-15T23:08:06.869+0000] {dag.py:2726} INFO - Sync 1 DAGs
[2023-06-15T23:08:06.911+0000] {logging_mixin.py:149} INFO - [2023-06-15T23:08:06.911+0000] {dag.py:3490} INFO - Setting next_dagrun for example_branch_operator to 2023-06-14T00:00:00+00:00, run_after=2023-06-15T00:00:00+00:00
[2023-06-15T23:08:08.044+0000] {processor.py:179} INFO - Processing /home/airflow/.local/lib/python3.7/site-packages/airflow/example_dags/example_branch_operator.py took 1.276 seconds
[2023-06-15T23:11:02.704+0000] {processor.py:157} INFO - Started process (PID=1416) to work on /home/airflow/.local/lib/python3.7/site-packages/airflow/example_dags/example_branch_operator.py
[2023-06-15T23:11:02.706+0000] {processor.py:826} INFO - Processing file /home/airflow/.local/lib/python3.7/site-packages/airflow/example_dags/example_branch_operator.py for tasks to queue
[2023-06-15T23:11:02.708+0000] {logging_mixin.py:149} INFO - [2023-06-15T23:11:02.708+0000] {dagbag.py:541} INFO - Filling up the DagBag from /home/airflow/.local/lib/python3.7/site-packages/airflow/example_dags/example_branch_operator.py
[2023-06-15T23:11:02.728+0000] {processor.py:836} INFO - DAG(s) dict_keys(['example_branch_operator']) retrieved from /home/airflow/.local/lib/python3.7/site-packages/airflow/example_dags/example_branch_operator.py
[2023-06-15T23:11:02.784+0000] {logging_mixin.py:149} INFO - [2023-06-15T23:11:02.784+0000] {dag.py:2726} INFO - Sync 1 DAGs
[2023-06-15T23:11:02.826+0000] {logging_mixin.py:149} INFO - [2023-06-15T23:11:02.826+0000] {dag.py:3490} INFO - Setting next_dagrun for example_branch_operator to 2023-06-14T00:00:00+00:00, run_after=2023-06-15T00:00:00+00:00
[2023-06-15T23:11:02.852+0000] {processor.py:179} INFO - Processing /home/airflow/.local/lib/python3.7/site-packages/airflow/example_dags/example_branch_operator.py took 0.154 seconds
[2023-06-15T23:13:20.519+0000] {processor.py:157} INFO - Started process (PID=1684) to work on /home/airflow/.local/lib/python3.7/site-packages/airflow/example_dags/example_branch_operator.py
[2023-06-15T23:13:20.527+0000] {processor.py:826} INFO - Processing file /home/airflow/.local/lib/python3.7/site-packages/airflow/example_dags/example_branch_operator.py for tasks to queue
[2023-06-15T23:13:20.530+0000] {logging_mixin.py:149} INFO - [2023-06-15T23:13:20.529+0000] {dagbag.py:541} INFO - Filling up the DagBag from /home/airflow/.local/lib/python3.7/site-packages/airflow/example_dags/example_branch_operator.py
[2023-06-15T23:13:20.557+0000] {processor.py:836} INFO - DAG(s) dict_keys(['example_branch_operator']) retrieved from /home/airflow/.local/lib/python3.7/site-packages/airflow/example_dags/example_branch_operator.py
[2023-06-15T23:13:21.216+0000] {logging_mixin.py:149} INFO - [2023-06-15T23:13:21.216+0000] {dag.py:2726} INFO - Sync 1 DAGs
[2023-06-15T23:13:21.311+0000] {logging_mixin.py:149} INFO - [2023-06-15T23:13:21.310+0000] {dag.py:3490} INFO - Setting next_dagrun for example_branch_operator to 2023-06-14T00:00:00+00:00, run_after=2023-06-15T00:00:00+00:00
[2023-06-15T23:13:21.653+0000] {processor.py:179} INFO - Processing /home/airflow/.local/lib/python3.7/site-packages/airflow/example_dags/example_branch_operator.py took 1.144 seconds
[2023-06-15T23:15:25.446+0000] {processor.py:157} INFO - Started process (PID=2016) to work on /home/airflow/.local/lib/python3.7/site-packages/airflow/example_dags/example_branch_operator.py
[2023-06-15T23:15:25.449+0000] {processor.py:826} INFO - Processing file /home/airflow/.local/lib/python3.7/site-packages/airflow/example_dags/example_branch_operator.py for tasks to queue
[2023-06-15T23:15:25.451+0000] {logging_mixin.py:149} INFO - [2023-06-15T23:15:25.451+0000] {dagbag.py:541} INFO - Filling up the DagBag from /home/airflow/.local/lib/python3.7/site-packages/airflow/example_dags/example_branch_operator.py
[2023-06-15T23:15:25.477+0000] {processor.py:836} INFO - DAG(s) dict_keys(['example_branch_operator']) retrieved from /home/airflow/.local/lib/python3.7/site-packages/airflow/example_dags/example_branch_operator.py
[2023-06-15T23:15:25.558+0000] {logging_mixin.py:149} INFO - [2023-06-15T23:15:25.558+0000] {dag.py:2726} INFO - Sync 1 DAGs
[2023-06-15T23:15:25.605+0000] {logging_mixin.py:149} INFO - [2023-06-15T23:15:25.605+0000] {dag.py:3490} INFO - Setting next_dagrun for example_branch_operator to 2023-06-14T00:00:00+00:00, run_after=2023-06-15T00:00:00+00:00
[2023-06-15T23:15:25.642+0000] {processor.py:179} INFO - Processing /home/airflow/.local/lib/python3.7/site-packages/airflow/example_dags/example_branch_operator.py took 0.203 seconds
[2023-06-15T23:16:53.803+0000] {processor.py:157} INFO - Started process (PID=2332) to work on /home/airflow/.local/lib/python3.7/site-packages/airflow/example_dags/example_branch_operator.py
[2023-06-15T23:16:53.806+0000] {processor.py:826} INFO - Processing file /home/airflow/.local/lib/python3.7/site-packages/airflow/example_dags/example_branch_operator.py for tasks to queue
[2023-06-15T23:16:53.808+0000] {logging_mixin.py:149} INFO - [2023-06-15T23:16:53.808+0000] {dagbag.py:541} INFO - Filling up the DagBag from /home/airflow/.local/lib/python3.7/site-packages/airflow/example_dags/example_branch_operator.py
[2023-06-15T23:16:53.843+0000] {processor.py:836} INFO - DAG(s) dict_keys(['example_branch_operator']) retrieved from /home/airflow/.local/lib/python3.7/site-packages/airflow/example_dags/example_branch_operator.py
[2023-06-15T23:16:53.913+0000] {logging_mixin.py:149} INFO - [2023-06-15T23:16:53.912+0000] {dag.py:2726} INFO - Sync 1 DAGs
[2023-06-15T23:16:53.974+0000] {logging_mixin.py:149} INFO - [2023-06-15T23:16:53.973+0000] {dag.py:3490} INFO - Setting next_dagrun for example_branch_operator to 2023-06-14T00:00:00+00:00, run_after=2023-06-15T00:00:00+00:00
[2023-06-15T23:16:54.053+0000] {processor.py:179} INFO - Processing /home/airflow/.local/lib/python3.7/site-packages/airflow/example_dags/example_branch_operator.py took 0.257 seconds
[2023-06-15T23:17:53.671+0000] {processor.py:157} INFO - Started process (PID=2556) to work on /home/airflow/.local/lib/python3.7/site-packages/airflow/example_dags/example_branch_operator.py
[2023-06-15T23:17:53.673+0000] {processor.py:826} INFO - Processing file /home/airflow/.local/lib/python3.7/site-packages/airflow/example_dags/example_branch_operator.py for tasks to queue
[2023-06-15T23:17:53.678+0000] {logging_mixin.py:149} INFO - [2023-06-15T23:17:53.677+0000] {dagbag.py:541} INFO - Filling up the DagBag from /home/airflow/.local/lib/python3.7/site-packages/airflow/example_dags/example_branch_operator.py
[2023-06-15T23:17:53.707+0000] {processor.py:836} INFO - DAG(s) dict_keys(['example_branch_operator']) retrieved from /home/airflow/.local/lib/python3.7/site-packages/airflow/example_dags/example_branch_operator.py
[2023-06-15T23:17:53.819+0000] {logging_mixin.py:149} INFO - [2023-06-15T23:17:53.819+0000] {dag.py:2726} INFO - Sync 1 DAGs
[2023-06-15T23:17:53.866+0000] {logging_mixin.py:149} INFO - [2023-06-15T23:17:53.866+0000] {dag.py:3490} INFO - Setting next_dagrun for example_branch_operator to 2023-06-14T00:00:00+00:00, run_after=2023-06-15T00:00:00+00:00
[2023-06-15T23:17:53.935+0000] {processor.py:179} INFO - Processing /home/airflow/.local/lib/python3.7/site-packages/airflow/example_dags/example_branch_operator.py took 0.270 seconds
[2023-06-15T23:22:00.635+0000] {processor.py:157} INFO - Started process (PID=2869) to work on /home/airflow/.local/lib/python3.7/site-packages/airflow/example_dags/example_branch_operator.py
[2023-06-15T23:22:00.637+0000] {processor.py:826} INFO - Processing file /home/airflow/.local/lib/python3.7/site-packages/airflow/example_dags/example_branch_operator.py for tasks to queue
[2023-06-15T23:22:00.639+0000] {logging_mixin.py:149} INFO - [2023-06-15T23:22:00.639+0000] {dagbag.py:541} INFO - Filling up the DagBag from /home/airflow/.local/lib/python3.7/site-packages/airflow/example_dags/example_branch_operator.py
[2023-06-15T23:22:00.660+0000] {processor.py:836} INFO - DAG(s) dict_keys(['example_branch_operator']) retrieved from /home/airflow/.local/lib/python3.7/site-packages/airflow/example_dags/example_branch_operator.py
[2023-06-15T23:22:00.719+0000] {logging_mixin.py:149} INFO - [2023-06-15T23:22:00.719+0000] {dag.py:2726} INFO - Sync 1 DAGs
[2023-06-15T23:22:00.780+0000] {logging_mixin.py:149} INFO - [2023-06-15T23:22:00.780+0000] {dag.py:3490} INFO - Setting next_dagrun for example_branch_operator to 2023-06-14T00:00:00+00:00, run_after=2023-06-15T00:00:00+00:00
[2023-06-15T23:22:00.820+0000] {processor.py:179} INFO - Processing /home/airflow/.local/lib/python3.7/site-packages/airflow/example_dags/example_branch_operator.py took 0.189 seconds
[2023-06-15T23:22:49.715+0000] {processor.py:157} INFO - Started process (PID=3112) to work on /home/airflow/.local/lib/python3.7/site-packages/airflow/example_dags/example_branch_operator.py
[2023-06-15T23:22:49.722+0000] {processor.py:826} INFO - Processing file /home/airflow/.local/lib/python3.7/site-packages/airflow/example_dags/example_branch_operator.py for tasks to queue
[2023-06-15T23:22:49.724+0000] {logging_mixin.py:149} INFO - [2023-06-15T23:22:49.723+0000] {dagbag.py:541} INFO - Filling up the DagBag from /home/airflow/.local/lib/python3.7/site-packages/airflow/example_dags/example_branch_operator.py
[2023-06-15T23:22:49.742+0000] {processor.py:836} INFO - DAG(s) dict_keys(['example_branch_operator']) retrieved from /home/airflow/.local/lib/python3.7/site-packages/airflow/example_dags/example_branch_operator.py
[2023-06-15T23:23:04.366+0000] {logging_mixin.py:149} INFO - [2023-06-15T23:23:04.366+0000] {dag.py:2726} INFO - Sync 1 DAGs
[2023-06-15T23:23:04.418+0000] {logging_mixin.py:149} INFO - [2023-06-15T23:23:04.418+0000] {dag.py:3490} INFO - Setting next_dagrun for example_branch_operator to 2023-06-14T00:00:00+00:00, run_after=2023-06-15T00:00:00+00:00
[2023-06-15T23:23:04.456+0000] {processor.py:179} INFO - Processing /home/airflow/.local/lib/python3.7/site-packages/airflow/example_dags/example_branch_operator.py took 14.746 seconds
[2023-06-15T23:23:36.268+0000] {processor.py:157} INFO - Started process (PID=3349) to work on /home/airflow/.local/lib/python3.7/site-packages/airflow/example_dags/example_branch_operator.py
[2023-06-15T23:23:36.270+0000] {processor.py:826} INFO - Processing file /home/airflow/.local/lib/python3.7/site-packages/airflow/example_dags/example_branch_operator.py for tasks to queue
[2023-06-15T23:23:36.272+0000] {logging_mixin.py:149} INFO - [2023-06-15T23:23:36.271+0000] {dagbag.py:541} INFO - Filling up the DagBag from /home/airflow/.local/lib/python3.7/site-packages/airflow/example_dags/example_branch_operator.py
[2023-06-15T23:23:36.286+0000] {processor.py:836} INFO - DAG(s) dict_keys(['example_branch_operator']) retrieved from /home/airflow/.local/lib/python3.7/site-packages/airflow/example_dags/example_branch_operator.py
[2023-06-15T23:23:36.325+0000] {logging_mixin.py:149} INFO - [2023-06-15T23:23:36.325+0000] {dag.py:2726} INFO - Sync 1 DAGs
[2023-06-15T23:23:36.365+0000] {logging_mixin.py:149} INFO - [2023-06-15T23:23:36.365+0000] {dag.py:3490} INFO - Setting next_dagrun for example_branch_operator to 2023-06-14T00:00:00+00:00, run_after=2023-06-15T00:00:00+00:00
[2023-06-15T23:23:39.987+0000] {processor.py:179} INFO - Processing /home/airflow/.local/lib/python3.7/site-packages/airflow/example_dags/example_branch_operator.py took 3.723 seconds
[2023-06-15T23:24:16.241+0000] {processor.py:157} INFO - Started process (PID=3579) to work on /home/airflow/.local/lib/python3.7/site-packages/airflow/example_dags/example_branch_operator.py
[2023-06-15T23:24:16.243+0000] {processor.py:826} INFO - Processing file /home/airflow/.local/lib/python3.7/site-packages/airflow/example_dags/example_branch_operator.py for tasks to queue
[2023-06-15T23:24:16.244+0000] {logging_mixin.py:149} INFO - [2023-06-15T23:24:16.244+0000] {dagbag.py:541} INFO - Filling up the DagBag from /home/airflow/.local/lib/python3.7/site-packages/airflow/example_dags/example_branch_operator.py
[2023-06-15T23:24:16.258+0000] {processor.py:836} INFO - DAG(s) dict_keys(['example_branch_operator']) retrieved from /home/airflow/.local/lib/python3.7/site-packages/airflow/example_dags/example_branch_operator.py
[2023-06-15T23:24:16.293+0000] {logging_mixin.py:149} INFO - [2023-06-15T23:24:16.293+0000] {dag.py:2726} INFO - Sync 1 DAGs
[2023-06-15T23:24:16.409+0000] {logging_mixin.py:149} INFO - [2023-06-15T23:24:16.409+0000] {dag.py:3490} INFO - Setting next_dagrun for example_branch_operator to 2023-06-14T00:00:00+00:00, run_after=2023-06-15T00:00:00+00:00
[2023-06-15T23:24:16.445+0000] {processor.py:179} INFO - Processing /home/airflow/.local/lib/python3.7/site-packages/airflow/example_dags/example_branch_operator.py took 0.208 seconds
[2023-06-15T23:26:45.461+0000] {processor.py:157} INFO - Started process (PID=3764) to work on /home/airflow/.local/lib/python3.7/site-packages/airflow/example_dags/example_branch_operator.py
[2023-06-15T23:26:45.464+0000] {processor.py:826} INFO - Processing file /home/airflow/.local/lib/python3.7/site-packages/airflow/example_dags/example_branch_operator.py for tasks to queue
[2023-06-15T23:26:45.465+0000] {logging_mixin.py:149} INFO - [2023-06-15T23:26:45.465+0000] {dagbag.py:541} INFO - Filling up the DagBag from /home/airflow/.local/lib/python3.7/site-packages/airflow/example_dags/example_branch_operator.py
[2023-06-15T23:26:45.485+0000] {processor.py:836} INFO - DAG(s) dict_keys(['example_branch_operator']) retrieved from /home/airflow/.local/lib/python3.7/site-packages/airflow/example_dags/example_branch_operator.py
[2023-06-15T23:26:45.537+0000] {logging_mixin.py:149} INFO - [2023-06-15T23:26:45.536+0000] {dag.py:2726} INFO - Sync 1 DAGs
[2023-06-15T23:26:45.571+0000] {logging_mixin.py:149} INFO - [2023-06-15T23:26:45.571+0000] {dag.py:3490} INFO - Setting next_dagrun for example_branch_operator to 2023-06-14T00:00:00+00:00, run_after=2023-06-15T00:00:00+00:00
[2023-06-15T23:26:45.597+0000] {processor.py:179} INFO - Processing /home/airflow/.local/lib/python3.7/site-packages/airflow/example_dags/example_branch_operator.py took 0.141 seconds
[2023-06-15T23:28:03.496+0000] {processor.py:157} INFO - Started process (PID=4002) to work on /home/airflow/.local/lib/python3.7/site-packages/airflow/example_dags/example_branch_operator.py
[2023-06-15T23:28:03.498+0000] {processor.py:826} INFO - Processing file /home/airflow/.local/lib/python3.7/site-packages/airflow/example_dags/example_branch_operator.py for tasks to queue
[2023-06-15T23:28:03.500+0000] {logging_mixin.py:149} INFO - [2023-06-15T23:28:03.499+0000] {dagbag.py:541} INFO - Filling up the DagBag from /home/airflow/.local/lib/python3.7/site-packages/airflow/example_dags/example_branch_operator.py
[2023-06-15T23:28:03.515+0000] {processor.py:836} INFO - DAG(s) dict_keys(['example_branch_operator']) retrieved from /home/airflow/.local/lib/python3.7/site-packages/airflow/example_dags/example_branch_operator.py
[2023-06-15T23:28:03.569+0000] {logging_mixin.py:149} INFO - [2023-06-15T23:28:03.568+0000] {dag.py:2726} INFO - Sync 1 DAGs
[2023-06-15T23:28:03.616+0000] {logging_mixin.py:149} INFO - [2023-06-15T23:28:03.615+0000] {dag.py:3490} INFO - Setting next_dagrun for example_branch_operator to 2023-06-14T00:00:00+00:00, run_after=2023-06-15T00:00:00+00:00
[2023-06-15T23:28:03.654+0000] {processor.py:179} INFO - Processing /home/airflow/.local/lib/python3.7/site-packages/airflow/example_dags/example_branch_operator.py took 0.164 seconds
[2023-06-15T23:31:36.458+0000] {processor.py:157} INFO - Started process (PID=4255) to work on /home/airflow/.local/lib/python3.7/site-packages/airflow/example_dags/example_branch_operator.py
[2023-06-15T23:31:36.460+0000] {processor.py:826} INFO - Processing file /home/airflow/.local/lib/python3.7/site-packages/airflow/example_dags/example_branch_operator.py for tasks to queue
[2023-06-15T23:31:36.462+0000] {logging_mixin.py:149} INFO - [2023-06-15T23:31:36.462+0000] {dagbag.py:541} INFO - Filling up the DagBag from /home/airflow/.local/lib/python3.7/site-packages/airflow/example_dags/example_branch_operator.py
[2023-06-15T23:31:36.478+0000] {processor.py:836} INFO - DAG(s) dict_keys(['example_branch_operator']) retrieved from /home/airflow/.local/lib/python3.7/site-packages/airflow/example_dags/example_branch_operator.py
[2023-06-15T23:31:36.542+0000] {logging_mixin.py:149} INFO - [2023-06-15T23:31:36.542+0000] {dag.py:2726} INFO - Sync 1 DAGs
[2023-06-15T23:31:36.612+0000] {logging_mixin.py:149} INFO - [2023-06-15T23:31:36.612+0000] {dag.py:3490} INFO - Setting next_dagrun for example_branch_operator to 2023-06-14T00:00:00+00:00, run_after=2023-06-15T00:00:00+00:00
[2023-06-15T23:31:37.254+0000] {processor.py:179} INFO - Processing /home/airflow/.local/lib/python3.7/site-packages/airflow/example_dags/example_branch_operator.py took 0.799 seconds
[2023-06-15T23:32:08.199+0000] {processor.py:157} INFO - Started process (PID=4491) to work on /home/airflow/.local/lib/python3.7/site-packages/airflow/example_dags/example_branch_operator.py
[2023-06-15T23:32:08.201+0000] {processor.py:826} INFO - Processing file /home/airflow/.local/lib/python3.7/site-packages/airflow/example_dags/example_branch_operator.py for tasks to queue
[2023-06-15T23:32:08.203+0000] {logging_mixin.py:149} INFO - [2023-06-15T23:32:08.203+0000] {dagbag.py:541} INFO - Filling up the DagBag from /home/airflow/.local/lib/python3.7/site-packages/airflow/example_dags/example_branch_operator.py
[2023-06-15T23:32:08.213+0000] {processor.py:836} INFO - DAG(s) dict_keys(['example_branch_operator']) retrieved from /home/airflow/.local/lib/python3.7/site-packages/airflow/example_dags/example_branch_operator.py
[2023-06-15T23:32:08.246+0000] {logging_mixin.py:149} INFO - [2023-06-15T23:32:08.246+0000] {dag.py:2726} INFO - Sync 1 DAGs
[2023-06-15T23:32:08.272+0000] {logging_mixin.py:149} INFO - [2023-06-15T23:32:08.272+0000] {dag.py:3490} INFO - Setting next_dagrun for example_branch_operator to 2023-06-14T00:00:00+00:00, run_after=2023-06-15T00:00:00+00:00
[2023-06-15T23:32:08.301+0000] {processor.py:179} INFO - Processing /home/airflow/.local/lib/python3.7/site-packages/airflow/example_dags/example_branch_operator.py took 0.105 seconds
[2023-06-15T23:34:37.088+0000] {processor.py:157} INFO - Started process (PID=4650) to work on /home/airflow/.local/lib/python3.7/site-packages/airflow/example_dags/example_branch_operator.py
[2023-06-15T23:34:37.099+0000] {processor.py:826} INFO - Processing file /home/airflow/.local/lib/python3.7/site-packages/airflow/example_dags/example_branch_operator.py for tasks to queue
[2023-06-15T23:34:37.102+0000] {logging_mixin.py:149} INFO - [2023-06-15T23:34:37.101+0000] {dagbag.py:541} INFO - Filling up the DagBag from /home/airflow/.local/lib/python3.7/site-packages/airflow/example_dags/example_branch_operator.py
[2023-06-15T23:34:37.136+0000] {processor.py:836} INFO - DAG(s) dict_keys(['example_branch_operator']) retrieved from /home/airflow/.local/lib/python3.7/site-packages/airflow/example_dags/example_branch_operator.py
[2023-06-15T23:34:37.522+0000] {logging_mixin.py:149} INFO - [2023-06-15T23:34:37.522+0000] {dag.py:2726} INFO - Sync 1 DAGs
[2023-06-15T23:34:37.982+0000] {logging_mixin.py:149} INFO - [2023-06-15T23:34:37.982+0000] {dag.py:3490} INFO - Setting next_dagrun for example_branch_operator to 2023-06-14T00:00:00+00:00, run_after=2023-06-15T00:00:00+00:00
[2023-06-15T23:34:41.932+0000] {processor.py:179} INFO - Processing /home/airflow/.local/lib/python3.7/site-packages/airflow/example_dags/example_branch_operator.py took 4.849 seconds
[2023-06-15T23:35:16.043+0000] {processor.py:157} INFO - Started process (PID=4890) to work on /home/airflow/.local/lib/python3.7/site-packages/airflow/example_dags/example_branch_operator.py
[2023-06-15T23:35:16.046+0000] {processor.py:826} INFO - Processing file /home/airflow/.local/lib/python3.7/site-packages/airflow/example_dags/example_branch_operator.py for tasks to queue
[2023-06-15T23:35:16.047+0000] {logging_mixin.py:149} INFO - [2023-06-15T23:35:16.047+0000] {dagbag.py:541} INFO - Filling up the DagBag from /home/airflow/.local/lib/python3.7/site-packages/airflow/example_dags/example_branch_operator.py
[2023-06-15T23:35:16.081+0000] {processor.py:836} INFO - DAG(s) dict_keys(['example_branch_operator']) retrieved from /home/airflow/.local/lib/python3.7/site-packages/airflow/example_dags/example_branch_operator.py
[2023-06-15T23:35:16.174+0000] {logging_mixin.py:149} INFO - [2023-06-15T23:35:16.174+0000] {dag.py:2726} INFO - Sync 1 DAGs
[2023-06-15T23:35:16.252+0000] {logging_mixin.py:149} INFO - [2023-06-15T23:35:16.251+0000] {dag.py:3490} INFO - Setting next_dagrun for example_branch_operator to 2023-06-14T00:00:00+00:00, run_after=2023-06-15T00:00:00+00:00
[2023-06-15T23:35:16.297+0000] {processor.py:179} INFO - Processing /home/airflow/.local/lib/python3.7/site-packages/airflow/example_dags/example_branch_operator.py took 0.258 seconds
