[2023-06-15T23:01:31.728+0000] {processor.py:157} INFO - Started process (PID=290) to work on /home/airflow/.local/lib/python3.7/site-packages/airflow/example_dags/example_latest_only.py
[2023-06-15T23:01:31.730+0000] {processor.py:826} INFO - Processing file /home/airflow/.local/lib/python3.7/site-packages/airflow/example_dags/example_latest_only.py for tasks to queue
[2023-06-15T23:01:32.261+0000] {logging_mixin.py:149} INFO - [2023-06-15T23:01:32.261+0000] {dagbag.py:541} INFO - Filling up the DagBag from /home/airflow/.local/lib/python3.7/site-packages/airflow/example_dags/example_latest_only.py
[2023-06-15T23:01:32.490+0000] {processor.py:836} INFO - DAG(s) dict_keys(['latest_only']) retrieved from /home/airflow/.local/lib/python3.7/site-packages/airflow/example_dags/example_latest_only.py
[2023-06-15T23:01:35.360+0000] {logging_mixin.py:149} INFO - [2023-06-15T23:01:35.360+0000] {dag.py:2726} INFO - Sync 1 DAGs
[2023-06-15T23:06:12.250+0000] {processor.py:157} INFO - Started process (PID=536) to work on /home/airflow/.local/lib/python3.7/site-packages/airflow/example_dags/example_latest_only.py
[2023-06-15T23:06:12.252+0000] {processor.py:826} INFO - Processing file /home/airflow/.local/lib/python3.7/site-packages/airflow/example_dags/example_latest_only.py for tasks to queue
[2023-06-15T23:06:12.256+0000] {logging_mixin.py:149} INFO - [2023-06-15T23:06:12.254+0000] {dagbag.py:541} INFO - Filling up the DagBag from /home/airflow/.local/lib/python3.7/site-packages/airflow/example_dags/example_latest_only.py
[2023-06-15T23:06:12.269+0000] {processor.py:836} INFO - DAG(s) dict_keys(['latest_only']) retrieved from /home/airflow/.local/lib/python3.7/site-packages/airflow/example_dags/example_latest_only.py
[2023-06-15T23:06:12.503+0000] {logging_mixin.py:149} INFO - [2023-06-15T23:06:12.503+0000] {dag.py:2726} INFO - Sync 1 DAGs
[2023-06-15T23:06:12.538+0000] {logging_mixin.py:149} INFO - [2023-06-15T23:06:12.538+0000] {dag.py:3490} INFO - Setting next_dagrun for latest_only to 2023-06-15T19:06:12.537638+00:00, run_after=2023-06-15T23:06:12.537638+00:00
[2023-06-15T23:06:12.574+0000] {processor.py:179} INFO - Processing /home/airflow/.local/lib/python3.7/site-packages/airflow/example_dags/example_latest_only.py took 0.331 seconds
[2023-06-15T23:06:43.446+0000] {processor.py:157} INFO - Started process (PID=773) to work on /home/airflow/.local/lib/python3.7/site-packages/airflow/example_dags/example_latest_only.py
[2023-06-15T23:06:43.447+0000] {processor.py:826} INFO - Processing file /home/airflow/.local/lib/python3.7/site-packages/airflow/example_dags/example_latest_only.py for tasks to queue
[2023-06-15T23:06:43.449+0000] {logging_mixin.py:149} INFO - [2023-06-15T23:06:43.448+0000] {dagbag.py:541} INFO - Filling up the DagBag from /home/airflow/.local/lib/python3.7/site-packages/airflow/example_dags/example_latest_only.py
[2023-06-15T23:06:43.456+0000] {processor.py:836} INFO - DAG(s) dict_keys(['latest_only']) retrieved from /home/airflow/.local/lib/python3.7/site-packages/airflow/example_dags/example_latest_only.py
[2023-06-15T23:06:43.495+0000] {logging_mixin.py:149} INFO - [2023-06-15T23:06:43.494+0000] {dag.py:2726} INFO - Sync 1 DAGs
[2023-06-15T23:06:43.551+0000] {logging_mixin.py:149} INFO - [2023-06-15T23:06:43.550+0000] {dag.py:3490} INFO - Setting next_dagrun for latest_only to 2023-06-15T19:06:43.549795+00:00, run_after=2023-06-15T23:06:43.549795+00:00
[2023-06-15T23:06:43.598+0000] {processor.py:179} INFO - Processing /home/airflow/.local/lib/python3.7/site-packages/airflow/example_dags/example_latest_only.py took 0.159 seconds
[2023-06-15T23:08:01.283+0000] {processor.py:157} INFO - Started process (PID=1030) to work on /home/airflow/.local/lib/python3.7/site-packages/airflow/example_dags/example_latest_only.py
[2023-06-15T23:08:01.285+0000] {processor.py:826} INFO - Processing file /home/airflow/.local/lib/python3.7/site-packages/airflow/example_dags/example_latest_only.py for tasks to queue
[2023-06-15T23:08:01.287+0000] {logging_mixin.py:149} INFO - [2023-06-15T23:08:01.287+0000] {dagbag.py:541} INFO - Filling up the DagBag from /home/airflow/.local/lib/python3.7/site-packages/airflow/example_dags/example_latest_only.py
[2023-06-15T23:08:01.297+0000] {processor.py:836} INFO - DAG(s) dict_keys(['latest_only']) retrieved from /home/airflow/.local/lib/python3.7/site-packages/airflow/example_dags/example_latest_only.py
[2023-06-15T23:08:01.334+0000] {logging_mixin.py:149} INFO - [2023-06-15T23:08:01.334+0000] {dag.py:2726} INFO - Sync 1 DAGs
[2023-06-15T23:08:01.364+0000] {logging_mixin.py:149} INFO - [2023-06-15T23:08:01.363+0000] {dag.py:3490} INFO - Setting next_dagrun for latest_only to 2023-06-15T19:08:01.363597+00:00, run_after=2023-06-15T23:08:01.363597+00:00
[2023-06-15T23:08:01.766+0000] {processor.py:179} INFO - Processing /home/airflow/.local/lib/python3.7/site-packages/airflow/example_dags/example_latest_only.py took 0.487 seconds
[2023-06-15T23:09:33.512+0000] {processor.py:157} INFO - Started process (PID=1202) to work on /home/airflow/.local/lib/python3.7/site-packages/airflow/example_dags/example_latest_only.py
[2023-06-15T23:09:33.515+0000] {processor.py:826} INFO - Processing file /home/airflow/.local/lib/python3.7/site-packages/airflow/example_dags/example_latest_only.py for tasks to queue
[2023-06-15T23:09:33.517+0000] {logging_mixin.py:149} INFO - [2023-06-15T23:09:33.517+0000] {dagbag.py:541} INFO - Filling up the DagBag from /home/airflow/.local/lib/python3.7/site-packages/airflow/example_dags/example_latest_only.py
[2023-06-15T23:09:33.525+0000] {processor.py:836} INFO - DAG(s) dict_keys(['latest_only']) retrieved from /home/airflow/.local/lib/python3.7/site-packages/airflow/example_dags/example_latest_only.py
[2023-06-15T23:09:33.578+0000] {logging_mixin.py:149} INFO - [2023-06-15T23:09:33.577+0000] {dag.py:2726} INFO - Sync 1 DAGs
[2023-06-15T23:09:33.616+0000] {logging_mixin.py:149} INFO - [2023-06-15T23:09:33.616+0000] {dag.py:3490} INFO - Setting next_dagrun for latest_only to 2023-06-15T19:09:33.615872+00:00, run_after=2023-06-15T23:09:33.615872+00:00
[2023-06-15T23:09:33.654+0000] {processor.py:179} INFO - Processing /home/airflow/.local/lib/python3.7/site-packages/airflow/example_dags/example_latest_only.py took 0.152 seconds
[2023-06-15T23:11:02.042+0000] {processor.py:157} INFO - Started process (PID=1396) to work on /home/airflow/.local/lib/python3.7/site-packages/airflow/example_dags/example_latest_only.py
[2023-06-15T23:11:02.043+0000] {processor.py:826} INFO - Processing file /home/airflow/.local/lib/python3.7/site-packages/airflow/example_dags/example_latest_only.py for tasks to queue
[2023-06-15T23:11:02.045+0000] {logging_mixin.py:149} INFO - [2023-06-15T23:11:02.045+0000] {dagbag.py:541} INFO - Filling up the DagBag from /home/airflow/.local/lib/python3.7/site-packages/airflow/example_dags/example_latest_only.py
[2023-06-15T23:11:02.055+0000] {processor.py:836} INFO - DAG(s) dict_keys(['latest_only']) retrieved from /home/airflow/.local/lib/python3.7/site-packages/airflow/example_dags/example_latest_only.py
[2023-06-15T23:11:02.099+0000] {logging_mixin.py:149} INFO - [2023-06-15T23:11:02.099+0000] {dag.py:2726} INFO - Sync 1 DAGs
[2023-06-15T23:11:02.138+0000] {logging_mixin.py:149} INFO - [2023-06-15T23:11:02.137+0000] {dag.py:3490} INFO - Setting next_dagrun for latest_only to 2023-06-15T19:11:02.137364+00:00, run_after=2023-06-15T23:11:02.137364+00:00
[2023-06-15T23:11:02.181+0000] {processor.py:179} INFO - Processing /home/airflow/.local/lib/python3.7/site-packages/airflow/example_dags/example_latest_only.py took 0.146 seconds
[2023-06-15T23:13:19.994+0000] {processor.py:157} INFO - Started process (PID=1665) to work on /home/airflow/.local/lib/python3.7/site-packages/airflow/example_dags/example_latest_only.py
[2023-06-15T23:13:19.996+0000] {processor.py:826} INFO - Processing file /home/airflow/.local/lib/python3.7/site-packages/airflow/example_dags/example_latest_only.py for tasks to queue
[2023-06-15T23:13:19.997+0000] {logging_mixin.py:149} INFO - [2023-06-15T23:13:19.997+0000] {dagbag.py:541} INFO - Filling up the DagBag from /home/airflow/.local/lib/python3.7/site-packages/airflow/example_dags/example_latest_only.py
[2023-06-15T23:13:20.010+0000] {processor.py:836} INFO - DAG(s) dict_keys(['latest_only']) retrieved from /home/airflow/.local/lib/python3.7/site-packages/airflow/example_dags/example_latest_only.py
[2023-06-15T23:13:20.051+0000] {logging_mixin.py:149} INFO - [2023-06-15T23:13:20.051+0000] {dag.py:2726} INFO - Sync 1 DAGs
[2023-06-15T23:13:20.094+0000] {logging_mixin.py:149} INFO - [2023-06-15T23:13:20.094+0000] {dag.py:3490} INFO - Setting next_dagrun for latest_only to 2023-06-15T19:13:20.093923+00:00, run_after=2023-06-15T23:13:20.093923+00:00
[2023-06-15T23:13:20.139+0000] {processor.py:179} INFO - Processing /home/airflow/.local/lib/python3.7/site-packages/airflow/example_dags/example_latest_only.py took 0.151 seconds
[2023-06-15T23:14:58.104+0000] {processor.py:157} INFO - Started process (PID=1901) to work on /home/airflow/.local/lib/python3.7/site-packages/airflow/example_dags/example_latest_only.py
[2023-06-15T23:14:58.107+0000] {processor.py:826} INFO - Processing file /home/airflow/.local/lib/python3.7/site-packages/airflow/example_dags/example_latest_only.py for tasks to queue
[2023-06-15T23:14:58.120+0000] {logging_mixin.py:149} INFO - [2023-06-15T23:14:58.120+0000] {dagbag.py:541} INFO - Filling up the DagBag from /home/airflow/.local/lib/python3.7/site-packages/airflow/example_dags/example_latest_only.py
[2023-06-15T23:14:58.182+0000] {processor.py:836} INFO - DAG(s) dict_keys(['latest_only']) retrieved from /home/airflow/.local/lib/python3.7/site-packages/airflow/example_dags/example_latest_only.py
[2023-06-15T23:14:58.219+0000] {logging_mixin.py:149} INFO - [2023-06-15T23:14:58.219+0000] {dag.py:2726} INFO - Sync 1 DAGs
[2023-06-15T23:14:58.259+0000] {logging_mixin.py:149} INFO - [2023-06-15T23:14:58.259+0000] {dag.py:3490} INFO - Setting next_dagrun for latest_only to 2023-06-15T19:14:58.258776+00:00, run_after=2023-06-15T23:14:58.258776+00:00
[2023-06-15T23:14:58.299+0000] {processor.py:179} INFO - Processing /home/airflow/.local/lib/python3.7/site-packages/airflow/example_dags/example_latest_only.py took 0.205 seconds
[2023-06-15T23:16:01.618+0000] {processor.py:157} INFO - Started process (PID=2212) to work on /home/airflow/.local/lib/python3.7/site-packages/airflow/example_dags/example_latest_only.py
[2023-06-15T23:16:01.635+0000] {processor.py:826} INFO - Processing file /home/airflow/.local/lib/python3.7/site-packages/airflow/example_dags/example_latest_only.py for tasks to queue
[2023-06-15T23:16:01.636+0000] {logging_mixin.py:149} INFO - [2023-06-15T23:16:01.636+0000] {dagbag.py:541} INFO - Filling up the DagBag from /home/airflow/.local/lib/python3.7/site-packages/airflow/example_dags/example_latest_only.py
[2023-06-15T23:16:19.314+0000] {processor.py:836} INFO - DAG(s) dict_keys(['latest_only']) retrieved from /home/airflow/.local/lib/python3.7/site-packages/airflow/example_dags/example_latest_only.py
[2023-06-15T23:16:40.279+0000] {logging_mixin.py:149} INFO - [2023-06-15T23:16:40.278+0000] {dag.py:2726} INFO - Sync 1 DAGs
[2023-06-15T23:16:44.329+0000] {logging_mixin.py:149} INFO - [2023-06-15T23:16:44.328+0000] {dag.py:3490} INFO - Setting next_dagrun for latest_only to 2023-06-15T19:16:44.325814+00:00, run_after=2023-06-15T23:16:44.325814+00:00
[2023-06-15T23:16:45.130+0000] {processor.py:179} INFO - Processing /home/airflow/.local/lib/python3.7/site-packages/airflow/example_dags/example_latest_only.py took 43.533 seconds
[2023-06-15T23:17:52.983+0000] {processor.py:157} INFO - Started process (PID=2534) to work on /home/airflow/.local/lib/python3.7/site-packages/airflow/example_dags/example_latest_only.py
[2023-06-15T23:17:52.985+0000] {processor.py:826} INFO - Processing file /home/airflow/.local/lib/python3.7/site-packages/airflow/example_dags/example_latest_only.py for tasks to queue
[2023-06-15T23:17:52.986+0000] {logging_mixin.py:149} INFO - [2023-06-15T23:17:52.986+0000] {dagbag.py:541} INFO - Filling up the DagBag from /home/airflow/.local/lib/python3.7/site-packages/airflow/example_dags/example_latest_only.py
[2023-06-15T23:17:52.994+0000] {processor.py:836} INFO - DAG(s) dict_keys(['latest_only']) retrieved from /home/airflow/.local/lib/python3.7/site-packages/airflow/example_dags/example_latest_only.py
[2023-06-15T23:17:53.031+0000] {logging_mixin.py:149} INFO - [2023-06-15T23:17:53.031+0000] {dag.py:2726} INFO - Sync 1 DAGs
[2023-06-15T23:17:53.070+0000] {logging_mixin.py:149} INFO - [2023-06-15T23:17:53.070+0000] {dag.py:3490} INFO - Setting next_dagrun for latest_only to 2023-06-15T19:17:53.070315+00:00, run_after=2023-06-15T23:17:53.070315+00:00
[2023-06-15T23:17:53.121+0000] {processor.py:179} INFO - Processing /home/airflow/.local/lib/python3.7/site-packages/airflow/example_dags/example_latest_only.py took 0.143 seconds
[2023-06-15T23:21:58.087+0000] {processor.py:157} INFO - Started process (PID=2847) to work on /home/airflow/.local/lib/python3.7/site-packages/airflow/example_dags/example_latest_only.py
[2023-06-15T23:21:58.090+0000] {processor.py:826} INFO - Processing file /home/airflow/.local/lib/python3.7/site-packages/airflow/example_dags/example_latest_only.py for tasks to queue
[2023-06-15T23:21:58.093+0000] {logging_mixin.py:149} INFO - [2023-06-15T23:21:58.093+0000] {dagbag.py:541} INFO - Filling up the DagBag from /home/airflow/.local/lib/python3.7/site-packages/airflow/example_dags/example_latest_only.py
[2023-06-15T23:21:58.119+0000] {processor.py:836} INFO - DAG(s) dict_keys(['latest_only']) retrieved from /home/airflow/.local/lib/python3.7/site-packages/airflow/example_dags/example_latest_only.py
[2023-06-15T23:21:58.185+0000] {logging_mixin.py:149} INFO - [2023-06-15T23:21:58.185+0000] {dag.py:2726} INFO - Sync 1 DAGs
[2023-06-15T23:21:58.945+0000] {logging_mixin.py:149} INFO - [2023-06-15T23:21:58.945+0000] {dag.py:3490} INFO - Setting next_dagrun for latest_only to 2023-06-15T19:21:58.945353+00:00, run_after=2023-06-15T23:21:58.945353+00:00
[2023-06-15T23:21:58.974+0000] {processor.py:179} INFO - Processing /home/airflow/.local/lib/python3.7/site-packages/airflow/example_dags/example_latest_only.py took 0.893 seconds
[2023-06-15T23:22:29.500+0000] {processor.py:157} INFO - Started process (PID=3084) to work on /home/airflow/.local/lib/python3.7/site-packages/airflow/example_dags/example_latest_only.py
[2023-06-15T23:22:29.502+0000] {processor.py:826} INFO - Processing file /home/airflow/.local/lib/python3.7/site-packages/airflow/example_dags/example_latest_only.py for tasks to queue
[2023-06-15T23:22:29.503+0000] {logging_mixin.py:149} INFO - [2023-06-15T23:22:29.503+0000] {dagbag.py:541} INFO - Filling up the DagBag from /home/airflow/.local/lib/python3.7/site-packages/airflow/example_dags/example_latest_only.py
[2023-06-15T23:22:29.515+0000] {processor.py:836} INFO - DAG(s) dict_keys(['latest_only']) retrieved from /home/airflow/.local/lib/python3.7/site-packages/airflow/example_dags/example_latest_only.py
[2023-06-15T23:22:31.605+0000] {logging_mixin.py:149} INFO - [2023-06-15T23:22:31.604+0000] {dag.py:2726} INFO - Sync 1 DAGs
[2023-06-15T23:22:32.151+0000] {logging_mixin.py:149} INFO - [2023-06-15T23:22:32.151+0000] {dag.py:3490} INFO - Setting next_dagrun for latest_only to 2023-06-15T19:22:32.150582+00:00, run_after=2023-06-15T23:22:32.150582+00:00
[2023-06-15T23:22:32.468+0000] {processor.py:179} INFO - Processing /home/airflow/.local/lib/python3.7/site-packages/airflow/example_dags/example_latest_only.py took 2.976 seconds
[2023-06-15T23:23:28.675+0000] {processor.py:157} INFO - Started process (PID=3244) to work on /home/airflow/.local/lib/python3.7/site-packages/airflow/example_dags/example_latest_only.py
[2023-06-15T23:23:28.677+0000] {processor.py:826} INFO - Processing file /home/airflow/.local/lib/python3.7/site-packages/airflow/example_dags/example_latest_only.py for tasks to queue
[2023-06-15T23:23:28.678+0000] {logging_mixin.py:149} INFO - [2023-06-15T23:23:28.678+0000] {dagbag.py:541} INFO - Filling up the DagBag from /home/airflow/.local/lib/python3.7/site-packages/airflow/example_dags/example_latest_only.py
[2023-06-15T23:23:28.687+0000] {processor.py:836} INFO - DAG(s) dict_keys(['latest_only']) retrieved from /home/airflow/.local/lib/python3.7/site-packages/airflow/example_dags/example_latest_only.py
[2023-06-15T23:23:28.720+0000] {logging_mixin.py:149} INFO - [2023-06-15T23:23:28.720+0000] {dag.py:2726} INFO - Sync 1 DAGs
[2023-06-15T23:23:28.752+0000] {logging_mixin.py:149} INFO - [2023-06-15T23:23:28.751+0000] {dag.py:3490} INFO - Setting next_dagrun for latest_only to 2023-06-15T19:23:28.751378+00:00, run_after=2023-06-15T23:23:28.751378+00:00
[2023-06-15T23:23:28.781+0000] {processor.py:179} INFO - Processing /home/airflow/.local/lib/python3.7/site-packages/airflow/example_dags/example_latest_only.py took 0.110 seconds
[2023-06-15T23:24:09.871+0000] {processor.py:157} INFO - Started process (PID=3484) to work on /home/airflow/.local/lib/python3.7/site-packages/airflow/example_dags/example_latest_only.py
[2023-06-15T23:24:09.872+0000] {processor.py:826} INFO - Processing file /home/airflow/.local/lib/python3.7/site-packages/airflow/example_dags/example_latest_only.py for tasks to queue
[2023-06-15T23:24:09.874+0000] {logging_mixin.py:149} INFO - [2023-06-15T23:24:09.873+0000] {dagbag.py:541} INFO - Filling up the DagBag from /home/airflow/.local/lib/python3.7/site-packages/airflow/example_dags/example_latest_only.py
[2023-06-15T23:24:09.883+0000] {processor.py:836} INFO - DAG(s) dict_keys(['latest_only']) retrieved from /home/airflow/.local/lib/python3.7/site-packages/airflow/example_dags/example_latest_only.py
[2023-06-15T23:24:09.927+0000] {logging_mixin.py:149} INFO - [2023-06-15T23:24:09.927+0000] {dag.py:2726} INFO - Sync 1 DAGs
[2023-06-15T23:24:09.985+0000] {logging_mixin.py:149} INFO - [2023-06-15T23:24:09.984+0000] {dag.py:3490} INFO - Setting next_dagrun for latest_only to 2023-06-15T19:24:09.982945+00:00, run_after=2023-06-15T23:24:09.982945+00:00
[2023-06-15T23:24:10.044+0000] {processor.py:179} INFO - Processing /home/airflow/.local/lib/python3.7/site-packages/airflow/example_dags/example_latest_only.py took 0.179 seconds
[2023-06-15T23:26:43.150+0000] {processor.py:157} INFO - Started process (PID=3714) to work on /home/airflow/.local/lib/python3.7/site-packages/airflow/example_dags/example_latest_only.py
[2023-06-15T23:26:43.152+0000] {processor.py:826} INFO - Processing file /home/airflow/.local/lib/python3.7/site-packages/airflow/example_dags/example_latest_only.py for tasks to queue
[2023-06-15T23:26:43.154+0000] {logging_mixin.py:149} INFO - [2023-06-15T23:26:43.154+0000] {dagbag.py:541} INFO - Filling up the DagBag from /home/airflow/.local/lib/python3.7/site-packages/airflow/example_dags/example_latest_only.py
[2023-06-15T23:26:43.163+0000] {processor.py:836} INFO - DAG(s) dict_keys(['latest_only']) retrieved from /home/airflow/.local/lib/python3.7/site-packages/airflow/example_dags/example_latest_only.py
[2023-06-15T23:26:43.198+0000] {logging_mixin.py:149} INFO - [2023-06-15T23:26:43.198+0000] {dag.py:2726} INFO - Sync 1 DAGs
[2023-06-15T23:26:43.234+0000] {logging_mixin.py:149} INFO - [2023-06-15T23:26:43.233+0000] {dag.py:3490} INFO - Setting next_dagrun for latest_only to 2023-06-15T19:26:43.233465+00:00, run_after=2023-06-15T23:26:43.233465+00:00
[2023-06-15T23:26:43.267+0000] {processor.py:179} INFO - Processing /home/airflow/.local/lib/python3.7/site-packages/airflow/example_dags/example_latest_only.py took 0.123 seconds
[2023-06-15T23:28:02.799+0000] {processor.py:157} INFO - Started process (PID=3982) to work on /home/airflow/.local/lib/python3.7/site-packages/airflow/example_dags/example_latest_only.py
[2023-06-15T23:28:02.801+0000] {processor.py:826} INFO - Processing file /home/airflow/.local/lib/python3.7/site-packages/airflow/example_dags/example_latest_only.py for tasks to queue
[2023-06-15T23:28:02.803+0000] {logging_mixin.py:149} INFO - [2023-06-15T23:28:02.803+0000] {dagbag.py:541} INFO - Filling up the DagBag from /home/airflow/.local/lib/python3.7/site-packages/airflow/example_dags/example_latest_only.py
[2023-06-15T23:28:02.816+0000] {processor.py:836} INFO - DAG(s) dict_keys(['latest_only']) retrieved from /home/airflow/.local/lib/python3.7/site-packages/airflow/example_dags/example_latest_only.py
[2023-06-15T23:28:02.872+0000] {logging_mixin.py:149} INFO - [2023-06-15T23:28:02.872+0000] {dag.py:2726} INFO - Sync 1 DAGs
[2023-06-15T23:28:02.938+0000] {logging_mixin.py:149} INFO - [2023-06-15T23:28:02.938+0000] {dag.py:3490} INFO - Setting next_dagrun for latest_only to 2023-06-15T19:28:02.937846+00:00, run_after=2023-06-15T23:28:02.937846+00:00
[2023-06-15T23:28:03.004+0000] {processor.py:179} INFO - Processing /home/airflow/.local/lib/python3.7/site-packages/airflow/example_dags/example_latest_only.py took 0.212 seconds
[2023-06-15T23:30:48.779+0000] {processor.py:157} INFO - Started process (PID=4224) to work on /home/airflow/.local/lib/python3.7/site-packages/airflow/example_dags/example_latest_only.py
[2023-06-15T23:30:48.781+0000] {processor.py:826} INFO - Processing file /home/airflow/.local/lib/python3.7/site-packages/airflow/example_dags/example_latest_only.py for tasks to queue
[2023-06-15T23:30:48.782+0000] {logging_mixin.py:149} INFO - [2023-06-15T23:30:48.782+0000] {dagbag.py:541} INFO - Filling up the DagBag from /home/airflow/.local/lib/python3.7/site-packages/airflow/example_dags/example_latest_only.py
[2023-06-15T23:30:48.790+0000] {processor.py:836} INFO - DAG(s) dict_keys(['latest_only']) retrieved from /home/airflow/.local/lib/python3.7/site-packages/airflow/example_dags/example_latest_only.py
[2023-06-15T23:30:48.825+0000] {logging_mixin.py:149} INFO - [2023-06-15T23:30:48.824+0000] {dag.py:2726} INFO - Sync 1 DAGs
[2023-06-15T23:30:48.861+0000] {logging_mixin.py:149} INFO - [2023-06-15T23:30:48.861+0000] {dag.py:3490} INFO - Setting next_dagrun for latest_only to 2023-06-15T19:30:48.861064+00:00, run_after=2023-06-15T23:30:48.861064+00:00
[2023-06-15T23:30:48.902+0000] {processor.py:179} INFO - Processing /home/airflow/.local/lib/python3.7/site-packages/airflow/example_dags/example_latest_only.py took 0.127 seconds
[2023-06-15T23:32:05.163+0000] {processor.py:157} INFO - Started process (PID=4455) to work on /home/airflow/.local/lib/python3.7/site-packages/airflow/example_dags/example_latest_only.py
[2023-06-15T23:32:05.166+0000] {processor.py:826} INFO - Processing file /home/airflow/.local/lib/python3.7/site-packages/airflow/example_dags/example_latest_only.py for tasks to queue
[2023-06-15T23:32:05.168+0000] {logging_mixin.py:149} INFO - [2023-06-15T23:32:05.167+0000] {dagbag.py:541} INFO - Filling up the DagBag from /home/airflow/.local/lib/python3.7/site-packages/airflow/example_dags/example_latest_only.py
[2023-06-15T23:32:05.176+0000] {processor.py:836} INFO - DAG(s) dict_keys(['latest_only']) retrieved from /home/airflow/.local/lib/python3.7/site-packages/airflow/example_dags/example_latest_only.py
[2023-06-15T23:32:05.209+0000] {logging_mixin.py:149} INFO - [2023-06-15T23:32:05.209+0000] {dag.py:2726} INFO - Sync 1 DAGs
[2023-06-15T23:32:05.248+0000] {logging_mixin.py:149} INFO - [2023-06-15T23:32:05.248+0000] {dag.py:3490} INFO - Setting next_dagrun for latest_only to 2023-06-15T19:32:05.248232+00:00, run_after=2023-06-15T23:32:05.248232+00:00
[2023-06-15T23:32:05.277+0000] {processor.py:179} INFO - Processing /home/airflow/.local/lib/python3.7/site-packages/airflow/example_dags/example_latest_only.py took 0.117 seconds
[2023-06-15T23:33:30.232+0000] {processor.py:157} INFO - Started process (PID=4625) to work on /home/airflow/.local/lib/python3.7/site-packages/airflow/example_dags/example_latest_only.py
[2023-06-15T23:33:30.234+0000] {processor.py:826} INFO - Processing file /home/airflow/.local/lib/python3.7/site-packages/airflow/example_dags/example_latest_only.py for tasks to queue
[2023-06-15T23:33:30.235+0000] {logging_mixin.py:149} INFO - [2023-06-15T23:33:30.235+0000] {dagbag.py:541} INFO - Filling up the DagBag from /home/airflow/.local/lib/python3.7/site-packages/airflow/example_dags/example_latest_only.py
[2023-06-15T23:33:31.256+0000] {processor.py:836} INFO - DAG(s) dict_keys(['latest_only']) retrieved from /home/airflow/.local/lib/python3.7/site-packages/airflow/example_dags/example_latest_only.py
[2023-06-15T23:33:31.730+0000] {logging_mixin.py:149} INFO - [2023-06-15T23:33:31.729+0000] {dag.py:2726} INFO - Sync 1 DAGs
[2023-06-15T23:33:34.853+0000] {logging_mixin.py:149} INFO - [2023-06-15T23:33:34.853+0000] {dag.py:3490} INFO - Setting next_dagrun for latest_only to 2023-06-15T19:33:34.852386+00:00, run_after=2023-06-15T23:33:34.852386+00:00
[2023-06-15T23:34:02.124+0000] {processor.py:179} INFO - Processing /home/airflow/.local/lib/python3.7/site-packages/airflow/example_dags/example_latest_only.py took 30.510 seconds
[2023-06-15T23:35:14.596+0000] {processor.py:157} INFO - Started process (PID=4850) to work on /home/airflow/.local/lib/python3.7/site-packages/airflow/example_dags/example_latest_only.py
[2023-06-15T23:35:14.599+0000] {processor.py:826} INFO - Processing file /home/airflow/.local/lib/python3.7/site-packages/airflow/example_dags/example_latest_only.py for tasks to queue
[2023-06-15T23:35:14.600+0000] {logging_mixin.py:149} INFO - [2023-06-15T23:35:14.600+0000] {dagbag.py:541} INFO - Filling up the DagBag from /home/airflow/.local/lib/python3.7/site-packages/airflow/example_dags/example_latest_only.py
[2023-06-15T23:35:14.612+0000] {processor.py:836} INFO - DAG(s) dict_keys(['latest_only']) retrieved from /home/airflow/.local/lib/python3.7/site-packages/airflow/example_dags/example_latest_only.py
[2023-06-15T23:35:14.664+0000] {logging_mixin.py:149} INFO - [2023-06-15T23:35:14.664+0000] {dag.py:2726} INFO - Sync 1 DAGs
[2023-06-15T23:35:14.711+0000] {logging_mixin.py:149} INFO - [2023-06-15T23:35:14.711+0000] {dag.py:3490} INFO - Setting next_dagrun for latest_only to 2023-06-15T19:35:14.710916+00:00, run_after=2023-06-15T23:35:14.710916+00:00
[2023-06-15T23:35:14.744+0000] {processor.py:179} INFO - Processing /home/airflow/.local/lib/python3.7/site-packages/airflow/example_dags/example_latest_only.py took 0.156 seconds
