[2023-06-15T23:04:23.806+0000] {processor.py:157} INFO - Started process (PID=386) to work on /home/airflow/.local/lib/python3.7/site-packages/airflow/example_dags/example_subdag_operator.py
[2023-06-15T23:04:23.808+0000] {processor.py:826} INFO - Processing file /home/airflow/.local/lib/python3.7/site-packages/airflow/example_dags/example_subdag_operator.py for tasks to queue
[2023-06-15T23:04:23.809+0000] {logging_mixin.py:149} INFO - [2023-06-15T23:04:23.809+0000] {dagbag.py:541} INFO - Filling up the DagBag from /home/airflow/.local/lib/python3.7/site-packages/airflow/example_dags/example_subdag_operator.py
[2023-06-15T23:04:23.847+0000] {processor.py:836} INFO - DAG(s) dict_keys(['example_subdag_operator.section-1', 'example_subdag_operator.section-2', 'example_subdag_operator']) retrieved from /home/airflow/.local/lib/python3.7/site-packages/airflow/example_dags/example_subdag_operator.py
[2023-06-15T23:04:23.876+0000] {logging_mixin.py:149} INFO - [2023-06-15T23:04:23.876+0000] {dag.py:2726} INFO - Sync 3 DAGs
[2023-06-15T23:04:23.909+0000] {logging_mixin.py:149} INFO - [2023-06-15T23:04:23.909+0000] {dag.py:3490} INFO - Setting next_dagrun for example_subdag_operator to 2022-01-01T00:00:00+00:00, run_after=2022-01-01T00:00:00+00:00
[2023-06-15T23:04:23.914+0000] {logging_mixin.py:149} INFO - [2023-06-15T23:04:23.914+0000] {dag.py:3490} INFO - Setting next_dagrun for example_subdag_operator.section-1 to None, run_after=None
[2023-06-15T23:04:23.917+0000] {logging_mixin.py:149} INFO - [2023-06-15T23:04:23.916+0000] {dag.py:3490} INFO - Setting next_dagrun for example_subdag_operator.section-2 to None, run_after=None
[2023-06-15T23:04:23.927+0000] {logging_mixin.py:149} INFO - [2023-06-15T23:04:23.927+0000] {dag.py:2726} INFO - Sync 2 DAGs
[2023-06-15T23:04:23.935+0000] {logging_mixin.py:149} INFO - [2023-06-15T23:04:23.935+0000] {dag.py:3490} INFO - Setting next_dagrun for example_subdag_operator.section-1 to None, run_after=None
[2023-06-15T23:04:23.936+0000] {logging_mixin.py:149} INFO - [2023-06-15T23:04:23.936+0000] {dag.py:3490} INFO - Setting next_dagrun for example_subdag_operator.section-2 to None, run_after=None
[2023-06-15T23:04:23.954+0000] {processor.py:179} INFO - Processing /home/airflow/.local/lib/python3.7/site-packages/airflow/example_dags/example_subdag_operator.py took 0.152 seconds
[2023-06-15T23:06:27.331+0000] {processor.py:157} INFO - Started process (PID=656) to work on /home/airflow/.local/lib/python3.7/site-packages/airflow/example_dags/example_subdag_operator.py
[2023-06-15T23:06:27.333+0000] {processor.py:826} INFO - Processing file /home/airflow/.local/lib/python3.7/site-packages/airflow/example_dags/example_subdag_operator.py for tasks to queue
[2023-06-15T23:06:27.335+0000] {logging_mixin.py:149} INFO - [2023-06-15T23:06:27.335+0000] {dagbag.py:541} INFO - Filling up the DagBag from /home/airflow/.local/lib/python3.7/site-packages/airflow/example_dags/example_subdag_operator.py
[2023-06-15T23:06:27.373+0000] {processor.py:836} INFO - DAG(s) dict_keys(['example_subdag_operator.section-1', 'example_subdag_operator.section-2', 'example_subdag_operator']) retrieved from /home/airflow/.local/lib/python3.7/site-packages/airflow/example_dags/example_subdag_operator.py
[2023-06-15T23:06:27.402+0000] {logging_mixin.py:149} INFO - [2023-06-15T23:06:27.401+0000] {dag.py:2726} INFO - Sync 3 DAGs
[2023-06-15T23:06:27.437+0000] {logging_mixin.py:149} INFO - [2023-06-15T23:06:27.436+0000] {dag.py:3490} INFO - Setting next_dagrun for example_subdag_operator to 2022-01-01T00:00:00+00:00, run_after=2022-01-01T00:00:00+00:00
[2023-06-15T23:06:27.442+0000] {logging_mixin.py:149} INFO - [2023-06-15T23:06:27.442+0000] {dag.py:3490} INFO - Setting next_dagrun for example_subdag_operator.section-1 to None, run_after=None
[2023-06-15T23:06:27.444+0000] {logging_mixin.py:149} INFO - [2023-06-15T23:06:27.444+0000] {dag.py:3490} INFO - Setting next_dagrun for example_subdag_operator.section-2 to None, run_after=None
[2023-06-15T23:06:27.455+0000] {logging_mixin.py:149} INFO - [2023-06-15T23:06:27.454+0000] {dag.py:2726} INFO - Sync 2 DAGs
[2023-06-15T23:06:27.463+0000] {logging_mixin.py:149} INFO - [2023-06-15T23:06:27.463+0000] {dag.py:3490} INFO - Setting next_dagrun for example_subdag_operator.section-1 to None, run_after=None
[2023-06-15T23:06:27.464+0000] {logging_mixin.py:149} INFO - [2023-06-15T23:06:27.464+0000] {dag.py:3490} INFO - Setting next_dagrun for example_subdag_operator.section-2 to None, run_after=None
[2023-06-15T23:06:27.482+0000] {processor.py:179} INFO - Processing /home/airflow/.local/lib/python3.7/site-packages/airflow/example_dags/example_subdag_operator.py took 0.159 seconds
[2023-06-15T23:07:47.517+0000] {processor.py:157} INFO - Started process (PID=910) to work on /home/airflow/.local/lib/python3.7/site-packages/airflow/example_dags/example_subdag_operator.py
[2023-06-15T23:07:47.519+0000] {processor.py:826} INFO - Processing file /home/airflow/.local/lib/python3.7/site-packages/airflow/example_dags/example_subdag_operator.py for tasks to queue
[2023-06-15T23:07:47.521+0000] {logging_mixin.py:149} INFO - [2023-06-15T23:07:47.521+0000] {dagbag.py:541} INFO - Filling up the DagBag from /home/airflow/.local/lib/python3.7/site-packages/airflow/example_dags/example_subdag_operator.py
[2023-06-15T23:07:47.556+0000] {processor.py:836} INFO - DAG(s) dict_keys(['example_subdag_operator.section-1', 'example_subdag_operator.section-2', 'example_subdag_operator']) retrieved from /home/airflow/.local/lib/python3.7/site-packages/airflow/example_dags/example_subdag_operator.py
[2023-06-15T23:07:47.586+0000] {logging_mixin.py:149} INFO - [2023-06-15T23:07:47.586+0000] {dag.py:2726} INFO - Sync 3 DAGs
[2023-06-15T23:07:47.618+0000] {logging_mixin.py:149} INFO - [2023-06-15T23:07:47.618+0000] {dag.py:3490} INFO - Setting next_dagrun for example_subdag_operator to 2022-01-01T00:00:00+00:00, run_after=2022-01-01T00:00:00+00:00
[2023-06-15T23:07:47.816+0000] {logging_mixin.py:149} INFO - [2023-06-15T23:07:47.816+0000] {dag.py:3490} INFO - Setting next_dagrun for example_subdag_operator.section-1 to None, run_after=None
[2023-06-15T23:07:48.017+0000] {logging_mixin.py:149} INFO - [2023-06-15T23:07:48.017+0000] {dag.py:3490} INFO - Setting next_dagrun for example_subdag_operator.section-2 to None, run_after=None
[2023-06-15T23:07:48.029+0000] {logging_mixin.py:149} INFO - [2023-06-15T23:07:48.029+0000] {dag.py:2726} INFO - Sync 2 DAGs
[2023-06-15T23:07:48.044+0000] {logging_mixin.py:149} INFO - [2023-06-15T23:07:48.044+0000] {dag.py:3490} INFO - Setting next_dagrun for example_subdag_operator.section-1 to None, run_after=None
[2023-06-15T23:07:48.045+0000] {logging_mixin.py:149} INFO - [2023-06-15T23:07:48.045+0000] {dag.py:3490} INFO - Setting next_dagrun for example_subdag_operator.section-2 to None, run_after=None
[2023-06-15T23:07:48.095+0000] {processor.py:179} INFO - Processing /home/airflow/.local/lib/python3.7/site-packages/airflow/example_dags/example_subdag_operator.py took 0.583 seconds
[2023-06-15T23:10:07.409+0000] {processor.py:157} INFO - Started process (PID=1264) to work on /home/airflow/.local/lib/python3.7/site-packages/airflow/example_dags/example_subdag_operator.py
[2023-06-15T23:10:07.424+0000] {processor.py:826} INFO - Processing file /home/airflow/.local/lib/python3.7/site-packages/airflow/example_dags/example_subdag_operator.py for tasks to queue
[2023-06-15T23:10:07.433+0000] {logging_mixin.py:149} INFO - [2023-06-15T23:10:07.433+0000] {dagbag.py:541} INFO - Filling up the DagBag from /home/airflow/.local/lib/python3.7/site-packages/airflow/example_dags/example_subdag_operator.py
[2023-06-15T23:10:07.497+0000] {processor.py:836} INFO - DAG(s) dict_keys(['example_subdag_operator.section-1', 'example_subdag_operator.section-2', 'example_subdag_operator']) retrieved from /home/airflow/.local/lib/python3.7/site-packages/airflow/example_dags/example_subdag_operator.py
[2023-06-15T23:10:07.531+0000] {logging_mixin.py:149} INFO - [2023-06-15T23:10:07.531+0000] {dag.py:2726} INFO - Sync 3 DAGs
[2023-06-15T23:10:07.565+0000] {logging_mixin.py:149} INFO - [2023-06-15T23:10:07.565+0000] {dag.py:3490} INFO - Setting next_dagrun for example_subdag_operator to 2022-01-01T00:00:00+00:00, run_after=2022-01-01T00:00:00+00:00
[2023-06-15T23:10:07.573+0000] {logging_mixin.py:149} INFO - [2023-06-15T23:10:07.573+0000] {dag.py:3490} INFO - Setting next_dagrun for example_subdag_operator.section-1 to None, run_after=None
[2023-06-15T23:10:07.576+0000] {logging_mixin.py:149} INFO - [2023-06-15T23:10:07.575+0000] {dag.py:3490} INFO - Setting next_dagrun for example_subdag_operator.section-2 to None, run_after=None
[2023-06-15T23:10:07.587+0000] {logging_mixin.py:149} INFO - [2023-06-15T23:10:07.587+0000] {dag.py:2726} INFO - Sync 2 DAGs
[2023-06-15T23:10:07.597+0000] {logging_mixin.py:149} INFO - [2023-06-15T23:10:07.596+0000] {dag.py:3490} INFO - Setting next_dagrun for example_subdag_operator.section-1 to None, run_after=None
[2023-06-15T23:10:07.597+0000] {logging_mixin.py:149} INFO - [2023-06-15T23:10:07.597+0000] {dag.py:3490} INFO - Setting next_dagrun for example_subdag_operator.section-2 to None, run_after=None
[2023-06-15T23:10:07.901+0000] {processor.py:179} INFO - Processing /home/airflow/.local/lib/python3.7/site-packages/airflow/example_dags/example_subdag_operator.py took 0.500 seconds
[2023-06-15T23:11:05.381+0000] {processor.py:157} INFO - Started process (PID=1491) to work on /home/airflow/.local/lib/python3.7/site-packages/airflow/example_dags/example_subdag_operator.py
[2023-06-15T23:11:05.383+0000] {processor.py:826} INFO - Processing file /home/airflow/.local/lib/python3.7/site-packages/airflow/example_dags/example_subdag_operator.py for tasks to queue
[2023-06-15T23:11:05.384+0000] {logging_mixin.py:149} INFO - [2023-06-15T23:11:05.384+0000] {dagbag.py:541} INFO - Filling up the DagBag from /home/airflow/.local/lib/python3.7/site-packages/airflow/example_dags/example_subdag_operator.py
[2023-06-15T23:11:05.433+0000] {processor.py:836} INFO - DAG(s) dict_keys(['example_subdag_operator.section-1', 'example_subdag_operator.section-2', 'example_subdag_operator']) retrieved from /home/airflow/.local/lib/python3.7/site-packages/airflow/example_dags/example_subdag_operator.py
[2023-06-15T23:11:05.473+0000] {logging_mixin.py:149} INFO - [2023-06-15T23:11:05.473+0000] {dag.py:2726} INFO - Sync 3 DAGs
[2023-06-15T23:11:05.516+0000] {logging_mixin.py:149} INFO - [2023-06-15T23:11:05.516+0000] {dag.py:3490} INFO - Setting next_dagrun for example_subdag_operator to 2022-01-01T00:00:00+00:00, run_after=2022-01-01T00:00:00+00:00
[2023-06-15T23:11:05.524+0000] {logging_mixin.py:149} INFO - [2023-06-15T23:11:05.524+0000] {dag.py:3490} INFO - Setting next_dagrun for example_subdag_operator.section-1 to None, run_after=None
[2023-06-15T23:11:05.527+0000] {logging_mixin.py:149} INFO - [2023-06-15T23:11:05.527+0000] {dag.py:3490} INFO - Setting next_dagrun for example_subdag_operator.section-2 to None, run_after=None
[2023-06-15T23:11:05.540+0000] {logging_mixin.py:149} INFO - [2023-06-15T23:11:05.539+0000] {dag.py:2726} INFO - Sync 2 DAGs
[2023-06-15T23:11:05.548+0000] {logging_mixin.py:149} INFO - [2023-06-15T23:11:05.547+0000] {dag.py:3490} INFO - Setting next_dagrun for example_subdag_operator.section-1 to None, run_after=None
[2023-06-15T23:11:05.549+0000] {logging_mixin.py:149} INFO - [2023-06-15T23:11:05.548+0000] {dag.py:3490} INFO - Setting next_dagrun for example_subdag_operator.section-2 to None, run_after=None
[2023-06-15T23:11:05.565+0000] {processor.py:179} INFO - Processing /home/airflow/.local/lib/python3.7/site-packages/airflow/example_dags/example_subdag_operator.py took 0.192 seconds
[2023-06-15T23:13:25.229+0000] {processor.py:157} INFO - Started process (PID=1761) to work on /home/airflow/.local/lib/python3.7/site-packages/airflow/example_dags/example_subdag_operator.py
[2023-06-15T23:13:25.231+0000] {processor.py:826} INFO - Processing file /home/airflow/.local/lib/python3.7/site-packages/airflow/example_dags/example_subdag_operator.py for tasks to queue
[2023-06-15T23:13:25.232+0000] {logging_mixin.py:149} INFO - [2023-06-15T23:13:25.232+0000] {dagbag.py:541} INFO - Filling up the DagBag from /home/airflow/.local/lib/python3.7/site-packages/airflow/example_dags/example_subdag_operator.py
[2023-06-15T23:13:25.299+0000] {processor.py:836} INFO - DAG(s) dict_keys(['example_subdag_operator.section-1', 'example_subdag_operator.section-2', 'example_subdag_operator']) retrieved from /home/airflow/.local/lib/python3.7/site-packages/airflow/example_dags/example_subdag_operator.py
[2023-06-15T23:13:25.327+0000] {logging_mixin.py:149} INFO - [2023-06-15T23:13:25.327+0000] {dag.py:2726} INFO - Sync 3 DAGs
[2023-06-15T23:13:25.358+0000] {logging_mixin.py:149} INFO - [2023-06-15T23:13:25.358+0000] {dag.py:3490} INFO - Setting next_dagrun for example_subdag_operator to 2022-01-01T00:00:00+00:00, run_after=2022-01-01T00:00:00+00:00
[2023-06-15T23:13:25.363+0000] {logging_mixin.py:149} INFO - [2023-06-15T23:13:25.363+0000] {dag.py:3490} INFO - Setting next_dagrun for example_subdag_operator.section-1 to None, run_after=None
[2023-06-15T23:13:25.365+0000] {logging_mixin.py:149} INFO - [2023-06-15T23:13:25.365+0000] {dag.py:3490} INFO - Setting next_dagrun for example_subdag_operator.section-2 to None, run_after=None
[2023-06-15T23:13:25.375+0000] {logging_mixin.py:149} INFO - [2023-06-15T23:13:25.374+0000] {dag.py:2726} INFO - Sync 2 DAGs
[2023-06-15T23:13:25.382+0000] {logging_mixin.py:149} INFO - [2023-06-15T23:13:25.382+0000] {dag.py:3490} INFO - Setting next_dagrun for example_subdag_operator.section-1 to None, run_after=None
[2023-06-15T23:13:25.383+0000] {logging_mixin.py:149} INFO - [2023-06-15T23:13:25.383+0000] {dag.py:3490} INFO - Setting next_dagrun for example_subdag_operator.section-2 to None, run_after=None
[2023-06-15T23:13:25.402+0000] {processor.py:179} INFO - Processing /home/airflow/.local/lib/python3.7/site-packages/airflow/example_dags/example_subdag_operator.py took 0.178 seconds
[2023-06-15T23:15:43.016+0000] {processor.py:157} INFO - Started process (PID=2089) to work on /home/airflow/.local/lib/python3.7/site-packages/airflow/example_dags/example_subdag_operator.py
[2023-06-15T23:15:43.018+0000] {processor.py:826} INFO - Processing file /home/airflow/.local/lib/python3.7/site-packages/airflow/example_dags/example_subdag_operator.py for tasks to queue
[2023-06-15T23:15:43.019+0000] {logging_mixin.py:149} INFO - [2023-06-15T23:15:43.019+0000] {dagbag.py:541} INFO - Filling up the DagBag from /home/airflow/.local/lib/python3.7/site-packages/airflow/example_dags/example_subdag_operator.py
[2023-06-15T23:15:43.051+0000] {processor.py:836} INFO - DAG(s) dict_keys(['example_subdag_operator.section-1', 'example_subdag_operator.section-2', 'example_subdag_operator']) retrieved from /home/airflow/.local/lib/python3.7/site-packages/airflow/example_dags/example_subdag_operator.py
[2023-06-15T23:15:43.082+0000] {logging_mixin.py:149} INFO - [2023-06-15T23:15:43.082+0000] {dag.py:2726} INFO - Sync 3 DAGs
[2023-06-15T23:15:43.118+0000] {logging_mixin.py:149} INFO - [2023-06-15T23:15:43.117+0000] {dag.py:3490} INFO - Setting next_dagrun for example_subdag_operator to 2022-01-01T00:00:00+00:00, run_after=2022-01-01T00:00:00+00:00
[2023-06-15T23:15:43.123+0000] {logging_mixin.py:149} INFO - [2023-06-15T23:15:43.123+0000] {dag.py:3490} INFO - Setting next_dagrun for example_subdag_operator.section-1 to None, run_after=None
[2023-06-15T23:15:43.126+0000] {logging_mixin.py:149} INFO - [2023-06-15T23:15:43.126+0000] {dag.py:3490} INFO - Setting next_dagrun for example_subdag_operator.section-2 to None, run_after=None
[2023-06-15T23:15:43.140+0000] {logging_mixin.py:149} INFO - [2023-06-15T23:15:43.139+0000] {dag.py:2726} INFO - Sync 2 DAGs
[2023-06-15T23:15:43.149+0000] {logging_mixin.py:149} INFO - [2023-06-15T23:15:43.149+0000] {dag.py:3490} INFO - Setting next_dagrun for example_subdag_operator.section-1 to None, run_after=None
[2023-06-15T23:15:43.150+0000] {logging_mixin.py:149} INFO - [2023-06-15T23:15:43.150+0000] {dag.py:3490} INFO - Setting next_dagrun for example_subdag_operator.section-2 to None, run_after=None
[2023-06-15T23:15:43.166+0000] {processor.py:179} INFO - Processing /home/airflow/.local/lib/python3.7/site-packages/airflow/example_dags/example_subdag_operator.py took 0.155 seconds
[2023-06-15T23:17:39.607+0000] {processor.py:157} INFO - Started process (PID=2415) to work on /home/airflow/.local/lib/python3.7/site-packages/airflow/example_dags/example_subdag_operator.py
[2023-06-15T23:17:39.617+0000] {processor.py:826} INFO - Processing file /home/airflow/.local/lib/python3.7/site-packages/airflow/example_dags/example_subdag_operator.py for tasks to queue
[2023-06-15T23:17:39.619+0000] {logging_mixin.py:149} INFO - [2023-06-15T23:17:39.618+0000] {dagbag.py:541} INFO - Filling up the DagBag from /home/airflow/.local/lib/python3.7/site-packages/airflow/example_dags/example_subdag_operator.py
[2023-06-15T23:17:39.666+0000] {processor.py:836} INFO - DAG(s) dict_keys(['example_subdag_operator.section-1', 'example_subdag_operator.section-2', 'example_subdag_operator']) retrieved from /home/airflow/.local/lib/python3.7/site-packages/airflow/example_dags/example_subdag_operator.py
[2023-06-15T23:17:39.705+0000] {logging_mixin.py:149} INFO - [2023-06-15T23:17:39.705+0000] {dag.py:2726} INFO - Sync 3 DAGs
[2023-06-15T23:17:39.755+0000] {logging_mixin.py:149} INFO - [2023-06-15T23:17:39.754+0000] {dag.py:3490} INFO - Setting next_dagrun for example_subdag_operator to 2022-01-01T00:00:00+00:00, run_after=2022-01-01T00:00:00+00:00
[2023-06-15T23:17:39.769+0000] {logging_mixin.py:149} INFO - [2023-06-15T23:17:39.768+0000] {dag.py:3490} INFO - Setting next_dagrun for example_subdag_operator.section-1 to None, run_after=None
[2023-06-15T23:17:39.772+0000] {logging_mixin.py:149} INFO - [2023-06-15T23:17:39.771+0000] {dag.py:3490} INFO - Setting next_dagrun for example_subdag_operator.section-2 to None, run_after=None
[2023-06-15T23:17:39.793+0000] {logging_mixin.py:149} INFO - [2023-06-15T23:17:39.793+0000] {dag.py:2726} INFO - Sync 2 DAGs
[2023-06-15T23:17:39.807+0000] {logging_mixin.py:149} INFO - [2023-06-15T23:17:39.806+0000] {dag.py:3490} INFO - Setting next_dagrun for example_subdag_operator.section-1 to None, run_after=None
[2023-06-15T23:17:39.808+0000] {logging_mixin.py:149} INFO - [2023-06-15T23:17:39.808+0000] {dag.py:3490} INFO - Setting next_dagrun for example_subdag_operator.section-2 to None, run_after=None
[2023-06-15T23:17:39.839+0000] {processor.py:179} INFO - Processing /home/airflow/.local/lib/python3.7/site-packages/airflow/example_dags/example_subdag_operator.py took 0.237 seconds
[2023-06-15T23:21:32.756+0000] {processor.py:157} INFO - Started process (PID=2720) to work on /home/airflow/.local/lib/python3.7/site-packages/airflow/example_dags/example_subdag_operator.py
[2023-06-15T23:21:32.759+0000] {processor.py:826} INFO - Processing file /home/airflow/.local/lib/python3.7/site-packages/airflow/example_dags/example_subdag_operator.py for tasks to queue
[2023-06-15T23:21:32.761+0000] {logging_mixin.py:149} INFO - [2023-06-15T23:21:32.760+0000] {dagbag.py:541} INFO - Filling up the DagBag from /home/airflow/.local/lib/python3.7/site-packages/airflow/example_dags/example_subdag_operator.py
[2023-06-15T23:21:32.819+0000] {processor.py:836} INFO - DAG(s) dict_keys(['example_subdag_operator.section-1', 'example_subdag_operator.section-2', 'example_subdag_operator']) retrieved from /home/airflow/.local/lib/python3.7/site-packages/airflow/example_dags/example_subdag_operator.py
[2023-06-15T23:21:32.862+0000] {logging_mixin.py:149} INFO - [2023-06-15T23:21:32.861+0000] {dag.py:2726} INFO - Sync 3 DAGs
[2023-06-15T23:21:32.903+0000] {logging_mixin.py:149} INFO - [2023-06-15T23:21:32.903+0000] {dag.py:3490} INFO - Setting next_dagrun for example_subdag_operator to 2022-01-01T00:00:00+00:00, run_after=2022-01-01T00:00:00+00:00
[2023-06-15T23:21:32.908+0000] {logging_mixin.py:149} INFO - [2023-06-15T23:21:32.908+0000] {dag.py:3490} INFO - Setting next_dagrun for example_subdag_operator.section-1 to None, run_after=None
[2023-06-15T23:21:32.911+0000] {logging_mixin.py:149} INFO - [2023-06-15T23:21:32.910+0000] {dag.py:3490} INFO - Setting next_dagrun for example_subdag_operator.section-2 to None, run_after=None
[2023-06-15T23:21:32.921+0000] {logging_mixin.py:149} INFO - [2023-06-15T23:21:32.921+0000] {dag.py:2726} INFO - Sync 2 DAGs
[2023-06-15T23:21:32.931+0000] {logging_mixin.py:149} INFO - [2023-06-15T23:21:32.930+0000] {dag.py:3490} INFO - Setting next_dagrun for example_subdag_operator.section-1 to None, run_after=None
[2023-06-15T23:21:32.931+0000] {logging_mixin.py:149} INFO - [2023-06-15T23:21:32.931+0000] {dag.py:3490} INFO - Setting next_dagrun for example_subdag_operator.section-2 to None, run_after=None
[2023-06-15T23:21:32.948+0000] {processor.py:179} INFO - Processing /home/airflow/.local/lib/python3.7/site-packages/airflow/example_dags/example_subdag_operator.py took 0.199 seconds
[2023-06-15T23:22:22.405+0000] {processor.py:157} INFO - Started process (PID=3026) to work on /home/airflow/.local/lib/python3.7/site-packages/airflow/example_dags/example_subdag_operator.py
[2023-06-15T23:22:22.407+0000] {processor.py:826} INFO - Processing file /home/airflow/.local/lib/python3.7/site-packages/airflow/example_dags/example_subdag_operator.py for tasks to queue
[2023-06-15T23:22:22.408+0000] {logging_mixin.py:149} INFO - [2023-06-15T23:22:22.408+0000] {dagbag.py:541} INFO - Filling up the DagBag from /home/airflow/.local/lib/python3.7/site-packages/airflow/example_dags/example_subdag_operator.py
[2023-06-15T23:22:22.449+0000] {processor.py:836} INFO - DAG(s) dict_keys(['example_subdag_operator.section-1', 'example_subdag_operator.section-2', 'example_subdag_operator']) retrieved from /home/airflow/.local/lib/python3.7/site-packages/airflow/example_dags/example_subdag_operator.py
[2023-06-15T23:22:22.480+0000] {logging_mixin.py:149} INFO - [2023-06-15T23:22:22.479+0000] {dag.py:2726} INFO - Sync 3 DAGs
[2023-06-15T23:22:22.524+0000] {logging_mixin.py:149} INFO - [2023-06-15T23:22:22.524+0000] {dag.py:3490} INFO - Setting next_dagrun for example_subdag_operator to 2022-01-01T00:00:00+00:00, run_after=2022-01-01T00:00:00+00:00
[2023-06-15T23:22:22.530+0000] {logging_mixin.py:149} INFO - [2023-06-15T23:22:22.530+0000] {dag.py:3490} INFO - Setting next_dagrun for example_subdag_operator.section-1 to None, run_after=None
[2023-06-15T23:22:22.532+0000] {logging_mixin.py:149} INFO - [2023-06-15T23:22:22.532+0000] {dag.py:3490} INFO - Setting next_dagrun for example_subdag_operator.section-2 to None, run_after=None
[2023-06-15T23:22:22.546+0000] {logging_mixin.py:149} INFO - [2023-06-15T23:22:22.546+0000] {dag.py:2726} INFO - Sync 2 DAGs
[2023-06-15T23:22:22.556+0000] {logging_mixin.py:149} INFO - [2023-06-15T23:22:22.556+0000] {dag.py:3490} INFO - Setting next_dagrun for example_subdag_operator.section-1 to None, run_after=None
[2023-06-15T23:22:22.557+0000] {logging_mixin.py:149} INFO - [2023-06-15T23:22:22.557+0000] {dag.py:3490} INFO - Setting next_dagrun for example_subdag_operator.section-2 to None, run_after=None
[2023-06-15T23:22:22.581+0000] {processor.py:179} INFO - Processing /home/airflow/.local/lib/python3.7/site-packages/airflow/example_dags/example_subdag_operator.py took 0.180 seconds
[2023-06-15T23:23:30.493+0000] {processor.py:157} INFO - Started process (PID=3309) to work on /home/airflow/.local/lib/python3.7/site-packages/airflow/example_dags/example_subdag_operator.py
[2023-06-15T23:23:30.494+0000] {processor.py:826} INFO - Processing file /home/airflow/.local/lib/python3.7/site-packages/airflow/example_dags/example_subdag_operator.py for tasks to queue
[2023-06-15T23:23:30.496+0000] {logging_mixin.py:149} INFO - [2023-06-15T23:23:30.496+0000] {dagbag.py:541} INFO - Filling up the DagBag from /home/airflow/.local/lib/python3.7/site-packages/airflow/example_dags/example_subdag_operator.py
[2023-06-15T23:23:30.535+0000] {processor.py:836} INFO - DAG(s) dict_keys(['example_subdag_operator.section-1', 'example_subdag_operator.section-2', 'example_subdag_operator']) retrieved from /home/airflow/.local/lib/python3.7/site-packages/airflow/example_dags/example_subdag_operator.py
[2023-06-15T23:23:30.568+0000] {logging_mixin.py:149} INFO - [2023-06-15T23:23:30.568+0000] {dag.py:2726} INFO - Sync 3 DAGs
[2023-06-15T23:23:30.612+0000] {logging_mixin.py:149} INFO - [2023-06-15T23:23:30.612+0000] {dag.py:3490} INFO - Setting next_dagrun for example_subdag_operator to 2022-01-01T00:00:00+00:00, run_after=2022-01-01T00:00:00+00:00
[2023-06-15T23:23:30.618+0000] {logging_mixin.py:149} INFO - [2023-06-15T23:23:30.618+0000] {dag.py:3490} INFO - Setting next_dagrun for example_subdag_operator.section-1 to None, run_after=None
[2023-06-15T23:23:30.621+0000] {logging_mixin.py:149} INFO - [2023-06-15T23:23:30.621+0000] {dag.py:3490} INFO - Setting next_dagrun for example_subdag_operator.section-2 to None, run_after=None
[2023-06-15T23:23:30.634+0000] {logging_mixin.py:149} INFO - [2023-06-15T23:23:30.634+0000] {dag.py:2726} INFO - Sync 2 DAGs
[2023-06-15T23:23:30.642+0000] {logging_mixin.py:149} INFO - [2023-06-15T23:23:30.642+0000] {dag.py:3490} INFO - Setting next_dagrun for example_subdag_operator.section-1 to None, run_after=None
[2023-06-15T23:23:30.644+0000] {logging_mixin.py:149} INFO - [2023-06-15T23:23:30.643+0000] {dag.py:3490} INFO - Setting next_dagrun for example_subdag_operator.section-2 to None, run_after=None
[2023-06-15T23:23:30.663+0000] {processor.py:179} INFO - Processing /home/airflow/.local/lib/python3.7/site-packages/airflow/example_dags/example_subdag_operator.py took 0.174 seconds
[2023-06-15T23:24:14.822+0000] {processor.py:157} INFO - Started process (PID=3549) to work on /home/airflow/.local/lib/python3.7/site-packages/airflow/example_dags/example_subdag_operator.py
[2023-06-15T23:24:14.824+0000] {processor.py:826} INFO - Processing file /home/airflow/.local/lib/python3.7/site-packages/airflow/example_dags/example_subdag_operator.py for tasks to queue
[2023-06-15T23:24:14.825+0000] {logging_mixin.py:149} INFO - [2023-06-15T23:24:14.825+0000] {dagbag.py:541} INFO - Filling up the DagBag from /home/airflow/.local/lib/python3.7/site-packages/airflow/example_dags/example_subdag_operator.py
[2023-06-15T23:24:14.858+0000] {processor.py:836} INFO - DAG(s) dict_keys(['example_subdag_operator.section-1', 'example_subdag_operator.section-2', 'example_subdag_operator']) retrieved from /home/airflow/.local/lib/python3.7/site-packages/airflow/example_dags/example_subdag_operator.py
[2023-06-15T23:24:14.893+0000] {logging_mixin.py:149} INFO - [2023-06-15T23:24:14.892+0000] {dag.py:2726} INFO - Sync 3 DAGs
[2023-06-15T23:24:14.946+0000] {logging_mixin.py:149} INFO - [2023-06-15T23:24:14.946+0000] {dag.py:3490} INFO - Setting next_dagrun for example_subdag_operator to 2022-01-01T00:00:00+00:00, run_after=2022-01-01T00:00:00+00:00
[2023-06-15T23:24:14.955+0000] {logging_mixin.py:149} INFO - [2023-06-15T23:24:14.955+0000] {dag.py:3490} INFO - Setting next_dagrun for example_subdag_operator.section-1 to None, run_after=None
[2023-06-15T23:24:14.958+0000] {logging_mixin.py:149} INFO - [2023-06-15T23:24:14.958+0000] {dag.py:3490} INFO - Setting next_dagrun for example_subdag_operator.section-2 to None, run_after=None
[2023-06-15T23:24:14.975+0000] {logging_mixin.py:149} INFO - [2023-06-15T23:24:14.975+0000] {dag.py:2726} INFO - Sync 2 DAGs
[2023-06-15T23:24:14.989+0000] {logging_mixin.py:149} INFO - [2023-06-15T23:24:14.989+0000] {dag.py:3490} INFO - Setting next_dagrun for example_subdag_operator.section-1 to None, run_after=None
[2023-06-15T23:24:15.261+0000] {logging_mixin.py:149} INFO - [2023-06-15T23:24:15.261+0000] {dag.py:3490} INFO - Setting next_dagrun for example_subdag_operator.section-2 to None, run_after=None
[2023-06-15T23:24:15.282+0000] {processor.py:179} INFO - Processing /home/airflow/.local/lib/python3.7/site-packages/airflow/example_dags/example_subdag_operator.py took 0.463 seconds
[2023-06-15T23:26:47.102+0000] {processor.py:157} INFO - Started process (PID=3826) to work on /home/airflow/.local/lib/python3.7/site-packages/airflow/example_dags/example_subdag_operator.py
[2023-06-15T23:26:47.106+0000] {processor.py:826} INFO - Processing file /home/airflow/.local/lib/python3.7/site-packages/airflow/example_dags/example_subdag_operator.py for tasks to queue
[2023-06-15T23:26:47.108+0000] {logging_mixin.py:149} INFO - [2023-06-15T23:26:47.107+0000] {dagbag.py:541} INFO - Filling up the DagBag from /home/airflow/.local/lib/python3.7/site-packages/airflow/example_dags/example_subdag_operator.py
[2023-06-15T23:26:47.156+0000] {processor.py:836} INFO - DAG(s) dict_keys(['example_subdag_operator.section-1', 'example_subdag_operator.section-2', 'example_subdag_operator']) retrieved from /home/airflow/.local/lib/python3.7/site-packages/airflow/example_dags/example_subdag_operator.py
[2023-06-15T23:26:47.193+0000] {logging_mixin.py:149} INFO - [2023-06-15T23:26:47.193+0000] {dag.py:2726} INFO - Sync 3 DAGs
[2023-06-15T23:26:47.230+0000] {logging_mixin.py:149} INFO - [2023-06-15T23:26:47.230+0000] {dag.py:3490} INFO - Setting next_dagrun for example_subdag_operator to 2022-01-01T00:00:00+00:00, run_after=2022-01-01T00:00:00+00:00
[2023-06-15T23:26:47.237+0000] {logging_mixin.py:149} INFO - [2023-06-15T23:26:47.236+0000] {dag.py:3490} INFO - Setting next_dagrun for example_subdag_operator.section-1 to None, run_after=None
[2023-06-15T23:26:47.239+0000] {logging_mixin.py:149} INFO - [2023-06-15T23:26:47.239+0000] {dag.py:3490} INFO - Setting next_dagrun for example_subdag_operator.section-2 to None, run_after=None
[2023-06-15T23:26:47.250+0000] {logging_mixin.py:149} INFO - [2023-06-15T23:26:47.250+0000] {dag.py:2726} INFO - Sync 2 DAGs
[2023-06-15T23:26:47.260+0000] {logging_mixin.py:149} INFO - [2023-06-15T23:26:47.260+0000] {dag.py:3490} INFO - Setting next_dagrun for example_subdag_operator.section-1 to None, run_after=None
[2023-06-15T23:26:47.261+0000] {logging_mixin.py:149} INFO - [2023-06-15T23:26:47.261+0000] {dag.py:3490} INFO - Setting next_dagrun for example_subdag_operator.section-2 to None, run_after=None
[2023-06-15T23:26:47.277+0000] {processor.py:179} INFO - Processing /home/airflow/.local/lib/python3.7/site-packages/airflow/example_dags/example_subdag_operator.py took 0.181 seconds
[2023-06-15T23:28:05.699+0000] {processor.py:157} INFO - Started process (PID=4077) to work on /home/airflow/.local/lib/python3.7/site-packages/airflow/example_dags/example_subdag_operator.py
[2023-06-15T23:28:05.702+0000] {processor.py:826} INFO - Processing file /home/airflow/.local/lib/python3.7/site-packages/airflow/example_dags/example_subdag_operator.py for tasks to queue
[2023-06-15T23:28:05.703+0000] {logging_mixin.py:149} INFO - [2023-06-15T23:28:05.703+0000] {dagbag.py:541} INFO - Filling up the DagBag from /home/airflow/.local/lib/python3.7/site-packages/airflow/example_dags/example_subdag_operator.py
[2023-06-15T23:28:05.760+0000] {processor.py:836} INFO - DAG(s) dict_keys(['example_subdag_operator.section-1', 'example_subdag_operator.section-2', 'example_subdag_operator']) retrieved from /home/airflow/.local/lib/python3.7/site-packages/airflow/example_dags/example_subdag_operator.py
[2023-06-15T23:28:05.803+0000] {logging_mixin.py:149} INFO - [2023-06-15T23:28:05.802+0000] {dag.py:2726} INFO - Sync 3 DAGs
[2023-06-15T23:28:05.843+0000] {logging_mixin.py:149} INFO - [2023-06-15T23:28:05.842+0000] {dag.py:3490} INFO - Setting next_dagrun for example_subdag_operator to 2022-01-01T00:00:00+00:00, run_after=2022-01-01T00:00:00+00:00
[2023-06-15T23:28:05.851+0000] {logging_mixin.py:149} INFO - [2023-06-15T23:28:05.851+0000] {dag.py:3490} INFO - Setting next_dagrun for example_subdag_operator.section-1 to None, run_after=None
[2023-06-15T23:28:05.854+0000] {logging_mixin.py:149} INFO - [2023-06-15T23:28:05.854+0000] {dag.py:3490} INFO - Setting next_dagrun for example_subdag_operator.section-2 to None, run_after=None
[2023-06-15T23:28:05.866+0000] {logging_mixin.py:149} INFO - [2023-06-15T23:28:05.866+0000] {dag.py:2726} INFO - Sync 2 DAGs
[2023-06-15T23:28:05.875+0000] {logging_mixin.py:149} INFO - [2023-06-15T23:28:05.874+0000] {dag.py:3490} INFO - Setting next_dagrun for example_subdag_operator.section-1 to None, run_after=None
[2023-06-15T23:28:05.875+0000] {logging_mixin.py:149} INFO - [2023-06-15T23:28:05.875+0000] {dag.py:3490} INFO - Setting next_dagrun for example_subdag_operator.section-2 to None, run_after=None
[2023-06-15T23:28:05.894+0000] {processor.py:179} INFO - Processing /home/airflow/.local/lib/python3.7/site-packages/airflow/example_dags/example_subdag_operator.py took 0.200 seconds
[2023-06-15T23:32:00.563+0000] {processor.py:157} INFO - Started process (PID=4335) to work on /home/airflow/.local/lib/python3.7/site-packages/airflow/example_dags/example_subdag_operator.py
[2023-06-15T23:32:00.565+0000] {processor.py:826} INFO - Processing file /home/airflow/.local/lib/python3.7/site-packages/airflow/example_dags/example_subdag_operator.py for tasks to queue
[2023-06-15T23:32:00.567+0000] {logging_mixin.py:149} INFO - [2023-06-15T23:32:00.567+0000] {dagbag.py:541} INFO - Filling up the DagBag from /home/airflow/.local/lib/python3.7/site-packages/airflow/example_dags/example_subdag_operator.py
[2023-06-15T23:32:00.602+0000] {processor.py:836} INFO - DAG(s) dict_keys(['example_subdag_operator.section-1', 'example_subdag_operator.section-2', 'example_subdag_operator']) retrieved from /home/airflow/.local/lib/python3.7/site-packages/airflow/example_dags/example_subdag_operator.py
[2023-06-15T23:32:00.632+0000] {logging_mixin.py:149} INFO - [2023-06-15T23:32:00.632+0000] {dag.py:2726} INFO - Sync 3 DAGs
[2023-06-15T23:32:00.667+0000] {logging_mixin.py:149} INFO - [2023-06-15T23:32:00.667+0000] {dag.py:3490} INFO - Setting next_dagrun for example_subdag_operator to 2022-01-01T00:00:00+00:00, run_after=2022-01-01T00:00:00+00:00
[2023-06-15T23:32:00.674+0000] {logging_mixin.py:149} INFO - [2023-06-15T23:32:00.674+0000] {dag.py:3490} INFO - Setting next_dagrun for example_subdag_operator.section-1 to None, run_after=None
[2023-06-15T23:32:00.677+0000] {logging_mixin.py:149} INFO - [2023-06-15T23:32:00.677+0000] {dag.py:3490} INFO - Setting next_dagrun for example_subdag_operator.section-2 to None, run_after=None
[2023-06-15T23:32:00.689+0000] {logging_mixin.py:149} INFO - [2023-06-15T23:32:00.689+0000] {dag.py:2726} INFO - Sync 2 DAGs
[2023-06-15T23:32:00.699+0000] {logging_mixin.py:149} INFO - [2023-06-15T23:32:00.699+0000] {dag.py:3490} INFO - Setting next_dagrun for example_subdag_operator.section-1 to None, run_after=None
[2023-06-15T23:32:00.700+0000] {logging_mixin.py:149} INFO - [2023-06-15T23:32:00.700+0000] {dag.py:3490} INFO - Setting next_dagrun for example_subdag_operator.section-2 to None, run_after=None
[2023-06-15T23:32:00.718+0000] {processor.py:179} INFO - Processing /home/airflow/.local/lib/python3.7/site-packages/airflow/example_dags/example_subdag_operator.py took 0.159 seconds
[2023-06-15T23:34:47.395+0000] {processor.py:157} INFO - Started process (PID=4705) to work on /home/airflow/.local/lib/python3.7/site-packages/airflow/example_dags/example_subdag_operator.py
[2023-06-15T23:34:47.397+0000] {processor.py:826} INFO - Processing file /home/airflow/.local/lib/python3.7/site-packages/airflow/example_dags/example_subdag_operator.py for tasks to queue
[2023-06-15T23:34:47.398+0000] {logging_mixin.py:149} INFO - [2023-06-15T23:34:47.398+0000] {dagbag.py:541} INFO - Filling up the DagBag from /home/airflow/.local/lib/python3.7/site-packages/airflow/example_dags/example_subdag_operator.py
[2023-06-15T23:34:47.436+0000] {processor.py:836} INFO - DAG(s) dict_keys(['example_subdag_operator.section-1', 'example_subdag_operator.section-2', 'example_subdag_operator']) retrieved from /home/airflow/.local/lib/python3.7/site-packages/airflow/example_dags/example_subdag_operator.py
[2023-06-15T23:34:47.467+0000] {logging_mixin.py:149} INFO - [2023-06-15T23:34:47.467+0000] {dag.py:2726} INFO - Sync 3 DAGs
[2023-06-15T23:34:47.503+0000] {logging_mixin.py:149} INFO - [2023-06-15T23:34:47.503+0000] {dag.py:3490} INFO - Setting next_dagrun for example_subdag_operator to 2022-01-01T00:00:00+00:00, run_after=2022-01-01T00:00:00+00:00
[2023-06-15T23:34:47.511+0000] {logging_mixin.py:149} INFO - [2023-06-15T23:34:47.510+0000] {dag.py:3490} INFO - Setting next_dagrun for example_subdag_operator.section-1 to None, run_after=None
[2023-06-15T23:34:47.515+0000] {logging_mixin.py:149} INFO - [2023-06-15T23:34:47.514+0000] {dag.py:3490} INFO - Setting next_dagrun for example_subdag_operator.section-2 to None, run_after=None
[2023-06-15T23:34:47.530+0000] {logging_mixin.py:149} INFO - [2023-06-15T23:34:47.529+0000] {dag.py:2726} INFO - Sync 2 DAGs
[2023-06-15T23:34:47.541+0000] {logging_mixin.py:149} INFO - [2023-06-15T23:34:47.540+0000] {dag.py:3490} INFO - Setting next_dagrun for example_subdag_operator.section-1 to None, run_after=None
[2023-06-15T23:34:47.542+0000] {logging_mixin.py:149} INFO - [2023-06-15T23:34:47.541+0000] {dag.py:3490} INFO - Setting next_dagrun for example_subdag_operator.section-2 to None, run_after=None
[2023-06-15T23:34:47.563+0000] {processor.py:179} INFO - Processing /home/airflow/.local/lib/python3.7/site-packages/airflow/example_dags/example_subdag_operator.py took 0.174 seconds
[2023-06-15T23:35:20.568+0000] {processor.py:157} INFO - Started process (PID=4947) to work on /home/airflow/.local/lib/python3.7/site-packages/airflow/example_dags/example_subdag_operator.py
[2023-06-15T23:35:20.570+0000] {processor.py:826} INFO - Processing file /home/airflow/.local/lib/python3.7/site-packages/airflow/example_dags/example_subdag_operator.py for tasks to queue
[2023-06-15T23:35:20.571+0000] {logging_mixin.py:149} INFO - [2023-06-15T23:35:20.571+0000] {dagbag.py:541} INFO - Filling up the DagBag from /home/airflow/.local/lib/python3.7/site-packages/airflow/example_dags/example_subdag_operator.py
[2023-06-15T23:35:20.602+0000] {processor.py:836} INFO - DAG(s) dict_keys(['example_subdag_operator.section-1', 'example_subdag_operator.section-2', 'example_subdag_operator']) retrieved from /home/airflow/.local/lib/python3.7/site-packages/airflow/example_dags/example_subdag_operator.py
[2023-06-15T23:35:20.634+0000] {logging_mixin.py:149} INFO - [2023-06-15T23:35:20.633+0000] {dag.py:2726} INFO - Sync 3 DAGs
[2023-06-15T23:35:20.668+0000] {logging_mixin.py:149} INFO - [2023-06-15T23:35:20.668+0000] {dag.py:3490} INFO - Setting next_dagrun for example_subdag_operator to 2022-01-01T00:00:00+00:00, run_after=2022-01-01T00:00:00+00:00
[2023-06-15T23:35:20.673+0000] {logging_mixin.py:149} INFO - [2023-06-15T23:35:20.673+0000] {dag.py:3490} INFO - Setting next_dagrun for example_subdag_operator.section-1 to None, run_after=None
[2023-06-15T23:35:20.675+0000] {logging_mixin.py:149} INFO - [2023-06-15T23:35:20.675+0000] {dag.py:3490} INFO - Setting next_dagrun for example_subdag_operator.section-2 to None, run_after=None
[2023-06-15T23:35:20.688+0000] {logging_mixin.py:149} INFO - [2023-06-15T23:35:20.688+0000] {dag.py:2726} INFO - Sync 2 DAGs
[2023-06-15T23:35:20.697+0000] {logging_mixin.py:149} INFO - [2023-06-15T23:35:20.697+0000] {dag.py:3490} INFO - Setting next_dagrun for example_subdag_operator.section-1 to None, run_after=None
[2023-06-15T23:35:20.698+0000] {logging_mixin.py:149} INFO - [2023-06-15T23:35:20.698+0000] {dag.py:3490} INFO - Setting next_dagrun for example_subdag_operator.section-2 to None, run_after=None
[2023-06-15T23:35:20.718+0000] {processor.py:179} INFO - Processing /home/airflow/.local/lib/python3.7/site-packages/airflow/example_dags/example_subdag_operator.py took 0.152 seconds
