[2023-06-15T23:00:50.786+0000] {processor.py:157} INFO - Started process (PID=204) to work on /home/airflow/.local/lib/python3.7/site-packages/airflow/example_dags/example_sla_dag.py
[2023-06-15T23:00:50.789+0000] {processor.py:826} INFO - Processing file /home/airflow/.local/lib/python3.7/site-packages/airflow/example_dags/example_sla_dag.py for tasks to queue
[2023-06-15T23:00:50.791+0000] {logging_mixin.py:149} INFO - [2023-06-15T23:00:50.790+0000] {dagbag.py:541} INFO - Filling up the DagBag from /home/airflow/.local/lib/python3.7/site-packages/airflow/example_dags/example_sla_dag.py
[2023-06-15T23:00:50.808+0000] {processor.py:836} INFO - DAG(s) dict_keys(['example_sla_dag']) retrieved from /home/airflow/.local/lib/python3.7/site-packages/airflow/example_dags/example_sla_dag.py
[2023-06-15T23:00:50.880+0000] {logging_mixin.py:149} INFO - [2023-06-15T23:00:50.879+0000] {dag.py:2726} INFO - Sync 1 DAGs
[2023-06-15T23:00:50.941+0000] {logging_mixin.py:149} INFO - [2023-06-15T23:00:50.941+0000] {dag.py:3490} INFO - Setting next_dagrun for example_sla_dag to 2023-06-15T22:58:00+00:00, run_after=2023-06-15T23:00:00+00:00
[2023-06-15T23:01:00.051+0000] {processor.py:179} INFO - Processing /home/airflow/.local/lib/python3.7/site-packages/airflow/example_dags/example_sla_dag.py took 9.270 seconds
[2023-06-15T23:04:39.449+0000] {processor.py:157} INFO - Started process (PID=451) to work on /home/airflow/.local/lib/python3.7/site-packages/airflow/example_dags/example_sla_dag.py
[2023-06-15T23:04:39.451+0000] {processor.py:826} INFO - Processing file /home/airflow/.local/lib/python3.7/site-packages/airflow/example_dags/example_sla_dag.py for tasks to queue
[2023-06-15T23:04:39.453+0000] {logging_mixin.py:149} INFO - [2023-06-15T23:04:39.452+0000] {dagbag.py:541} INFO - Filling up the DagBag from /home/airflow/.local/lib/python3.7/site-packages/airflow/example_dags/example_sla_dag.py
[2023-06-15T23:04:39.467+0000] {processor.py:836} INFO - DAG(s) dict_keys(['example_sla_dag']) retrieved from /home/airflow/.local/lib/python3.7/site-packages/airflow/example_dags/example_sla_dag.py
[2023-06-15T23:04:39.507+0000] {logging_mixin.py:149} INFO - [2023-06-15T23:04:39.507+0000] {dag.py:2726} INFO - Sync 1 DAGs
[2023-06-15T23:04:39.548+0000] {logging_mixin.py:149} INFO - [2023-06-15T23:04:39.548+0000] {dag.py:3490} INFO - Setting next_dagrun for example_sla_dag to 2023-06-15T23:02:00+00:00, run_after=2023-06-15T23:04:00+00:00
[2023-06-15T23:04:40.634+0000] {processor.py:179} INFO - Processing /home/airflow/.local/lib/python3.7/site-packages/airflow/example_dags/example_sla_dag.py took 1.191 seconds
[2023-06-15T23:06:18.481+0000] {processor.py:157} INFO - Started process (PID=596) to work on /home/airflow/.local/lib/python3.7/site-packages/airflow/example_dags/example_sla_dag.py
[2023-06-15T23:06:18.483+0000] {processor.py:826} INFO - Processing file /home/airflow/.local/lib/python3.7/site-packages/airflow/example_dags/example_sla_dag.py for tasks to queue
[2023-06-15T23:06:18.485+0000] {logging_mixin.py:149} INFO - [2023-06-15T23:06:18.484+0000] {dagbag.py:541} INFO - Filling up the DagBag from /home/airflow/.local/lib/python3.7/site-packages/airflow/example_dags/example_sla_dag.py
[2023-06-15T23:06:18.501+0000] {processor.py:836} INFO - DAG(s) dict_keys(['example_sla_dag']) retrieved from /home/airflow/.local/lib/python3.7/site-packages/airflow/example_dags/example_sla_dag.py
[2023-06-15T23:06:18.543+0000] {logging_mixin.py:149} INFO - [2023-06-15T23:06:18.543+0000] {dag.py:2726} INFO - Sync 1 DAGs
[2023-06-15T23:06:18.584+0000] {logging_mixin.py:149} INFO - [2023-06-15T23:06:18.584+0000] {dag.py:3490} INFO - Setting next_dagrun for example_sla_dag to 2023-06-15T23:04:00+00:00, run_after=2023-06-15T23:06:00+00:00
[2023-06-15T23:06:19.203+0000] {processor.py:179} INFO - Processing /home/airflow/.local/lib/python3.7/site-packages/airflow/example_dags/example_sla_dag.py took 0.727 seconds
[2023-06-15T23:06:54.891+0000] {processor.py:157} INFO - Started process (PID=831) to work on /home/airflow/.local/lib/python3.7/site-packages/airflow/example_dags/example_sla_dag.py
[2023-06-15T23:06:54.893+0000] {processor.py:826} INFO - Processing file /home/airflow/.local/lib/python3.7/site-packages/airflow/example_dags/example_sla_dag.py for tasks to queue
[2023-06-15T23:06:54.895+0000] {logging_mixin.py:149} INFO - [2023-06-15T23:06:54.894+0000] {dagbag.py:541} INFO - Filling up the DagBag from /home/airflow/.local/lib/python3.7/site-packages/airflow/example_dags/example_sla_dag.py
[2023-06-15T23:06:54.909+0000] {processor.py:836} INFO - DAG(s) dict_keys(['example_sla_dag']) retrieved from /home/airflow/.local/lib/python3.7/site-packages/airflow/example_dags/example_sla_dag.py
[2023-06-15T23:06:54.964+0000] {logging_mixin.py:149} INFO - [2023-06-15T23:06:54.964+0000] {dag.py:2726} INFO - Sync 1 DAGs
[2023-06-15T23:06:55.008+0000] {logging_mixin.py:149} INFO - [2023-06-15T23:06:55.008+0000] {dag.py:3490} INFO - Setting next_dagrun for example_sla_dag to 2023-06-15T23:04:00+00:00, run_after=2023-06-15T23:06:00+00:00
[2023-06-15T23:06:58.843+0000] {processor.py:179} INFO - Processing /home/airflow/.local/lib/python3.7/site-packages/airflow/example_dags/example_sla_dag.py took 3.957 seconds
[2023-06-15T23:07:51.771+0000] {processor.py:157} INFO - Started process (PID=953) to work on /home/airflow/.local/lib/python3.7/site-packages/airflow/example_dags/example_sla_dag.py
[2023-06-15T23:07:51.773+0000] {processor.py:826} INFO - Processing file /home/airflow/.local/lib/python3.7/site-packages/airflow/example_dags/example_sla_dag.py for tasks to queue
[2023-06-15T23:07:51.774+0000] {logging_mixin.py:149} INFO - [2023-06-15T23:07:51.774+0000] {dagbag.py:541} INFO - Filling up the DagBag from /home/airflow/.local/lib/python3.7/site-packages/airflow/example_dags/example_sla_dag.py
[2023-06-15T23:07:51.787+0000] {processor.py:836} INFO - DAG(s) dict_keys(['example_sla_dag']) retrieved from /home/airflow/.local/lib/python3.7/site-packages/airflow/example_dags/example_sla_dag.py
[2023-06-15T23:07:51.822+0000] {logging_mixin.py:149} INFO - [2023-06-15T23:07:51.821+0000] {dag.py:2726} INFO - Sync 1 DAGs
[2023-06-15T23:07:51.864+0000] {logging_mixin.py:149} INFO - [2023-06-15T23:07:51.864+0000] {dag.py:3490} INFO - Setting next_dagrun for example_sla_dag to 2023-06-15T23:04:00+00:00, run_after=2023-06-15T23:06:00+00:00
[2023-06-15T23:07:51.900+0000] {processor.py:179} INFO - Processing /home/airflow/.local/lib/python3.7/site-packages/airflow/example_dags/example_sla_dag.py took 0.134 seconds
[2023-06-15T23:09:09.590+0000] {processor.py:157} INFO - Started process (PID=1122) to work on /home/airflow/.local/lib/python3.7/site-packages/airflow/example_dags/example_sla_dag.py
[2023-06-15T23:09:09.592+0000] {processor.py:826} INFO - Processing file /home/airflow/.local/lib/python3.7/site-packages/airflow/example_dags/example_sla_dag.py for tasks to queue
[2023-06-15T23:09:09.595+0000] {logging_mixin.py:149} INFO - [2023-06-15T23:09:09.595+0000] {dagbag.py:541} INFO - Filling up the DagBag from /home/airflow/.local/lib/python3.7/site-packages/airflow/example_dags/example_sla_dag.py
[2023-06-15T23:09:09.949+0000] {processor.py:836} INFO - DAG(s) dict_keys(['example_sla_dag']) retrieved from /home/airflow/.local/lib/python3.7/site-packages/airflow/example_dags/example_sla_dag.py
[2023-06-15T23:09:10.459+0000] {logging_mixin.py:149} INFO - [2023-06-15T23:09:10.459+0000] {dag.py:2726} INFO - Sync 1 DAGs
[2023-06-15T23:09:10.505+0000] {logging_mixin.py:149} INFO - [2023-06-15T23:09:10.505+0000] {dag.py:3490} INFO - Setting next_dagrun for example_sla_dag to 2023-06-15T23:06:00+00:00, run_after=2023-06-15T23:08:00+00:00
[2023-06-15T23:09:10.537+0000] {processor.py:179} INFO - Processing /home/airflow/.local/lib/python3.7/site-packages/airflow/example_dags/example_sla_dag.py took 0.953 seconds
[2023-06-15T23:10:56.328+0000] {processor.py:157} INFO - Started process (PID=1315) to work on /home/airflow/.local/lib/python3.7/site-packages/airflow/example_dags/example_sla_dag.py
[2023-06-15T23:10:56.331+0000] {processor.py:826} INFO - Processing file /home/airflow/.local/lib/python3.7/site-packages/airflow/example_dags/example_sla_dag.py for tasks to queue
[2023-06-15T23:10:56.336+0000] {logging_mixin.py:149} INFO - [2023-06-15T23:10:56.335+0000] {dagbag.py:541} INFO - Filling up the DagBag from /home/airflow/.local/lib/python3.7/site-packages/airflow/example_dags/example_sla_dag.py
[2023-06-15T23:10:56.349+0000] {processor.py:836} INFO - DAG(s) dict_keys(['example_sla_dag']) retrieved from /home/airflow/.local/lib/python3.7/site-packages/airflow/example_dags/example_sla_dag.py
[2023-06-15T23:10:56.403+0000] {logging_mixin.py:149} INFO - [2023-06-15T23:10:56.402+0000] {dag.py:2726} INFO - Sync 1 DAGs
[2023-06-15T23:10:56.466+0000] {logging_mixin.py:149} INFO - [2023-06-15T23:10:56.465+0000] {dag.py:3490} INFO - Setting next_dagrun for example_sla_dag to 2023-06-15T23:08:00+00:00, run_after=2023-06-15T23:10:00+00:00
[2023-06-15T23:10:59.098+0000] {processor.py:179} INFO - Processing /home/airflow/.local/lib/python3.7/site-packages/airflow/example_dags/example_sla_dag.py took 2.775 seconds
[2023-06-15T23:11:30.152+0000] {processor.py:157} INFO - Started process (PID=1546) to work on /home/airflow/.local/lib/python3.7/site-packages/airflow/example_dags/example_sla_dag.py
[2023-06-15T23:11:30.155+0000] {processor.py:826} INFO - Processing file /home/airflow/.local/lib/python3.7/site-packages/airflow/example_dags/example_sla_dag.py for tasks to queue
[2023-06-15T23:11:30.157+0000] {logging_mixin.py:149} INFO - [2023-06-15T23:11:30.157+0000] {dagbag.py:541} INFO - Filling up the DagBag from /home/airflow/.local/lib/python3.7/site-packages/airflow/example_dags/example_sla_dag.py
[2023-06-15T23:11:30.176+0000] {processor.py:836} INFO - DAG(s) dict_keys(['example_sla_dag']) retrieved from /home/airflow/.local/lib/python3.7/site-packages/airflow/example_dags/example_sla_dag.py
[2023-06-15T23:11:30.224+0000] {logging_mixin.py:149} INFO - [2023-06-15T23:11:30.223+0000] {dag.py:2726} INFO - Sync 1 DAGs
[2023-06-15T23:11:30.266+0000] {logging_mixin.py:149} INFO - [2023-06-15T23:11:30.266+0000] {dag.py:3490} INFO - Setting next_dagrun for example_sla_dag to 2023-06-15T23:08:00+00:00, run_after=2023-06-15T23:10:00+00:00
[2023-06-15T23:11:30.298+0000] {processor.py:179} INFO - Processing /home/airflow/.local/lib/python3.7/site-packages/airflow/example_dags/example_sla_dag.py took 0.152 seconds
[2023-06-15T23:12:18.962+0000] {processor.py:157} INFO - Started process (PID=1592) to work on /home/airflow/.local/lib/python3.7/site-packages/airflow/example_dags/example_sla_dag.py
[2023-06-15T23:12:18.965+0000] {processor.py:826} INFO - Processing file /home/airflow/.local/lib/python3.7/site-packages/airflow/example_dags/example_sla_dag.py for tasks to queue
[2023-06-15T23:12:18.969+0000] {logging_mixin.py:149} INFO - [2023-06-15T23:12:18.968+0000] {dagbag.py:541} INFO - Filling up the DagBag from /home/airflow/.local/lib/python3.7/site-packages/airflow/example_dags/example_sla_dag.py
[2023-06-15T23:12:18.990+0000] {processor.py:836} INFO - DAG(s) dict_keys(['example_sla_dag']) retrieved from /home/airflow/.local/lib/python3.7/site-packages/airflow/example_dags/example_sla_dag.py
[2023-06-15T23:12:19.441+0000] {logging_mixin.py:149} INFO - [2023-06-15T23:12:19.441+0000] {dag.py:2726} INFO - Sync 1 DAGs
[2023-06-15T23:12:21.011+0000] {logging_mixin.py:149} INFO - [2023-06-15T23:12:21.011+0000] {dag.py:3490} INFO - Setting next_dagrun for example_sla_dag to 2023-06-15T23:10:00+00:00, run_after=2023-06-15T23:12:00+00:00
[2023-06-15T23:12:21.290+0000] {processor.py:179} INFO - Processing /home/airflow/.local/lib/python3.7/site-packages/airflow/example_dags/example_sla_dag.py took 2.335 seconds
[2023-06-15T23:13:26.182+0000] {processor.py:157} INFO - Started process (PID=1804) to work on /home/airflow/.local/lib/python3.7/site-packages/airflow/example_dags/example_sla_dag.py
[2023-06-15T23:13:26.185+0000] {processor.py:826} INFO - Processing file /home/airflow/.local/lib/python3.7/site-packages/airflow/example_dags/example_sla_dag.py for tasks to queue
[2023-06-15T23:13:26.186+0000] {logging_mixin.py:149} INFO - [2023-06-15T23:13:26.186+0000] {dagbag.py:541} INFO - Filling up the DagBag from /home/airflow/.local/lib/python3.7/site-packages/airflow/example_dags/example_sla_dag.py
[2023-06-15T23:13:26.198+0000] {processor.py:836} INFO - DAG(s) dict_keys(['example_sla_dag']) retrieved from /home/airflow/.local/lib/python3.7/site-packages/airflow/example_dags/example_sla_dag.py
[2023-06-15T23:13:26.233+0000] {logging_mixin.py:149} INFO - [2023-06-15T23:13:26.233+0000] {dag.py:2726} INFO - Sync 1 DAGs
[2023-06-15T23:13:26.267+0000] {logging_mixin.py:149} INFO - [2023-06-15T23:13:26.267+0000] {dag.py:3490} INFO - Setting next_dagrun for example_sla_dag to 2023-06-15T23:10:00+00:00, run_after=2023-06-15T23:12:00+00:00
[2023-06-15T23:13:26.297+0000] {processor.py:179} INFO - Processing /home/airflow/.local/lib/python3.7/site-packages/airflow/example_dags/example_sla_dag.py took 0.121 seconds
[2023-06-15T23:14:58.631+0000] {processor.py:157} INFO - Started process (PID=1931) to work on /home/airflow/.local/lib/python3.7/site-packages/airflow/example_dags/example_sla_dag.py
[2023-06-15T23:14:58.632+0000] {processor.py:826} INFO - Processing file /home/airflow/.local/lib/python3.7/site-packages/airflow/example_dags/example_sla_dag.py for tasks to queue
[2023-06-15T23:14:58.634+0000] {logging_mixin.py:149} INFO - [2023-06-15T23:14:58.633+0000] {dagbag.py:541} INFO - Filling up the DagBag from /home/airflow/.local/lib/python3.7/site-packages/airflow/example_dags/example_sla_dag.py
[2023-06-15T23:14:58.646+0000] {processor.py:836} INFO - DAG(s) dict_keys(['example_sla_dag']) retrieved from /home/airflow/.local/lib/python3.7/site-packages/airflow/example_dags/example_sla_dag.py
[2023-06-15T23:14:58.681+0000] {logging_mixin.py:149} INFO - [2023-06-15T23:14:58.680+0000] {dag.py:2726} INFO - Sync 1 DAGs
[2023-06-15T23:14:58.717+0000] {logging_mixin.py:149} INFO - [2023-06-15T23:14:58.717+0000] {dag.py:3490} INFO - Setting next_dagrun for example_sla_dag to 2023-06-15T23:12:00+00:00, run_after=2023-06-15T23:14:00+00:00
[2023-06-15T23:14:58.747+0000] {processor.py:179} INFO - Processing /home/airflow/.local/lib/python3.7/site-packages/airflow/example_dags/example_sla_dag.py took 0.120 seconds
[2023-06-15T23:15:44.324+0000] {processor.py:157} INFO - Started process (PID=2144) to work on /home/airflow/.local/lib/python3.7/site-packages/airflow/example_dags/example_sla_dag.py
[2023-06-15T23:15:44.325+0000] {processor.py:826} INFO - Processing file /home/airflow/.local/lib/python3.7/site-packages/airflow/example_dags/example_sla_dag.py for tasks to queue
[2023-06-15T23:15:44.327+0000] {logging_mixin.py:149} INFO - [2023-06-15T23:15:44.327+0000] {dagbag.py:541} INFO - Filling up the DagBag from /home/airflow/.local/lib/python3.7/site-packages/airflow/example_dags/example_sla_dag.py
[2023-06-15T23:15:44.339+0000] {processor.py:836} INFO - DAG(s) dict_keys(['example_sla_dag']) retrieved from /home/airflow/.local/lib/python3.7/site-packages/airflow/example_dags/example_sla_dag.py
[2023-06-15T23:15:44.370+0000] {logging_mixin.py:149} INFO - [2023-06-15T23:15:44.370+0000] {dag.py:2726} INFO - Sync 1 DAGs
[2023-06-15T23:15:44.415+0000] {logging_mixin.py:149} INFO - [2023-06-15T23:15:44.415+0000] {dag.py:3490} INFO - Setting next_dagrun for example_sla_dag to 2023-06-15T23:12:00+00:00, run_after=2023-06-15T23:14:00+00:00
[2023-06-15T23:15:44.456+0000] {processor.py:179} INFO - Processing /home/airflow/.local/lib/python3.7/site-packages/airflow/example_dags/example_sla_dag.py took 0.137 seconds
[2023-06-15T23:16:49.420+0000] {processor.py:157} INFO - Started process (PID=2249) to work on /home/airflow/.local/lib/python3.7/site-packages/airflow/example_dags/example_sla_dag.py
[2023-06-15T23:16:49.422+0000] {processor.py:826} INFO - Processing file /home/airflow/.local/lib/python3.7/site-packages/airflow/example_dags/example_sla_dag.py for tasks to queue
[2023-06-15T23:16:49.424+0000] {logging_mixin.py:149} INFO - [2023-06-15T23:16:49.423+0000] {dagbag.py:541} INFO - Filling up the DagBag from /home/airflow/.local/lib/python3.7/site-packages/airflow/example_dags/example_sla_dag.py
[2023-06-15T23:16:49.445+0000] {processor.py:836} INFO - DAG(s) dict_keys(['example_sla_dag']) retrieved from /home/airflow/.local/lib/python3.7/site-packages/airflow/example_dags/example_sla_dag.py
[2023-06-15T23:16:49.507+0000] {logging_mixin.py:149} INFO - [2023-06-15T23:16:49.507+0000] {dag.py:2726} INFO - Sync 1 DAGs
[2023-06-15T23:16:49.578+0000] {logging_mixin.py:149} INFO - [2023-06-15T23:16:49.577+0000] {dag.py:3490} INFO - Setting next_dagrun for example_sla_dag to 2023-06-15T23:14:00+00:00, run_after=2023-06-15T23:16:00+00:00
[2023-06-15T23:16:49.679+0000] {processor.py:179} INFO - Processing /home/airflow/.local/lib/python3.7/site-packages/airflow/example_dags/example_sla_dag.py took 0.266 seconds
[2023-06-15T23:17:41.154+0000] {processor.py:157} INFO - Started process (PID=2458) to work on /home/airflow/.local/lib/python3.7/site-packages/airflow/example_dags/example_sla_dag.py
[2023-06-15T23:17:41.181+0000] {processor.py:826} INFO - Processing file /home/airflow/.local/lib/python3.7/site-packages/airflow/example_dags/example_sla_dag.py for tasks to queue
[2023-06-15T23:17:41.182+0000] {logging_mixin.py:149} INFO - [2023-06-15T23:17:41.182+0000] {dagbag.py:541} INFO - Filling up the DagBag from /home/airflow/.local/lib/python3.7/site-packages/airflow/example_dags/example_sla_dag.py
[2023-06-15T23:17:41.195+0000] {processor.py:836} INFO - DAG(s) dict_keys(['example_sla_dag']) retrieved from /home/airflow/.local/lib/python3.7/site-packages/airflow/example_dags/example_sla_dag.py
[2023-06-15T23:17:41.231+0000] {logging_mixin.py:149} INFO - [2023-06-15T23:17:41.231+0000] {dag.py:2726} INFO - Sync 1 DAGs
[2023-06-15T23:17:41.286+0000] {logging_mixin.py:149} INFO - [2023-06-15T23:17:41.286+0000] {dag.py:3490} INFO - Setting next_dagrun for example_sla_dag to 2023-06-15T23:14:00+00:00, run_after=2023-06-15T23:16:00+00:00
[2023-06-15T23:17:41.351+0000] {processor.py:179} INFO - Processing /home/airflow/.local/lib/python3.7/site-packages/airflow/example_dags/example_sla_dag.py took 0.203 seconds
[2023-06-15T23:18:59.594+0000] {processor.py:157} INFO - Started process (PID=2617) to work on /home/airflow/.local/lib/python3.7/site-packages/airflow/example_dags/example_sla_dag.py
[2023-06-15T23:18:59.597+0000] {processor.py:826} INFO - Processing file /home/airflow/.local/lib/python3.7/site-packages/airflow/example_dags/example_sla_dag.py for tasks to queue
[2023-06-15T23:18:59.599+0000] {logging_mixin.py:149} INFO - [2023-06-15T23:18:59.598+0000] {dagbag.py:541} INFO - Filling up the DagBag from /home/airflow/.local/lib/python3.7/site-packages/airflow/example_dags/example_sla_dag.py
[2023-06-15T23:18:59.625+0000] {processor.py:836} INFO - DAG(s) dict_keys(['example_sla_dag']) retrieved from /home/airflow/.local/lib/python3.7/site-packages/airflow/example_dags/example_sla_dag.py
[2023-06-15T23:18:59.712+0000] {logging_mixin.py:149} INFO - [2023-06-15T23:18:59.711+0000] {dag.py:2726} INFO - Sync 1 DAGs
[2023-06-15T23:19:02.338+0000] {logging_mixin.py:149} INFO - [2023-06-15T23:19:02.337+0000] {dag.py:3490} INFO - Setting next_dagrun for example_sla_dag to 2023-06-15T23:16:00+00:00, run_after=2023-06-15T23:18:00+00:00
[2023-06-15T23:19:03.747+0000] {processor.py:179} INFO - Processing /home/airflow/.local/lib/python3.7/site-packages/airflow/example_dags/example_sla_dag.py took 4.159 seconds
[2023-06-15T23:21:34.945+0000] {processor.py:157} INFO - Started process (PID=2767) to work on /home/airflow/.local/lib/python3.7/site-packages/airflow/example_dags/example_sla_dag.py
[2023-06-15T23:21:34.947+0000] {processor.py:826} INFO - Processing file /home/airflow/.local/lib/python3.7/site-packages/airflow/example_dags/example_sla_dag.py for tasks to queue
[2023-06-15T23:21:34.948+0000] {logging_mixin.py:149} INFO - [2023-06-15T23:21:34.948+0000] {dagbag.py:541} INFO - Filling up the DagBag from /home/airflow/.local/lib/python3.7/site-packages/airflow/example_dags/example_sla_dag.py
[2023-06-15T23:21:34.976+0000] {processor.py:836} INFO - DAG(s) dict_keys(['example_sla_dag']) retrieved from /home/airflow/.local/lib/python3.7/site-packages/airflow/example_dags/example_sla_dag.py
[2023-06-15T23:21:35.040+0000] {logging_mixin.py:149} INFO - [2023-06-15T23:21:35.040+0000] {dag.py:2726} INFO - Sync 1 DAGs
[2023-06-15T23:21:35.097+0000] {logging_mixin.py:149} INFO - [2023-06-15T23:21:35.096+0000] {dag.py:3490} INFO - Setting next_dagrun for example_sla_dag to 2023-06-15T23:18:00+00:00, run_after=2023-06-15T23:20:00+00:00
[2023-06-15T23:21:35.134+0000] {processor.py:179} INFO - Processing /home/airflow/.local/lib/python3.7/site-packages/airflow/example_dags/example_sla_dag.py took 0.194 seconds
[2023-06-15T23:22:19.299+0000] {processor.py:157} INFO - Started process (PID=2941) to work on /home/airflow/.local/lib/python3.7/site-packages/airflow/example_dags/example_sla_dag.py
[2023-06-15T23:22:19.301+0000] {processor.py:826} INFO - Processing file /home/airflow/.local/lib/python3.7/site-packages/airflow/example_dags/example_sla_dag.py for tasks to queue
[2023-06-15T23:22:19.302+0000] {logging_mixin.py:149} INFO - [2023-06-15T23:22:19.302+0000] {dagbag.py:541} INFO - Filling up the DagBag from /home/airflow/.local/lib/python3.7/site-packages/airflow/example_dags/example_sla_dag.py
[2023-06-15T23:22:19.317+0000] {processor.py:836} INFO - DAG(s) dict_keys(['example_sla_dag']) retrieved from /home/airflow/.local/lib/python3.7/site-packages/airflow/example_dags/example_sla_dag.py
[2023-06-15T23:22:19.353+0000] {logging_mixin.py:149} INFO - [2023-06-15T23:22:19.353+0000] {dag.py:2726} INFO - Sync 1 DAGs
[2023-06-15T23:22:19.405+0000] {logging_mixin.py:149} INFO - [2023-06-15T23:22:19.405+0000] {dag.py:3490} INFO - Setting next_dagrun for example_sla_dag to 2023-06-15T23:20:00+00:00, run_after=2023-06-15T23:22:00+00:00
[2023-06-15T23:22:19.588+0000] {processor.py:179} INFO - Processing /home/airflow/.local/lib/python3.7/site-packages/airflow/example_dags/example_sla_dag.py took 0.293 seconds
[2023-06-15T23:23:24.699+0000] {processor.py:157} INFO - Started process (PID=3166) to work on /home/airflow/.local/lib/python3.7/site-packages/airflow/example_dags/example_sla_dag.py
[2023-06-15T23:23:24.701+0000] {processor.py:826} INFO - Processing file /home/airflow/.local/lib/python3.7/site-packages/airflow/example_dags/example_sla_dag.py for tasks to queue
[2023-06-15T23:23:24.703+0000] {logging_mixin.py:149} INFO - [2023-06-15T23:23:24.702+0000] {dagbag.py:541} INFO - Filling up the DagBag from /home/airflow/.local/lib/python3.7/site-packages/airflow/example_dags/example_sla_dag.py
[2023-06-15T23:23:24.713+0000] {processor.py:836} INFO - DAG(s) dict_keys(['example_sla_dag']) retrieved from /home/airflow/.local/lib/python3.7/site-packages/airflow/example_dags/example_sla_dag.py
[2023-06-15T23:23:24.744+0000] {logging_mixin.py:149} INFO - [2023-06-15T23:23:24.744+0000] {dag.py:2726} INFO - Sync 1 DAGs
[2023-06-15T23:23:24.782+0000] {logging_mixin.py:149} INFO - [2023-06-15T23:23:24.782+0000] {dag.py:3490} INFO - Setting next_dagrun for example_sla_dag to 2023-06-15T23:20:00+00:00, run_after=2023-06-15T23:22:00+00:00
[2023-06-15T23:23:24.811+0000] {processor.py:179} INFO - Processing /home/airflow/.local/lib/python3.7/site-packages/airflow/example_dags/example_sla_dag.py took 0.116 seconds
[2023-06-15T23:24:00.333+0000] {processor.py:157} INFO - Started process (PID=3389) to work on /home/airflow/.local/lib/python3.7/site-packages/airflow/example_dags/example_sla_dag.py
[2023-06-15T23:24:00.336+0000] {processor.py:826} INFO - Processing file /home/airflow/.local/lib/python3.7/site-packages/airflow/example_dags/example_sla_dag.py for tasks to queue
[2023-06-15T23:24:00.338+0000] {logging_mixin.py:149} INFO - [2023-06-15T23:24:00.337+0000] {dagbag.py:541} INFO - Filling up the DagBag from /home/airflow/.local/lib/python3.7/site-packages/airflow/example_dags/example_sla_dag.py
[2023-06-15T23:24:00.375+0000] {processor.py:836} INFO - DAG(s) dict_keys(['example_sla_dag']) retrieved from /home/airflow/.local/lib/python3.7/site-packages/airflow/example_dags/example_sla_dag.py
[2023-06-15T23:24:00.454+0000] {logging_mixin.py:149} INFO - [2023-06-15T23:24:00.454+0000] {dag.py:2726} INFO - Sync 1 DAGs
[2023-06-15T23:24:00.511+0000] {logging_mixin.py:149} INFO - [2023-06-15T23:24:00.511+0000] {dag.py:3490} INFO - Setting next_dagrun for example_sla_dag to 2023-06-15T23:22:00+00:00, run_after=2023-06-15T23:24:00+00:00
[2023-06-15T23:24:00.543+0000] {processor.py:179} INFO - Processing /home/airflow/.local/lib/python3.7/site-packages/airflow/example_dags/example_sla_dag.py took 0.216 seconds
[2023-06-15T23:25:59.103+0000] {processor.py:157} INFO - Started process (PID=3633) to work on /home/airflow/.local/lib/python3.7/site-packages/airflow/example_dags/example_sla_dag.py
[2023-06-15T23:25:59.242+0000] {processor.py:826} INFO - Processing file /home/airflow/.local/lib/python3.7/site-packages/airflow/example_dags/example_sla_dag.py for tasks to queue
[2023-06-15T23:25:59.243+0000] {logging_mixin.py:149} INFO - [2023-06-15T23:25:59.243+0000] {dagbag.py:541} INFO - Filling up the DagBag from /home/airflow/.local/lib/python3.7/site-packages/airflow/example_dags/example_sla_dag.py
[2023-06-15T23:25:59.688+0000] {processor.py:836} INFO - DAG(s) dict_keys(['example_sla_dag']) retrieved from /home/airflow/.local/lib/python3.7/site-packages/airflow/example_dags/example_sla_dag.py
[2023-06-15T23:26:04.547+0000] {logging_mixin.py:149} INFO - [2023-06-15T23:26:04.546+0000] {dag.py:2726} INFO - Sync 1 DAGs
[2023-06-15T23:26:07.680+0000] {logging_mixin.py:149} INFO - [2023-06-15T23:26:07.680+0000] {dag.py:3490} INFO - Setting next_dagrun for example_sla_dag to 2023-06-15T23:24:00+00:00, run_after=2023-06-15T23:26:00+00:00
[2023-06-15T23:26:24.711+0000] {processor.py:179} INFO - Processing /home/airflow/.local/lib/python3.7/site-packages/airflow/example_dags/example_sla_dag.py took 25.781 seconds
[2023-06-15T23:27:09.307+0000] {processor.py:157} INFO - Started process (PID=3871) to work on /home/airflow/.local/lib/python3.7/site-packages/airflow/example_dags/example_sla_dag.py
[2023-06-15T23:27:09.309+0000] {processor.py:826} INFO - Processing file /home/airflow/.local/lib/python3.7/site-packages/airflow/example_dags/example_sla_dag.py for tasks to queue
[2023-06-15T23:27:09.310+0000] {logging_mixin.py:149} INFO - [2023-06-15T23:27:09.310+0000] {dagbag.py:541} INFO - Filling up the DagBag from /home/airflow/.local/lib/python3.7/site-packages/airflow/example_dags/example_sla_dag.py
[2023-06-15T23:27:09.322+0000] {processor.py:836} INFO - DAG(s) dict_keys(['example_sla_dag']) retrieved from /home/airflow/.local/lib/python3.7/site-packages/airflow/example_dags/example_sla_dag.py
[2023-06-15T23:27:09.358+0000] {logging_mixin.py:149} INFO - [2023-06-15T23:27:09.357+0000] {dag.py:2726} INFO - Sync 1 DAGs
[2023-06-15T23:27:09.395+0000] {logging_mixin.py:149} INFO - [2023-06-15T23:27:09.395+0000] {dag.py:3490} INFO - Setting next_dagrun for example_sla_dag to 2023-06-15T23:24:00+00:00, run_after=2023-06-15T23:26:00+00:00
[2023-06-15T23:27:09.421+0000] {processor.py:179} INFO - Processing /home/airflow/.local/lib/python3.7/site-packages/airflow/example_dags/example_sla_dag.py took 0.120 seconds
[2023-06-15T23:27:58.107+0000] {processor.py:157} INFO - Started process (PID=3926) to work on /home/airflow/.local/lib/python3.7/site-packages/airflow/example_dags/example_sla_dag.py
[2023-06-15T23:27:58.109+0000] {processor.py:826} INFO - Processing file /home/airflow/.local/lib/python3.7/site-packages/airflow/example_dags/example_sla_dag.py for tasks to queue
[2023-06-15T23:27:58.111+0000] {logging_mixin.py:149} INFO - [2023-06-15T23:27:58.110+0000] {dagbag.py:541} INFO - Filling up the DagBag from /home/airflow/.local/lib/python3.7/site-packages/airflow/example_dags/example_sla_dag.py
[2023-06-15T23:27:58.126+0000] {processor.py:836} INFO - DAG(s) dict_keys(['example_sla_dag']) retrieved from /home/airflow/.local/lib/python3.7/site-packages/airflow/example_dags/example_sla_dag.py
[2023-06-15T23:27:58.163+0000] {logging_mixin.py:149} INFO - [2023-06-15T23:27:58.163+0000] {dag.py:2726} INFO - Sync 1 DAGs
[2023-06-15T23:27:58.203+0000] {logging_mixin.py:149} INFO - [2023-06-15T23:27:58.203+0000] {dag.py:3490} INFO - Setting next_dagrun for example_sla_dag to 2023-06-15T23:24:00+00:00, run_after=2023-06-15T23:26:00+00:00
[2023-06-15T23:27:58.246+0000] {processor.py:179} INFO - Processing /home/airflow/.local/lib/python3.7/site-packages/airflow/example_dags/example_sla_dag.py took 0.144 seconds
[2023-06-15T23:30:01.748+0000] {processor.py:157} INFO - Started process (PID=4164) to work on /home/airflow/.local/lib/python3.7/site-packages/airflow/example_dags/example_sla_dag.py
[2023-06-15T23:30:01.750+0000] {processor.py:826} INFO - Processing file /home/airflow/.local/lib/python3.7/site-packages/airflow/example_dags/example_sla_dag.py for tasks to queue
[2023-06-15T23:30:01.753+0000] {logging_mixin.py:149} INFO - [2023-06-15T23:30:01.752+0000] {dagbag.py:541} INFO - Filling up the DagBag from /home/airflow/.local/lib/python3.7/site-packages/airflow/example_dags/example_sla_dag.py
[2023-06-15T23:30:01.779+0000] {processor.py:836} INFO - DAG(s) dict_keys(['example_sla_dag']) retrieved from /home/airflow/.local/lib/python3.7/site-packages/airflow/example_dags/example_sla_dag.py
[2023-06-15T23:30:01.850+0000] {logging_mixin.py:149} INFO - [2023-06-15T23:30:01.849+0000] {dag.py:2726} INFO - Sync 1 DAGs
[2023-06-15T23:30:02.453+0000] {logging_mixin.py:149} INFO - [2023-06-15T23:30:02.452+0000] {dag.py:3490} INFO - Setting next_dagrun for example_sla_dag to 2023-06-15T23:28:00+00:00, run_after=2023-06-15T23:30:00+00:00
[2023-06-15T23:30:17.569+0000] {processor.py:179} INFO - Processing /home/airflow/.local/lib/python3.7/site-packages/airflow/example_dags/example_sla_dag.py took 12.130 seconds
[2023-06-15T23:32:02.684+0000] {processor.py:157} INFO - Started process (PID=4380) to work on /home/airflow/.local/lib/python3.7/site-packages/airflow/example_dags/example_sla_dag.py
[2023-06-15T23:32:02.686+0000] {processor.py:826} INFO - Processing file /home/airflow/.local/lib/python3.7/site-packages/airflow/example_dags/example_sla_dag.py for tasks to queue
[2023-06-15T23:32:02.688+0000] {logging_mixin.py:149} INFO - [2023-06-15T23:32:02.688+0000] {dagbag.py:541} INFO - Filling up the DagBag from /home/airflow/.local/lib/python3.7/site-packages/airflow/example_dags/example_sla_dag.py
[2023-06-15T23:32:02.712+0000] {processor.py:836} INFO - DAG(s) dict_keys(['example_sla_dag']) retrieved from /home/airflow/.local/lib/python3.7/site-packages/airflow/example_dags/example_sla_dag.py
[2023-06-15T23:32:02.774+0000] {logging_mixin.py:149} INFO - [2023-06-15T23:32:02.774+0000] {dag.py:2726} INFO - Sync 1 DAGs
[2023-06-15T23:32:02.830+0000] {logging_mixin.py:149} INFO - [2023-06-15T23:32:02.830+0000] {dag.py:3490} INFO - Setting next_dagrun for example_sla_dag to 2023-06-15T23:30:00+00:00, run_after=2023-06-15T23:32:00+00:00
[2023-06-15T23:32:02.887+0000] {processor.py:179} INFO - Processing /home/airflow/.local/lib/python3.7/site-packages/airflow/example_dags/example_sla_dag.py took 0.210 seconds
[2023-06-15T23:33:17.849+0000] {processor.py:157} INFO - Started process (PID=4545) to work on /home/airflow/.local/lib/python3.7/site-packages/airflow/example_dags/example_sla_dag.py
[2023-06-15T23:33:17.851+0000] {processor.py:826} INFO - Processing file /home/airflow/.local/lib/python3.7/site-packages/airflow/example_dags/example_sla_dag.py for tasks to queue
[2023-06-15T23:33:17.852+0000] {logging_mixin.py:149} INFO - [2023-06-15T23:33:17.852+0000] {dagbag.py:541} INFO - Filling up the DagBag from /home/airflow/.local/lib/python3.7/site-packages/airflow/example_dags/example_sla_dag.py
[2023-06-15T23:33:17.866+0000] {processor.py:836} INFO - DAG(s) dict_keys(['example_sla_dag']) retrieved from /home/airflow/.local/lib/python3.7/site-packages/airflow/example_dags/example_sla_dag.py
[2023-06-15T23:33:18.205+0000] {logging_mixin.py:149} INFO - [2023-06-15T23:33:18.204+0000] {dag.py:2726} INFO - Sync 1 DAGs
[2023-06-15T23:33:18.265+0000] {logging_mixin.py:149} INFO - [2023-06-15T23:33:18.264+0000] {dag.py:3490} INFO - Setting next_dagrun for example_sla_dag to 2023-06-15T23:30:00+00:00, run_after=2023-06-15T23:32:00+00:00
[2023-06-15T23:33:18.310+0000] {processor.py:179} INFO - Processing /home/airflow/.local/lib/python3.7/site-packages/airflow/example_dags/example_sla_dag.py took 0.467 seconds
[2023-06-15T23:35:02.148+0000] {processor.py:157} INFO - Started process (PID=4762) to work on /home/airflow/.local/lib/python3.7/site-packages/airflow/example_dags/example_sla_dag.py
[2023-06-15T23:35:02.151+0000] {processor.py:826} INFO - Processing file /home/airflow/.local/lib/python3.7/site-packages/airflow/example_dags/example_sla_dag.py for tasks to queue
[2023-06-15T23:35:02.152+0000] {logging_mixin.py:149} INFO - [2023-06-15T23:35:02.152+0000] {dagbag.py:541} INFO - Filling up the DagBag from /home/airflow/.local/lib/python3.7/site-packages/airflow/example_dags/example_sla_dag.py
[2023-06-15T23:35:02.165+0000] {processor.py:836} INFO - DAG(s) dict_keys(['example_sla_dag']) retrieved from /home/airflow/.local/lib/python3.7/site-packages/airflow/example_dags/example_sla_dag.py
[2023-06-15T23:35:04.778+0000] {logging_mixin.py:149} INFO - [2023-06-15T23:35:04.778+0000] {dag.py:2726} INFO - Sync 1 DAGs
[2023-06-15T23:35:04.809+0000] {logging_mixin.py:149} INFO - [2023-06-15T23:35:04.809+0000] {dag.py:3490} INFO - Setting next_dagrun for example_sla_dag to 2023-06-15T23:32:00+00:00, run_after=2023-06-15T23:34:00+00:00
[2023-06-15T23:35:04.837+0000] {processor.py:179} INFO - Processing /home/airflow/.local/lib/python3.7/site-packages/airflow/example_dags/example_sla_dag.py took 2.694 seconds
[2023-06-15T23:35:40.138+0000] {processor.py:157} INFO - Started process (PID=4992) to work on /home/airflow/.local/lib/python3.7/site-packages/airflow/example_dags/example_sla_dag.py
[2023-06-15T23:35:40.139+0000] {processor.py:826} INFO - Processing file /home/airflow/.local/lib/python3.7/site-packages/airflow/example_dags/example_sla_dag.py for tasks to queue
[2023-06-15T23:35:40.140+0000] {logging_mixin.py:149} INFO - [2023-06-15T23:35:40.140+0000] {dagbag.py:541} INFO - Filling up the DagBag from /home/airflow/.local/lib/python3.7/site-packages/airflow/example_dags/example_sla_dag.py
[2023-06-15T23:35:44.556+0000] {processor.py:836} INFO - DAG(s) dict_keys(['example_sla_dag']) retrieved from /home/airflow/.local/lib/python3.7/site-packages/airflow/example_dags/example_sla_dag.py
[2023-06-15T23:36:01.005+0000] {logging_mixin.py:149} INFO - [2023-06-15T23:36:01.005+0000] {dag.py:2726} INFO - Sync 1 DAGs
[2023-06-15T23:36:23.807+0000] {logging_mixin.py:149} INFO - [2023-06-15T23:36:23.807+0000] {dag.py:3490} INFO - Setting next_dagrun for example_sla_dag to 2023-06-15T23:34:00+00:00, run_after=2023-06-15T23:36:00+00:00
[2023-06-15T23:45:19.369+0000] {processor.py:157} INFO - Started process (PID=190) to work on /home/airflow/.local/lib/python3.7/site-packages/airflow/example_dags/example_sla_dag.py
[2023-06-15T23:45:19.371+0000] {processor.py:826} INFO - Processing file /home/airflow/.local/lib/python3.7/site-packages/airflow/example_dags/example_sla_dag.py for tasks to queue
[2023-06-15T23:45:19.376+0000] {logging_mixin.py:149} INFO - [2023-06-15T23:45:19.375+0000] {dagbag.py:541} INFO - Filling up the DagBag from /home/airflow/.local/lib/python3.7/site-packages/airflow/example_dags/example_sla_dag.py
[2023-06-15T23:45:19.396+0000] {processor.py:836} INFO - DAG(s) dict_keys(['example_sla_dag']) retrieved from /home/airflow/.local/lib/python3.7/site-packages/airflow/example_dags/example_sla_dag.py
[2023-06-15T23:45:20.525+0000] {logging_mixin.py:149} INFO - [2023-06-15T23:45:20.524+0000] {dag.py:2726} INFO - Sync 1 DAGs
[2023-06-15T23:45:20.802+0000] {logging_mixin.py:149} INFO - [2023-06-15T23:45:20.802+0000] {dag.py:3490} INFO - Setting next_dagrun for example_sla_dag to 2023-06-15T23:42:00+00:00, run_after=2023-06-15T23:44:00+00:00
[2023-06-15T23:45:21.105+0000] {processor.py:179} INFO - Processing /home/airflow/.local/lib/python3.7/site-packages/airflow/example_dags/example_sla_dag.py took 1.741 seconds
