[2023-06-15T23:04:22.600+0000] {processor.py:157} INFO - Started process (PID=371) to work on /home/airflow/.local/lib/python3.7/site-packages/airflow/example_dags/example_complex.py
[2023-06-15T23:04:22.602+0000] {processor.py:826} INFO - Processing file /home/airflow/.local/lib/python3.7/site-packages/airflow/example_dags/example_complex.py for tasks to queue
[2023-06-15T23:04:22.604+0000] {logging_mixin.py:149} INFO - [2023-06-15T23:04:22.604+0000] {dagbag.py:541} INFO - Filling up the DagBag from /home/airflow/.local/lib/python3.7/site-packages/airflow/example_dags/example_complex.py
[2023-06-15T23:04:22.630+0000] {logging_mixin.py:149} INFO - [2023-06-15T23:04:22.629+0000] {taskmixin.py:211} WARNING - Dependency <Task(BashOperator): create_entry_group>, delete_entry_group already registered for DAG: example_complex
[2023-06-15T23:04:22.631+0000] {logging_mixin.py:149} INFO - [2023-06-15T23:04:22.630+0000] {taskmixin.py:211} WARNING - Dependency <Task(BashOperator): delete_entry_group>, create_entry_group already registered for DAG: example_complex
[2023-06-15T23:04:22.632+0000] {logging_mixin.py:149} INFO - [2023-06-15T23:04:22.632+0000] {taskmixin.py:211} WARNING - Dependency <Task(BashOperator): create_entry_gcs>, delete_entry already registered for DAG: example_complex
[2023-06-15T23:04:22.633+0000] {logging_mixin.py:149} INFO - [2023-06-15T23:04:22.633+0000] {taskmixin.py:211} WARNING - Dependency <Task(BashOperator): delete_entry>, create_entry_gcs already registered for DAG: example_complex
[2023-06-15T23:04:22.634+0000] {logging_mixin.py:149} INFO - [2023-06-15T23:04:22.634+0000] {taskmixin.py:211} WARNING - Dependency <Task(BashOperator): create_tag>, delete_tag already registered for DAG: example_complex
[2023-06-15T23:04:22.635+0000] {logging_mixin.py:149} INFO - [2023-06-15T23:04:22.635+0000] {taskmixin.py:211} WARNING - Dependency <Task(BashOperator): delete_tag>, create_tag already registered for DAG: example_complex
[2023-06-15T23:04:22.643+0000] {processor.py:836} INFO - DAG(s) dict_keys(['example_complex']) retrieved from /home/airflow/.local/lib/python3.7/site-packages/airflow/example_dags/example_complex.py
[2023-06-15T23:04:22.715+0000] {logging_mixin.py:149} INFO - [2023-06-15T23:04:22.715+0000] {dag.py:2726} INFO - Sync 1 DAGs
[2023-06-15T23:04:22.909+0000] {logging_mixin.py:149} INFO - [2023-06-15T23:04:22.908+0000] {dag.py:3490} INFO - Setting next_dagrun for example_complex to None, run_after=None
[2023-06-15T23:04:23.334+0000] {processor.py:179} INFO - Processing /home/airflow/.local/lib/python3.7/site-packages/airflow/example_dags/example_complex.py took 0.741 seconds
[2023-06-15T23:06:27.009+0000] {processor.py:157} INFO - Started process (PID=641) to work on /home/airflow/.local/lib/python3.7/site-packages/airflow/example_dags/example_complex.py
[2023-06-15T23:06:27.044+0000] {processor.py:826} INFO - Processing file /home/airflow/.local/lib/python3.7/site-packages/airflow/example_dags/example_complex.py for tasks to queue
[2023-06-15T23:06:27.045+0000] {logging_mixin.py:149} INFO - [2023-06-15T23:06:27.045+0000] {dagbag.py:541} INFO - Filling up the DagBag from /home/airflow/.local/lib/python3.7/site-packages/airflow/example_dags/example_complex.py
[2023-06-15T23:06:27.057+0000] {logging_mixin.py:149} INFO - [2023-06-15T23:06:27.057+0000] {taskmixin.py:211} WARNING - Dependency <Task(BashOperator): create_entry_group>, delete_entry_group already registered for DAG: example_complex
[2023-06-15T23:06:27.064+0000] {logging_mixin.py:149} INFO - [2023-06-15T23:06:27.064+0000] {taskmixin.py:211} WARNING - Dependency <Task(BashOperator): delete_entry_group>, create_entry_group already registered for DAG: example_complex
[2023-06-15T23:06:27.065+0000] {logging_mixin.py:149} INFO - [2023-06-15T23:06:27.065+0000] {taskmixin.py:211} WARNING - Dependency <Task(BashOperator): create_entry_gcs>, delete_entry already registered for DAG: example_complex
[2023-06-15T23:06:27.066+0000] {logging_mixin.py:149} INFO - [2023-06-15T23:06:27.065+0000] {taskmixin.py:211} WARNING - Dependency <Task(BashOperator): delete_entry>, create_entry_gcs already registered for DAG: example_complex
[2023-06-15T23:06:27.085+0000] {logging_mixin.py:149} INFO - [2023-06-15T23:06:27.085+0000] {taskmixin.py:211} WARNING - Dependency <Task(BashOperator): create_tag>, delete_tag already registered for DAG: example_complex
[2023-06-15T23:06:27.086+0000] {logging_mixin.py:149} INFO - [2023-06-15T23:06:27.086+0000] {taskmixin.py:211} WARNING - Dependency <Task(BashOperator): delete_tag>, create_tag already registered for DAG: example_complex
[2023-06-15T23:06:27.089+0000] {processor.py:836} INFO - DAG(s) dict_keys(['example_complex']) retrieved from /home/airflow/.local/lib/python3.7/site-packages/airflow/example_dags/example_complex.py
[2023-06-15T23:06:27.141+0000] {logging_mixin.py:149} INFO - [2023-06-15T23:06:27.141+0000] {dag.py:2726} INFO - Sync 1 DAGs
[2023-06-15T23:06:27.170+0000] {logging_mixin.py:149} INFO - [2023-06-15T23:06:27.170+0000] {dag.py:3490} INFO - Setting next_dagrun for example_complex to None, run_after=None
[2023-06-15T23:06:27.232+0000] {processor.py:179} INFO - Processing /home/airflow/.local/lib/python3.7/site-packages/airflow/example_dags/example_complex.py took 0.226 seconds
[2023-06-15T23:07:47.165+0000] {processor.py:157} INFO - Started process (PID=895) to work on /home/airflow/.local/lib/python3.7/site-packages/airflow/example_dags/example_complex.py
[2023-06-15T23:07:47.171+0000] {processor.py:826} INFO - Processing file /home/airflow/.local/lib/python3.7/site-packages/airflow/example_dags/example_complex.py for tasks to queue
[2023-06-15T23:07:47.172+0000] {logging_mixin.py:149} INFO - [2023-06-15T23:07:47.172+0000] {dagbag.py:541} INFO - Filling up the DagBag from /home/airflow/.local/lib/python3.7/site-packages/airflow/example_dags/example_complex.py
[2023-06-15T23:07:47.190+0000] {logging_mixin.py:149} INFO - [2023-06-15T23:07:47.189+0000] {taskmixin.py:211} WARNING - Dependency <Task(BashOperator): create_entry_group>, delete_entry_group already registered for DAG: example_complex
[2023-06-15T23:07:47.190+0000] {logging_mixin.py:149} INFO - [2023-06-15T23:07:47.190+0000] {taskmixin.py:211} WARNING - Dependency <Task(BashOperator): delete_entry_group>, create_entry_group already registered for DAG: example_complex
[2023-06-15T23:07:47.191+0000] {logging_mixin.py:149} INFO - [2023-06-15T23:07:47.191+0000] {taskmixin.py:211} WARNING - Dependency <Task(BashOperator): create_entry_gcs>, delete_entry already registered for DAG: example_complex
[2023-06-15T23:07:47.192+0000] {logging_mixin.py:149} INFO - [2023-06-15T23:07:47.191+0000] {taskmixin.py:211} WARNING - Dependency <Task(BashOperator): delete_entry>, create_entry_gcs already registered for DAG: example_complex
[2023-06-15T23:07:47.192+0000] {logging_mixin.py:149} INFO - [2023-06-15T23:07:47.192+0000] {taskmixin.py:211} WARNING - Dependency <Task(BashOperator): create_tag>, delete_tag already registered for DAG: example_complex
[2023-06-15T23:07:47.193+0000] {logging_mixin.py:149} INFO - [2023-06-15T23:07:47.193+0000] {taskmixin.py:211} WARNING - Dependency <Task(BashOperator): delete_tag>, create_tag already registered for DAG: example_complex
[2023-06-15T23:07:47.195+0000] {processor.py:836} INFO - DAG(s) dict_keys(['example_complex']) retrieved from /home/airflow/.local/lib/python3.7/site-packages/airflow/example_dags/example_complex.py
[2023-06-15T23:07:47.250+0000] {logging_mixin.py:149} INFO - [2023-06-15T23:07:47.250+0000] {dag.py:2726} INFO - Sync 1 DAGs
[2023-06-15T23:07:47.286+0000] {logging_mixin.py:149} INFO - [2023-06-15T23:07:47.285+0000] {dag.py:3490} INFO - Setting next_dagrun for example_complex to None, run_after=None
[2023-06-15T23:07:47.314+0000] {processor.py:179} INFO - Processing /home/airflow/.local/lib/python3.7/site-packages/airflow/example_dags/example_complex.py took 0.154 seconds
[2023-06-15T23:09:40.675+0000] {processor.py:157} INFO - Started process (PID=1242) to work on /home/airflow/.local/lib/python3.7/site-packages/airflow/example_dags/example_complex.py
[2023-06-15T23:09:40.677+0000] {processor.py:826} INFO - Processing file /home/airflow/.local/lib/python3.7/site-packages/airflow/example_dags/example_complex.py for tasks to queue
[2023-06-15T23:09:40.679+0000] {logging_mixin.py:149} INFO - [2023-06-15T23:09:40.679+0000] {dagbag.py:541} INFO - Filling up the DagBag from /home/airflow/.local/lib/python3.7/site-packages/airflow/example_dags/example_complex.py
[2023-06-15T23:09:40.698+0000] {logging_mixin.py:149} INFO - [2023-06-15T23:09:40.697+0000] {taskmixin.py:211} WARNING - Dependency <Task(BashOperator): create_entry_group>, delete_entry_group already registered for DAG: example_complex
[2023-06-15T23:09:40.699+0000] {logging_mixin.py:149} INFO - [2023-06-15T23:09:40.698+0000] {taskmixin.py:211} WARNING - Dependency <Task(BashOperator): delete_entry_group>, create_entry_group already registered for DAG: example_complex
[2023-06-15T23:09:40.699+0000] {logging_mixin.py:149} INFO - [2023-06-15T23:09:40.699+0000] {taskmixin.py:211} WARNING - Dependency <Task(BashOperator): create_entry_gcs>, delete_entry already registered for DAG: example_complex
[2023-06-15T23:09:40.700+0000] {logging_mixin.py:149} INFO - [2023-06-15T23:09:40.700+0000] {taskmixin.py:211} WARNING - Dependency <Task(BashOperator): delete_entry>, create_entry_gcs already registered for DAG: example_complex
[2023-06-15T23:09:40.701+0000] {logging_mixin.py:149} INFO - [2023-06-15T23:09:40.700+0000] {taskmixin.py:211} WARNING - Dependency <Task(BashOperator): create_tag>, delete_tag already registered for DAG: example_complex
[2023-06-15T23:09:40.701+0000] {logging_mixin.py:149} INFO - [2023-06-15T23:09:40.701+0000] {taskmixin.py:211} WARNING - Dependency <Task(BashOperator): delete_tag>, create_tag already registered for DAG: example_complex
[2023-06-15T23:09:40.704+0000] {processor.py:836} INFO - DAG(s) dict_keys(['example_complex']) retrieved from /home/airflow/.local/lib/python3.7/site-packages/airflow/example_dags/example_complex.py
[2023-06-15T23:09:41.401+0000] {logging_mixin.py:149} INFO - [2023-06-15T23:09:41.401+0000] {dag.py:2726} INFO - Sync 1 DAGs
[2023-06-15T23:09:48.491+0000] {logging_mixin.py:149} INFO - [2023-06-15T23:09:48.490+0000] {dag.py:3490} INFO - Setting next_dagrun for example_complex to None, run_after=None
[2023-06-15T23:09:48.985+0000] {processor.py:179} INFO - Processing /home/airflow/.local/lib/python3.7/site-packages/airflow/example_dags/example_complex.py took 8.313 seconds
[2023-06-15T23:11:05.016+0000] {processor.py:157} INFO - Started process (PID=1476) to work on /home/airflow/.local/lib/python3.7/site-packages/airflow/example_dags/example_complex.py
[2023-06-15T23:11:05.017+0000] {processor.py:826} INFO - Processing file /home/airflow/.local/lib/python3.7/site-packages/airflow/example_dags/example_complex.py for tasks to queue
[2023-06-15T23:11:05.019+0000] {logging_mixin.py:149} INFO - [2023-06-15T23:11:05.019+0000] {dagbag.py:541} INFO - Filling up the DagBag from /home/airflow/.local/lib/python3.7/site-packages/airflow/example_dags/example_complex.py
[2023-06-15T23:11:05.045+0000] {logging_mixin.py:149} INFO - [2023-06-15T23:11:05.044+0000] {taskmixin.py:211} WARNING - Dependency <Task(BashOperator): create_entry_group>, delete_entry_group already registered for DAG: example_complex
[2023-06-15T23:11:05.046+0000] {logging_mixin.py:149} INFO - [2023-06-15T23:11:05.045+0000] {taskmixin.py:211} WARNING - Dependency <Task(BashOperator): delete_entry_group>, create_entry_group already registered for DAG: example_complex
[2023-06-15T23:11:05.047+0000] {logging_mixin.py:149} INFO - [2023-06-15T23:11:05.047+0000] {taskmixin.py:211} WARNING - Dependency <Task(BashOperator): create_entry_gcs>, delete_entry already registered for DAG: example_complex
[2023-06-15T23:11:05.048+0000] {logging_mixin.py:149} INFO - [2023-06-15T23:11:05.047+0000] {taskmixin.py:211} WARNING - Dependency <Task(BashOperator): delete_entry>, create_entry_gcs already registered for DAG: example_complex
[2023-06-15T23:11:05.049+0000] {logging_mixin.py:149} INFO - [2023-06-15T23:11:05.049+0000] {taskmixin.py:211} WARNING - Dependency <Task(BashOperator): create_tag>, delete_tag already registered for DAG: example_complex
[2023-06-15T23:11:05.050+0000] {logging_mixin.py:149} INFO - [2023-06-15T23:11:05.050+0000] {taskmixin.py:211} WARNING - Dependency <Task(BashOperator): delete_tag>, create_tag already registered for DAG: example_complex
[2023-06-15T23:11:05.053+0000] {processor.py:836} INFO - DAG(s) dict_keys(['example_complex']) retrieved from /home/airflow/.local/lib/python3.7/site-packages/airflow/example_dags/example_complex.py
[2023-06-15T23:11:05.124+0000] {logging_mixin.py:149} INFO - [2023-06-15T23:11:05.124+0000] {dag.py:2726} INFO - Sync 1 DAGs
[2023-06-15T23:11:05.157+0000] {logging_mixin.py:149} INFO - [2023-06-15T23:11:05.157+0000] {dag.py:3490} INFO - Setting next_dagrun for example_complex to None, run_after=None
[2023-06-15T23:11:05.188+0000] {processor.py:179} INFO - Processing /home/airflow/.local/lib/python3.7/site-packages/airflow/example_dags/example_complex.py took 0.178 seconds
[2023-06-15T23:13:24.590+0000] {processor.py:157} INFO - Started process (PID=1744) to work on /home/airflow/.local/lib/python3.7/site-packages/airflow/example_dags/example_complex.py
[2023-06-15T23:13:24.596+0000] {processor.py:826} INFO - Processing file /home/airflow/.local/lib/python3.7/site-packages/airflow/example_dags/example_complex.py for tasks to queue
[2023-06-15T23:13:24.597+0000] {logging_mixin.py:149} INFO - [2023-06-15T23:13:24.597+0000] {dagbag.py:541} INFO - Filling up the DagBag from /home/airflow/.local/lib/python3.7/site-packages/airflow/example_dags/example_complex.py
[2023-06-15T23:13:24.614+0000] {logging_mixin.py:149} INFO - [2023-06-15T23:13:24.614+0000] {taskmixin.py:211} WARNING - Dependency <Task(BashOperator): create_entry_group>, delete_entry_group already registered for DAG: example_complex
[2023-06-15T23:13:24.615+0000] {logging_mixin.py:149} INFO - [2023-06-15T23:13:24.615+0000] {taskmixin.py:211} WARNING - Dependency <Task(BashOperator): delete_entry_group>, create_entry_group already registered for DAG: example_complex
[2023-06-15T23:13:24.616+0000] {logging_mixin.py:149} INFO - [2023-06-15T23:13:24.616+0000] {taskmixin.py:211} WARNING - Dependency <Task(BashOperator): create_entry_gcs>, delete_entry already registered for DAG: example_complex
[2023-06-15T23:13:24.616+0000] {logging_mixin.py:149} INFO - [2023-06-15T23:13:24.616+0000] {taskmixin.py:211} WARNING - Dependency <Task(BashOperator): delete_entry>, create_entry_gcs already registered for DAG: example_complex
[2023-06-15T23:13:24.618+0000] {logging_mixin.py:149} INFO - [2023-06-15T23:13:24.618+0000] {taskmixin.py:211} WARNING - Dependency <Task(BashOperator): create_tag>, delete_tag already registered for DAG: example_complex
[2023-06-15T23:13:24.618+0000] {logging_mixin.py:149} INFO - [2023-06-15T23:13:24.618+0000] {taskmixin.py:211} WARNING - Dependency <Task(BashOperator): delete_tag>, create_tag already registered for DAG: example_complex
[2023-06-15T23:13:24.622+0000] {processor.py:836} INFO - DAG(s) dict_keys(['example_complex']) retrieved from /home/airflow/.local/lib/python3.7/site-packages/airflow/example_dags/example_complex.py
[2023-06-15T23:13:24.698+0000] {logging_mixin.py:149} INFO - [2023-06-15T23:13:24.698+0000] {dag.py:2726} INFO - Sync 1 DAGs
[2023-06-15T23:13:24.751+0000] {logging_mixin.py:149} INFO - [2023-06-15T23:13:24.751+0000] {dag.py:3490} INFO - Setting next_dagrun for example_complex to None, run_after=None
[2023-06-15T23:13:24.788+0000] {processor.py:179} INFO - Processing /home/airflow/.local/lib/python3.7/site-packages/airflow/example_dags/example_complex.py took 0.205 seconds
[2023-06-15T23:15:35.119+0000] {processor.py:157} INFO - Started process (PID=2074) to work on /home/airflow/.local/lib/python3.7/site-packages/airflow/example_dags/example_complex.py
[2023-06-15T23:15:35.121+0000] {processor.py:826} INFO - Processing file /home/airflow/.local/lib/python3.7/site-packages/airflow/example_dags/example_complex.py for tasks to queue
[2023-06-15T23:15:35.123+0000] {logging_mixin.py:149} INFO - [2023-06-15T23:15:35.122+0000] {dagbag.py:541} INFO - Filling up the DagBag from /home/airflow/.local/lib/python3.7/site-packages/airflow/example_dags/example_complex.py
[2023-06-15T23:15:35.143+0000] {logging_mixin.py:149} INFO - [2023-06-15T23:15:35.143+0000] {taskmixin.py:211} WARNING - Dependency <Task(BashOperator): create_entry_group>, delete_entry_group already registered for DAG: example_complex
[2023-06-15T23:15:35.144+0000] {logging_mixin.py:149} INFO - [2023-06-15T23:15:35.144+0000] {taskmixin.py:211} WARNING - Dependency <Task(BashOperator): delete_entry_group>, create_entry_group already registered for DAG: example_complex
[2023-06-15T23:15:35.145+0000] {logging_mixin.py:149} INFO - [2023-06-15T23:15:35.145+0000] {taskmixin.py:211} WARNING - Dependency <Task(BashOperator): create_entry_gcs>, delete_entry already registered for DAG: example_complex
[2023-06-15T23:15:35.146+0000] {logging_mixin.py:149} INFO - [2023-06-15T23:15:35.145+0000] {taskmixin.py:211} WARNING - Dependency <Task(BashOperator): delete_entry>, create_entry_gcs already registered for DAG: example_complex
[2023-06-15T23:15:35.147+0000] {logging_mixin.py:149} INFO - [2023-06-15T23:15:35.146+0000] {taskmixin.py:211} WARNING - Dependency <Task(BashOperator): create_tag>, delete_tag already registered for DAG: example_complex
[2023-06-15T23:15:35.147+0000] {logging_mixin.py:149} INFO - [2023-06-15T23:15:35.147+0000] {taskmixin.py:211} WARNING - Dependency <Task(BashOperator): delete_tag>, create_tag already registered for DAG: example_complex
[2023-06-15T23:15:35.151+0000] {processor.py:836} INFO - DAG(s) dict_keys(['example_complex']) retrieved from /home/airflow/.local/lib/python3.7/site-packages/airflow/example_dags/example_complex.py
[2023-06-15T23:15:35.225+0000] {logging_mixin.py:149} INFO - [2023-06-15T23:15:35.225+0000] {dag.py:2726} INFO - Sync 1 DAGs
[2023-06-15T23:15:37.956+0000] {logging_mixin.py:149} INFO - [2023-06-15T23:15:37.955+0000] {dag.py:3490} INFO - Setting next_dagrun for example_complex to None, run_after=None
[2023-06-15T23:15:42.938+0000] {processor.py:179} INFO - Processing /home/airflow/.local/lib/python3.7/site-packages/airflow/example_dags/example_complex.py took 7.824 seconds
[2023-06-15T23:17:38.955+0000] {processor.py:157} INFO - Started process (PID=2400) to work on /home/airflow/.local/lib/python3.7/site-packages/airflow/example_dags/example_complex.py
[2023-06-15T23:17:38.957+0000] {processor.py:826} INFO - Processing file /home/airflow/.local/lib/python3.7/site-packages/airflow/example_dags/example_complex.py for tasks to queue
[2023-06-15T23:17:38.958+0000] {logging_mixin.py:149} INFO - [2023-06-15T23:17:38.958+0000] {dagbag.py:541} INFO - Filling up the DagBag from /home/airflow/.local/lib/python3.7/site-packages/airflow/example_dags/example_complex.py
[2023-06-15T23:17:38.974+0000] {logging_mixin.py:149} INFO - [2023-06-15T23:17:38.974+0000] {taskmixin.py:211} WARNING - Dependency <Task(BashOperator): create_entry_group>, delete_entry_group already registered for DAG: example_complex
[2023-06-15T23:17:38.975+0000] {logging_mixin.py:149} INFO - [2023-06-15T23:17:38.974+0000] {taskmixin.py:211} WARNING - Dependency <Task(BashOperator): delete_entry_group>, create_entry_group already registered for DAG: example_complex
[2023-06-15T23:17:38.975+0000] {logging_mixin.py:149} INFO - [2023-06-15T23:17:38.975+0000] {taskmixin.py:211} WARNING - Dependency <Task(BashOperator): create_entry_gcs>, delete_entry already registered for DAG: example_complex
[2023-06-15T23:17:38.976+0000] {logging_mixin.py:149} INFO - [2023-06-15T23:17:38.976+0000] {taskmixin.py:211} WARNING - Dependency <Task(BashOperator): delete_entry>, create_entry_gcs already registered for DAG: example_complex
[2023-06-15T23:17:38.977+0000] {logging_mixin.py:149} INFO - [2023-06-15T23:17:38.976+0000] {taskmixin.py:211} WARNING - Dependency <Task(BashOperator): create_tag>, delete_tag already registered for DAG: example_complex
[2023-06-15T23:17:38.977+0000] {logging_mixin.py:149} INFO - [2023-06-15T23:17:38.977+0000] {taskmixin.py:211} WARNING - Dependency <Task(BashOperator): delete_tag>, create_tag already registered for DAG: example_complex
[2023-06-15T23:17:38.980+0000] {processor.py:836} INFO - DAG(s) dict_keys(['example_complex']) retrieved from /home/airflow/.local/lib/python3.7/site-packages/airflow/example_dags/example_complex.py
[2023-06-15T23:17:39.034+0000] {logging_mixin.py:149} INFO - [2023-06-15T23:17:39.033+0000] {dag.py:2726} INFO - Sync 1 DAGs
[2023-06-15T23:17:39.071+0000] {logging_mixin.py:149} INFO - [2023-06-15T23:17:39.070+0000] {dag.py:3490} INFO - Setting next_dagrun for example_complex to None, run_after=None
[2023-06-15T23:17:39.111+0000] {processor.py:179} INFO - Processing /home/airflow/.local/lib/python3.7/site-packages/airflow/example_dags/example_complex.py took 0.161 seconds
[2023-06-15T23:21:32.490+0000] {processor.py:157} INFO - Started process (PID=2705) to work on /home/airflow/.local/lib/python3.7/site-packages/airflow/example_dags/example_complex.py
[2023-06-15T23:21:32.492+0000] {processor.py:826} INFO - Processing file /home/airflow/.local/lib/python3.7/site-packages/airflow/example_dags/example_complex.py for tasks to queue
[2023-06-15T23:21:32.494+0000] {logging_mixin.py:149} INFO - [2023-06-15T23:21:32.493+0000] {dagbag.py:541} INFO - Filling up the DagBag from /home/airflow/.local/lib/python3.7/site-packages/airflow/example_dags/example_complex.py
[2023-06-15T23:21:32.513+0000] {logging_mixin.py:149} INFO - [2023-06-15T23:21:32.513+0000] {taskmixin.py:211} WARNING - Dependency <Task(BashOperator): create_entry_group>, delete_entry_group already registered for DAG: example_complex
[2023-06-15T23:21:32.514+0000] {logging_mixin.py:149} INFO - [2023-06-15T23:21:32.514+0000] {taskmixin.py:211} WARNING - Dependency <Task(BashOperator): delete_entry_group>, create_entry_group already registered for DAG: example_complex
[2023-06-15T23:21:32.515+0000] {logging_mixin.py:149} INFO - [2023-06-15T23:21:32.515+0000] {taskmixin.py:211} WARNING - Dependency <Task(BashOperator): create_entry_gcs>, delete_entry already registered for DAG: example_complex
[2023-06-15T23:21:32.515+0000] {logging_mixin.py:149} INFO - [2023-06-15T23:21:32.515+0000] {taskmixin.py:211} WARNING - Dependency <Task(BashOperator): delete_entry>, create_entry_gcs already registered for DAG: example_complex
[2023-06-15T23:21:32.516+0000] {logging_mixin.py:149} INFO - [2023-06-15T23:21:32.516+0000] {taskmixin.py:211} WARNING - Dependency <Task(BashOperator): create_tag>, delete_tag already registered for DAG: example_complex
[2023-06-15T23:21:32.517+0000] {logging_mixin.py:149} INFO - [2023-06-15T23:21:32.517+0000] {taskmixin.py:211} WARNING - Dependency <Task(BashOperator): delete_tag>, create_tag already registered for DAG: example_complex
[2023-06-15T23:21:32.520+0000] {processor.py:836} INFO - DAG(s) dict_keys(['example_complex']) retrieved from /home/airflow/.local/lib/python3.7/site-packages/airflow/example_dags/example_complex.py
[2023-06-15T23:21:32.580+0000] {logging_mixin.py:149} INFO - [2023-06-15T23:21:32.580+0000] {dag.py:2726} INFO - Sync 1 DAGs
[2023-06-15T23:21:32.617+0000] {logging_mixin.py:149} INFO - [2023-06-15T23:21:32.617+0000] {dag.py:3490} INFO - Setting next_dagrun for example_complex to None, run_after=None
[2023-06-15T23:21:32.650+0000] {processor.py:179} INFO - Processing /home/airflow/.local/lib/python3.7/site-packages/airflow/example_dags/example_complex.py took 0.164 seconds
[2023-06-15T23:22:21.512+0000] {processor.py:157} INFO - Started process (PID=3011) to work on /home/airflow/.local/lib/python3.7/site-packages/airflow/example_dags/example_complex.py
[2023-06-15T23:22:21.515+0000] {processor.py:826} INFO - Processing file /home/airflow/.local/lib/python3.7/site-packages/airflow/example_dags/example_complex.py for tasks to queue
[2023-06-15T23:22:21.516+0000] {logging_mixin.py:149} INFO - [2023-06-15T23:22:21.516+0000] {dagbag.py:541} INFO - Filling up the DagBag from /home/airflow/.local/lib/python3.7/site-packages/airflow/example_dags/example_complex.py
[2023-06-15T23:22:21.562+0000] {logging_mixin.py:149} INFO - [2023-06-15T23:22:21.561+0000] {taskmixin.py:211} WARNING - Dependency <Task(BashOperator): create_entry_group>, delete_entry_group already registered for DAG: example_complex
[2023-06-15T23:22:21.565+0000] {logging_mixin.py:149} INFO - [2023-06-15T23:22:21.564+0000] {taskmixin.py:211} WARNING - Dependency <Task(BashOperator): delete_entry_group>, create_entry_group already registered for DAG: example_complex
[2023-06-15T23:22:21.572+0000] {logging_mixin.py:149} INFO - [2023-06-15T23:22:21.571+0000] {taskmixin.py:211} WARNING - Dependency <Task(BashOperator): create_entry_gcs>, delete_entry already registered for DAG: example_complex
[2023-06-15T23:22:21.573+0000] {logging_mixin.py:149} INFO - [2023-06-15T23:22:21.572+0000] {taskmixin.py:211} WARNING - Dependency <Task(BashOperator): delete_entry>, create_entry_gcs already registered for DAG: example_complex
[2023-06-15T23:22:21.574+0000] {logging_mixin.py:149} INFO - [2023-06-15T23:22:21.574+0000] {taskmixin.py:211} WARNING - Dependency <Task(BashOperator): create_tag>, delete_tag already registered for DAG: example_complex
[2023-06-15T23:22:21.575+0000] {logging_mixin.py:149} INFO - [2023-06-15T23:22:21.574+0000] {taskmixin.py:211} WARNING - Dependency <Task(BashOperator): delete_tag>, create_tag already registered for DAG: example_complex
[2023-06-15T23:22:21.579+0000] {processor.py:836} INFO - DAG(s) dict_keys(['example_complex']) retrieved from /home/airflow/.local/lib/python3.7/site-packages/airflow/example_dags/example_complex.py
[2023-06-15T23:22:21.659+0000] {logging_mixin.py:149} INFO - [2023-06-15T23:22:21.658+0000] {dag.py:2726} INFO - Sync 1 DAGs
[2023-06-15T23:22:21.704+0000] {logging_mixin.py:149} INFO - [2023-06-15T23:22:21.703+0000] {dag.py:3490} INFO - Setting next_dagrun for example_complex to None, run_after=None
[2023-06-15T23:22:22.075+0000] {processor.py:179} INFO - Processing /home/airflow/.local/lib/python3.7/site-packages/airflow/example_dags/example_complex.py took 0.572 seconds
[2023-06-15T23:23:30.239+0000] {processor.py:157} INFO - Started process (PID=3296) to work on /home/airflow/.local/lib/python3.7/site-packages/airflow/example_dags/example_complex.py
[2023-06-15T23:23:30.241+0000] {processor.py:826} INFO - Processing file /home/airflow/.local/lib/python3.7/site-packages/airflow/example_dags/example_complex.py for tasks to queue
[2023-06-15T23:23:30.242+0000] {logging_mixin.py:149} INFO - [2023-06-15T23:23:30.242+0000] {dagbag.py:541} INFO - Filling up the DagBag from /home/airflow/.local/lib/python3.7/site-packages/airflow/example_dags/example_complex.py
[2023-06-15T23:23:30.263+0000] {logging_mixin.py:149} INFO - [2023-06-15T23:23:30.262+0000] {taskmixin.py:211} WARNING - Dependency <Task(BashOperator): create_entry_group>, delete_entry_group already registered for DAG: example_complex
[2023-06-15T23:23:30.264+0000] {logging_mixin.py:149} INFO - [2023-06-15T23:23:30.263+0000] {taskmixin.py:211} WARNING - Dependency <Task(BashOperator): delete_entry_group>, create_entry_group already registered for DAG: example_complex
[2023-06-15T23:23:30.265+0000] {logging_mixin.py:149} INFO - [2023-06-15T23:23:30.264+0000] {taskmixin.py:211} WARNING - Dependency <Task(BashOperator): create_entry_gcs>, delete_entry already registered for DAG: example_complex
[2023-06-15T23:23:30.265+0000] {logging_mixin.py:149} INFO - [2023-06-15T23:23:30.265+0000] {taskmixin.py:211} WARNING - Dependency <Task(BashOperator): delete_entry>, create_entry_gcs already registered for DAG: example_complex
[2023-06-15T23:23:30.266+0000] {logging_mixin.py:149} INFO - [2023-06-15T23:23:30.266+0000] {taskmixin.py:211} WARNING - Dependency <Task(BashOperator): create_tag>, delete_tag already registered for DAG: example_complex
[2023-06-15T23:23:30.267+0000] {logging_mixin.py:149} INFO - [2023-06-15T23:23:30.266+0000] {taskmixin.py:211} WARNING - Dependency <Task(BashOperator): delete_tag>, create_tag already registered for DAG: example_complex
[2023-06-15T23:23:30.270+0000] {processor.py:836} INFO - DAG(s) dict_keys(['example_complex']) retrieved from /home/airflow/.local/lib/python3.7/site-packages/airflow/example_dags/example_complex.py
[2023-06-15T23:23:30.352+0000] {logging_mixin.py:149} INFO - [2023-06-15T23:23:30.352+0000] {dag.py:2726} INFO - Sync 1 DAGs
[2023-06-15T23:23:30.407+0000] {logging_mixin.py:149} INFO - [2023-06-15T23:23:30.407+0000] {dag.py:3490} INFO - Setting next_dagrun for example_complex to None, run_after=None
[2023-06-15T23:23:30.449+0000] {processor.py:179} INFO - Processing /home/airflow/.local/lib/python3.7/site-packages/airflow/example_dags/example_complex.py took 0.215 seconds
[2023-06-15T23:24:14.583+0000] {processor.py:157} INFO - Started process (PID=3534) to work on /home/airflow/.local/lib/python3.7/site-packages/airflow/example_dags/example_complex.py
[2023-06-15T23:24:14.586+0000] {processor.py:826} INFO - Processing file /home/airflow/.local/lib/python3.7/site-packages/airflow/example_dags/example_complex.py for tasks to queue
[2023-06-15T23:24:14.589+0000] {logging_mixin.py:149} INFO - [2023-06-15T23:24:14.588+0000] {dagbag.py:541} INFO - Filling up the DagBag from /home/airflow/.local/lib/python3.7/site-packages/airflow/example_dags/example_complex.py
[2023-06-15T23:24:14.611+0000] {logging_mixin.py:149} INFO - [2023-06-15T23:24:14.611+0000] {taskmixin.py:211} WARNING - Dependency <Task(BashOperator): create_entry_group>, delete_entry_group already registered for DAG: example_complex
[2023-06-15T23:24:14.612+0000] {logging_mixin.py:149} INFO - [2023-06-15T23:24:14.612+0000] {taskmixin.py:211} WARNING - Dependency <Task(BashOperator): delete_entry_group>, create_entry_group already registered for DAG: example_complex
[2023-06-15T23:24:14.613+0000] {logging_mixin.py:149} INFO - [2023-06-15T23:24:14.613+0000] {taskmixin.py:211} WARNING - Dependency <Task(BashOperator): create_entry_gcs>, delete_entry already registered for DAG: example_complex
[2023-06-15T23:24:14.614+0000] {logging_mixin.py:149} INFO - [2023-06-15T23:24:14.614+0000] {taskmixin.py:211} WARNING - Dependency <Task(BashOperator): delete_entry>, create_entry_gcs already registered for DAG: example_complex
[2023-06-15T23:24:14.615+0000] {logging_mixin.py:149} INFO - [2023-06-15T23:24:14.615+0000] {taskmixin.py:211} WARNING - Dependency <Task(BashOperator): create_tag>, delete_tag already registered for DAG: example_complex
[2023-06-15T23:24:14.616+0000] {logging_mixin.py:149} INFO - [2023-06-15T23:24:14.616+0000] {taskmixin.py:211} WARNING - Dependency <Task(BashOperator): delete_tag>, create_tag already registered for DAG: example_complex
[2023-06-15T23:24:14.619+0000] {processor.py:836} INFO - DAG(s) dict_keys(['example_complex']) retrieved from /home/airflow/.local/lib/python3.7/site-packages/airflow/example_dags/example_complex.py
[2023-06-15T23:24:14.687+0000] {logging_mixin.py:149} INFO - [2023-06-15T23:24:14.686+0000] {dag.py:2726} INFO - Sync 1 DAGs
[2023-06-15T23:24:14.729+0000] {logging_mixin.py:149} INFO - [2023-06-15T23:24:14.729+0000] {dag.py:3490} INFO - Setting next_dagrun for example_complex to None, run_after=None
[2023-06-15T23:24:14.760+0000] {processor.py:179} INFO - Processing /home/airflow/.local/lib/python3.7/site-packages/airflow/example_dags/example_complex.py took 0.182 seconds
[2023-06-15T23:26:46.575+0000] {processor.py:157} INFO - Started process (PID=3809) to work on /home/airflow/.local/lib/python3.7/site-packages/airflow/example_dags/example_complex.py
[2023-06-15T23:26:46.577+0000] {processor.py:826} INFO - Processing file /home/airflow/.local/lib/python3.7/site-packages/airflow/example_dags/example_complex.py for tasks to queue
[2023-06-15T23:26:46.578+0000] {logging_mixin.py:149} INFO - [2023-06-15T23:26:46.578+0000] {dagbag.py:541} INFO - Filling up the DagBag from /home/airflow/.local/lib/python3.7/site-packages/airflow/example_dags/example_complex.py
[2023-06-15T23:26:46.595+0000] {logging_mixin.py:149} INFO - [2023-06-15T23:26:46.595+0000] {taskmixin.py:211} WARNING - Dependency <Task(BashOperator): create_entry_group>, delete_entry_group already registered for DAG: example_complex
[2023-06-15T23:26:46.596+0000] {logging_mixin.py:149} INFO - [2023-06-15T23:26:46.596+0000] {taskmixin.py:211} WARNING - Dependency <Task(BashOperator): delete_entry_group>, create_entry_group already registered for DAG: example_complex
[2023-06-15T23:26:46.597+0000] {logging_mixin.py:149} INFO - [2023-06-15T23:26:46.597+0000] {taskmixin.py:211} WARNING - Dependency <Task(BashOperator): create_entry_gcs>, delete_entry already registered for DAG: example_complex
[2023-06-15T23:26:46.598+0000] {logging_mixin.py:149} INFO - [2023-06-15T23:26:46.597+0000] {taskmixin.py:211} WARNING - Dependency <Task(BashOperator): delete_entry>, create_entry_gcs already registered for DAG: example_complex
[2023-06-15T23:26:46.598+0000] {logging_mixin.py:149} INFO - [2023-06-15T23:26:46.598+0000] {taskmixin.py:211} WARNING - Dependency <Task(BashOperator): create_tag>, delete_tag already registered for DAG: example_complex
[2023-06-15T23:26:46.599+0000] {logging_mixin.py:149} INFO - [2023-06-15T23:26:46.599+0000] {taskmixin.py:211} WARNING - Dependency <Task(BashOperator): delete_tag>, create_tag already registered for DAG: example_complex
[2023-06-15T23:26:46.601+0000] {processor.py:836} INFO - DAG(s) dict_keys(['example_complex']) retrieved from /home/airflow/.local/lib/python3.7/site-packages/airflow/example_dags/example_complex.py
[2023-06-15T23:26:46.658+0000] {logging_mixin.py:149} INFO - [2023-06-15T23:26:46.658+0000] {dag.py:2726} INFO - Sync 1 DAGs
[2023-06-15T23:26:46.701+0000] {logging_mixin.py:149} INFO - [2023-06-15T23:26:46.700+0000] {dag.py:3490} INFO - Setting next_dagrun for example_complex to None, run_after=None
[2023-06-15T23:26:46.742+0000] {processor.py:179} INFO - Processing /home/airflow/.local/lib/python3.7/site-packages/airflow/example_dags/example_complex.py took 0.172 seconds
[2023-06-15T23:28:05.348+0000] {processor.py:157} INFO - Started process (PID=4062) to work on /home/airflow/.local/lib/python3.7/site-packages/airflow/example_dags/example_complex.py
[2023-06-15T23:28:05.350+0000] {processor.py:826} INFO - Processing file /home/airflow/.local/lib/python3.7/site-packages/airflow/example_dags/example_complex.py for tasks to queue
[2023-06-15T23:28:05.352+0000] {logging_mixin.py:149} INFO - [2023-06-15T23:28:05.352+0000] {dagbag.py:541} INFO - Filling up the DagBag from /home/airflow/.local/lib/python3.7/site-packages/airflow/example_dags/example_complex.py
[2023-06-15T23:28:05.375+0000] {logging_mixin.py:149} INFO - [2023-06-15T23:28:05.374+0000] {taskmixin.py:211} WARNING - Dependency <Task(BashOperator): create_entry_group>, delete_entry_group already registered for DAG: example_complex
[2023-06-15T23:28:05.375+0000] {logging_mixin.py:149} INFO - [2023-06-15T23:28:05.375+0000] {taskmixin.py:211} WARNING - Dependency <Task(BashOperator): delete_entry_group>, create_entry_group already registered for DAG: example_complex
[2023-06-15T23:28:05.376+0000] {logging_mixin.py:149} INFO - [2023-06-15T23:28:05.376+0000] {taskmixin.py:211} WARNING - Dependency <Task(BashOperator): create_entry_gcs>, delete_entry already registered for DAG: example_complex
[2023-06-15T23:28:05.377+0000] {logging_mixin.py:149} INFO - [2023-06-15T23:28:05.376+0000] {taskmixin.py:211} WARNING - Dependency <Task(BashOperator): delete_entry>, create_entry_gcs already registered for DAG: example_complex
[2023-06-15T23:28:05.377+0000] {logging_mixin.py:149} INFO - [2023-06-15T23:28:05.377+0000] {taskmixin.py:211} WARNING - Dependency <Task(BashOperator): create_tag>, delete_tag already registered for DAG: example_complex
[2023-06-15T23:28:05.378+0000] {logging_mixin.py:149} INFO - [2023-06-15T23:28:05.378+0000] {taskmixin.py:211} WARNING - Dependency <Task(BashOperator): delete_tag>, create_tag already registered for DAG: example_complex
[2023-06-15T23:28:05.381+0000] {processor.py:836} INFO - DAG(s) dict_keys(['example_complex']) retrieved from /home/airflow/.local/lib/python3.7/site-packages/airflow/example_dags/example_complex.py
[2023-06-15T23:28:05.453+0000] {logging_mixin.py:149} INFO - [2023-06-15T23:28:05.452+0000] {dag.py:2726} INFO - Sync 1 DAGs
[2023-06-15T23:28:05.498+0000] {logging_mixin.py:149} INFO - [2023-06-15T23:28:05.498+0000] {dag.py:3490} INFO - Setting next_dagrun for example_complex to None, run_after=None
[2023-06-15T23:28:05.552+0000] {processor.py:179} INFO - Processing /home/airflow/.local/lib/python3.7/site-packages/airflow/example_dags/example_complex.py took 0.209 seconds
[2023-06-15T23:31:59.526+0000] {processor.py:157} INFO - Started process (PID=4320) to work on /home/airflow/.local/lib/python3.7/site-packages/airflow/example_dags/example_complex.py
[2023-06-15T23:31:59.529+0000] {processor.py:826} INFO - Processing file /home/airflow/.local/lib/python3.7/site-packages/airflow/example_dags/example_complex.py for tasks to queue
[2023-06-15T23:31:59.531+0000] {logging_mixin.py:149} INFO - [2023-06-15T23:31:59.531+0000] {dagbag.py:541} INFO - Filling up the DagBag from /home/airflow/.local/lib/python3.7/site-packages/airflow/example_dags/example_complex.py
[2023-06-15T23:31:59.549+0000] {logging_mixin.py:149} INFO - [2023-06-15T23:31:59.549+0000] {taskmixin.py:211} WARNING - Dependency <Task(BashOperator): create_entry_group>, delete_entry_group already registered for DAG: example_complex
[2023-06-15T23:31:59.550+0000] {logging_mixin.py:149} INFO - [2023-06-15T23:31:59.550+0000] {taskmixin.py:211} WARNING - Dependency <Task(BashOperator): delete_entry_group>, create_entry_group already registered for DAG: example_complex
[2023-06-15T23:31:59.551+0000] {logging_mixin.py:149} INFO - [2023-06-15T23:31:59.551+0000] {taskmixin.py:211} WARNING - Dependency <Task(BashOperator): create_entry_gcs>, delete_entry already registered for DAG: example_complex
[2023-06-15T23:31:59.552+0000] {logging_mixin.py:149} INFO - [2023-06-15T23:31:59.551+0000] {taskmixin.py:211} WARNING - Dependency <Task(BashOperator): delete_entry>, create_entry_gcs already registered for DAG: example_complex
[2023-06-15T23:31:59.553+0000] {logging_mixin.py:149} INFO - [2023-06-15T23:31:59.553+0000] {taskmixin.py:211} WARNING - Dependency <Task(BashOperator): create_tag>, delete_tag already registered for DAG: example_complex
[2023-06-15T23:31:59.554+0000] {logging_mixin.py:149} INFO - [2023-06-15T23:31:59.553+0000] {taskmixin.py:211} WARNING - Dependency <Task(BashOperator): delete_tag>, create_tag already registered for DAG: example_complex
[2023-06-15T23:31:59.557+0000] {processor.py:836} INFO - DAG(s) dict_keys(['example_complex']) retrieved from /home/airflow/.local/lib/python3.7/site-packages/airflow/example_dags/example_complex.py
[2023-06-15T23:31:59.642+0000] {logging_mixin.py:149} INFO - [2023-06-15T23:31:59.642+0000] {dag.py:2726} INFO - Sync 1 DAGs
[2023-06-15T23:31:59.693+0000] {logging_mixin.py:149} INFO - [2023-06-15T23:31:59.693+0000] {dag.py:3490} INFO - Setting next_dagrun for example_complex to None, run_after=None
[2023-06-15T23:31:59.833+0000] {processor.py:179} INFO - Processing /home/airflow/.local/lib/python3.7/site-packages/airflow/example_dags/example_complex.py took 0.312 seconds
[2023-06-15T23:34:46.293+0000] {processor.py:157} INFO - Started process (PID=4690) to work on /home/airflow/.local/lib/python3.7/site-packages/airflow/example_dags/example_complex.py
[2023-06-15T23:34:46.296+0000] {processor.py:826} INFO - Processing file /home/airflow/.local/lib/python3.7/site-packages/airflow/example_dags/example_complex.py for tasks to queue
[2023-06-15T23:34:46.297+0000] {logging_mixin.py:149} INFO - [2023-06-15T23:34:46.297+0000] {dagbag.py:541} INFO - Filling up the DagBag from /home/airflow/.local/lib/python3.7/site-packages/airflow/example_dags/example_complex.py
[2023-06-15T23:34:46.317+0000] {logging_mixin.py:149} INFO - [2023-06-15T23:34:46.317+0000] {taskmixin.py:211} WARNING - Dependency <Task(BashOperator): create_entry_group>, delete_entry_group already registered for DAG: example_complex
[2023-06-15T23:34:46.318+0000] {logging_mixin.py:149} INFO - [2023-06-15T23:34:46.318+0000] {taskmixin.py:211} WARNING - Dependency <Task(BashOperator): delete_entry_group>, create_entry_group already registered for DAG: example_complex
[2023-06-15T23:34:46.319+0000] {logging_mixin.py:149} INFO - [2023-06-15T23:34:46.319+0000] {taskmixin.py:211} WARNING - Dependency <Task(BashOperator): create_entry_gcs>, delete_entry already registered for DAG: example_complex
[2023-06-15T23:34:46.320+0000] {logging_mixin.py:149} INFO - [2023-06-15T23:34:46.320+0000] {taskmixin.py:211} WARNING - Dependency <Task(BashOperator): delete_entry>, create_entry_gcs already registered for DAG: example_complex
[2023-06-15T23:34:46.321+0000] {logging_mixin.py:149} INFO - [2023-06-15T23:34:46.321+0000] {taskmixin.py:211} WARNING - Dependency <Task(BashOperator): create_tag>, delete_tag already registered for DAG: example_complex
[2023-06-15T23:34:46.322+0000] {logging_mixin.py:149} INFO - [2023-06-15T23:34:46.321+0000] {taskmixin.py:211} WARNING - Dependency <Task(BashOperator): delete_tag>, create_tag already registered for DAG: example_complex
[2023-06-15T23:34:46.326+0000] {processor.py:836} INFO - DAG(s) dict_keys(['example_complex']) retrieved from /home/airflow/.local/lib/python3.7/site-packages/airflow/example_dags/example_complex.py
[2023-06-15T23:34:46.390+0000] {logging_mixin.py:149} INFO - [2023-06-15T23:34:46.390+0000] {dag.py:2726} INFO - Sync 1 DAGs
[2023-06-15T23:34:46.429+0000] {logging_mixin.py:149} INFO - [2023-06-15T23:34:46.429+0000] {dag.py:3490} INFO - Setting next_dagrun for example_complex to None, run_after=None
[2023-06-15T23:34:46.929+0000] {processor.py:179} INFO - Processing /home/airflow/.local/lib/python3.7/site-packages/airflow/example_dags/example_complex.py took 0.645 seconds
[2023-06-15T23:35:19.650+0000] {processor.py:157} INFO - Started process (PID=4930) to work on /home/airflow/.local/lib/python3.7/site-packages/airflow/example_dags/example_complex.py
[2023-06-15T23:35:19.651+0000] {processor.py:826} INFO - Processing file /home/airflow/.local/lib/python3.7/site-packages/airflow/example_dags/example_complex.py for tasks to queue
[2023-06-15T23:35:19.653+0000] {logging_mixin.py:149} INFO - [2023-06-15T23:35:19.653+0000] {dagbag.py:541} INFO - Filling up the DagBag from /home/airflow/.local/lib/python3.7/site-packages/airflow/example_dags/example_complex.py
[2023-06-15T23:35:19.671+0000] {logging_mixin.py:149} INFO - [2023-06-15T23:35:19.671+0000] {taskmixin.py:211} WARNING - Dependency <Task(BashOperator): create_entry_group>, delete_entry_group already registered for DAG: example_complex
[2023-06-15T23:35:19.672+0000] {logging_mixin.py:149} INFO - [2023-06-15T23:35:19.672+0000] {taskmixin.py:211} WARNING - Dependency <Task(BashOperator): delete_entry_group>, create_entry_group already registered for DAG: example_complex
[2023-06-15T23:35:19.673+0000] {logging_mixin.py:149} INFO - [2023-06-15T23:35:19.672+0000] {taskmixin.py:211} WARNING - Dependency <Task(BashOperator): create_entry_gcs>, delete_entry already registered for DAG: example_complex
[2023-06-15T23:35:19.673+0000] {logging_mixin.py:149} INFO - [2023-06-15T23:35:19.673+0000] {taskmixin.py:211} WARNING - Dependency <Task(BashOperator): delete_entry>, create_entry_gcs already registered for DAG: example_complex
[2023-06-15T23:35:19.674+0000] {logging_mixin.py:149} INFO - [2023-06-15T23:35:19.674+0000] {taskmixin.py:211} WARNING - Dependency <Task(BashOperator): create_tag>, delete_tag already registered for DAG: example_complex
[2023-06-15T23:35:19.675+0000] {logging_mixin.py:149} INFO - [2023-06-15T23:35:19.675+0000] {taskmixin.py:211} WARNING - Dependency <Task(BashOperator): delete_tag>, create_tag already registered for DAG: example_complex
[2023-06-15T23:35:19.677+0000] {processor.py:836} INFO - DAG(s) dict_keys(['example_complex']) retrieved from /home/airflow/.local/lib/python3.7/site-packages/airflow/example_dags/example_complex.py
[2023-06-15T23:35:19.756+0000] {logging_mixin.py:149} INFO - [2023-06-15T23:35:19.755+0000] {dag.py:2726} INFO - Sync 1 DAGs
[2023-06-15T23:35:19.809+0000] {logging_mixin.py:149} INFO - [2023-06-15T23:35:19.809+0000] {dag.py:3490} INFO - Setting next_dagrun for example_complex to None, run_after=None
[2023-06-15T23:35:20.357+0000] {processor.py:179} INFO - Processing /home/airflow/.local/lib/python3.7/site-packages/airflow/example_dags/example_complex.py took 0.712 seconds
