[2023-06-15T23:01:06.336+0000] {processor.py:157} INFO - Started process (PID=219) to work on /home/airflow/.local/lib/python3.7/site-packages/airflow/example_dags/example_task_group.py
[2023-06-15T23:01:06.339+0000] {processor.py:826} INFO - Processing file /home/airflow/.local/lib/python3.7/site-packages/airflow/example_dags/example_task_group.py for tasks to queue
[2023-06-15T23:01:06.341+0000] {logging_mixin.py:149} INFO - [2023-06-15T23:01:06.340+0000] {dagbag.py:541} INFO - Filling up the DagBag from /home/airflow/.local/lib/python3.7/site-packages/airflow/example_dags/example_task_group.py
[2023-06-15T23:01:06.369+0000] {processor.py:836} INFO - DAG(s) dict_keys(['example_task_group']) retrieved from /home/airflow/.local/lib/python3.7/site-packages/airflow/example_dags/example_task_group.py
[2023-06-15T23:01:06.428+0000] {logging_mixin.py:149} INFO - [2023-06-15T23:01:06.428+0000] {dag.py:2726} INFO - Sync 1 DAGs
[2023-06-15T23:01:06.471+0000] {logging_mixin.py:149} INFO - [2023-06-15T23:01:06.470+0000] {dag.py:3490} INFO - Setting next_dagrun for example_task_group to 2023-06-14T23:01:06.470666+00:00, run_after=2023-06-15T23:01:06.470666+00:00
[2023-06-15T23:01:06.692+0000] {processor.py:179} INFO - Processing /home/airflow/.local/lib/python3.7/site-packages/airflow/example_dags/example_task_group.py took 0.361 seconds
[2023-06-15T23:05:44.859+0000] {processor.py:157} INFO - Started process (PID=466) to work on /home/airflow/.local/lib/python3.7/site-packages/airflow/example_dags/example_task_group.py
[2023-06-15T23:05:44.864+0000] {processor.py:826} INFO - Processing file /home/airflow/.local/lib/python3.7/site-packages/airflow/example_dags/example_task_group.py for tasks to queue
[2023-06-15T23:05:44.866+0000] {logging_mixin.py:149} INFO - [2023-06-15T23:05:44.866+0000] {dagbag.py:541} INFO - Filling up the DagBag from /home/airflow/.local/lib/python3.7/site-packages/airflow/example_dags/example_task_group.py
[2023-06-15T23:05:46.131+0000] {processor.py:836} INFO - DAG(s) dict_keys(['example_task_group']) retrieved from /home/airflow/.local/lib/python3.7/site-packages/airflow/example_dags/example_task_group.py
[2023-06-15T23:05:49.600+0000] {logging_mixin.py:149} INFO - [2023-06-15T23:05:49.600+0000] {dag.py:2726} INFO - Sync 1 DAGs
[2023-06-15T23:05:58.282+0000] {logging_mixin.py:149} INFO - [2023-06-15T23:05:58.281+0000] {dag.py:3490} INFO - Setting next_dagrun for example_task_group to 2023-06-14T23:05:58.280591+00:00, run_after=2023-06-15T23:05:58.280591+00:00
[2023-06-15T23:06:03.046+0000] {processor.py:179} INFO - Processing /home/airflow/.local/lib/python3.7/site-packages/airflow/example_dags/example_task_group.py took 21.806 seconds
[2023-06-15T23:06:33.177+0000] {processor.py:157} INFO - Started process (PID=704) to work on /home/airflow/.local/lib/python3.7/site-packages/airflow/example_dags/example_task_group.py
[2023-06-15T23:06:33.179+0000] {processor.py:826} INFO - Processing file /home/airflow/.local/lib/python3.7/site-packages/airflow/example_dags/example_task_group.py for tasks to queue
[2023-06-15T23:06:33.180+0000] {logging_mixin.py:149} INFO - [2023-06-15T23:06:33.180+0000] {dagbag.py:541} INFO - Filling up the DagBag from /home/airflow/.local/lib/python3.7/site-packages/airflow/example_dags/example_task_group.py
[2023-06-15T23:06:33.195+0000] {processor.py:836} INFO - DAG(s) dict_keys(['example_task_group']) retrieved from /home/airflow/.local/lib/python3.7/site-packages/airflow/example_dags/example_task_group.py
[2023-06-15T23:06:33.240+0000] {logging_mixin.py:149} INFO - [2023-06-15T23:06:33.240+0000] {dag.py:2726} INFO - Sync 1 DAGs
[2023-06-15T23:06:33.289+0000] {logging_mixin.py:149} INFO - [2023-06-15T23:06:33.289+0000] {dag.py:3490} INFO - Setting next_dagrun for example_task_group to 2023-06-14T23:06:33.288738+00:00, run_after=2023-06-15T23:06:33.288738+00:00
[2023-06-15T23:06:34.128+0000] {processor.py:179} INFO - Processing /home/airflow/.local/lib/python3.7/site-packages/airflow/example_dags/example_task_group.py took 0.957 seconds
[2023-06-15T23:07:54.563+0000] {processor.py:157} INFO - Started process (PID=968) to work on /home/airflow/.local/lib/python3.7/site-packages/airflow/example_dags/example_task_group.py
[2023-06-15T23:07:54.566+0000] {processor.py:826} INFO - Processing file /home/airflow/.local/lib/python3.7/site-packages/airflow/example_dags/example_task_group.py for tasks to queue
[2023-06-15T23:07:54.567+0000] {logging_mixin.py:149} INFO - [2023-06-15T23:07:54.567+0000] {dagbag.py:541} INFO - Filling up the DagBag from /home/airflow/.local/lib/python3.7/site-packages/airflow/example_dags/example_task_group.py
[2023-06-15T23:07:54.578+0000] {processor.py:836} INFO - DAG(s) dict_keys(['example_task_group']) retrieved from /home/airflow/.local/lib/python3.7/site-packages/airflow/example_dags/example_task_group.py
[2023-06-15T23:07:54.668+0000] {logging_mixin.py:149} INFO - [2023-06-15T23:07:54.667+0000] {dag.py:2726} INFO - Sync 1 DAGs
[2023-06-15T23:07:54.701+0000] {logging_mixin.py:149} INFO - [2023-06-15T23:07:54.701+0000] {dag.py:3490} INFO - Setting next_dagrun for example_task_group to 2023-06-14T23:07:54.701246+00:00, run_after=2023-06-15T23:07:54.701246+00:00
[2023-06-15T23:07:55.100+0000] {processor.py:179} INFO - Processing /home/airflow/.local/lib/python3.7/site-packages/airflow/example_dags/example_task_group.py took 0.542 seconds
[2023-06-15T23:09:20.739+0000] {processor.py:157} INFO - Started process (PID=1137) to work on /home/airflow/.local/lib/python3.7/site-packages/airflow/example_dags/example_task_group.py
[2023-06-15T23:09:20.741+0000] {processor.py:826} INFO - Processing file /home/airflow/.local/lib/python3.7/site-packages/airflow/example_dags/example_task_group.py for tasks to queue
[2023-06-15T23:09:20.744+0000] {logging_mixin.py:149} INFO - [2023-06-15T23:09:20.744+0000] {dagbag.py:541} INFO - Filling up the DagBag from /home/airflow/.local/lib/python3.7/site-packages/airflow/example_dags/example_task_group.py
[2023-06-15T23:09:20.760+0000] {processor.py:836} INFO - DAG(s) dict_keys(['example_task_group']) retrieved from /home/airflow/.local/lib/python3.7/site-packages/airflow/example_dags/example_task_group.py
[2023-06-15T23:09:20.802+0000] {logging_mixin.py:149} INFO - [2023-06-15T23:09:20.802+0000] {dag.py:2726} INFO - Sync 1 DAGs
[2023-06-15T23:09:20.841+0000] {logging_mixin.py:149} INFO - [2023-06-15T23:09:20.840+0000] {dag.py:3490} INFO - Setting next_dagrun for example_task_group to 2023-06-14T23:09:20.840524+00:00, run_after=2023-06-15T23:09:20.840524+00:00
[2023-06-15T23:09:21.066+0000] {processor.py:179} INFO - Processing /home/airflow/.local/lib/python3.7/site-packages/airflow/example_dags/example_task_group.py took 0.333 seconds
[2023-06-15T23:11:00.543+0000] {processor.py:157} INFO - Started process (PID=1331) to work on /home/airflow/.local/lib/python3.7/site-packages/airflow/example_dags/example_task_group.py
[2023-06-15T23:11:00.545+0000] {processor.py:826} INFO - Processing file /home/airflow/.local/lib/python3.7/site-packages/airflow/example_dags/example_task_group.py for tasks to queue
[2023-06-15T23:11:00.546+0000] {logging_mixin.py:149} INFO - [2023-06-15T23:11:00.546+0000] {dagbag.py:541} INFO - Filling up the DagBag from /home/airflow/.local/lib/python3.7/site-packages/airflow/example_dags/example_task_group.py
[2023-06-15T23:11:00.558+0000] {processor.py:836} INFO - DAG(s) dict_keys(['example_task_group']) retrieved from /home/airflow/.local/lib/python3.7/site-packages/airflow/example_dags/example_task_group.py
[2023-06-15T23:11:00.596+0000] {logging_mixin.py:149} INFO - [2023-06-15T23:11:00.596+0000] {dag.py:2726} INFO - Sync 1 DAGs
[2023-06-15T23:11:00.650+0000] {logging_mixin.py:149} INFO - [2023-06-15T23:11:00.650+0000] {dag.py:3490} INFO - Setting next_dagrun for example_task_group to 2023-06-14T23:11:00.649785+00:00, run_after=2023-06-15T23:11:00.649785+00:00
[2023-06-15T23:11:00.797+0000] {processor.py:179} INFO - Processing /home/airflow/.local/lib/python3.7/site-packages/airflow/example_dags/example_task_group.py took 0.258 seconds
[2023-06-15T23:12:13.087+0000] {processor.py:157} INFO - Started process (PID=1564) to work on /home/airflow/.local/lib/python3.7/site-packages/airflow/example_dags/example_task_group.py
[2023-06-15T23:12:14.005+0000] {processor.py:826} INFO - Processing file /home/airflow/.local/lib/python3.7/site-packages/airflow/example_dags/example_task_group.py for tasks to queue
[2023-06-15T23:12:14.008+0000] {logging_mixin.py:149} INFO - [2023-06-15T23:12:14.008+0000] {dagbag.py:541} INFO - Filling up the DagBag from /home/airflow/.local/lib/python3.7/site-packages/airflow/example_dags/example_task_group.py
[2023-06-15T23:12:14.034+0000] {processor.py:836} INFO - DAG(s) dict_keys(['example_task_group']) retrieved from /home/airflow/.local/lib/python3.7/site-packages/airflow/example_dags/example_task_group.py
[2023-06-15T23:12:15.996+0000] {logging_mixin.py:149} INFO - [2023-06-15T23:12:15.996+0000] {dag.py:2726} INFO - Sync 1 DAGs
[2023-06-15T23:12:16.494+0000] {logging_mixin.py:149} INFO - [2023-06-15T23:12:16.493+0000] {dag.py:3490} INFO - Setting next_dagrun for example_task_group to 2023-06-14T23:12:16.492537+00:00, run_after=2023-06-15T23:12:16.492537+00:00
[2023-06-15T23:12:16.535+0000] {processor.py:179} INFO - Processing /home/airflow/.local/lib/python3.7/site-packages/airflow/example_dags/example_task_group.py took 5.646 seconds
[2023-06-15T23:13:26.449+0000] {processor.py:157} INFO - Started process (PID=1819) to work on /home/airflow/.local/lib/python3.7/site-packages/airflow/example_dags/example_task_group.py
[2023-06-15T23:13:26.451+0000] {processor.py:826} INFO - Processing file /home/airflow/.local/lib/python3.7/site-packages/airflow/example_dags/example_task_group.py for tasks to queue
[2023-06-15T23:13:26.452+0000] {logging_mixin.py:149} INFO - [2023-06-15T23:13:26.451+0000] {dagbag.py:541} INFO - Filling up the DagBag from /home/airflow/.local/lib/python3.7/site-packages/airflow/example_dags/example_task_group.py
[2023-06-15T23:13:26.464+0000] {processor.py:836} INFO - DAG(s) dict_keys(['example_task_group']) retrieved from /home/airflow/.local/lib/python3.7/site-packages/airflow/example_dags/example_task_group.py
[2023-06-15T23:13:26.496+0000] {logging_mixin.py:149} INFO - [2023-06-15T23:13:26.496+0000] {dag.py:2726} INFO - Sync 1 DAGs
[2023-06-15T23:13:26.526+0000] {logging_mixin.py:149} INFO - [2023-06-15T23:13:26.526+0000] {dag.py:3490} INFO - Setting next_dagrun for example_task_group to 2023-06-14T23:13:26.525572+00:00, run_after=2023-06-15T23:13:26.525572+00:00
[2023-06-15T23:13:26.553+0000] {processor.py:179} INFO - Processing /home/airflow/.local/lib/python3.7/site-packages/airflow/example_dags/example_task_group.py took 0.109 seconds
[2023-06-15T23:14:58.857+0000] {processor.py:157} INFO - Started process (PID=1946) to work on /home/airflow/.local/lib/python3.7/site-packages/airflow/example_dags/example_task_group.py
[2023-06-15T23:14:58.859+0000] {processor.py:826} INFO - Processing file /home/airflow/.local/lib/python3.7/site-packages/airflow/example_dags/example_task_group.py for tasks to queue
[2023-06-15T23:14:58.860+0000] {logging_mixin.py:149} INFO - [2023-06-15T23:14:58.860+0000] {dagbag.py:541} INFO - Filling up the DagBag from /home/airflow/.local/lib/python3.7/site-packages/airflow/example_dags/example_task_group.py
[2023-06-15T23:14:58.873+0000] {processor.py:836} INFO - DAG(s) dict_keys(['example_task_group']) retrieved from /home/airflow/.local/lib/python3.7/site-packages/airflow/example_dags/example_task_group.py
[2023-06-15T23:14:58.918+0000] {logging_mixin.py:149} INFO - [2023-06-15T23:14:58.917+0000] {dag.py:2726} INFO - Sync 1 DAGs
[2023-06-15T23:14:58.952+0000] {logging_mixin.py:149} INFO - [2023-06-15T23:14:58.952+0000] {dag.py:3490} INFO - Setting next_dagrun for example_task_group to 2023-06-14T23:14:58.951864+00:00, run_after=2023-06-15T23:14:58.951864+00:00
[2023-06-15T23:14:58.981+0000] {processor.py:179} INFO - Processing /home/airflow/.local/lib/python3.7/site-packages/airflow/example_dags/example_task_group.py took 0.128 seconds
[2023-06-15T23:15:44.926+0000] {processor.py:157} INFO - Started process (PID=2159) to work on /home/airflow/.local/lib/python3.7/site-packages/airflow/example_dags/example_task_group.py
[2023-06-15T23:15:44.928+0000] {processor.py:826} INFO - Processing file /home/airflow/.local/lib/python3.7/site-packages/airflow/example_dags/example_task_group.py for tasks to queue
[2023-06-15T23:15:44.930+0000] {logging_mixin.py:149} INFO - [2023-06-15T23:15:44.930+0000] {dagbag.py:541} INFO - Filling up the DagBag from /home/airflow/.local/lib/python3.7/site-packages/airflow/example_dags/example_task_group.py
[2023-06-15T23:15:44.943+0000] {processor.py:836} INFO - DAG(s) dict_keys(['example_task_group']) retrieved from /home/airflow/.local/lib/python3.7/site-packages/airflow/example_dags/example_task_group.py
[2023-06-15T23:15:44.996+0000] {logging_mixin.py:149} INFO - [2023-06-15T23:15:44.995+0000] {dag.py:2726} INFO - Sync 1 DAGs
[2023-06-15T23:15:45.038+0000] {logging_mixin.py:149} INFO - [2023-06-15T23:15:45.037+0000] {dag.py:3490} INFO - Setting next_dagrun for example_task_group to 2023-06-14T23:15:45.037473+00:00, run_after=2023-06-15T23:15:45.037473+00:00
[2023-06-15T23:15:45.068+0000] {processor.py:179} INFO - Processing /home/airflow/.local/lib/python3.7/site-packages/airflow/example_dags/example_task_group.py took 0.147 seconds
[2023-06-15T23:16:49.753+0000] {processor.py:157} INFO - Started process (PID=2262) to work on /home/airflow/.local/lib/python3.7/site-packages/airflow/example_dags/example_task_group.py
[2023-06-15T23:16:49.757+0000] {processor.py:826} INFO - Processing file /home/airflow/.local/lib/python3.7/site-packages/airflow/example_dags/example_task_group.py for tasks to queue
[2023-06-15T23:16:49.761+0000] {logging_mixin.py:149} INFO - [2023-06-15T23:16:49.759+0000] {dagbag.py:541} INFO - Filling up the DagBag from /home/airflow/.local/lib/python3.7/site-packages/airflow/example_dags/example_task_group.py
[2023-06-15T23:16:49.777+0000] {processor.py:836} INFO - DAG(s) dict_keys(['example_task_group']) retrieved from /home/airflow/.local/lib/python3.7/site-packages/airflow/example_dags/example_task_group.py
[2023-06-15T23:16:50.310+0000] {logging_mixin.py:149} INFO - [2023-06-15T23:16:50.310+0000] {dag.py:2726} INFO - Sync 1 DAGs
[2023-06-15T23:16:50.345+0000] {logging_mixin.py:149} INFO - [2023-06-15T23:16:50.345+0000] {dag.py:3490} INFO - Setting next_dagrun for example_task_group to 2023-06-14T23:16:50.345253+00:00, run_after=2023-06-15T23:16:50.345253+00:00
[2023-06-15T23:16:50.374+0000] {processor.py:179} INFO - Processing /home/airflow/.local/lib/python3.7/site-packages/airflow/example_dags/example_task_group.py took 0.628 seconds
[2023-06-15T23:17:42.296+0000] {processor.py:157} INFO - Started process (PID=2475) to work on /home/airflow/.local/lib/python3.7/site-packages/airflow/example_dags/example_task_group.py
[2023-06-15T23:17:42.298+0000] {processor.py:826} INFO - Processing file /home/airflow/.local/lib/python3.7/site-packages/airflow/example_dags/example_task_group.py for tasks to queue
[2023-06-15T23:17:42.299+0000] {logging_mixin.py:149} INFO - [2023-06-15T23:17:42.299+0000] {dagbag.py:541} INFO - Filling up the DagBag from /home/airflow/.local/lib/python3.7/site-packages/airflow/example_dags/example_task_group.py
[2023-06-15T23:17:42.312+0000] {processor.py:836} INFO - DAG(s) dict_keys(['example_task_group']) retrieved from /home/airflow/.local/lib/python3.7/site-packages/airflow/example_dags/example_task_group.py
[2023-06-15T23:17:42.350+0000] {logging_mixin.py:149} INFO - [2023-06-15T23:17:42.350+0000] {dag.py:2726} INFO - Sync 1 DAGs
[2023-06-15T23:17:42.386+0000] {logging_mixin.py:149} INFO - [2023-06-15T23:17:42.385+0000] {dag.py:3490} INFO - Setting next_dagrun for example_task_group to 2023-06-14T23:17:42.385491+00:00, run_after=2023-06-15T23:17:42.385491+00:00
[2023-06-15T23:17:42.422+0000] {processor.py:179} INFO - Processing /home/airflow/.local/lib/python3.7/site-packages/airflow/example_dags/example_task_group.py took 0.132 seconds
[2023-06-15T23:19:47.849+0000] {processor.py:157} INFO - Started process (PID=2633) to work on /home/airflow/.local/lib/python3.7/site-packages/airflow/example_dags/example_task_group.py
[2023-06-15T23:19:47.856+0000] {processor.py:826} INFO - Processing file /home/airflow/.local/lib/python3.7/site-packages/airflow/example_dags/example_task_group.py for tasks to queue
[2023-06-15T23:19:47.857+0000] {logging_mixin.py:149} INFO - [2023-06-15T23:19:47.857+0000] {dagbag.py:541} INFO - Filling up the DagBag from /home/airflow/.local/lib/python3.7/site-packages/airflow/example_dags/example_task_group.py
[2023-06-15T23:19:47.870+0000] {processor.py:836} INFO - DAG(s) dict_keys(['example_task_group']) retrieved from /home/airflow/.local/lib/python3.7/site-packages/airflow/example_dags/example_task_group.py
[2023-06-15T23:19:48.314+0000] {logging_mixin.py:149} INFO - [2023-06-15T23:19:48.313+0000] {dag.py:2726} INFO - Sync 1 DAGs
[2023-06-15T23:19:49.717+0000] {logging_mixin.py:149} INFO - [2023-06-15T23:19:49.713+0000] {dag.py:3490} INFO - Setting next_dagrun for example_task_group to 2023-06-14T23:19:49.712639+00:00, run_after=2023-06-15T23:19:49.712639+00:00
[2023-06-15T23:19:50.338+0000] {processor.py:179} INFO - Processing /home/airflow/.local/lib/python3.7/site-packages/airflow/example_dags/example_task_group.py took 2.492 seconds
[2023-06-15T23:21:35.207+0000] {processor.py:157} INFO - Started process (PID=2780) to work on /home/airflow/.local/lib/python3.7/site-packages/airflow/example_dags/example_task_group.py
[2023-06-15T23:21:35.210+0000] {processor.py:826} INFO - Processing file /home/airflow/.local/lib/python3.7/site-packages/airflow/example_dags/example_task_group.py for tasks to queue
[2023-06-15T23:21:35.211+0000] {logging_mixin.py:149} INFO - [2023-06-15T23:21:35.211+0000] {dagbag.py:541} INFO - Filling up the DagBag from /home/airflow/.local/lib/python3.7/site-packages/airflow/example_dags/example_task_group.py
[2023-06-15T23:21:35.223+0000] {processor.py:836} INFO - DAG(s) dict_keys(['example_task_group']) retrieved from /home/airflow/.local/lib/python3.7/site-packages/airflow/example_dags/example_task_group.py
[2023-06-15T23:21:35.262+0000] {logging_mixin.py:149} INFO - [2023-06-15T23:21:35.262+0000] {dag.py:2726} INFO - Sync 1 DAGs
[2023-06-15T23:21:35.301+0000] {logging_mixin.py:149} INFO - [2023-06-15T23:21:35.300+0000] {dag.py:3490} INFO - Setting next_dagrun for example_task_group to 2023-06-14T23:21:35.300341+00:00, run_after=2023-06-15T23:21:35.300341+00:00
[2023-06-15T23:21:35.343+0000] {processor.py:179} INFO - Processing /home/airflow/.local/lib/python3.7/site-packages/airflow/example_dags/example_task_group.py took 0.141 seconds
[2023-06-15T23:22:20.083+0000] {processor.py:157} INFO - Started process (PID=2958) to work on /home/airflow/.local/lib/python3.7/site-packages/airflow/example_dags/example_task_group.py
[2023-06-15T23:22:20.085+0000] {processor.py:826} INFO - Processing file /home/airflow/.local/lib/python3.7/site-packages/airflow/example_dags/example_task_group.py for tasks to queue
[2023-06-15T23:22:20.087+0000] {logging_mixin.py:149} INFO - [2023-06-15T23:22:20.086+0000] {dagbag.py:541} INFO - Filling up the DagBag from /home/airflow/.local/lib/python3.7/site-packages/airflow/example_dags/example_task_group.py
[2023-06-15T23:22:20.098+0000] {processor.py:836} INFO - DAG(s) dict_keys(['example_task_group']) retrieved from /home/airflow/.local/lib/python3.7/site-packages/airflow/example_dags/example_task_group.py
[2023-06-15T23:22:20.152+0000] {logging_mixin.py:149} INFO - [2023-06-15T23:22:20.152+0000] {dag.py:2726} INFO - Sync 1 DAGs
[2023-06-15T23:22:20.204+0000] {logging_mixin.py:149} INFO - [2023-06-15T23:22:20.204+0000] {dag.py:3490} INFO - Setting next_dagrun for example_task_group to 2023-06-14T23:22:20.204111+00:00, run_after=2023-06-15T23:22:20.204111+00:00
[2023-06-15T23:22:20.278+0000] {processor.py:179} INFO - Processing /home/airflow/.local/lib/python3.7/site-packages/airflow/example_dags/example_task_group.py took 0.200 seconds
[2023-06-15T23:23:25.346+0000] {processor.py:157} INFO - Started process (PID=3179) to work on /home/airflow/.local/lib/python3.7/site-packages/airflow/example_dags/example_task_group.py
[2023-06-15T23:23:25.348+0000] {processor.py:826} INFO - Processing file /home/airflow/.local/lib/python3.7/site-packages/airflow/example_dags/example_task_group.py for tasks to queue
[2023-06-15T23:23:25.350+0000] {logging_mixin.py:149} INFO - [2023-06-15T23:23:25.349+0000] {dagbag.py:541} INFO - Filling up the DagBag from /home/airflow/.local/lib/python3.7/site-packages/airflow/example_dags/example_task_group.py
[2023-06-15T23:23:25.361+0000] {processor.py:836} INFO - DAG(s) dict_keys(['example_task_group']) retrieved from /home/airflow/.local/lib/python3.7/site-packages/airflow/example_dags/example_task_group.py
[2023-06-15T23:23:25.396+0000] {logging_mixin.py:149} INFO - [2023-06-15T23:23:25.396+0000] {dag.py:2726} INFO - Sync 1 DAGs
[2023-06-15T23:23:25.424+0000] {logging_mixin.py:149} INFO - [2023-06-15T23:23:25.424+0000] {dag.py:3490} INFO - Setting next_dagrun for example_task_group to 2023-06-14T23:23:25.423800+00:00, run_after=2023-06-15T23:23:25.423800+00:00
[2023-06-15T23:23:25.458+0000] {processor.py:179} INFO - Processing /home/airflow/.local/lib/python3.7/site-packages/airflow/example_dags/example_task_group.py took 0.119 seconds
[2023-06-15T23:24:00.666+0000] {processor.py:157} INFO - Started process (PID=3404) to work on /home/airflow/.local/lib/python3.7/site-packages/airflow/example_dags/example_task_group.py
[2023-06-15T23:24:00.668+0000] {processor.py:826} INFO - Processing file /home/airflow/.local/lib/python3.7/site-packages/airflow/example_dags/example_task_group.py for tasks to queue
[2023-06-15T23:24:00.670+0000] {logging_mixin.py:149} INFO - [2023-06-15T23:24:00.670+0000] {dagbag.py:541} INFO - Filling up the DagBag from /home/airflow/.local/lib/python3.7/site-packages/airflow/example_dags/example_task_group.py
[2023-06-15T23:24:00.685+0000] {processor.py:836} INFO - DAG(s) dict_keys(['example_task_group']) retrieved from /home/airflow/.local/lib/python3.7/site-packages/airflow/example_dags/example_task_group.py
[2023-06-15T23:24:01.274+0000] {logging_mixin.py:149} INFO - [2023-06-15T23:24:01.274+0000] {dag.py:2726} INFO - Sync 1 DAGs
[2023-06-15T23:24:01.328+0000] {logging_mixin.py:149} INFO - [2023-06-15T23:24:01.328+0000] {dag.py:3490} INFO - Setting next_dagrun for example_task_group to 2023-06-14T23:24:01.326915+00:00, run_after=2023-06-15T23:24:01.326915+00:00
[2023-06-15T23:24:01.365+0000] {processor.py:179} INFO - Processing /home/airflow/.local/lib/python3.7/site-packages/airflow/example_dags/example_task_group.py took 0.706 seconds
[2023-06-15T23:26:40.680+0000] {processor.py:157} INFO - Started process (PID=3654) to work on /home/airflow/.local/lib/python3.7/site-packages/airflow/example_dags/example_task_group.py
[2023-06-15T23:26:40.682+0000] {processor.py:826} INFO - Processing file /home/airflow/.local/lib/python3.7/site-packages/airflow/example_dags/example_task_group.py for tasks to queue
[2023-06-15T23:26:40.684+0000] {logging_mixin.py:149} INFO - [2023-06-15T23:26:40.684+0000] {dagbag.py:541} INFO - Filling up the DagBag from /home/airflow/.local/lib/python3.7/site-packages/airflow/example_dags/example_task_group.py
[2023-06-15T23:26:40.700+0000] {processor.py:836} INFO - DAG(s) dict_keys(['example_task_group']) retrieved from /home/airflow/.local/lib/python3.7/site-packages/airflow/example_dags/example_task_group.py
[2023-06-15T23:26:40.741+0000] {logging_mixin.py:149} INFO - [2023-06-15T23:26:40.740+0000] {dag.py:2726} INFO - Sync 1 DAGs
[2023-06-15T23:26:40.785+0000] {logging_mixin.py:149} INFO - [2023-06-15T23:26:40.784+0000] {dag.py:3490} INFO - Setting next_dagrun for example_task_group to 2023-06-14T23:26:40.784503+00:00, run_after=2023-06-15T23:26:40.784503+00:00
[2023-06-15T23:26:41.815+0000] {processor.py:179} INFO - Processing /home/airflow/.local/lib/python3.7/site-packages/airflow/example_dags/example_task_group.py took 1.140 seconds
[2023-06-15T23:27:55.772+0000] {processor.py:157} INFO - Started process (PID=3893) to work on /home/airflow/.local/lib/python3.7/site-packages/airflow/example_dags/example_task_group.py
[2023-06-15T23:27:55.774+0000] {processor.py:826} INFO - Processing file /home/airflow/.local/lib/python3.7/site-packages/airflow/example_dags/example_task_group.py for tasks to queue
[2023-06-15T23:27:55.778+0000] {logging_mixin.py:149} INFO - [2023-06-15T23:27:55.777+0000] {dagbag.py:541} INFO - Filling up the DagBag from /home/airflow/.local/lib/python3.7/site-packages/airflow/example_dags/example_task_group.py
[2023-06-15T23:27:55.799+0000] {processor.py:836} INFO - DAG(s) dict_keys(['example_task_group']) retrieved from /home/airflow/.local/lib/python3.7/site-packages/airflow/example_dags/example_task_group.py
[2023-06-15T23:27:55.870+0000] {logging_mixin.py:149} INFO - [2023-06-15T23:27:55.870+0000] {dag.py:2726} INFO - Sync 1 DAGs
[2023-06-15T23:27:55.906+0000] {logging_mixin.py:149} INFO - [2023-06-15T23:27:55.906+0000] {dag.py:3490} INFO - Setting next_dagrun for example_task_group to 2023-06-14T23:27:55.906344+00:00, run_after=2023-06-15T23:27:55.906344+00:00
[2023-06-15T23:27:57.557+0000] {processor.py:179} INFO - Processing /home/airflow/.local/lib/python3.7/site-packages/airflow/example_dags/example_task_group.py took 1.791 seconds
[2023-06-15T23:29:51.783+0000] {processor.py:157} INFO - Started process (PID=4135) to work on /home/airflow/.local/lib/python3.7/site-packages/airflow/example_dags/example_task_group.py
[2023-06-15T23:29:51.806+0000] {processor.py:826} INFO - Processing file /home/airflow/.local/lib/python3.7/site-packages/airflow/example_dags/example_task_group.py for tasks to queue
[2023-06-15T23:29:51.808+0000] {logging_mixin.py:149} INFO - [2023-06-15T23:29:51.808+0000] {dagbag.py:541} INFO - Filling up the DagBag from /home/airflow/.local/lib/python3.7/site-packages/airflow/example_dags/example_task_group.py
[2023-06-15T23:29:51.827+0000] {processor.py:836} INFO - DAG(s) dict_keys(['example_task_group']) retrieved from /home/airflow/.local/lib/python3.7/site-packages/airflow/example_dags/example_task_group.py
[2023-06-15T23:29:52.419+0000] {logging_mixin.py:149} INFO - [2023-06-15T23:29:52.418+0000] {dag.py:2726} INFO - Sync 1 DAGs
[2023-06-15T23:29:52.556+0000] {logging_mixin.py:149} INFO - [2023-06-15T23:29:52.555+0000] {dag.py:3490} INFO - Setting next_dagrun for example_task_group to 2023-06-14T23:29:52.554266+00:00, run_after=2023-06-15T23:29:52.554266+00:00
[2023-06-15T23:29:57.589+0000] {processor.py:179} INFO - Processing /home/airflow/.local/lib/python3.7/site-packages/airflow/example_dags/example_task_group.py took 5.882 seconds
[2023-06-15T23:32:03.193+0000] {processor.py:157} INFO - Started process (PID=4395) to work on /home/airflow/.local/lib/python3.7/site-packages/airflow/example_dags/example_task_group.py
[2023-06-15T23:32:03.195+0000] {processor.py:826} INFO - Processing file /home/airflow/.local/lib/python3.7/site-packages/airflow/example_dags/example_task_group.py for tasks to queue
[2023-06-15T23:32:03.197+0000] {logging_mixin.py:149} INFO - [2023-06-15T23:32:03.196+0000] {dagbag.py:541} INFO - Filling up the DagBag from /home/airflow/.local/lib/python3.7/site-packages/airflow/example_dags/example_task_group.py
[2023-06-15T23:32:03.213+0000] {processor.py:836} INFO - DAG(s) dict_keys(['example_task_group']) retrieved from /home/airflow/.local/lib/python3.7/site-packages/airflow/example_dags/example_task_group.py
[2023-06-15T23:32:03.287+0000] {logging_mixin.py:149} INFO - [2023-06-15T23:32:03.286+0000] {dag.py:2726} INFO - Sync 1 DAGs
[2023-06-15T23:32:03.381+0000] {logging_mixin.py:149} INFO - [2023-06-15T23:32:03.381+0000] {dag.py:3490} INFO - Setting next_dagrun for example_task_group to 2023-06-14T23:32:03.371899+00:00, run_after=2023-06-15T23:32:03.371899+00:00
[2023-06-15T23:32:03.442+0000] {processor.py:179} INFO - Processing /home/airflow/.local/lib/python3.7/site-packages/airflow/example_dags/example_task_group.py took 0.256 seconds
[2023-06-15T23:33:24.635+0000] {processor.py:157} INFO - Started process (PID=4560) to work on /home/airflow/.local/lib/python3.7/site-packages/airflow/example_dags/example_task_group.py
[2023-06-15T23:33:24.637+0000] {processor.py:826} INFO - Processing file /home/airflow/.local/lib/python3.7/site-packages/airflow/example_dags/example_task_group.py for tasks to queue
[2023-06-15T23:33:24.639+0000] {logging_mixin.py:149} INFO - [2023-06-15T23:33:24.639+0000] {dagbag.py:541} INFO - Filling up the DagBag from /home/airflow/.local/lib/python3.7/site-packages/airflow/example_dags/example_task_group.py
[2023-06-15T23:33:24.651+0000] {processor.py:836} INFO - DAG(s) dict_keys(['example_task_group']) retrieved from /home/airflow/.local/lib/python3.7/site-packages/airflow/example_dags/example_task_group.py
[2023-06-15T23:33:25.047+0000] {logging_mixin.py:149} INFO - [2023-06-15T23:33:25.046+0000] {dag.py:2726} INFO - Sync 1 DAGs
[2023-06-15T23:33:25.083+0000] {logging_mixin.py:149} INFO - [2023-06-15T23:33:25.083+0000] {dag.py:3490} INFO - Setting next_dagrun for example_task_group to 2023-06-14T23:33:25.082831+00:00, run_after=2023-06-15T23:33:25.082831+00:00
[2023-06-15T23:33:25.111+0000] {processor.py:179} INFO - Processing /home/airflow/.local/lib/python3.7/site-packages/airflow/example_dags/example_task_group.py took 0.481 seconds
[2023-06-15T23:35:11.986+0000] {processor.py:157} INFO - Started process (PID=4785) to work on /home/airflow/.local/lib/python3.7/site-packages/airflow/example_dags/example_task_group.py
[2023-06-15T23:35:11.988+0000] {processor.py:826} INFO - Processing file /home/airflow/.local/lib/python3.7/site-packages/airflow/example_dags/example_task_group.py for tasks to queue
[2023-06-15T23:35:11.990+0000] {logging_mixin.py:149} INFO - [2023-06-15T23:35:11.990+0000] {dagbag.py:541} INFO - Filling up the DagBag from /home/airflow/.local/lib/python3.7/site-packages/airflow/example_dags/example_task_group.py
[2023-06-15T23:35:12.006+0000] {processor.py:836} INFO - DAG(s) dict_keys(['example_task_group']) retrieved from /home/airflow/.local/lib/python3.7/site-packages/airflow/example_dags/example_task_group.py
[2023-06-15T23:35:12.052+0000] {logging_mixin.py:149} INFO - [2023-06-15T23:35:12.051+0000] {dag.py:2726} INFO - Sync 1 DAGs
[2023-06-15T23:35:12.095+0000] {logging_mixin.py:149} INFO - [2023-06-15T23:35:12.095+0000] {dag.py:3490} INFO - Setting next_dagrun for example_task_group to 2023-06-14T23:35:12.095248+00:00, run_after=2023-06-15T23:35:12.095248+00:00
[2023-06-15T23:35:12.131+0000] {processor.py:179} INFO - Processing /home/airflow/.local/lib/python3.7/site-packages/airflow/example_dags/example_task_group.py took 0.151 seconds
[2023-06-15T23:36:31.043+0000] {processor.py:157} INFO - Started process (PID=5007) to work on /home/airflow/.local/lib/python3.7/site-packages/airflow/example_dags/example_task_group.py
[2023-06-15T23:36:31.044+0000] {processor.py:826} INFO - Processing file /home/airflow/.local/lib/python3.7/site-packages/airflow/example_dags/example_task_group.py for tasks to queue
[2023-06-15T23:36:31.046+0000] {logging_mixin.py:149} INFO - [2023-06-15T23:36:31.045+0000] {dagbag.py:541} INFO - Filling up the DagBag from /home/airflow/.local/lib/python3.7/site-packages/airflow/example_dags/example_task_group.py
[2023-06-15T23:36:31.059+0000] {processor.py:836} INFO - DAG(s) dict_keys(['example_task_group']) retrieved from /home/airflow/.local/lib/python3.7/site-packages/airflow/example_dags/example_task_group.py
[2023-06-15T23:36:31.100+0000] {logging_mixin.py:149} INFO - [2023-06-15T23:36:31.099+0000] {dag.py:2726} INFO - Sync 1 DAGs
[2023-06-15T23:36:31.137+0000] {logging_mixin.py:149} INFO - [2023-06-15T23:36:31.136+0000] {dag.py:3490} INFO - Setting next_dagrun for example_task_group to 2023-06-14T23:36:31.136394+00:00, run_after=2023-06-15T23:36:31.136394+00:00
[2023-06-15T23:36:32.845+0000] {processor.py:179} INFO - Processing /home/airflow/.local/lib/python3.7/site-packages/airflow/example_dags/example_task_group.py took 1.808 seconds
[2023-06-15T23:47:03.280+0000] {processor.py:157} INFO - Started process (PID=210) to work on /home/airflow/.local/lib/python3.7/site-packages/airflow/example_dags/example_task_group.py
[2023-06-15T23:47:03.292+0000] {processor.py:826} INFO - Processing file /home/airflow/.local/lib/python3.7/site-packages/airflow/example_dags/example_task_group.py for tasks to queue
[2023-06-15T23:47:03.304+0000] {logging_mixin.py:149} INFO - [2023-06-15T23:47:03.304+0000] {dagbag.py:541} INFO - Filling up the DagBag from /home/airflow/.local/lib/python3.7/site-packages/airflow/example_dags/example_task_group.py
[2023-06-15T23:47:07.806+0000] {processor.py:836} INFO - DAG(s) dict_keys(['example_task_group']) retrieved from /home/airflow/.local/lib/python3.7/site-packages/airflow/example_dags/example_task_group.py
