[2023-06-15T23:01:07.252+0000] {processor.py:157} INFO - Started process (PID=241) to work on /home/airflow/.local/lib/python3.7/site-packages/airflow/example_dags/example_bash_operator.py
[2023-06-15T23:01:07.254+0000] {processor.py:826} INFO - Processing file /home/airflow/.local/lib/python3.7/site-packages/airflow/example_dags/example_bash_operator.py for tasks to queue
[2023-06-15T23:01:07.256+0000] {logging_mixin.py:149} INFO - [2023-06-15T23:01:07.256+0000] {dagbag.py:541} INFO - Filling up the DagBag from /home/airflow/.local/lib/python3.7/site-packages/airflow/example_dags/example_bash_operator.py
[2023-06-15T23:01:07.304+0000] {processor.py:836} INFO - DAG(s) dict_keys(['example_bash_operator']) retrieved from /home/airflow/.local/lib/python3.7/site-packages/airflow/example_dags/example_bash_operator.py
[2023-06-15T23:01:07.393+0000] {logging_mixin.py:149} INFO - [2023-06-15T23:01:07.392+0000] {dag.py:2726} INFO - Sync 1 DAGs
[2023-06-15T23:01:07.612+0000] {logging_mixin.py:149} INFO - [2023-06-15T23:01:07.611+0000] {dag.py:3490} INFO - Setting next_dagrun for example_bash_operator to 2023-06-14T00:00:00+00:00, run_after=2023-06-15T00:00:00+00:00
[2023-06-15T23:01:07.839+0000] {processor.py:179} INFO - Processing /home/airflow/.local/lib/python3.7/site-packages/airflow/example_dags/example_bash_operator.py took 0.593 seconds
[2023-06-15T23:06:03.334+0000] {processor.py:157} INFO - Started process (PID=491) to work on /home/airflow/.local/lib/python3.7/site-packages/airflow/example_dags/example_bash_operator.py
[2023-06-15T23:06:03.337+0000] {processor.py:826} INFO - Processing file /home/airflow/.local/lib/python3.7/site-packages/airflow/example_dags/example_bash_operator.py for tasks to queue
[2023-06-15T23:06:03.340+0000] {logging_mixin.py:149} INFO - [2023-06-15T23:06:03.339+0000] {dagbag.py:541} INFO - Filling up the DagBag from /home/airflow/.local/lib/python3.7/site-packages/airflow/example_dags/example_bash_operator.py
[2023-06-15T23:06:03.379+0000] {processor.py:836} INFO - DAG(s) dict_keys(['example_bash_operator']) retrieved from /home/airflow/.local/lib/python3.7/site-packages/airflow/example_dags/example_bash_operator.py
[2023-06-15T23:06:03.500+0000] {logging_mixin.py:149} INFO - [2023-06-15T23:06:03.499+0000] {dag.py:2726} INFO - Sync 1 DAGs
[2023-06-15T23:06:03.544+0000] {logging_mixin.py:149} INFO - [2023-06-15T23:06:03.543+0000] {dag.py:3490} INFO - Setting next_dagrun for example_bash_operator to 2023-06-14T00:00:00+00:00, run_after=2023-06-15T00:00:00+00:00
[2023-06-15T23:06:03.579+0000] {processor.py:179} INFO - Processing /home/airflow/.local/lib/python3.7/site-packages/airflow/example_dags/example_bash_operator.py took 0.252 seconds
[2023-06-15T23:06:34.575+0000] {processor.py:157} INFO - Started process (PID=724) to work on /home/airflow/.local/lib/python3.7/site-packages/airflow/example_dags/example_bash_operator.py
[2023-06-15T23:06:34.577+0000] {processor.py:826} INFO - Processing file /home/airflow/.local/lib/python3.7/site-packages/airflow/example_dags/example_bash_operator.py for tasks to queue
[2023-06-15T23:06:34.578+0000] {logging_mixin.py:149} INFO - [2023-06-15T23:06:34.578+0000] {dagbag.py:541} INFO - Filling up the DagBag from /home/airflow/.local/lib/python3.7/site-packages/airflow/example_dags/example_bash_operator.py
[2023-06-15T23:06:34.601+0000] {processor.py:836} INFO - DAG(s) dict_keys(['example_bash_operator']) retrieved from /home/airflow/.local/lib/python3.7/site-packages/airflow/example_dags/example_bash_operator.py
[2023-06-15T23:06:34.668+0000] {logging_mixin.py:149} INFO - [2023-06-15T23:06:34.668+0000] {dag.py:2726} INFO - Sync 1 DAGs
[2023-06-15T23:06:34.709+0000] {logging_mixin.py:149} INFO - [2023-06-15T23:06:34.709+0000] {dag.py:3490} INFO - Setting next_dagrun for example_bash_operator to 2023-06-14T00:00:00+00:00, run_after=2023-06-15T00:00:00+00:00
[2023-06-15T23:06:34.745+0000] {processor.py:179} INFO - Processing /home/airflow/.local/lib/python3.7/site-packages/airflow/example_dags/example_bash_operator.py took 0.174 seconds
[2023-06-15T23:07:57.639+0000] {processor.py:157} INFO - Started process (PID=990) to work on /home/airflow/.local/lib/python3.7/site-packages/airflow/example_dags/example_bash_operator.py
[2023-06-15T23:07:57.641+0000] {processor.py:826} INFO - Processing file /home/airflow/.local/lib/python3.7/site-packages/airflow/example_dags/example_bash_operator.py for tasks to queue
[2023-06-15T23:07:57.642+0000] {logging_mixin.py:149} INFO - [2023-06-15T23:07:57.642+0000] {dagbag.py:541} INFO - Filling up the DagBag from /home/airflow/.local/lib/python3.7/site-packages/airflow/example_dags/example_bash_operator.py
[2023-06-15T23:07:57.666+0000] {processor.py:836} INFO - DAG(s) dict_keys(['example_bash_operator']) retrieved from /home/airflow/.local/lib/python3.7/site-packages/airflow/example_dags/example_bash_operator.py
[2023-06-15T23:07:57.745+0000] {logging_mixin.py:149} INFO - [2023-06-15T23:07:57.745+0000] {dag.py:2726} INFO - Sync 1 DAGs
[2023-06-15T23:07:57.782+0000] {logging_mixin.py:149} INFO - [2023-06-15T23:07:57.782+0000] {dag.py:3490} INFO - Setting next_dagrun for example_bash_operator to 2023-06-14T00:00:00+00:00, run_after=2023-06-15T00:00:00+00:00
[2023-06-15T23:07:57.897+0000] {processor.py:179} INFO - Processing /home/airflow/.local/lib/python3.7/site-packages/airflow/example_dags/example_bash_operator.py took 0.264 seconds
[2023-06-15T23:09:21.866+0000] {processor.py:157} INFO - Started process (PID=1157) to work on /home/airflow/.local/lib/python3.7/site-packages/airflow/example_dags/example_bash_operator.py
[2023-06-15T23:09:21.869+0000] {processor.py:826} INFO - Processing file /home/airflow/.local/lib/python3.7/site-packages/airflow/example_dags/example_bash_operator.py for tasks to queue
[2023-06-15T23:09:21.870+0000] {logging_mixin.py:149} INFO - [2023-06-15T23:09:21.870+0000] {dagbag.py:541} INFO - Filling up the DagBag from /home/airflow/.local/lib/python3.7/site-packages/airflow/example_dags/example_bash_operator.py
[2023-06-15T23:09:21.893+0000] {processor.py:836} INFO - DAG(s) dict_keys(['example_bash_operator']) retrieved from /home/airflow/.local/lib/python3.7/site-packages/airflow/example_dags/example_bash_operator.py
[2023-06-15T23:09:21.964+0000] {logging_mixin.py:149} INFO - [2023-06-15T23:09:21.964+0000] {dag.py:2726} INFO - Sync 1 DAGs
[2023-06-15T23:09:22.006+0000] {logging_mixin.py:149} INFO - [2023-06-15T23:09:22.005+0000] {dag.py:3490} INFO - Setting next_dagrun for example_bash_operator to 2023-06-14T00:00:00+00:00, run_after=2023-06-15T00:00:00+00:00
[2023-06-15T23:09:22.037+0000] {processor.py:179} INFO - Processing /home/airflow/.local/lib/python3.7/site-packages/airflow/example_dags/example_bash_operator.py took 0.176 seconds
[2023-06-15T23:11:01.207+0000] {processor.py:157} INFO - Started process (PID=1351) to work on /home/airflow/.local/lib/python3.7/site-packages/airflow/example_dags/example_bash_operator.py
[2023-06-15T23:11:01.209+0000] {processor.py:826} INFO - Processing file /home/airflow/.local/lib/python3.7/site-packages/airflow/example_dags/example_bash_operator.py for tasks to queue
[2023-06-15T23:11:01.210+0000] {logging_mixin.py:149} INFO - [2023-06-15T23:11:01.210+0000] {dagbag.py:541} INFO - Filling up the DagBag from /home/airflow/.local/lib/python3.7/site-packages/airflow/example_dags/example_bash_operator.py
[2023-06-15T23:11:01.236+0000] {processor.py:836} INFO - DAG(s) dict_keys(['example_bash_operator']) retrieved from /home/airflow/.local/lib/python3.7/site-packages/airflow/example_dags/example_bash_operator.py
[2023-06-15T23:11:01.300+0000] {logging_mixin.py:149} INFO - [2023-06-15T23:11:01.300+0000] {dag.py:2726} INFO - Sync 1 DAGs
[2023-06-15T23:11:01.338+0000] {logging_mixin.py:149} INFO - [2023-06-15T23:11:01.337+0000] {dag.py:3490} INFO - Setting next_dagrun for example_bash_operator to 2023-06-14T00:00:00+00:00, run_after=2023-06-15T00:00:00+00:00
[2023-06-15T23:11:01.367+0000] {processor.py:179} INFO - Processing /home/airflow/.local/lib/python3.7/site-packages/airflow/example_dags/example_bash_operator.py took 0.165 seconds
[2023-06-15T23:12:21.689+0000] {processor.py:157} INFO - Started process (PID=1611) to work on /home/airflow/.local/lib/python3.7/site-packages/airflow/example_dags/example_bash_operator.py
[2023-06-15T23:12:21.691+0000] {processor.py:826} INFO - Processing file /home/airflow/.local/lib/python3.7/site-packages/airflow/example_dags/example_bash_operator.py for tasks to queue
[2023-06-15T23:12:21.692+0000] {logging_mixin.py:149} INFO - [2023-06-15T23:12:21.692+0000] {dagbag.py:541} INFO - Filling up the DagBag from /home/airflow/.local/lib/python3.7/site-packages/airflow/example_dags/example_bash_operator.py
[2023-06-15T23:12:21.713+0000] {processor.py:836} INFO - DAG(s) dict_keys(['example_bash_operator']) retrieved from /home/airflow/.local/lib/python3.7/site-packages/airflow/example_dags/example_bash_operator.py
[2023-06-15T23:12:21.778+0000] {logging_mixin.py:149} INFO - [2023-06-15T23:12:21.777+0000] {dag.py:2726} INFO - Sync 1 DAGs
[2023-06-15T23:12:21.821+0000] {logging_mixin.py:149} INFO - [2023-06-15T23:12:21.821+0000] {dag.py:3490} INFO - Setting next_dagrun for example_bash_operator to 2023-06-14T00:00:00+00:00, run_after=2023-06-15T00:00:00+00:00
[2023-06-15T23:12:22.107+0000] {processor.py:179} INFO - Processing /home/airflow/.local/lib/python3.7/site-packages/airflow/example_dags/example_bash_operator.py took 0.423 seconds
[2023-06-15T23:13:26.741+0000] {processor.py:157} INFO - Started process (PID=1839) to work on /home/airflow/.local/lib/python3.7/site-packages/airflow/example_dags/example_bash_operator.py
[2023-06-15T23:13:26.743+0000] {processor.py:826} INFO - Processing file /home/airflow/.local/lib/python3.7/site-packages/airflow/example_dags/example_bash_operator.py for tasks to queue
[2023-06-15T23:13:26.744+0000] {logging_mixin.py:149} INFO - [2023-06-15T23:13:26.744+0000] {dagbag.py:541} INFO - Filling up the DagBag from /home/airflow/.local/lib/python3.7/site-packages/airflow/example_dags/example_bash_operator.py
[2023-06-15T23:13:26.767+0000] {processor.py:836} INFO - DAG(s) dict_keys(['example_bash_operator']) retrieved from /home/airflow/.local/lib/python3.7/site-packages/airflow/example_dags/example_bash_operator.py
[2023-06-15T23:13:26.826+0000] {logging_mixin.py:149} INFO - [2023-06-15T23:13:26.826+0000] {dag.py:2726} INFO - Sync 1 DAGs
[2023-06-15T23:13:26.878+0000] {logging_mixin.py:149} INFO - [2023-06-15T23:13:26.878+0000] {dag.py:3490} INFO - Setting next_dagrun for example_bash_operator to 2023-06-14T00:00:00+00:00, run_after=2023-06-15T00:00:00+00:00
[2023-06-15T23:13:26.907+0000] {processor.py:179} INFO - Processing /home/airflow/.local/lib/python3.7/site-packages/airflow/example_dags/example_bash_operator.py took 0.170 seconds
[2023-06-15T23:14:59.647+0000] {processor.py:157} INFO - Started process (PID=1966) to work on /home/airflow/.local/lib/python3.7/site-packages/airflow/example_dags/example_bash_operator.py
[2023-06-15T23:14:59.649+0000] {processor.py:826} INFO - Processing file /home/airflow/.local/lib/python3.7/site-packages/airflow/example_dags/example_bash_operator.py for tasks to queue
[2023-06-15T23:14:59.651+0000] {logging_mixin.py:149} INFO - [2023-06-15T23:14:59.650+0000] {dagbag.py:541} INFO - Filling up the DagBag from /home/airflow/.local/lib/python3.7/site-packages/airflow/example_dags/example_bash_operator.py
[2023-06-15T23:14:59.679+0000] {processor.py:836} INFO - DAG(s) dict_keys(['example_bash_operator']) retrieved from /home/airflow/.local/lib/python3.7/site-packages/airflow/example_dags/example_bash_operator.py
[2023-06-15T23:15:00.022+0000] {logging_mixin.py:149} INFO - [2023-06-15T23:15:00.022+0000] {dag.py:2726} INFO - Sync 1 DAGs
[2023-06-15T23:15:00.063+0000] {logging_mixin.py:149} INFO - [2023-06-15T23:15:00.063+0000] {dag.py:3490} INFO - Setting next_dagrun for example_bash_operator to 2023-06-14T00:00:00+00:00, run_after=2023-06-15T00:00:00+00:00
[2023-06-15T23:15:00.095+0000] {processor.py:179} INFO - Processing /home/airflow/.local/lib/python3.7/site-packages/airflow/example_dags/example_bash_operator.py took 0.452 seconds
[2023-06-15T23:15:45.534+0000] {processor.py:157} INFO - Started process (PID=2181) to work on /home/airflow/.local/lib/python3.7/site-packages/airflow/example_dags/example_bash_operator.py
[2023-06-15T23:15:45.537+0000] {processor.py:826} INFO - Processing file /home/airflow/.local/lib/python3.7/site-packages/airflow/example_dags/example_bash_operator.py for tasks to queue
[2023-06-15T23:15:45.539+0000] {logging_mixin.py:149} INFO - [2023-06-15T23:15:45.538+0000] {dagbag.py:541} INFO - Filling up the DagBag from /home/airflow/.local/lib/python3.7/site-packages/airflow/example_dags/example_bash_operator.py
[2023-06-15T23:15:45.564+0000] {processor.py:836} INFO - DAG(s) dict_keys(['example_bash_operator']) retrieved from /home/airflow/.local/lib/python3.7/site-packages/airflow/example_dags/example_bash_operator.py
[2023-06-15T23:15:45.658+0000] {logging_mixin.py:149} INFO - [2023-06-15T23:15:45.658+0000] {dag.py:2726} INFO - Sync 1 DAGs
[2023-06-15T23:15:45.707+0000] {logging_mixin.py:149} INFO - [2023-06-15T23:15:45.706+0000] {dag.py:3490} INFO - Setting next_dagrun for example_bash_operator to 2023-06-14T00:00:00+00:00, run_after=2023-06-15T00:00:00+00:00
[2023-06-15T23:15:45.742+0000] {processor.py:179} INFO - Processing /home/airflow/.local/lib/python3.7/site-packages/airflow/example_dags/example_bash_operator.py took 0.213 seconds
[2023-06-15T23:16:50.787+0000] {processor.py:157} INFO - Started process (PID=2284) to work on /home/airflow/.local/lib/python3.7/site-packages/airflow/example_dags/example_bash_operator.py
[2023-06-15T23:16:50.789+0000] {processor.py:826} INFO - Processing file /home/airflow/.local/lib/python3.7/site-packages/airflow/example_dags/example_bash_operator.py for tasks to queue
[2023-06-15T23:16:50.790+0000] {logging_mixin.py:149} INFO - [2023-06-15T23:16:50.790+0000] {dagbag.py:541} INFO - Filling up the DagBag from /home/airflow/.local/lib/python3.7/site-packages/airflow/example_dags/example_bash_operator.py
[2023-06-15T23:16:50.817+0000] {processor.py:836} INFO - DAG(s) dict_keys(['example_bash_operator']) retrieved from /home/airflow/.local/lib/python3.7/site-packages/airflow/example_dags/example_bash_operator.py
[2023-06-15T23:16:50.880+0000] {logging_mixin.py:149} INFO - [2023-06-15T23:16:50.880+0000] {dag.py:2726} INFO - Sync 1 DAGs
[2023-06-15T23:16:50.950+0000] {logging_mixin.py:149} INFO - [2023-06-15T23:16:50.949+0000] {dag.py:3490} INFO - Setting next_dagrun for example_bash_operator to 2023-06-14T00:00:00+00:00, run_after=2023-06-15T00:00:00+00:00
[2023-06-15T23:16:50.995+0000] {processor.py:179} INFO - Processing /home/airflow/.local/lib/python3.7/site-packages/airflow/example_dags/example_bash_operator.py took 0.214 seconds
[2023-06-15T23:17:42.809+0000] {processor.py:157} INFO - Started process (PID=2493) to work on /home/airflow/.local/lib/python3.7/site-packages/airflow/example_dags/example_bash_operator.py
[2023-06-15T23:17:42.812+0000] {processor.py:826} INFO - Processing file /home/airflow/.local/lib/python3.7/site-packages/airflow/example_dags/example_bash_operator.py for tasks to queue
[2023-06-15T23:17:42.813+0000] {logging_mixin.py:149} INFO - [2023-06-15T23:17:42.813+0000] {dagbag.py:541} INFO - Filling up the DagBag from /home/airflow/.local/lib/python3.7/site-packages/airflow/example_dags/example_bash_operator.py
[2023-06-15T23:17:42.837+0000] {processor.py:836} INFO - DAG(s) dict_keys(['example_bash_operator']) retrieved from /home/airflow/.local/lib/python3.7/site-packages/airflow/example_dags/example_bash_operator.py
[2023-06-15T23:17:42.898+0000] {logging_mixin.py:149} INFO - [2023-06-15T23:17:42.898+0000] {dag.py:2726} INFO - Sync 1 DAGs
[2023-06-15T23:17:42.937+0000] {logging_mixin.py:149} INFO - [2023-06-15T23:17:42.937+0000] {dag.py:3490} INFO - Setting next_dagrun for example_bash_operator to 2023-06-14T00:00:00+00:00, run_after=2023-06-15T00:00:00+00:00
[2023-06-15T23:17:42.980+0000] {processor.py:179} INFO - Processing /home/airflow/.local/lib/python3.7/site-packages/airflow/example_dags/example_bash_operator.py took 0.177 seconds
[2023-06-15T23:21:35.647+0000] {processor.py:157} INFO - Started process (PID=2800) to work on /home/airflow/.local/lib/python3.7/site-packages/airflow/example_dags/example_bash_operator.py
[2023-06-15T23:21:35.649+0000] {processor.py:826} INFO - Processing file /home/airflow/.local/lib/python3.7/site-packages/airflow/example_dags/example_bash_operator.py for tasks to queue
[2023-06-15T23:21:35.650+0000] {logging_mixin.py:149} INFO - [2023-06-15T23:21:35.650+0000] {dagbag.py:541} INFO - Filling up the DagBag from /home/airflow/.local/lib/python3.7/site-packages/airflow/example_dags/example_bash_operator.py
[2023-06-15T23:21:35.673+0000] {processor.py:836} INFO - DAG(s) dict_keys(['example_bash_operator']) retrieved from /home/airflow/.local/lib/python3.7/site-packages/airflow/example_dags/example_bash_operator.py
[2023-06-15T23:21:35.743+0000] {logging_mixin.py:149} INFO - [2023-06-15T23:21:35.743+0000] {dag.py:2726} INFO - Sync 1 DAGs
[2023-06-15T23:21:35.788+0000] {logging_mixin.py:149} INFO - [2023-06-15T23:21:35.787+0000] {dag.py:3490} INFO - Setting next_dagrun for example_bash_operator to 2023-06-14T00:00:00+00:00, run_after=2023-06-15T00:00:00+00:00
[2023-06-15T23:21:35.822+0000] {processor.py:179} INFO - Processing /home/airflow/.local/lib/python3.7/site-packages/airflow/example_dags/example_bash_operator.py took 0.180 seconds
[2023-06-15T23:22:20.524+0000] {processor.py:157} INFO - Started process (PID=2976) to work on /home/airflow/.local/lib/python3.7/site-packages/airflow/example_dags/example_bash_operator.py
[2023-06-15T23:22:20.527+0000] {processor.py:826} INFO - Processing file /home/airflow/.local/lib/python3.7/site-packages/airflow/example_dags/example_bash_operator.py for tasks to queue
[2023-06-15T23:22:20.529+0000] {logging_mixin.py:149} INFO - [2023-06-15T23:22:20.528+0000] {dagbag.py:541} INFO - Filling up the DagBag from /home/airflow/.local/lib/python3.7/site-packages/airflow/example_dags/example_bash_operator.py
[2023-06-15T23:22:20.557+0000] {processor.py:836} INFO - DAG(s) dict_keys(['example_bash_operator']) retrieved from /home/airflow/.local/lib/python3.7/site-packages/airflow/example_dags/example_bash_operator.py
[2023-06-15T23:22:20.624+0000] {logging_mixin.py:149} INFO - [2023-06-15T23:22:20.624+0000] {dag.py:2726} INFO - Sync 1 DAGs
[2023-06-15T23:22:20.668+0000] {logging_mixin.py:149} INFO - [2023-06-15T23:22:20.667+0000] {dag.py:3490} INFO - Setting next_dagrun for example_bash_operator to 2023-06-14T00:00:00+00:00, run_after=2023-06-15T00:00:00+00:00
[2023-06-15T23:22:20.715+0000] {processor.py:179} INFO - Processing /home/airflow/.local/lib/python3.7/site-packages/airflow/example_dags/example_bash_operator.py took 0.196 seconds
[2023-06-15T23:23:25.766+0000] {processor.py:157} INFO - Started process (PID=3199) to work on /home/airflow/.local/lib/python3.7/site-packages/airflow/example_dags/example_bash_operator.py
[2023-06-15T23:23:25.768+0000] {processor.py:826} INFO - Processing file /home/airflow/.local/lib/python3.7/site-packages/airflow/example_dags/example_bash_operator.py for tasks to queue
[2023-06-15T23:23:25.770+0000] {logging_mixin.py:149} INFO - [2023-06-15T23:23:25.769+0000] {dagbag.py:541} INFO - Filling up the DagBag from /home/airflow/.local/lib/python3.7/site-packages/airflow/example_dags/example_bash_operator.py
[2023-06-15T23:23:25.792+0000] {processor.py:836} INFO - DAG(s) dict_keys(['example_bash_operator']) retrieved from /home/airflow/.local/lib/python3.7/site-packages/airflow/example_dags/example_bash_operator.py
[2023-06-15T23:23:25.858+0000] {logging_mixin.py:149} INFO - [2023-06-15T23:23:25.858+0000] {dag.py:2726} INFO - Sync 1 DAGs
[2023-06-15T23:23:25.915+0000] {logging_mixin.py:149} INFO - [2023-06-15T23:23:25.915+0000] {dag.py:3490} INFO - Setting next_dagrun for example_bash_operator to 2023-06-14T00:00:00+00:00, run_after=2023-06-15T00:00:00+00:00
[2023-06-15T23:23:25.959+0000] {processor.py:179} INFO - Processing /home/airflow/.local/lib/python3.7/site-packages/airflow/example_dags/example_bash_operator.py took 0.199 seconds
[2023-06-15T23:24:08.157+0000] {processor.py:157} INFO - Started process (PID=3424) to work on /home/airflow/.local/lib/python3.7/site-packages/airflow/example_dags/example_bash_operator.py
[2023-06-15T23:24:08.160+0000] {processor.py:826} INFO - Processing file /home/airflow/.local/lib/python3.7/site-packages/airflow/example_dags/example_bash_operator.py for tasks to queue
[2023-06-15T23:24:08.161+0000] {logging_mixin.py:149} INFO - [2023-06-15T23:24:08.161+0000] {dagbag.py:541} INFO - Filling up the DagBag from /home/airflow/.local/lib/python3.7/site-packages/airflow/example_dags/example_bash_operator.py
[2023-06-15T23:24:08.186+0000] {processor.py:836} INFO - DAG(s) dict_keys(['example_bash_operator']) retrieved from /home/airflow/.local/lib/python3.7/site-packages/airflow/example_dags/example_bash_operator.py
[2023-06-15T23:24:08.245+0000] {logging_mixin.py:149} INFO - [2023-06-15T23:24:08.245+0000] {dag.py:2726} INFO - Sync 1 DAGs
[2023-06-15T23:24:08.658+0000] {logging_mixin.py:149} INFO - [2023-06-15T23:24:08.658+0000] {dag.py:3490} INFO - Setting next_dagrun for example_bash_operator to 2023-06-14T00:00:00+00:00, run_after=2023-06-15T00:00:00+00:00
[2023-06-15T23:24:08.699+0000] {processor.py:179} INFO - Processing /home/airflow/.local/lib/python3.7/site-packages/airflow/example_dags/example_bash_operator.py took 0.547 seconds
[2023-06-15T23:26:42.334+0000] {processor.py:157} INFO - Started process (PID=3674) to work on /home/airflow/.local/lib/python3.7/site-packages/airflow/example_dags/example_bash_operator.py
[2023-06-15T23:26:42.337+0000] {processor.py:826} INFO - Processing file /home/airflow/.local/lib/python3.7/site-packages/airflow/example_dags/example_bash_operator.py for tasks to queue
[2023-06-15T23:26:42.338+0000] {logging_mixin.py:149} INFO - [2023-06-15T23:26:42.338+0000] {dagbag.py:541} INFO - Filling up the DagBag from /home/airflow/.local/lib/python3.7/site-packages/airflow/example_dags/example_bash_operator.py
[2023-06-15T23:26:42.366+0000] {processor.py:836} INFO - DAG(s) dict_keys(['example_bash_operator']) retrieved from /home/airflow/.local/lib/python3.7/site-packages/airflow/example_dags/example_bash_operator.py
[2023-06-15T23:26:42.434+0000] {logging_mixin.py:149} INFO - [2023-06-15T23:26:42.434+0000] {dag.py:2726} INFO - Sync 1 DAGs
[2023-06-15T23:26:42.475+0000] {logging_mixin.py:149} INFO - [2023-06-15T23:26:42.475+0000] {dag.py:3490} INFO - Setting next_dagrun for example_bash_operator to 2023-06-14T00:00:00+00:00, run_after=2023-06-15T00:00:00+00:00
[2023-06-15T23:26:42.506+0000] {processor.py:179} INFO - Processing /home/airflow/.local/lib/python3.7/site-packages/airflow/example_dags/example_bash_operator.py took 0.177 seconds
[2023-06-15T23:27:58.303+0000] {processor.py:157} INFO - Started process (PID=3936) to work on /home/airflow/.local/lib/python3.7/site-packages/airflow/example_dags/example_bash_operator.py
[2023-06-15T23:27:58.305+0000] {processor.py:826} INFO - Processing file /home/airflow/.local/lib/python3.7/site-packages/airflow/example_dags/example_bash_operator.py for tasks to queue
[2023-06-15T23:27:58.306+0000] {logging_mixin.py:149} INFO - [2023-06-15T23:27:58.306+0000] {dagbag.py:541} INFO - Filling up the DagBag from /home/airflow/.local/lib/python3.7/site-packages/airflow/example_dags/example_bash_operator.py
[2023-06-15T23:27:58.329+0000] {processor.py:836} INFO - DAG(s) dict_keys(['example_bash_operator']) retrieved from /home/airflow/.local/lib/python3.7/site-packages/airflow/example_dags/example_bash_operator.py
[2023-06-15T23:27:58.393+0000] {logging_mixin.py:149} INFO - [2023-06-15T23:27:58.393+0000] {dag.py:2726} INFO - Sync 1 DAGs
[2023-06-15T23:27:58.433+0000] {logging_mixin.py:149} INFO - [2023-06-15T23:27:58.433+0000] {dag.py:3490} INFO - Setting next_dagrun for example_bash_operator to 2023-06-14T00:00:00+00:00, run_after=2023-06-15T00:00:00+00:00
[2023-06-15T23:27:58.493+0000] {processor.py:179} INFO - Processing /home/airflow/.local/lib/python3.7/site-packages/airflow/example_dags/example_bash_operator.py took 0.194 seconds
[2023-06-15T23:30:18.714+0000] {processor.py:157} INFO - Started process (PID=4178) to work on /home/airflow/.local/lib/python3.7/site-packages/airflow/example_dags/example_bash_operator.py
[2023-06-15T23:30:18.716+0000] {processor.py:826} INFO - Processing file /home/airflow/.local/lib/python3.7/site-packages/airflow/example_dags/example_bash_operator.py for tasks to queue
[2023-06-15T23:30:18.717+0000] {logging_mixin.py:149} INFO - [2023-06-15T23:30:18.717+0000] {dagbag.py:541} INFO - Filling up the DagBag from /home/airflow/.local/lib/python3.7/site-packages/airflow/example_dags/example_bash_operator.py
[2023-06-15T23:30:19.187+0000] {processor.py:836} INFO - DAG(s) dict_keys(['example_bash_operator']) retrieved from /home/airflow/.local/lib/python3.7/site-packages/airflow/example_dags/example_bash_operator.py
[2023-06-15T23:30:19.692+0000] {logging_mixin.py:149} INFO - [2023-06-15T23:30:19.692+0000] {dag.py:2726} INFO - Sync 1 DAGs
[2023-06-15T23:30:19.728+0000] {logging_mixin.py:149} INFO - [2023-06-15T23:30:19.728+0000] {dag.py:3490} INFO - Setting next_dagrun for example_bash_operator to 2023-06-14T00:00:00+00:00, run_after=2023-06-15T00:00:00+00:00
[2023-06-15T23:30:20.407+0000] {processor.py:179} INFO - Processing /home/airflow/.local/lib/python3.7/site-packages/airflow/example_dags/example_bash_operator.py took 1.697 seconds
[2023-06-15T23:32:04.113+0000] {processor.py:157} INFO - Started process (PID=4415) to work on /home/airflow/.local/lib/python3.7/site-packages/airflow/example_dags/example_bash_operator.py
[2023-06-15T23:32:04.116+0000] {processor.py:826} INFO - Processing file /home/airflow/.local/lib/python3.7/site-packages/airflow/example_dags/example_bash_operator.py for tasks to queue
[2023-06-15T23:32:04.117+0000] {logging_mixin.py:149} INFO - [2023-06-15T23:32:04.117+0000] {dagbag.py:541} INFO - Filling up the DagBag from /home/airflow/.local/lib/python3.7/site-packages/airflow/example_dags/example_bash_operator.py
[2023-06-15T23:32:04.150+0000] {processor.py:836} INFO - DAG(s) dict_keys(['example_bash_operator']) retrieved from /home/airflow/.local/lib/python3.7/site-packages/airflow/example_dags/example_bash_operator.py
[2023-06-15T23:32:04.231+0000] {logging_mixin.py:149} INFO - [2023-06-15T23:32:04.231+0000] {dag.py:2726} INFO - Sync 1 DAGs
[2023-06-15T23:32:04.264+0000] {logging_mixin.py:149} INFO - [2023-06-15T23:32:04.264+0000] {dag.py:3490} INFO - Setting next_dagrun for example_bash_operator to 2023-06-14T00:00:00+00:00, run_after=2023-06-15T00:00:00+00:00
[2023-06-15T23:32:04.292+0000] {processor.py:179} INFO - Processing /home/airflow/.local/lib/python3.7/site-packages/airflow/example_dags/example_bash_operator.py took 0.184 seconds
[2023-06-15T23:33:25.252+0000] {processor.py:157} INFO - Started process (PID=4580) to work on /home/airflow/.local/lib/python3.7/site-packages/airflow/example_dags/example_bash_operator.py
[2023-06-15T23:33:25.254+0000] {processor.py:826} INFO - Processing file /home/airflow/.local/lib/python3.7/site-packages/airflow/example_dags/example_bash_operator.py for tasks to queue
[2023-06-15T23:33:25.255+0000] {logging_mixin.py:149} INFO - [2023-06-15T23:33:25.255+0000] {dagbag.py:541} INFO - Filling up the DagBag from /home/airflow/.local/lib/python3.7/site-packages/airflow/example_dags/example_bash_operator.py
[2023-06-15T23:33:25.279+0000] {processor.py:836} INFO - DAG(s) dict_keys(['example_bash_operator']) retrieved from /home/airflow/.local/lib/python3.7/site-packages/airflow/example_dags/example_bash_operator.py
[2023-06-15T23:33:26.084+0000] {logging_mixin.py:149} INFO - [2023-06-15T23:33:26.083+0000] {dag.py:2726} INFO - Sync 1 DAGs
[2023-06-15T23:33:28.758+0000] {logging_mixin.py:149} INFO - [2023-06-15T23:33:28.758+0000] {dag.py:3490} INFO - Setting next_dagrun for example_bash_operator to 2023-06-14T00:00:00+00:00, run_after=2023-06-15T00:00:00+00:00
[2023-06-15T23:33:28.958+0000] {processor.py:179} INFO - Processing /home/airflow/.local/lib/python3.7/site-packages/airflow/example_dags/example_bash_operator.py took 3.710 seconds
[2023-06-15T23:35:12.701+0000] {processor.py:157} INFO - Started process (PID=4805) to work on /home/airflow/.local/lib/python3.7/site-packages/airflow/example_dags/example_bash_operator.py
[2023-06-15T23:35:12.704+0000] {processor.py:826} INFO - Processing file /home/airflow/.local/lib/python3.7/site-packages/airflow/example_dags/example_bash_operator.py for tasks to queue
[2023-06-15T23:35:12.706+0000] {logging_mixin.py:149} INFO - [2023-06-15T23:35:12.706+0000] {dagbag.py:541} INFO - Filling up the DagBag from /home/airflow/.local/lib/python3.7/site-packages/airflow/example_dags/example_bash_operator.py
[2023-06-15T23:35:12.737+0000] {processor.py:836} INFO - DAG(s) dict_keys(['example_bash_operator']) retrieved from /home/airflow/.local/lib/python3.7/site-packages/airflow/example_dags/example_bash_operator.py
[2023-06-15T23:35:12.803+0000] {logging_mixin.py:149} INFO - [2023-06-15T23:35:12.803+0000] {dag.py:2726} INFO - Sync 1 DAGs
[2023-06-15T23:35:12.840+0000] {logging_mixin.py:149} INFO - [2023-06-15T23:35:12.840+0000] {dag.py:3490} INFO - Setting next_dagrun for example_bash_operator to 2023-06-14T00:00:00+00:00, run_after=2023-06-15T00:00:00+00:00
[2023-06-15T23:35:12.871+0000] {processor.py:179} INFO - Processing /home/airflow/.local/lib/python3.7/site-packages/airflow/example_dags/example_bash_operator.py took 0.176 seconds
[2023-06-15T23:36:34.222+0000] {processor.py:157} INFO - Started process (PID=5028) to work on /home/airflow/.local/lib/python3.7/site-packages/airflow/example_dags/example_bash_operator.py
[2023-06-15T23:36:34.224+0000] {processor.py:826} INFO - Processing file /home/airflow/.local/lib/python3.7/site-packages/airflow/example_dags/example_bash_operator.py for tasks to queue
[2023-06-15T23:36:34.226+0000] {logging_mixin.py:149} INFO - [2023-06-15T23:36:34.226+0000] {dagbag.py:541} INFO - Filling up the DagBag from /home/airflow/.local/lib/python3.7/site-packages/airflow/example_dags/example_bash_operator.py
[2023-06-15T23:36:34.250+0000] {processor.py:836} INFO - DAG(s) dict_keys(['example_bash_operator']) retrieved from /home/airflow/.local/lib/python3.7/site-packages/airflow/example_dags/example_bash_operator.py
[2023-06-15T23:36:42.859+0000] {logging_mixin.py:149} INFO - [2023-06-15T23:36:42.859+0000] {dag.py:2726} INFO - Sync 1 DAGs
[2023-06-15T23:37:02.347+0000] {logging_mixin.py:149} INFO - [2023-06-15T23:37:02.344+0000] {dag.py:3490} INFO - Setting next_dagrun for example_bash_operator to 2023-06-14T00:00:00+00:00, run_after=2023-06-15T00:00:00+00:00
[2023-06-15T23:37:22.342+0000] {processor.py:179} INFO - Processing /home/airflow/.local/lib/python3.7/site-packages/airflow/example_dags/example_bash_operator.py took 48.246 seconds
