[2023-06-15T23:00:49.732+0000] {processor.py:157} INFO - Started process (PID=191) to work on /home/airflow/.local/lib/python3.7/site-packages/airflow/example_dags/example_nested_branch_dag.py
[2023-06-15T23:00:49.734+0000] {processor.py:826} INFO - Processing file /home/airflow/.local/lib/python3.7/site-packages/airflow/example_dags/example_nested_branch_dag.py for tasks to queue
[2023-06-15T23:00:49.735+0000] {logging_mixin.py:149} INFO - [2023-06-15T23:00:49.735+0000] {dagbag.py:541} INFO - Filling up the DagBag from /home/airflow/.local/lib/python3.7/site-packages/airflow/example_dags/example_nested_branch_dag.py
[2023-06-15T23:00:49.760+0000] {processor.py:836} INFO - DAG(s) dict_keys(['example_nested_branch_dag']) retrieved from /home/airflow/.local/lib/python3.7/site-packages/airflow/example_dags/example_nested_branch_dag.py
[2023-06-15T23:00:49.808+0000] {logging_mixin.py:149} INFO - [2023-06-15T23:00:49.808+0000] {dag.py:2726} INFO - Sync 1 DAGs
[2023-06-15T23:00:49.848+0000] {logging_mixin.py:149} INFO - [2023-06-15T23:00:49.848+0000] {dag.py:3490} INFO - Setting next_dagrun for example_nested_branch_dag to 2023-06-14T00:00:00+00:00, run_after=2023-06-15T00:00:00+00:00
[2023-06-15T23:00:49.884+0000] {processor.py:179} INFO - Processing /home/airflow/.local/lib/python3.7/site-packages/airflow/example_dags/example_nested_branch_dag.py took 0.157 seconds
[2023-06-15T23:04:37.650+0000] {processor.py:157} INFO - Started process (PID=435) to work on /home/airflow/.local/lib/python3.7/site-packages/airflow/example_dags/example_nested_branch_dag.py
[2023-06-15T23:04:37.654+0000] {processor.py:826} INFO - Processing file /home/airflow/.local/lib/python3.7/site-packages/airflow/example_dags/example_nested_branch_dag.py for tasks to queue
[2023-06-15T23:04:37.658+0000] {logging_mixin.py:149} INFO - [2023-06-15T23:04:37.658+0000] {dagbag.py:541} INFO - Filling up the DagBag from /home/airflow/.local/lib/python3.7/site-packages/airflow/example_dags/example_nested_branch_dag.py
[2023-06-15T23:04:37.690+0000] {processor.py:836} INFO - DAG(s) dict_keys(['example_nested_branch_dag']) retrieved from /home/airflow/.local/lib/python3.7/site-packages/airflow/example_dags/example_nested_branch_dag.py
[2023-06-15T23:04:37.756+0000] {logging_mixin.py:149} INFO - [2023-06-15T23:04:37.756+0000] {dag.py:2726} INFO - Sync 1 DAGs
[2023-06-15T23:04:37.814+0000] {logging_mixin.py:149} INFO - [2023-06-15T23:04:37.814+0000] {dag.py:3490} INFO - Setting next_dagrun for example_nested_branch_dag to 2023-06-14T00:00:00+00:00, run_after=2023-06-15T00:00:00+00:00
[2023-06-15T23:04:38.738+0000] {processor.py:179} INFO - Processing /home/airflow/.local/lib/python3.7/site-packages/airflow/example_dags/example_nested_branch_dag.py took 1.094 seconds
[2023-06-15T23:06:15.945+0000] {processor.py:157} INFO - Started process (PID=581) to work on /home/airflow/.local/lib/python3.7/site-packages/airflow/example_dags/example_nested_branch_dag.py
[2023-06-15T23:06:15.947+0000] {processor.py:826} INFO - Processing file /home/airflow/.local/lib/python3.7/site-packages/airflow/example_dags/example_nested_branch_dag.py for tasks to queue
[2023-06-15T23:06:15.948+0000] {logging_mixin.py:149} INFO - [2023-06-15T23:06:15.948+0000] {dagbag.py:541} INFO - Filling up the DagBag from /home/airflow/.local/lib/python3.7/site-packages/airflow/example_dags/example_nested_branch_dag.py
[2023-06-15T23:06:15.964+0000] {processor.py:836} INFO - DAG(s) dict_keys(['example_nested_branch_dag']) retrieved from /home/airflow/.local/lib/python3.7/site-packages/airflow/example_dags/example_nested_branch_dag.py
[2023-06-15T23:06:16.003+0000] {logging_mixin.py:149} INFO - [2023-06-15T23:06:16.002+0000] {dag.py:2726} INFO - Sync 1 DAGs
[2023-06-15T23:06:16.057+0000] {logging_mixin.py:149} INFO - [2023-06-15T23:06:16.057+0000] {dag.py:3490} INFO - Setting next_dagrun for example_nested_branch_dag to 2023-06-14T00:00:00+00:00, run_after=2023-06-15T00:00:00+00:00
[2023-06-15T23:06:16.385+0000] {processor.py:179} INFO - Processing /home/airflow/.local/lib/python3.7/site-packages/airflow/example_dags/example_nested_branch_dag.py took 0.444 seconds
[2023-06-15T23:06:54.335+0000] {processor.py:157} INFO - Started process (PID=818) to work on /home/airflow/.local/lib/python3.7/site-packages/airflow/example_dags/example_nested_branch_dag.py
[2023-06-15T23:06:54.339+0000] {processor.py:826} INFO - Processing file /home/airflow/.local/lib/python3.7/site-packages/airflow/example_dags/example_nested_branch_dag.py for tasks to queue
[2023-06-15T23:06:54.341+0000] {logging_mixin.py:149} INFO - [2023-06-15T23:06:54.341+0000] {dagbag.py:541} INFO - Filling up the DagBag from /home/airflow/.local/lib/python3.7/site-packages/airflow/example_dags/example_nested_branch_dag.py
[2023-06-15T23:06:54.363+0000] {processor.py:836} INFO - DAG(s) dict_keys(['example_nested_branch_dag']) retrieved from /home/airflow/.local/lib/python3.7/site-packages/airflow/example_dags/example_nested_branch_dag.py
[2023-06-15T23:06:54.440+0000] {logging_mixin.py:149} INFO - [2023-06-15T23:06:54.440+0000] {dag.py:2726} INFO - Sync 1 DAGs
[2023-06-15T23:06:54.502+0000] {logging_mixin.py:149} INFO - [2023-06-15T23:06:54.501+0000] {dag.py:3490} INFO - Setting next_dagrun for example_nested_branch_dag to 2023-06-14T00:00:00+00:00, run_after=2023-06-15T00:00:00+00:00
[2023-06-15T23:06:54.581+0000] {processor.py:179} INFO - Processing /home/airflow/.local/lib/python3.7/site-packages/airflow/example_dags/example_nested_branch_dag.py took 0.252 seconds
[2023-06-15T23:07:49.184+0000] {processor.py:157} INFO - Started process (PID=938) to work on /home/airflow/.local/lib/python3.7/site-packages/airflow/example_dags/example_nested_branch_dag.py
[2023-06-15T23:07:49.186+0000] {processor.py:826} INFO - Processing file /home/airflow/.local/lib/python3.7/site-packages/airflow/example_dags/example_nested_branch_dag.py for tasks to queue
[2023-06-15T23:07:49.187+0000] {logging_mixin.py:149} INFO - [2023-06-15T23:07:49.187+0000] {dagbag.py:541} INFO - Filling up the DagBag from /home/airflow/.local/lib/python3.7/site-packages/airflow/example_dags/example_nested_branch_dag.py
[2023-06-15T23:07:49.483+0000] {processor.py:836} INFO - DAG(s) dict_keys(['example_nested_branch_dag']) retrieved from /home/airflow/.local/lib/python3.7/site-packages/airflow/example_dags/example_nested_branch_dag.py
[2023-06-15T23:07:50.259+0000] {logging_mixin.py:149} INFO - [2023-06-15T23:07:50.259+0000] {dag.py:2726} INFO - Sync 1 DAGs
[2023-06-15T23:07:51.242+0000] {logging_mixin.py:149} INFO - [2023-06-15T23:07:51.242+0000] {dag.py:3490} INFO - Setting next_dagrun for example_nested_branch_dag to 2023-06-14T00:00:00+00:00, run_after=2023-06-15T00:00:00+00:00
[2023-06-15T23:07:53.598+0000] {processor.py:179} INFO - Processing /home/airflow/.local/lib/python3.7/site-packages/airflow/example_dags/example_nested_branch_dag.py took 4.419 seconds
[2023-06-15T23:08:46.907+0000] {processor.py:157} INFO - Started process (PID=1097) to work on /home/airflow/.local/lib/python3.7/site-packages/airflow/example_dags/example_nested_branch_dag.py
[2023-06-15T23:08:46.910+0000] {processor.py:826} INFO - Processing file /home/airflow/.local/lib/python3.7/site-packages/airflow/example_dags/example_nested_branch_dag.py for tasks to queue
[2023-06-15T23:08:46.912+0000] {logging_mixin.py:149} INFO - [2023-06-15T23:08:46.912+0000] {dagbag.py:541} INFO - Filling up the DagBag from /home/airflow/.local/lib/python3.7/site-packages/airflow/example_dags/example_nested_branch_dag.py
[2023-06-15T23:08:46.931+0000] {processor.py:836} INFO - DAG(s) dict_keys(['example_nested_branch_dag']) retrieved from /home/airflow/.local/lib/python3.7/site-packages/airflow/example_dags/example_nested_branch_dag.py
[2023-06-15T23:08:47.482+0000] {logging_mixin.py:149} INFO - [2023-06-15T23:08:47.482+0000] {dag.py:2726} INFO - Sync 1 DAGs
[2023-06-15T23:08:53.262+0000] {logging_mixin.py:149} INFO - [2023-06-15T23:08:53.261+0000] {dag.py:3490} INFO - Setting next_dagrun for example_nested_branch_dag to 2023-06-14T00:00:00+00:00, run_after=2023-06-15T00:00:00+00:00
[2023-06-15T23:08:55.722+0000] {processor.py:179} INFO - Processing /home/airflow/.local/lib/python3.7/site-packages/airflow/example_dags/example_nested_branch_dag.py took 11.828 seconds
[2023-06-15T23:10:52.139+0000] {processor.py:157} INFO - Started process (PID=1298) to work on /home/airflow/.local/lib/python3.7/site-packages/airflow/example_dags/example_nested_branch_dag.py
[2023-06-15T23:10:52.143+0000] {processor.py:826} INFO - Processing file /home/airflow/.local/lib/python3.7/site-packages/airflow/example_dags/example_nested_branch_dag.py for tasks to queue
[2023-06-15T23:10:52.146+0000] {logging_mixin.py:149} INFO - [2023-06-15T23:10:52.146+0000] {dagbag.py:541} INFO - Filling up the DagBag from /home/airflow/.local/lib/python3.7/site-packages/airflow/example_dags/example_nested_branch_dag.py
[2023-06-15T23:10:52.192+0000] {processor.py:836} INFO - DAG(s) dict_keys(['example_nested_branch_dag']) retrieved from /home/airflow/.local/lib/python3.7/site-packages/airflow/example_dags/example_nested_branch_dag.py
[2023-06-15T23:10:52.246+0000] {logging_mixin.py:149} INFO - [2023-06-15T23:10:52.246+0000] {dag.py:2726} INFO - Sync 1 DAGs
[2023-06-15T23:10:52.295+0000] {logging_mixin.py:149} INFO - [2023-06-15T23:10:52.295+0000] {dag.py:3490} INFO - Setting next_dagrun for example_nested_branch_dag to 2023-06-14T00:00:00+00:00, run_after=2023-06-15T00:00:00+00:00
[2023-06-15T23:10:56.269+0000] {processor.py:179} INFO - Processing /home/airflow/.local/lib/python3.7/site-packages/airflow/example_dags/example_nested_branch_dag.py took 4.136 seconds
[2023-06-15T23:11:26.749+0000] {processor.py:157} INFO - Started process (PID=1531) to work on /home/airflow/.local/lib/python3.7/site-packages/airflow/example_dags/example_nested_branch_dag.py
[2023-06-15T23:11:26.751+0000] {processor.py:826} INFO - Processing file /home/airflow/.local/lib/python3.7/site-packages/airflow/example_dags/example_nested_branch_dag.py for tasks to queue
[2023-06-15T23:11:26.753+0000] {logging_mixin.py:149} INFO - [2023-06-15T23:11:26.752+0000] {dagbag.py:541} INFO - Filling up the DagBag from /home/airflow/.local/lib/python3.7/site-packages/airflow/example_dags/example_nested_branch_dag.py
[2023-06-15T23:11:26.768+0000] {processor.py:836} INFO - DAG(s) dict_keys(['example_nested_branch_dag']) retrieved from /home/airflow/.local/lib/python3.7/site-packages/airflow/example_dags/example_nested_branch_dag.py
[2023-06-15T23:11:26.832+0000] {logging_mixin.py:149} INFO - [2023-06-15T23:11:26.832+0000] {dag.py:2726} INFO - Sync 1 DAGs
[2023-06-15T23:11:26.865+0000] {logging_mixin.py:149} INFO - [2023-06-15T23:11:26.865+0000] {dag.py:3490} INFO - Setting next_dagrun for example_nested_branch_dag to 2023-06-14T00:00:00+00:00, run_after=2023-06-15T00:00:00+00:00
[2023-06-15T23:11:26.891+0000] {processor.py:179} INFO - Processing /home/airflow/.local/lib/python3.7/site-packages/airflow/example_dags/example_nested_branch_dag.py took 0.147 seconds
[2023-06-15T23:12:18.442+0000] {processor.py:157} INFO - Started process (PID=1577) to work on /home/airflow/.local/lib/python3.7/site-packages/airflow/example_dags/example_nested_branch_dag.py
[2023-06-15T23:12:18.444+0000] {processor.py:826} INFO - Processing file /home/airflow/.local/lib/python3.7/site-packages/airflow/example_dags/example_nested_branch_dag.py for tasks to queue
[2023-06-15T23:12:18.448+0000] {logging_mixin.py:149} INFO - [2023-06-15T23:12:18.447+0000] {dagbag.py:541} INFO - Filling up the DagBag from /home/airflow/.local/lib/python3.7/site-packages/airflow/example_dags/example_nested_branch_dag.py
[2023-06-15T23:12:18.464+0000] {processor.py:836} INFO - DAG(s) dict_keys(['example_nested_branch_dag']) retrieved from /home/airflow/.local/lib/python3.7/site-packages/airflow/example_dags/example_nested_branch_dag.py
[2023-06-15T23:12:18.505+0000] {logging_mixin.py:149} INFO - [2023-06-15T23:12:18.505+0000] {dag.py:2726} INFO - Sync 1 DAGs
[2023-06-15T23:12:18.551+0000] {logging_mixin.py:149} INFO - [2023-06-15T23:12:18.551+0000] {dag.py:3490} INFO - Setting next_dagrun for example_nested_branch_dag to 2023-06-14T00:00:00+00:00, run_after=2023-06-15T00:00:00+00:00
[2023-06-15T23:12:18.686+0000] {processor.py:179} INFO - Processing /home/airflow/.local/lib/python3.7/site-packages/airflow/example_dags/example_nested_branch_dag.py took 0.251 seconds
[2023-06-15T23:13:25.906+0000] {processor.py:157} INFO - Started process (PID=1789) to work on /home/airflow/.local/lib/python3.7/site-packages/airflow/example_dags/example_nested_branch_dag.py
[2023-06-15T23:13:25.908+0000] {processor.py:826} INFO - Processing file /home/airflow/.local/lib/python3.7/site-packages/airflow/example_dags/example_nested_branch_dag.py for tasks to queue
[2023-06-15T23:13:25.909+0000] {logging_mixin.py:149} INFO - [2023-06-15T23:13:25.909+0000] {dagbag.py:541} INFO - Filling up the DagBag from /home/airflow/.local/lib/python3.7/site-packages/airflow/example_dags/example_nested_branch_dag.py
[2023-06-15T23:13:25.925+0000] {processor.py:836} INFO - DAG(s) dict_keys(['example_nested_branch_dag']) retrieved from /home/airflow/.local/lib/python3.7/site-packages/airflow/example_dags/example_nested_branch_dag.py
[2023-06-15T23:13:25.970+0000] {logging_mixin.py:149} INFO - [2023-06-15T23:13:25.970+0000] {dag.py:2726} INFO - Sync 1 DAGs
[2023-06-15T23:13:26.013+0000] {logging_mixin.py:149} INFO - [2023-06-15T23:13:26.013+0000] {dag.py:3490} INFO - Setting next_dagrun for example_nested_branch_dag to 2023-06-14T00:00:00+00:00, run_after=2023-06-15T00:00:00+00:00
[2023-06-15T23:13:26.051+0000] {processor.py:179} INFO - Processing /home/airflow/.local/lib/python3.7/site-packages/airflow/example_dags/example_nested_branch_dag.py took 0.151 seconds
[2023-06-15T23:14:58.377+0000] {processor.py:157} INFO - Started process (PID=1916) to work on /home/airflow/.local/lib/python3.7/site-packages/airflow/example_dags/example_nested_branch_dag.py
[2023-06-15T23:14:58.378+0000] {processor.py:826} INFO - Processing file /home/airflow/.local/lib/python3.7/site-packages/airflow/example_dags/example_nested_branch_dag.py for tasks to queue
[2023-06-15T23:14:58.380+0000] {logging_mixin.py:149} INFO - [2023-06-15T23:14:58.379+0000] {dagbag.py:541} INFO - Filling up the DagBag from /home/airflow/.local/lib/python3.7/site-packages/airflow/example_dags/example_nested_branch_dag.py
[2023-06-15T23:14:58.393+0000] {processor.py:836} INFO - DAG(s) dict_keys(['example_nested_branch_dag']) retrieved from /home/airflow/.local/lib/python3.7/site-packages/airflow/example_dags/example_nested_branch_dag.py
[2023-06-15T23:14:58.426+0000] {logging_mixin.py:149} INFO - [2023-06-15T23:14:58.426+0000] {dag.py:2726} INFO - Sync 1 DAGs
[2023-06-15T23:14:58.462+0000] {logging_mixin.py:149} INFO - [2023-06-15T23:14:58.461+0000] {dag.py:3490} INFO - Setting next_dagrun for example_nested_branch_dag to 2023-06-14T00:00:00+00:00, run_after=2023-06-15T00:00:00+00:00
[2023-06-15T23:14:58.490+0000] {processor.py:179} INFO - Processing /home/airflow/.local/lib/python3.7/site-packages/airflow/example_dags/example_nested_branch_dag.py took 0.119 seconds
[2023-06-15T23:15:43.714+0000] {processor.py:157} INFO - Started process (PID=2129) to work on /home/airflow/.local/lib/python3.7/site-packages/airflow/example_dags/example_nested_branch_dag.py
[2023-06-15T23:15:43.717+0000] {processor.py:826} INFO - Processing file /home/airflow/.local/lib/python3.7/site-packages/airflow/example_dags/example_nested_branch_dag.py for tasks to queue
[2023-06-15T23:15:43.719+0000] {logging_mixin.py:149} INFO - [2023-06-15T23:15:43.719+0000] {dagbag.py:541} INFO - Filling up the DagBag from /home/airflow/.local/lib/python3.7/site-packages/airflow/example_dags/example_nested_branch_dag.py
[2023-06-15T23:15:43.741+0000] {processor.py:836} INFO - DAG(s) dict_keys(['example_nested_branch_dag']) retrieved from /home/airflow/.local/lib/python3.7/site-packages/airflow/example_dags/example_nested_branch_dag.py
[2023-06-15T23:15:43.796+0000] {logging_mixin.py:149} INFO - [2023-06-15T23:15:43.795+0000] {dag.py:2726} INFO - Sync 1 DAGs
[2023-06-15T23:15:43.843+0000] {logging_mixin.py:149} INFO - [2023-06-15T23:15:43.843+0000] {dag.py:3490} INFO - Setting next_dagrun for example_nested_branch_dag to 2023-06-14T00:00:00+00:00, run_after=2023-06-15T00:00:00+00:00
[2023-06-15T23:15:43.890+0000] {processor.py:179} INFO - Processing /home/airflow/.local/lib/python3.7/site-packages/airflow/example_dags/example_nested_branch_dag.py took 0.181 seconds
[2023-06-15T23:16:48.186+0000] {processor.py:157} INFO - Started process (PID=2232) to work on /home/airflow/.local/lib/python3.7/site-packages/airflow/example_dags/example_nested_branch_dag.py
[2023-06-15T23:16:48.192+0000] {processor.py:826} INFO - Processing file /home/airflow/.local/lib/python3.7/site-packages/airflow/example_dags/example_nested_branch_dag.py for tasks to queue
[2023-06-15T23:16:48.195+0000] {logging_mixin.py:149} INFO - [2023-06-15T23:16:48.195+0000] {dagbag.py:541} INFO - Filling up the DagBag from /home/airflow/.local/lib/python3.7/site-packages/airflow/example_dags/example_nested_branch_dag.py
[2023-06-15T23:16:48.468+0000] {processor.py:836} INFO - DAG(s) dict_keys(['example_nested_branch_dag']) retrieved from /home/airflow/.local/lib/python3.7/site-packages/airflow/example_dags/example_nested_branch_dag.py
[2023-06-15T23:16:48.587+0000] {logging_mixin.py:149} INFO - [2023-06-15T23:16:48.587+0000] {dag.py:2726} INFO - Sync 1 DAGs
[2023-06-15T23:16:48.631+0000] {logging_mixin.py:149} INFO - [2023-06-15T23:16:48.631+0000] {dag.py:3490} INFO - Setting next_dagrun for example_nested_branch_dag to 2023-06-14T00:00:00+00:00, run_after=2023-06-15T00:00:00+00:00
[2023-06-15T23:16:48.663+0000] {processor.py:179} INFO - Processing /home/airflow/.local/lib/python3.7/site-packages/airflow/example_dags/example_nested_branch_dag.py took 0.488 seconds
[2023-06-15T23:17:40.685+0000] {processor.py:157} INFO - Started process (PID=2445) to work on /home/airflow/.local/lib/python3.7/site-packages/airflow/example_dags/example_nested_branch_dag.py
[2023-06-15T23:17:40.687+0000] {processor.py:826} INFO - Processing file /home/airflow/.local/lib/python3.7/site-packages/airflow/example_dags/example_nested_branch_dag.py for tasks to queue
[2023-06-15T23:17:40.689+0000] {logging_mixin.py:149} INFO - [2023-06-15T23:17:40.688+0000] {dagbag.py:541} INFO - Filling up the DagBag from /home/airflow/.local/lib/python3.7/site-packages/airflow/example_dags/example_nested_branch_dag.py
[2023-06-15T23:17:40.704+0000] {processor.py:836} INFO - DAG(s) dict_keys(['example_nested_branch_dag']) retrieved from /home/airflow/.local/lib/python3.7/site-packages/airflow/example_dags/example_nested_branch_dag.py
[2023-06-15T23:17:40.750+0000] {logging_mixin.py:149} INFO - [2023-06-15T23:17:40.750+0000] {dag.py:2726} INFO - Sync 1 DAGs
[2023-06-15T23:17:40.793+0000] {logging_mixin.py:149} INFO - [2023-06-15T23:17:40.793+0000] {dag.py:3490} INFO - Setting next_dagrun for example_nested_branch_dag to 2023-06-14T00:00:00+00:00, run_after=2023-06-15T00:00:00+00:00
[2023-06-15T23:17:41.085+0000] {processor.py:179} INFO - Processing /home/airflow/.local/lib/python3.7/site-packages/airflow/example_dags/example_nested_branch_dag.py took 0.406 seconds
[2023-06-15T23:18:19.729+0000] {processor.py:157} INFO - Started process (PID=2596) to work on /home/airflow/.local/lib/python3.7/site-packages/airflow/example_dags/example_nested_branch_dag.py
[2023-06-15T23:18:19.731+0000] {processor.py:826} INFO - Processing file /home/airflow/.local/lib/python3.7/site-packages/airflow/example_dags/example_nested_branch_dag.py for tasks to queue
[2023-06-15T23:18:19.732+0000] {logging_mixin.py:149} INFO - [2023-06-15T23:18:19.732+0000] {dagbag.py:541} INFO - Filling up the DagBag from /home/airflow/.local/lib/python3.7/site-packages/airflow/example_dags/example_nested_branch_dag.py
[2023-06-15T23:18:19.934+0000] {processor.py:836} INFO - DAG(s) dict_keys(['example_nested_branch_dag']) retrieved from /home/airflow/.local/lib/python3.7/site-packages/airflow/example_dags/example_nested_branch_dag.py
[2023-06-15T23:18:20.608+0000] {logging_mixin.py:149} INFO - [2023-06-15T23:18:20.608+0000] {dag.py:2726} INFO - Sync 1 DAGs
[2023-06-15T23:18:20.802+0000] {logging_mixin.py:149} INFO - [2023-06-15T23:18:20.801+0000] {dag.py:3490} INFO - Setting next_dagrun for example_nested_branch_dag to 2023-06-14T00:00:00+00:00, run_after=2023-06-15T00:00:00+00:00
[2023-06-15T23:18:24.062+0000] {processor.py:179} INFO - Processing /home/airflow/.local/lib/python3.7/site-packages/airflow/example_dags/example_nested_branch_dag.py took 4.343 seconds
[2023-06-15T23:21:34.369+0000] {processor.py:157} INFO - Started process (PID=2750) to work on /home/airflow/.local/lib/python3.7/site-packages/airflow/example_dags/example_nested_branch_dag.py
[2023-06-15T23:21:34.371+0000] {processor.py:826} INFO - Processing file /home/airflow/.local/lib/python3.7/site-packages/airflow/example_dags/example_nested_branch_dag.py for tasks to queue
[2023-06-15T23:21:34.372+0000] {logging_mixin.py:149} INFO - [2023-06-15T23:21:34.372+0000] {dagbag.py:541} INFO - Filling up the DagBag from /home/airflow/.local/lib/python3.7/site-packages/airflow/example_dags/example_nested_branch_dag.py
[2023-06-15T23:21:34.387+0000] {processor.py:836} INFO - DAG(s) dict_keys(['example_nested_branch_dag']) retrieved from /home/airflow/.local/lib/python3.7/site-packages/airflow/example_dags/example_nested_branch_dag.py
[2023-06-15T23:21:34.421+0000] {logging_mixin.py:149} INFO - [2023-06-15T23:21:34.421+0000] {dag.py:2726} INFO - Sync 1 DAGs
[2023-06-15T23:21:34.453+0000] {logging_mixin.py:149} INFO - [2023-06-15T23:21:34.453+0000] {dag.py:3490} INFO - Setting next_dagrun for example_nested_branch_dag to 2023-06-14T00:00:00+00:00, run_after=2023-06-15T00:00:00+00:00
[2023-06-15T23:21:34.482+0000] {processor.py:179} INFO - Processing /home/airflow/.local/lib/python3.7/site-packages/airflow/example_dags/example_nested_branch_dag.py took 0.117 seconds
[2023-06-15T23:22:17.858+0000] {processor.py:157} INFO - Started process (PID=2926) to work on /home/airflow/.local/lib/python3.7/site-packages/airflow/example_dags/example_nested_branch_dag.py
[2023-06-15T23:22:17.860+0000] {processor.py:826} INFO - Processing file /home/airflow/.local/lib/python3.7/site-packages/airflow/example_dags/example_nested_branch_dag.py for tasks to queue
[2023-06-15T23:22:17.861+0000] {logging_mixin.py:149} INFO - [2023-06-15T23:22:17.861+0000] {dagbag.py:541} INFO - Filling up the DagBag from /home/airflow/.local/lib/python3.7/site-packages/airflow/example_dags/example_nested_branch_dag.py
[2023-06-15T23:22:17.880+0000] {processor.py:836} INFO - DAG(s) dict_keys(['example_nested_branch_dag']) retrieved from /home/airflow/.local/lib/python3.7/site-packages/airflow/example_dags/example_nested_branch_dag.py
[2023-06-15T23:22:17.939+0000] {logging_mixin.py:149} INFO - [2023-06-15T23:22:17.939+0000] {dag.py:2726} INFO - Sync 1 DAGs
[2023-06-15T23:22:17.995+0000] {logging_mixin.py:149} INFO - [2023-06-15T23:22:17.995+0000] {dag.py:3490} INFO - Setting next_dagrun for example_nested_branch_dag to 2023-06-14T00:00:00+00:00, run_after=2023-06-15T00:00:00+00:00
[2023-06-15T23:22:19.206+0000] {processor.py:179} INFO - Processing /home/airflow/.local/lib/python3.7/site-packages/airflow/example_dags/example_nested_branch_dag.py took 1.353 seconds
[2023-06-15T23:23:24.375+0000] {processor.py:157} INFO - Started process (PID=3151) to work on /home/airflow/.local/lib/python3.7/site-packages/airflow/example_dags/example_nested_branch_dag.py
[2023-06-15T23:23:24.377+0000] {processor.py:826} INFO - Processing file /home/airflow/.local/lib/python3.7/site-packages/airflow/example_dags/example_nested_branch_dag.py for tasks to queue
[2023-06-15T23:23:24.378+0000] {logging_mixin.py:149} INFO - [2023-06-15T23:23:24.378+0000] {dagbag.py:541} INFO - Filling up the DagBag from /home/airflow/.local/lib/python3.7/site-packages/airflow/example_dags/example_nested_branch_dag.py
[2023-06-15T23:23:24.391+0000] {processor.py:836} INFO - DAG(s) dict_keys(['example_nested_branch_dag']) retrieved from /home/airflow/.local/lib/python3.7/site-packages/airflow/example_dags/example_nested_branch_dag.py
[2023-06-15T23:23:24.428+0000] {logging_mixin.py:149} INFO - [2023-06-15T23:23:24.428+0000] {dag.py:2726} INFO - Sync 1 DAGs
[2023-06-15T23:23:24.463+0000] {logging_mixin.py:149} INFO - [2023-06-15T23:23:24.463+0000] {dag.py:3490} INFO - Setting next_dagrun for example_nested_branch_dag to 2023-06-14T00:00:00+00:00, run_after=2023-06-15T00:00:00+00:00
[2023-06-15T23:23:24.496+0000] {processor.py:179} INFO - Processing /home/airflow/.local/lib/python3.7/site-packages/airflow/example_dags/example_nested_branch_dag.py took 0.124 seconds
[2023-06-15T23:23:58.861+0000] {processor.py:157} INFO - Started process (PID=3373) to work on /home/airflow/.local/lib/python3.7/site-packages/airflow/example_dags/example_nested_branch_dag.py
[2023-06-15T23:23:58.863+0000] {processor.py:826} INFO - Processing file /home/airflow/.local/lib/python3.7/site-packages/airflow/example_dags/example_nested_branch_dag.py for tasks to queue
[2023-06-15T23:23:58.864+0000] {logging_mixin.py:149} INFO - [2023-06-15T23:23:58.864+0000] {dagbag.py:541} INFO - Filling up the DagBag from /home/airflow/.local/lib/python3.7/site-packages/airflow/example_dags/example_nested_branch_dag.py
[2023-06-15T23:23:58.881+0000] {processor.py:836} INFO - DAG(s) dict_keys(['example_nested_branch_dag']) retrieved from /home/airflow/.local/lib/python3.7/site-packages/airflow/example_dags/example_nested_branch_dag.py
[2023-06-15T23:23:58.924+0000] {logging_mixin.py:149} INFO - [2023-06-15T23:23:58.924+0000] {dag.py:2726} INFO - Sync 1 DAGs
[2023-06-15T23:23:58.971+0000] {logging_mixin.py:149} INFO - [2023-06-15T23:23:58.971+0000] {dag.py:3490} INFO - Setting next_dagrun for example_nested_branch_dag to 2023-06-14T00:00:00+00:00, run_after=2023-06-15T00:00:00+00:00
[2023-06-15T23:23:59.500+0000] {processor.py:179} INFO - Processing /home/airflow/.local/lib/python3.7/site-packages/airflow/example_dags/example_nested_branch_dag.py took 0.645 seconds
[2023-06-15T23:24:29.578+0000] {processor.py:157} INFO - Started process (PID=3593) to work on /home/airflow/.local/lib/python3.7/site-packages/airflow/example_dags/example_nested_branch_dag.py
[2023-06-15T23:24:29.580+0000] {processor.py:826} INFO - Processing file /home/airflow/.local/lib/python3.7/site-packages/airflow/example_dags/example_nested_branch_dag.py for tasks to queue
[2023-06-15T23:24:29.582+0000] {logging_mixin.py:149} INFO - [2023-06-15T23:24:29.581+0000] {dagbag.py:541} INFO - Filling up the DagBag from /home/airflow/.local/lib/python3.7/site-packages/airflow/example_dags/example_nested_branch_dag.py
[2023-06-15T23:24:29.598+0000] {processor.py:836} INFO - DAG(s) dict_keys(['example_nested_branch_dag']) retrieved from /home/airflow/.local/lib/python3.7/site-packages/airflow/example_dags/example_nested_branch_dag.py
[2023-06-15T23:24:30.511+0000] {logging_mixin.py:149} INFO - [2023-06-15T23:24:30.511+0000] {dag.py:2726} INFO - Sync 1 DAGs
[2023-06-15T23:24:34.475+0000] {logging_mixin.py:149} INFO - [2023-06-15T23:24:34.475+0000] {dag.py:3490} INFO - Setting next_dagrun for example_nested_branch_dag to 2023-06-14T00:00:00+00:00, run_after=2023-06-15T00:00:00+00:00
[2023-06-15T23:24:41.740+0000] {processor.py:179} INFO - Processing /home/airflow/.local/lib/python3.7/site-packages/airflow/example_dags/example_nested_branch_dag.py took 12.167 seconds
[2023-06-15T23:26:43.738+0000] {processor.py:157} INFO - Started process (PID=3736) to work on /home/airflow/.local/lib/python3.7/site-packages/airflow/example_dags/example_nested_branch_dag.py
[2023-06-15T23:26:43.740+0000] {processor.py:826} INFO - Processing file /home/airflow/.local/lib/python3.7/site-packages/airflow/example_dags/example_nested_branch_dag.py for tasks to queue
[2023-06-15T23:26:43.742+0000] {logging_mixin.py:149} INFO - [2023-06-15T23:26:43.741+0000] {dagbag.py:541} INFO - Filling up the DagBag from /home/airflow/.local/lib/python3.7/site-packages/airflow/example_dags/example_nested_branch_dag.py
[2023-06-15T23:26:43.756+0000] {processor.py:836} INFO - DAG(s) dict_keys(['example_nested_branch_dag']) retrieved from /home/airflow/.local/lib/python3.7/site-packages/airflow/example_dags/example_nested_branch_dag.py
[2023-06-15T23:26:43.800+0000] {logging_mixin.py:149} INFO - [2023-06-15T23:26:43.800+0000] {dag.py:2726} INFO - Sync 1 DAGs
[2023-06-15T23:26:43.845+0000] {logging_mixin.py:149} INFO - [2023-06-15T23:26:43.845+0000] {dag.py:3490} INFO - Setting next_dagrun for example_nested_branch_dag to 2023-06-14T00:00:00+00:00, run_after=2023-06-15T00:00:00+00:00
[2023-06-15T23:26:43.902+0000] {processor.py:179} INFO - Processing /home/airflow/.local/lib/python3.7/site-packages/airflow/example_dags/example_nested_branch_dag.py took 0.169 seconds
[2023-06-15T23:27:57.896+0000] {processor.py:157} INFO - Started process (PID=3913) to work on /home/airflow/.local/lib/python3.7/site-packages/airflow/example_dags/example_nested_branch_dag.py
[2023-06-15T23:27:57.898+0000] {processor.py:826} INFO - Processing file /home/airflow/.local/lib/python3.7/site-packages/airflow/example_dags/example_nested_branch_dag.py for tasks to queue
[2023-06-15T23:27:57.899+0000] {logging_mixin.py:149} INFO - [2023-06-15T23:27:57.899+0000] {dagbag.py:541} INFO - Filling up the DagBag from /home/airflow/.local/lib/python3.7/site-packages/airflow/example_dags/example_nested_branch_dag.py
[2023-06-15T23:27:57.914+0000] {processor.py:836} INFO - DAG(s) dict_keys(['example_nested_branch_dag']) retrieved from /home/airflow/.local/lib/python3.7/site-packages/airflow/example_dags/example_nested_branch_dag.py
[2023-06-15T23:27:57.958+0000] {logging_mixin.py:149} INFO - [2023-06-15T23:27:57.958+0000] {dag.py:2726} INFO - Sync 1 DAGs
[2023-06-15T23:27:57.998+0000] {logging_mixin.py:149} INFO - [2023-06-15T23:27:57.998+0000] {dag.py:3490} INFO - Setting next_dagrun for example_nested_branch_dag to 2023-06-14T00:00:00+00:00, run_after=2023-06-15T00:00:00+00:00
[2023-06-15T23:27:58.031+0000] {processor.py:179} INFO - Processing /home/airflow/.local/lib/python3.7/site-packages/airflow/example_dags/example_nested_branch_dag.py took 0.140 seconds
[2023-06-15T23:28:30.852+0000] {processor.py:157} INFO - Started process (PID=4125) to work on /home/airflow/.local/lib/python3.7/site-packages/airflow/example_dags/example_nested_branch_dag.py
[2023-06-15T23:28:30.855+0000] {processor.py:826} INFO - Processing file /home/airflow/.local/lib/python3.7/site-packages/airflow/example_dags/example_nested_branch_dag.py for tasks to queue
[2023-06-15T23:28:30.856+0000] {logging_mixin.py:149} INFO - [2023-06-15T23:28:30.856+0000] {dagbag.py:541} INFO - Filling up the DagBag from /home/airflow/.local/lib/python3.7/site-packages/airflow/example_dags/example_nested_branch_dag.py
[2023-06-15T23:28:31.554+0000] {processor.py:836} INFO - DAG(s) dict_keys(['example_nested_branch_dag']) retrieved from /home/airflow/.local/lib/python3.7/site-packages/airflow/example_dags/example_nested_branch_dag.py
[2023-06-15T23:28:34.460+0000] {logging_mixin.py:149} INFO - [2023-06-15T23:28:34.460+0000] {dag.py:2726} INFO - Sync 1 DAGs
[2023-06-15T23:28:38.270+0000] {logging_mixin.py:149} INFO - [2023-06-15T23:28:38.269+0000] {dag.py:3490} INFO - Setting next_dagrun for example_nested_branch_dag to 2023-06-14T00:00:00+00:00, run_after=2023-06-15T00:00:00+00:00
[2023-06-15T23:32:01.173+0000] {processor.py:157} INFO - Started process (PID=4365) to work on /home/airflow/.local/lib/python3.7/site-packages/airflow/example_dags/example_nested_branch_dag.py
[2023-06-15T23:32:01.175+0000] {processor.py:826} INFO - Processing file /home/airflow/.local/lib/python3.7/site-packages/airflow/example_dags/example_nested_branch_dag.py for tasks to queue
[2023-06-15T23:32:01.176+0000] {logging_mixin.py:149} INFO - [2023-06-15T23:32:01.176+0000] {dagbag.py:541} INFO - Filling up the DagBag from /home/airflow/.local/lib/python3.7/site-packages/airflow/example_dags/example_nested_branch_dag.py
[2023-06-15T23:32:01.202+0000] {processor.py:836} INFO - DAG(s) dict_keys(['example_nested_branch_dag']) retrieved from /home/airflow/.local/lib/python3.7/site-packages/airflow/example_dags/example_nested_branch_dag.py
[2023-06-15T23:32:01.344+0000] {logging_mixin.py:149} INFO - [2023-06-15T23:32:01.344+0000] {dag.py:2726} INFO - Sync 1 DAGs
[2023-06-15T23:32:01.381+0000] {logging_mixin.py:149} INFO - [2023-06-15T23:32:01.381+0000] {dag.py:3490} INFO - Setting next_dagrun for example_nested_branch_dag to 2023-06-14T00:00:00+00:00, run_after=2023-06-15T00:00:00+00:00
[2023-06-15T23:32:01.414+0000] {processor.py:179} INFO - Processing /home/airflow/.local/lib/python3.7/site-packages/airflow/example_dags/example_nested_branch_dag.py took 0.250 seconds
[2023-06-15T23:33:17.543+0000] {processor.py:157} INFO - Started process (PID=4530) to work on /home/airflow/.local/lib/python3.7/site-packages/airflow/example_dags/example_nested_branch_dag.py
[2023-06-15T23:33:17.546+0000] {processor.py:826} INFO - Processing file /home/airflow/.local/lib/python3.7/site-packages/airflow/example_dags/example_nested_branch_dag.py for tasks to queue
[2023-06-15T23:33:17.548+0000] {logging_mixin.py:149} INFO - [2023-06-15T23:33:17.548+0000] {dagbag.py:541} INFO - Filling up the DagBag from /home/airflow/.local/lib/python3.7/site-packages/airflow/example_dags/example_nested_branch_dag.py
[2023-06-15T23:33:17.567+0000] {processor.py:836} INFO - DAG(s) dict_keys(['example_nested_branch_dag']) retrieved from /home/airflow/.local/lib/python3.7/site-packages/airflow/example_dags/example_nested_branch_dag.py
[2023-06-15T23:33:17.622+0000] {logging_mixin.py:149} INFO - [2023-06-15T23:33:17.621+0000] {dag.py:2726} INFO - Sync 1 DAGs
[2023-06-15T23:33:17.679+0000] {logging_mixin.py:149} INFO - [2023-06-15T23:33:17.678+0000] {dag.py:3490} INFO - Setting next_dagrun for example_nested_branch_dag to 2023-06-14T00:00:00+00:00, run_after=2023-06-15T00:00:00+00:00
[2023-06-15T23:33:17.724+0000] {processor.py:179} INFO - Processing /home/airflow/.local/lib/python3.7/site-packages/airflow/example_dags/example_nested_branch_dag.py took 0.186 seconds
[2023-06-15T23:35:01.571+0000] {processor.py:157} INFO - Started process (PID=4747) to work on /home/airflow/.local/lib/python3.7/site-packages/airflow/example_dags/example_nested_branch_dag.py
[2023-06-15T23:35:01.572+0000] {processor.py:826} INFO - Processing file /home/airflow/.local/lib/python3.7/site-packages/airflow/example_dags/example_nested_branch_dag.py for tasks to queue
[2023-06-15T23:35:01.574+0000] {logging_mixin.py:149} INFO - [2023-06-15T23:35:01.573+0000] {dagbag.py:541} INFO - Filling up the DagBag from /home/airflow/.local/lib/python3.7/site-packages/airflow/example_dags/example_nested_branch_dag.py
[2023-06-15T23:35:01.589+0000] {processor.py:836} INFO - DAG(s) dict_keys(['example_nested_branch_dag']) retrieved from /home/airflow/.local/lib/python3.7/site-packages/airflow/example_dags/example_nested_branch_dag.py
[2023-06-15T23:35:01.629+0000] {logging_mixin.py:149} INFO - [2023-06-15T23:35:01.628+0000] {dag.py:2726} INFO - Sync 1 DAGs
[2023-06-15T23:35:01.668+0000] {logging_mixin.py:149} INFO - [2023-06-15T23:35:01.668+0000] {dag.py:3490} INFO - Setting next_dagrun for example_nested_branch_dag to 2023-06-14T00:00:00+00:00, run_after=2023-06-15T00:00:00+00:00
[2023-06-15T23:35:01.707+0000] {processor.py:179} INFO - Processing /home/airflow/.local/lib/python3.7/site-packages/airflow/example_dags/example_nested_branch_dag.py took 0.141 seconds
[2023-06-15T23:35:33.148+0000] {processor.py:157} INFO - Started process (PID=4967) to work on /home/airflow/.local/lib/python3.7/site-packages/airflow/example_dags/example_nested_branch_dag.py
[2023-06-15T23:35:33.150+0000] {processor.py:826} INFO - Processing file /home/airflow/.local/lib/python3.7/site-packages/airflow/example_dags/example_nested_branch_dag.py for tasks to queue
[2023-06-15T23:35:33.152+0000] {logging_mixin.py:149} INFO - [2023-06-15T23:35:33.152+0000] {dagbag.py:541} INFO - Filling up the DagBag from /home/airflow/.local/lib/python3.7/site-packages/airflow/example_dags/example_nested_branch_dag.py
[2023-06-15T23:35:33.177+0000] {processor.py:836} INFO - DAG(s) dict_keys(['example_nested_branch_dag']) retrieved from /home/airflow/.local/lib/python3.7/site-packages/airflow/example_dags/example_nested_branch_dag.py
[2023-06-15T23:35:33.222+0000] {logging_mixin.py:149} INFO - [2023-06-15T23:35:33.221+0000] {dag.py:2726} INFO - Sync 1 DAGs
[2023-06-15T23:35:33.289+0000] {logging_mixin.py:149} INFO - [2023-06-15T23:35:33.289+0000] {dag.py:3490} INFO - Setting next_dagrun for example_nested_branch_dag to 2023-06-14T00:00:00+00:00, run_after=2023-06-15T00:00:00+00:00
[2023-06-15T23:35:33.349+0000] {processor.py:179} INFO - Processing /home/airflow/.local/lib/python3.7/site-packages/airflow/example_dags/example_nested_branch_dag.py took 0.208 seconds
[2023-06-15T23:45:11.242+0000] {processor.py:157} INFO - Started process (PID=177) to work on /home/airflow/.local/lib/python3.7/site-packages/airflow/example_dags/example_nested_branch_dag.py
[2023-06-15T23:45:11.244+0000] {processor.py:826} INFO - Processing file /home/airflow/.local/lib/python3.7/site-packages/airflow/example_dags/example_nested_branch_dag.py for tasks to queue
[2023-06-15T23:45:11.246+0000] {logging_mixin.py:149} INFO - [2023-06-15T23:45:11.245+0000] {dagbag.py:541} INFO - Filling up the DagBag from /home/airflow/.local/lib/python3.7/site-packages/airflow/example_dags/example_nested_branch_dag.py
[2023-06-15T23:45:11.316+0000] {processor.py:836} INFO - DAG(s) dict_keys(['example_nested_branch_dag']) retrieved from /home/airflow/.local/lib/python3.7/site-packages/airflow/example_dags/example_nested_branch_dag.py
[2023-06-15T23:45:11.493+0000] {logging_mixin.py:149} INFO - [2023-06-15T23:45:11.493+0000] {dag.py:2726} INFO - Sync 1 DAGs
[2023-06-15T23:45:11.562+0000] {logging_mixin.py:149} INFO - [2023-06-15T23:45:11.561+0000] {dag.py:3490} INFO - Setting next_dagrun for example_nested_branch_dag to 2023-06-14T00:00:00+00:00, run_after=2023-06-15T00:00:00+00:00
[2023-06-15T23:45:17.857+0000] {processor.py:179} INFO - Processing /home/airflow/.local/lib/python3.7/site-packages/airflow/example_dags/example_nested_branch_dag.py took 6.669 seconds
