[2023-06-15T23:02:57.812+0000] {processor.py:157} INFO - Started process (PID=297) to work on /home/airflow/.local/lib/python3.7/site-packages/airflow/example_dags/example_latest_only_with_trigger.py
[2023-06-15T23:02:57.814+0000] {processor.py:826} INFO - Processing file /home/airflow/.local/lib/python3.7/site-packages/airflow/example_dags/example_latest_only_with_trigger.py for tasks to queue
[2023-06-15T23:02:57.817+0000] {logging_mixin.py:149} INFO - [2023-06-15T23:02:57.816+0000] {dagbag.py:541} INFO - Filling up the DagBag from /home/airflow/.local/lib/python3.7/site-packages/airflow/example_dags/example_latest_only_with_trigger.py
[2023-06-15T23:02:58.927+0000] {processor.py:836} INFO - DAG(s) dict_keys(['latest_only_with_trigger']) retrieved from /home/airflow/.local/lib/python3.7/site-packages/airflow/example_dags/example_latest_only_with_trigger.py
[2023-06-15T23:06:12.879+0000] {processor.py:157} INFO - Started process (PID=546) to work on /home/airflow/.local/lib/python3.7/site-packages/airflow/example_dags/example_latest_only_with_trigger.py
[2023-06-15T23:06:12.881+0000] {processor.py:826} INFO - Processing file /home/airflow/.local/lib/python3.7/site-packages/airflow/example_dags/example_latest_only_with_trigger.py for tasks to queue
[2023-06-15T23:06:12.882+0000] {logging_mixin.py:149} INFO - [2023-06-15T23:06:12.882+0000] {dagbag.py:541} INFO - Filling up the DagBag from /home/airflow/.local/lib/python3.7/site-packages/airflow/example_dags/example_latest_only_with_trigger.py
[2023-06-15T23:06:12.891+0000] {processor.py:836} INFO - DAG(s) dict_keys(['latest_only_with_trigger']) retrieved from /home/airflow/.local/lib/python3.7/site-packages/airflow/example_dags/example_latest_only_with_trigger.py
[2023-06-15T23:06:13.035+0000] {logging_mixin.py:149} INFO - [2023-06-15T23:06:13.035+0000] {dag.py:2726} INFO - Sync 1 DAGs
[2023-06-15T23:06:13.081+0000] {logging_mixin.py:149} INFO - [2023-06-15T23:06:13.081+0000] {dag.py:3490} INFO - Setting next_dagrun for latest_only_with_trigger to 2023-06-15T19:06:13.080747+00:00, run_after=2023-06-15T23:06:13.080747+00:00
[2023-06-15T23:06:13.110+0000] {processor.py:179} INFO - Processing /home/airflow/.local/lib/python3.7/site-packages/airflow/example_dags/example_latest_only_with_trigger.py took 0.236 seconds
[2023-06-15T23:06:43.662+0000] {processor.py:157} INFO - Started process (PID=783) to work on /home/airflow/.local/lib/python3.7/site-packages/airflow/example_dags/example_latest_only_with_trigger.py
[2023-06-15T23:06:43.664+0000] {processor.py:826} INFO - Processing file /home/airflow/.local/lib/python3.7/site-packages/airflow/example_dags/example_latest_only_with_trigger.py for tasks to queue
[2023-06-15T23:06:43.666+0000] {logging_mixin.py:149} INFO - [2023-06-15T23:06:43.665+0000] {dagbag.py:541} INFO - Filling up the DagBag from /home/airflow/.local/lib/python3.7/site-packages/airflow/example_dags/example_latest_only_with_trigger.py
[2023-06-15T23:06:43.677+0000] {processor.py:836} INFO - DAG(s) dict_keys(['latest_only_with_trigger']) retrieved from /home/airflow/.local/lib/python3.7/site-packages/airflow/example_dags/example_latest_only_with_trigger.py
[2023-06-15T23:06:43.722+0000] {logging_mixin.py:149} INFO - [2023-06-15T23:06:43.722+0000] {dag.py:2726} INFO - Sync 1 DAGs
[2023-06-15T23:06:43.786+0000] {logging_mixin.py:149} INFO - [2023-06-15T23:06:43.786+0000] {dag.py:3490} INFO - Setting next_dagrun for latest_only_with_trigger to 2023-06-15T19:06:43.785941+00:00, run_after=2023-06-15T23:06:43.785941+00:00
[2023-06-15T23:06:43.871+0000] {processor.py:179} INFO - Processing /home/airflow/.local/lib/python3.7/site-packages/airflow/example_dags/example_latest_only_with_trigger.py took 0.216 seconds
[2023-06-15T23:08:03.175+0000] {processor.py:157} INFO - Started process (PID=1038) to work on /home/airflow/.local/lib/python3.7/site-packages/airflow/example_dags/example_latest_only_with_trigger.py
[2023-06-15T23:08:03.178+0000] {processor.py:826} INFO - Processing file /home/airflow/.local/lib/python3.7/site-packages/airflow/example_dags/example_latest_only_with_trigger.py for tasks to queue
[2023-06-15T23:08:03.181+0000] {logging_mixin.py:149} INFO - [2023-06-15T23:08:03.181+0000] {dagbag.py:541} INFO - Filling up the DagBag from /home/airflow/.local/lib/python3.7/site-packages/airflow/example_dags/example_latest_only_with_trigger.py
[2023-06-15T23:08:03.209+0000] {processor.py:836} INFO - DAG(s) dict_keys(['latest_only_with_trigger']) retrieved from /home/airflow/.local/lib/python3.7/site-packages/airflow/example_dags/example_latest_only_with_trigger.py
[2023-06-15T23:08:03.288+0000] {logging_mixin.py:149} INFO - [2023-06-15T23:08:03.287+0000] {dag.py:2726} INFO - Sync 1 DAGs
[2023-06-15T23:08:03.333+0000] {logging_mixin.py:149} INFO - [2023-06-15T23:08:03.332+0000] {dag.py:3490} INFO - Setting next_dagrun for latest_only_with_trigger to 2023-06-15T19:08:03.332302+00:00, run_after=2023-06-15T23:08:03.332302+00:00
[2023-06-15T23:08:03.853+0000] {processor.py:179} INFO - Processing /home/airflow/.local/lib/python3.7/site-packages/airflow/example_dags/example_latest_only_with_trigger.py took 0.684 seconds
[2023-06-15T23:09:33.962+0000] {processor.py:157} INFO - Started process (PID=1212) to work on /home/airflow/.local/lib/python3.7/site-packages/airflow/example_dags/example_latest_only_with_trigger.py
[2023-06-15T23:09:33.963+0000] {processor.py:826} INFO - Processing file /home/airflow/.local/lib/python3.7/site-packages/airflow/example_dags/example_latest_only_with_trigger.py for tasks to queue
[2023-06-15T23:09:33.965+0000] {logging_mixin.py:149} INFO - [2023-06-15T23:09:33.965+0000] {dagbag.py:541} INFO - Filling up the DagBag from /home/airflow/.local/lib/python3.7/site-packages/airflow/example_dags/example_latest_only_with_trigger.py
[2023-06-15T23:09:33.975+0000] {processor.py:836} INFO - DAG(s) dict_keys(['latest_only_with_trigger']) retrieved from /home/airflow/.local/lib/python3.7/site-packages/airflow/example_dags/example_latest_only_with_trigger.py
[2023-06-15T23:09:34.012+0000] {logging_mixin.py:149} INFO - [2023-06-15T23:09:34.012+0000] {dag.py:2726} INFO - Sync 1 DAGs
[2023-06-15T23:09:34.049+0000] {logging_mixin.py:149} INFO - [2023-06-15T23:09:34.048+0000] {dag.py:3490} INFO - Setting next_dagrun for latest_only_with_trigger to 2023-06-15T19:09:34.048453+00:00, run_after=2023-06-15T23:09:34.048453+00:00
[2023-06-15T23:09:34.091+0000] {processor.py:179} INFO - Processing /home/airflow/.local/lib/python3.7/site-packages/airflow/example_dags/example_latest_only_with_trigger.py took 0.134 seconds
[2023-06-15T23:11:02.420+0000] {processor.py:157} INFO - Started process (PID=1406) to work on /home/airflow/.local/lib/python3.7/site-packages/airflow/example_dags/example_latest_only_with_trigger.py
[2023-06-15T23:11:02.422+0000] {processor.py:826} INFO - Processing file /home/airflow/.local/lib/python3.7/site-packages/airflow/example_dags/example_latest_only_with_trigger.py for tasks to queue
[2023-06-15T23:11:02.424+0000] {logging_mixin.py:149} INFO - [2023-06-15T23:11:02.423+0000] {dagbag.py:541} INFO - Filling up the DagBag from /home/airflow/.local/lib/python3.7/site-packages/airflow/example_dags/example_latest_only_with_trigger.py
[2023-06-15T23:11:02.432+0000] {processor.py:836} INFO - DAG(s) dict_keys(['latest_only_with_trigger']) retrieved from /home/airflow/.local/lib/python3.7/site-packages/airflow/example_dags/example_latest_only_with_trigger.py
[2023-06-15T23:11:03.376+0000] {logging_mixin.py:149} INFO - [2023-06-15T23:11:03.376+0000] {dag.py:2726} INFO - Sync 1 DAGs
[2023-06-15T23:11:03.409+0000] {logging_mixin.py:149} INFO - [2023-06-15T23:11:03.409+0000] {dag.py:3490} INFO - Setting next_dagrun for latest_only_with_trigger to 2023-06-15T19:11:03.409048+00:00, run_after=2023-06-15T23:11:03.409048+00:00
[2023-06-15T23:11:03.508+0000] {processor.py:179} INFO - Processing /home/airflow/.local/lib/python3.7/site-packages/airflow/example_dags/example_latest_only_with_trigger.py took 1.092 seconds
[2023-06-15T23:13:20.186+0000] {processor.py:157} INFO - Started process (PID=1676) to work on /home/airflow/.local/lib/python3.7/site-packages/airflow/example_dags/example_latest_only_with_trigger.py
[2023-06-15T23:13:20.189+0000] {processor.py:826} INFO - Processing file /home/airflow/.local/lib/python3.7/site-packages/airflow/example_dags/example_latest_only_with_trigger.py for tasks to queue
[2023-06-15T23:13:20.190+0000] {logging_mixin.py:149} INFO - [2023-06-15T23:13:20.190+0000] {dagbag.py:541} INFO - Filling up the DagBag from /home/airflow/.local/lib/python3.7/site-packages/airflow/example_dags/example_latest_only_with_trigger.py
[2023-06-15T23:13:20.198+0000] {processor.py:836} INFO - DAG(s) dict_keys(['latest_only_with_trigger']) retrieved from /home/airflow/.local/lib/python3.7/site-packages/airflow/example_dags/example_latest_only_with_trigger.py
[2023-06-15T23:13:20.241+0000] {logging_mixin.py:149} INFO - [2023-06-15T23:13:20.240+0000] {dag.py:2726} INFO - Sync 1 DAGs
[2023-06-15T23:13:20.346+0000] {logging_mixin.py:149} INFO - [2023-06-15T23:13:20.345+0000] {dag.py:3490} INFO - Setting next_dagrun for latest_only_with_trigger to 2023-06-15T19:13:20.343040+00:00, run_after=2023-06-15T23:13:20.343040+00:00
[2023-06-15T23:13:20.415+0000] {processor.py:179} INFO - Processing /home/airflow/.local/lib/python3.7/site-packages/airflow/example_dags/example_latest_only_with_trigger.py took 0.234 seconds
[2023-06-15T23:14:58.340+0000] {processor.py:157} INFO - Started process (PID=1911) to work on /home/airflow/.local/lib/python3.7/site-packages/airflow/example_dags/example_latest_only_with_trigger.py
[2023-06-15T23:14:58.343+0000] {processor.py:826} INFO - Processing file /home/airflow/.local/lib/python3.7/site-packages/airflow/example_dags/example_latest_only_with_trigger.py for tasks to queue
[2023-06-15T23:14:58.344+0000] {logging_mixin.py:149} INFO - [2023-06-15T23:14:58.344+0000] {dagbag.py:541} INFO - Filling up the DagBag from /home/airflow/.local/lib/python3.7/site-packages/airflow/example_dags/example_latest_only_with_trigger.py
[2023-06-15T23:14:58.355+0000] {processor.py:836} INFO - DAG(s) dict_keys(['latest_only_with_trigger']) retrieved from /home/airflow/.local/lib/python3.7/site-packages/airflow/example_dags/example_latest_only_with_trigger.py
[2023-06-15T23:14:58.390+0000] {logging_mixin.py:149} INFO - [2023-06-15T23:14:58.389+0000] {dag.py:2726} INFO - Sync 1 DAGs
[2023-06-15T23:14:58.421+0000] {logging_mixin.py:149} INFO - [2023-06-15T23:14:58.421+0000] {dag.py:3490} INFO - Setting next_dagrun for latest_only_with_trigger to 2023-06-15T19:14:58.421099+00:00, run_after=2023-06-15T23:14:58.421099+00:00
[2023-06-15T23:14:58.447+0000] {processor.py:179} INFO - Processing /home/airflow/.local/lib/python3.7/site-packages/airflow/example_dags/example_latest_only_with_trigger.py took 0.112 seconds
[2023-06-15T23:16:45.249+0000] {processor.py:157} INFO - Started process (PID=2227) to work on /home/airflow/.local/lib/python3.7/site-packages/airflow/example_dags/example_latest_only_with_trigger.py
[2023-06-15T23:16:45.252+0000] {processor.py:826} INFO - Processing file /home/airflow/.local/lib/python3.7/site-packages/airflow/example_dags/example_latest_only_with_trigger.py for tasks to queue
[2023-06-15T23:16:45.253+0000] {logging_mixin.py:149} INFO - [2023-06-15T23:16:45.253+0000] {dagbag.py:541} INFO - Filling up the DagBag from /home/airflow/.local/lib/python3.7/site-packages/airflow/example_dags/example_latest_only_with_trigger.py
[2023-06-15T23:16:45.266+0000] {processor.py:836} INFO - DAG(s) dict_keys(['latest_only_with_trigger']) retrieved from /home/airflow/.local/lib/python3.7/site-packages/airflow/example_dags/example_latest_only_with_trigger.py
[2023-06-15T23:16:47.529+0000] {logging_mixin.py:149} INFO - [2023-06-15T23:16:47.528+0000] {dag.py:2726} INFO - Sync 1 DAGs
[2023-06-15T23:16:48.206+0000] {logging_mixin.py:149} INFO - [2023-06-15T23:16:48.205+0000] {dag.py:3490} INFO - Setting next_dagrun for latest_only_with_trigger to 2023-06-15T19:16:48.205282+00:00, run_after=2023-06-15T23:16:48.205282+00:00
[2023-06-15T23:16:48.470+0000] {processor.py:179} INFO - Processing /home/airflow/.local/lib/python3.7/site-packages/airflow/example_dags/example_latest_only_with_trigger.py took 3.226 seconds
[2023-06-15T23:17:53.401+0000] {processor.py:157} INFO - Started process (PID=2546) to work on /home/airflow/.local/lib/python3.7/site-packages/airflow/example_dags/example_latest_only_with_trigger.py
[2023-06-15T23:17:53.403+0000] {processor.py:826} INFO - Processing file /home/airflow/.local/lib/python3.7/site-packages/airflow/example_dags/example_latest_only_with_trigger.py for tasks to queue
[2023-06-15T23:17:53.405+0000] {logging_mixin.py:149} INFO - [2023-06-15T23:17:53.405+0000] {dagbag.py:541} INFO - Filling up the DagBag from /home/airflow/.local/lib/python3.7/site-packages/airflow/example_dags/example_latest_only_with_trigger.py
[2023-06-15T23:17:53.414+0000] {processor.py:836} INFO - DAG(s) dict_keys(['latest_only_with_trigger']) retrieved from /home/airflow/.local/lib/python3.7/site-packages/airflow/example_dags/example_latest_only_with_trigger.py
[2023-06-15T23:17:53.486+0000] {logging_mixin.py:149} INFO - [2023-06-15T23:17:53.485+0000] {dag.py:2726} INFO - Sync 1 DAGs
[2023-06-15T23:17:53.524+0000] {logging_mixin.py:149} INFO - [2023-06-15T23:17:53.523+0000] {dag.py:3490} INFO - Setting next_dagrun for latest_only_with_trigger to 2023-06-15T19:17:53.523494+00:00, run_after=2023-06-15T23:17:53.523494+00:00
[2023-06-15T23:17:53.590+0000] {processor.py:179} INFO - Processing /home/airflow/.local/lib/python3.7/site-packages/airflow/example_dags/example_latest_only_with_trigger.py took 0.193 seconds
[2023-06-15T23:21:59.174+0000] {processor.py:157} INFO - Started process (PID=2857) to work on /home/airflow/.local/lib/python3.7/site-packages/airflow/example_dags/example_latest_only_with_trigger.py
[2023-06-15T23:21:59.177+0000] {processor.py:826} INFO - Processing file /home/airflow/.local/lib/python3.7/site-packages/airflow/example_dags/example_latest_only_with_trigger.py for tasks to queue
[2023-06-15T23:21:59.179+0000] {logging_mixin.py:149} INFO - [2023-06-15T23:21:59.178+0000] {dagbag.py:541} INFO - Filling up the DagBag from /home/airflow/.local/lib/python3.7/site-packages/airflow/example_dags/example_latest_only_with_trigger.py
[2023-06-15T23:21:59.189+0000] {processor.py:836} INFO - DAG(s) dict_keys(['latest_only_with_trigger']) retrieved from /home/airflow/.local/lib/python3.7/site-packages/airflow/example_dags/example_latest_only_with_trigger.py
[2023-06-15T23:21:59.233+0000] {logging_mixin.py:149} INFO - [2023-06-15T23:21:59.233+0000] {dag.py:2726} INFO - Sync 1 DAGs
[2023-06-15T23:21:59.276+0000] {logging_mixin.py:149} INFO - [2023-06-15T23:21:59.276+0000] {dag.py:3490} INFO - Setting next_dagrun for latest_only_with_trigger to 2023-06-15T19:21:59.276007+00:00, run_after=2023-06-15T23:21:59.276007+00:00
[2023-06-15T23:21:59.307+0000] {processor.py:179} INFO - Processing /home/airflow/.local/lib/python3.7/site-packages/airflow/example_dags/example_latest_only_with_trigger.py took 0.138 seconds
[2023-06-15T23:22:31.710+0000] {processor.py:157} INFO - Started process (PID=3092) to work on /home/airflow/.local/lib/python3.7/site-packages/airflow/example_dags/example_latest_only_with_trigger.py
[2023-06-15T23:22:31.711+0000] {processor.py:826} INFO - Processing file /home/airflow/.local/lib/python3.7/site-packages/airflow/example_dags/example_latest_only_with_trigger.py for tasks to queue
[2023-06-15T23:22:31.713+0000] {logging_mixin.py:149} INFO - [2023-06-15T23:22:31.712+0000] {dagbag.py:541} INFO - Filling up the DagBag from /home/airflow/.local/lib/python3.7/site-packages/airflow/example_dags/example_latest_only_with_trigger.py
[2023-06-15T23:22:31.722+0000] {processor.py:836} INFO - DAG(s) dict_keys(['latest_only_with_trigger']) retrieved from /home/airflow/.local/lib/python3.7/site-packages/airflow/example_dags/example_latest_only_with_trigger.py
[2023-06-15T23:22:31.757+0000] {logging_mixin.py:149} INFO - [2023-06-15T23:22:31.757+0000] {dag.py:2726} INFO - Sync 1 DAGs
[2023-06-15T23:22:31.805+0000] {logging_mixin.py:149} INFO - [2023-06-15T23:22:31.804+0000] {dag.py:3490} INFO - Setting next_dagrun for latest_only_with_trigger to 2023-06-15T19:22:31.800882+00:00, run_after=2023-06-15T23:22:31.800882+00:00
[2023-06-15T23:22:31.893+0000] {processor.py:179} INFO - Processing /home/airflow/.local/lib/python3.7/site-packages/airflow/example_dags/example_latest_only_with_trigger.py took 0.188 seconds
[2023-06-15T23:23:28.976+0000] {processor.py:157} INFO - Started process (PID=3256) to work on /home/airflow/.local/lib/python3.7/site-packages/airflow/example_dags/example_latest_only_with_trigger.py
[2023-06-15T23:23:28.977+0000] {processor.py:826} INFO - Processing file /home/airflow/.local/lib/python3.7/site-packages/airflow/example_dags/example_latest_only_with_trigger.py for tasks to queue
[2023-06-15T23:23:28.978+0000] {logging_mixin.py:149} INFO - [2023-06-15T23:23:28.978+0000] {dagbag.py:541} INFO - Filling up the DagBag from /home/airflow/.local/lib/python3.7/site-packages/airflow/example_dags/example_latest_only_with_trigger.py
[2023-06-15T23:23:28.987+0000] {processor.py:836} INFO - DAG(s) dict_keys(['latest_only_with_trigger']) retrieved from /home/airflow/.local/lib/python3.7/site-packages/airflow/example_dags/example_latest_only_with_trigger.py
[2023-06-15T23:23:29.023+0000] {logging_mixin.py:149} INFO - [2023-06-15T23:23:29.022+0000] {dag.py:2726} INFO - Sync 1 DAGs
[2023-06-15T23:23:29.058+0000] {logging_mixin.py:149} INFO - [2023-06-15T23:23:29.057+0000] {dag.py:3490} INFO - Setting next_dagrun for latest_only_with_trigger to 2023-06-15T19:23:29.057431+00:00, run_after=2023-06-15T23:23:29.057431+00:00
[2023-06-15T23:23:29.090+0000] {processor.py:179} INFO - Processing /home/airflow/.local/lib/python3.7/site-packages/airflow/example_dags/example_latest_only_with_trigger.py took 0.118 seconds
[2023-06-15T23:24:12.751+0000] {processor.py:157} INFO - Started process (PID=3494) to work on /home/airflow/.local/lib/python3.7/site-packages/airflow/example_dags/example_latest_only_with_trigger.py
[2023-06-15T23:24:12.753+0000] {processor.py:826} INFO - Processing file /home/airflow/.local/lib/python3.7/site-packages/airflow/example_dags/example_latest_only_with_trigger.py for tasks to queue
[2023-06-15T23:24:12.754+0000] {logging_mixin.py:149} INFO - [2023-06-15T23:24:12.753+0000] {dagbag.py:541} INFO - Filling up the DagBag from /home/airflow/.local/lib/python3.7/site-packages/airflow/example_dags/example_latest_only_with_trigger.py
[2023-06-15T23:24:12.761+0000] {processor.py:836} INFO - DAG(s) dict_keys(['latest_only_with_trigger']) retrieved from /home/airflow/.local/lib/python3.7/site-packages/airflow/example_dags/example_latest_only_with_trigger.py
[2023-06-15T23:24:12.804+0000] {logging_mixin.py:149} INFO - [2023-06-15T23:24:12.803+0000] {dag.py:2726} INFO - Sync 1 DAGs
[2023-06-15T23:24:12.840+0000] {logging_mixin.py:149} INFO - [2023-06-15T23:24:12.840+0000] {dag.py:3490} INFO - Setting next_dagrun for latest_only_with_trigger to 2023-06-15T19:24:12.838996+00:00, run_after=2023-06-15T23:24:12.838996+00:00
[2023-06-15T23:24:13.253+0000] {processor.py:179} INFO - Processing /home/airflow/.local/lib/python3.7/site-packages/airflow/example_dags/example_latest_only_with_trigger.py took 0.506 seconds
[2023-06-15T23:26:44.921+0000] {processor.py:157} INFO - Started process (PID=3754) to work on /home/airflow/.local/lib/python3.7/site-packages/airflow/example_dags/example_latest_only_with_trigger.py
[2023-06-15T23:26:44.923+0000] {processor.py:826} INFO - Processing file /home/airflow/.local/lib/python3.7/site-packages/airflow/example_dags/example_latest_only_with_trigger.py for tasks to queue
[2023-06-15T23:26:44.925+0000] {logging_mixin.py:149} INFO - [2023-06-15T23:26:44.925+0000] {dagbag.py:541} INFO - Filling up the DagBag from /home/airflow/.local/lib/python3.7/site-packages/airflow/example_dags/example_latest_only_with_trigger.py
[2023-06-15T23:26:44.934+0000] {processor.py:836} INFO - DAG(s) dict_keys(['latest_only_with_trigger']) retrieved from /home/airflow/.local/lib/python3.7/site-packages/airflow/example_dags/example_latest_only_with_trigger.py
[2023-06-15T23:26:44.972+0000] {logging_mixin.py:149} INFO - [2023-06-15T23:26:44.971+0000] {dag.py:2726} INFO - Sync 1 DAGs
[2023-06-15T23:26:45.005+0000] {logging_mixin.py:149} INFO - [2023-06-15T23:26:45.005+0000] {dag.py:3490} INFO - Setting next_dagrun for latest_only_with_trigger to 2023-06-15T19:26:45.004605+00:00, run_after=2023-06-15T23:26:45.004605+00:00
[2023-06-15T23:26:45.034+0000] {processor.py:179} INFO - Processing /home/airflow/.local/lib/python3.7/site-packages/airflow/example_dags/example_latest_only_with_trigger.py took 0.117 seconds
[2023-06-15T23:28:03.312+0000] {processor.py:157} INFO - Started process (PID=3992) to work on /home/airflow/.local/lib/python3.7/site-packages/airflow/example_dags/example_latest_only_with_trigger.py
[2023-06-15T23:28:03.314+0000] {processor.py:826} INFO - Processing file /home/airflow/.local/lib/python3.7/site-packages/airflow/example_dags/example_latest_only_with_trigger.py for tasks to queue
[2023-06-15T23:28:03.315+0000] {logging_mixin.py:149} INFO - [2023-06-15T23:28:03.315+0000] {dagbag.py:541} INFO - Filling up the DagBag from /home/airflow/.local/lib/python3.7/site-packages/airflow/example_dags/example_latest_only_with_trigger.py
[2023-06-15T23:28:03.325+0000] {processor.py:836} INFO - DAG(s) dict_keys(['latest_only_with_trigger']) retrieved from /home/airflow/.local/lib/python3.7/site-packages/airflow/example_dags/example_latest_only_with_trigger.py
[2023-06-15T23:28:03.368+0000] {logging_mixin.py:149} INFO - [2023-06-15T23:28:03.367+0000] {dag.py:2726} INFO - Sync 1 DAGs
[2023-06-15T23:28:03.412+0000] {logging_mixin.py:149} INFO - [2023-06-15T23:28:03.412+0000] {dag.py:3490} INFO - Setting next_dagrun for latest_only_with_trigger to 2023-06-15T19:28:03.411833+00:00, run_after=2023-06-15T23:28:03.411833+00:00
[2023-06-15T23:28:03.452+0000] {processor.py:179} INFO - Processing /home/airflow/.local/lib/python3.7/site-packages/airflow/example_dags/example_latest_only_with_trigger.py took 0.146 seconds
[2023-06-15T23:30:49.778+0000] {processor.py:157} INFO - Started process (PID=4234) to work on /home/airflow/.local/lib/python3.7/site-packages/airflow/example_dags/example_latest_only_with_trigger.py
[2023-06-15T23:30:49.780+0000] {processor.py:826} INFO - Processing file /home/airflow/.local/lib/python3.7/site-packages/airflow/example_dags/example_latest_only_with_trigger.py for tasks to queue
[2023-06-15T23:30:49.782+0000] {logging_mixin.py:149} INFO - [2023-06-15T23:30:49.781+0000] {dagbag.py:541} INFO - Filling up the DagBag from /home/airflow/.local/lib/python3.7/site-packages/airflow/example_dags/example_latest_only_with_trigger.py
[2023-06-15T23:30:49.811+0000] {processor.py:836} INFO - DAG(s) dict_keys(['latest_only_with_trigger']) retrieved from /home/airflow/.local/lib/python3.7/site-packages/airflow/example_dags/example_latest_only_with_trigger.py
[2023-06-15T23:30:50.436+0000] {logging_mixin.py:149} INFO - [2023-06-15T23:30:50.436+0000] {dag.py:2726} INFO - Sync 1 DAGs
[2023-06-15T23:30:54.770+0000] {logging_mixin.py:149} INFO - [2023-06-15T23:30:54.770+0000] {dag.py:3490} INFO - Setting next_dagrun for latest_only_with_trigger to 2023-06-15T19:30:54.769925+00:00, run_after=2023-06-15T23:30:54.769925+00:00
[2023-06-15T23:31:00.119+0000] {processor.py:179} INFO - Processing /home/airflow/.local/lib/python3.7/site-packages/airflow/example_dags/example_latest_only_with_trigger.py took 10.494 seconds
[2023-06-15T23:32:05.323+0000] {processor.py:157} INFO - Started process (PID=4465) to work on /home/airflow/.local/lib/python3.7/site-packages/airflow/example_dags/example_latest_only_with_trigger.py
[2023-06-15T23:32:05.327+0000] {processor.py:826} INFO - Processing file /home/airflow/.local/lib/python3.7/site-packages/airflow/example_dags/example_latest_only_with_trigger.py for tasks to queue
[2023-06-15T23:32:05.329+0000] {logging_mixin.py:149} INFO - [2023-06-15T23:32:05.329+0000] {dagbag.py:541} INFO - Filling up the DagBag from /home/airflow/.local/lib/python3.7/site-packages/airflow/example_dags/example_latest_only_with_trigger.py
[2023-06-15T23:32:05.342+0000] {processor.py:836} INFO - DAG(s) dict_keys(['latest_only_with_trigger']) retrieved from /home/airflow/.local/lib/python3.7/site-packages/airflow/example_dags/example_latest_only_with_trigger.py
[2023-06-15T23:32:05.392+0000] {logging_mixin.py:149} INFO - [2023-06-15T23:32:05.391+0000] {dag.py:2726} INFO - Sync 1 DAGs
[2023-06-15T23:32:05.444+0000] {logging_mixin.py:149} INFO - [2023-06-15T23:32:05.443+0000] {dag.py:3490} INFO - Setting next_dagrun for latest_only_with_trigger to 2023-06-15T19:32:05.443544+00:00, run_after=2023-06-15T23:32:05.443544+00:00
[2023-06-15T23:32:05.500+0000] {processor.py:179} INFO - Processing /home/airflow/.local/lib/python3.7/site-packages/airflow/example_dags/example_latest_only_with_trigger.py took 0.183 seconds
[2023-06-15T23:34:33.105+0000] {processor.py:157} INFO - Started process (PID=4639) to work on /home/airflow/.local/lib/python3.7/site-packages/airflow/example_dags/example_latest_only_with_trigger.py
[2023-06-15T23:34:33.131+0000] {processor.py:826} INFO - Processing file /home/airflow/.local/lib/python3.7/site-packages/airflow/example_dags/example_latest_only_with_trigger.py for tasks to queue
[2023-06-15T23:34:33.133+0000] {logging_mixin.py:149} INFO - [2023-06-15T23:34:33.133+0000] {dagbag.py:541} INFO - Filling up the DagBag from /home/airflow/.local/lib/python3.7/site-packages/airflow/example_dags/example_latest_only_with_trigger.py
[2023-06-15T23:34:33.269+0000] {processor.py:836} INFO - DAG(s) dict_keys(['latest_only_with_trigger']) retrieved from /home/airflow/.local/lib/python3.7/site-packages/airflow/example_dags/example_latest_only_with_trigger.py
[2023-06-15T23:34:33.833+0000] {logging_mixin.py:149} INFO - [2023-06-15T23:34:33.832+0000] {dag.py:2726} INFO - Sync 1 DAGs
[2023-06-15T23:34:33.877+0000] {logging_mixin.py:149} INFO - [2023-06-15T23:34:33.877+0000] {dag.py:3490} INFO - Setting next_dagrun for latest_only_with_trigger to 2023-06-15T19:34:33.876712+00:00, run_after=2023-06-15T23:34:33.876712+00:00
[2023-06-15T23:34:34.134+0000] {processor.py:179} INFO - Processing /home/airflow/.local/lib/python3.7/site-packages/airflow/example_dags/example_latest_only_with_trigger.py took 2.351 seconds
[2023-06-15T23:35:15.760+0000] {processor.py:157} INFO - Started process (PID=4880) to work on /home/airflow/.local/lib/python3.7/site-packages/airflow/example_dags/example_latest_only_with_trigger.py
[2023-06-15T23:35:15.762+0000] {processor.py:826} INFO - Processing file /home/airflow/.local/lib/python3.7/site-packages/airflow/example_dags/example_latest_only_with_trigger.py for tasks to queue
[2023-06-15T23:35:15.763+0000] {logging_mixin.py:149} INFO - [2023-06-15T23:35:15.763+0000] {dagbag.py:541} INFO - Filling up the DagBag from /home/airflow/.local/lib/python3.7/site-packages/airflow/example_dags/example_latest_only_with_trigger.py
[2023-06-15T23:35:15.772+0000] {processor.py:836} INFO - DAG(s) dict_keys(['latest_only_with_trigger']) retrieved from /home/airflow/.local/lib/python3.7/site-packages/airflow/example_dags/example_latest_only_with_trigger.py
[2023-06-15T23:35:15.804+0000] {logging_mixin.py:149} INFO - [2023-06-15T23:35:15.803+0000] {dag.py:2726} INFO - Sync 1 DAGs
[2023-06-15T23:35:15.835+0000] {logging_mixin.py:149} INFO - [2023-06-15T23:35:15.835+0000] {dag.py:3490} INFO - Setting next_dagrun for latest_only_with_trigger to 2023-06-15T19:35:15.835023+00:00, run_after=2023-06-15T23:35:15.835023+00:00
[2023-06-15T23:35:15.864+0000] {processor.py:179} INFO - Processing /home/airflow/.local/lib/python3.7/site-packages/airflow/example_dags/example_latest_only_with_trigger.py took 0.108 seconds
