[2023-06-15T23:04:23.993+0000] {processor.py:157} INFO - Started process (PID=396) to work on /home/airflow/.local/lib/python3.7/site-packages/airflow/example_dags/tutorial.py
[2023-06-15T23:04:23.995+0000] {processor.py:826} INFO - Processing file /home/airflow/.local/lib/python3.7/site-packages/airflow/example_dags/tutorial.py for tasks to queue
[2023-06-15T23:04:23.996+0000] {logging_mixin.py:149} INFO - [2023-06-15T23:04:23.996+0000] {dagbag.py:541} INFO - Filling up the DagBag from /home/airflow/.local/lib/python3.7/site-packages/airflow/example_dags/tutorial.py
[2023-06-15T23:04:24.005+0000] {processor.py:836} INFO - DAG(s) dict_keys(['tutorial']) retrieved from /home/airflow/.local/lib/python3.7/site-packages/airflow/example_dags/tutorial.py
[2023-06-15T23:04:24.039+0000] {logging_mixin.py:149} INFO - [2023-06-15T23:04:24.039+0000] {dag.py:2726} INFO - Sync 1 DAGs
[2023-06-15T23:04:24.069+0000] {logging_mixin.py:149} INFO - [2023-06-15T23:04:24.069+0000] {dag.py:3490} INFO - Setting next_dagrun for tutorial to 2023-06-14T23:04:24.069034+00:00, run_after=2023-06-15T23:04:24.069034+00:00
[2023-06-15T23:04:24.100+0000] {processor.py:179} INFO - Processing /home/airflow/.local/lib/python3.7/site-packages/airflow/example_dags/tutorial.py took 0.111 seconds
[2023-06-15T23:06:27.817+0000] {processor.py:157} INFO - Started process (PID=666) to work on /home/airflow/.local/lib/python3.7/site-packages/airflow/example_dags/tutorial.py
[2023-06-15T23:06:27.820+0000] {processor.py:826} INFO - Processing file /home/airflow/.local/lib/python3.7/site-packages/airflow/example_dags/tutorial.py for tasks to queue
[2023-06-15T23:06:27.821+0000] {logging_mixin.py:149} INFO - [2023-06-15T23:06:27.821+0000] {dagbag.py:541} INFO - Filling up the DagBag from /home/airflow/.local/lib/python3.7/site-packages/airflow/example_dags/tutorial.py
[2023-06-15T23:06:27.831+0000] {processor.py:836} INFO - DAG(s) dict_keys(['tutorial']) retrieved from /home/airflow/.local/lib/python3.7/site-packages/airflow/example_dags/tutorial.py
[2023-06-15T23:06:27.868+0000] {logging_mixin.py:149} INFO - [2023-06-15T23:06:27.867+0000] {dag.py:2726} INFO - Sync 1 DAGs
[2023-06-15T23:06:27.915+0000] {logging_mixin.py:149} INFO - [2023-06-15T23:06:27.914+0000] {dag.py:3490} INFO - Setting next_dagrun for tutorial to 2023-06-14T23:06:27.914105+00:00, run_after=2023-06-15T23:06:27.914105+00:00
[2023-06-15T23:06:27.960+0000] {processor.py:179} INFO - Processing /home/airflow/.local/lib/python3.7/site-packages/airflow/example_dags/tutorial.py took 0.148 seconds
[2023-06-15T23:07:48.166+0000] {processor.py:157} INFO - Started process (PID=918) to work on /home/airflow/.local/lib/python3.7/site-packages/airflow/example_dags/tutorial.py
[2023-06-15T23:07:48.168+0000] {processor.py:826} INFO - Processing file /home/airflow/.local/lib/python3.7/site-packages/airflow/example_dags/tutorial.py for tasks to queue
[2023-06-15T23:07:48.171+0000] {logging_mixin.py:149} INFO - [2023-06-15T23:07:48.170+0000] {dagbag.py:541} INFO - Filling up the DagBag from /home/airflow/.local/lib/python3.7/site-packages/airflow/example_dags/tutorial.py
[2023-06-15T23:07:48.180+0000] {processor.py:836} INFO - DAG(s) dict_keys(['tutorial']) retrieved from /home/airflow/.local/lib/python3.7/site-packages/airflow/example_dags/tutorial.py
[2023-06-15T23:07:48.212+0000] {logging_mixin.py:149} INFO - [2023-06-15T23:07:48.212+0000] {dag.py:2726} INFO - Sync 1 DAGs
[2023-06-15T23:07:48.243+0000] {logging_mixin.py:149} INFO - [2023-06-15T23:07:48.242+0000] {dag.py:3490} INFO - Setting next_dagrun for tutorial to 2023-06-14T23:07:48.242560+00:00, run_after=2023-06-15T23:07:48.242560+00:00
[2023-06-15T23:07:48.838+0000] {processor.py:179} INFO - Processing /home/airflow/.local/lib/python3.7/site-packages/airflow/example_dags/tutorial.py took 0.676 seconds
[2023-06-15T23:10:23.552+0000] {processor.py:157} INFO - Started process (PID=1272) to work on /home/airflow/.local/lib/python3.7/site-packages/airflow/example_dags/tutorial.py
[2023-06-15T23:10:23.768+0000] {processor.py:826} INFO - Processing file /home/airflow/.local/lib/python3.7/site-packages/airflow/example_dags/tutorial.py for tasks to queue
[2023-06-15T23:10:23.771+0000] {logging_mixin.py:149} INFO - [2023-06-15T23:10:23.770+0000] {dagbag.py:541} INFO - Filling up the DagBag from /home/airflow/.local/lib/python3.7/site-packages/airflow/example_dags/tutorial.py
[2023-06-15T23:10:28.365+0000] {processor.py:836} INFO - DAG(s) dict_keys(['tutorial']) retrieved from /home/airflow/.local/lib/python3.7/site-packages/airflow/example_dags/tutorial.py
[2023-06-15T23:10:36.460+0000] {logging_mixin.py:149} INFO - [2023-06-15T23:10:36.459+0000] {dag.py:2726} INFO - Sync 1 DAGs
[2023-06-15T23:10:37.861+0000] {logging_mixin.py:149} INFO - [2023-06-15T23:10:37.861+0000] {dag.py:3490} INFO - Setting next_dagrun for tutorial to 2023-06-14T23:10:37.289189+00:00, run_after=2023-06-15T23:10:37.289189+00:00
[2023-06-15T23:10:50.986+0000] {processor.py:179} INFO - Processing /home/airflow/.local/lib/python3.7/site-packages/airflow/example_dags/tutorial.py took 31.911 seconds
[2023-06-15T23:11:24.318+0000] {processor.py:157} INFO - Started process (PID=1511) to work on /home/airflow/.local/lib/python3.7/site-packages/airflow/example_dags/tutorial.py
[2023-06-15T23:11:24.320+0000] {processor.py:826} INFO - Processing file /home/airflow/.local/lib/python3.7/site-packages/airflow/example_dags/tutorial.py for tasks to queue
[2023-06-15T23:11:24.322+0000] {logging_mixin.py:149} INFO - [2023-06-15T23:11:24.321+0000] {dagbag.py:541} INFO - Filling up the DagBag from /home/airflow/.local/lib/python3.7/site-packages/airflow/example_dags/tutorial.py
[2023-06-15T23:11:24.332+0000] {processor.py:836} INFO - DAG(s) dict_keys(['tutorial']) retrieved from /home/airflow/.local/lib/python3.7/site-packages/airflow/example_dags/tutorial.py
[2023-06-15T23:11:24.376+0000] {logging_mixin.py:149} INFO - [2023-06-15T23:11:24.376+0000] {dag.py:2726} INFO - Sync 1 DAGs
[2023-06-15T23:11:24.425+0000] {logging_mixin.py:149} INFO - [2023-06-15T23:11:24.424+0000] {dag.py:3490} INFO - Setting next_dagrun for tutorial to 2023-06-14T23:11:24.423756+00:00, run_after=2023-06-15T23:11:24.423756+00:00
[2023-06-15T23:11:24.491+0000] {processor.py:179} INFO - Processing /home/airflow/.local/lib/python3.7/site-packages/airflow/example_dags/tutorial.py took 0.178 seconds
[2023-06-15T23:13:25.452+0000] {processor.py:157} INFO - Started process (PID=1769) to work on /home/airflow/.local/lib/python3.7/site-packages/airflow/example_dags/tutorial.py
[2023-06-15T23:13:25.454+0000] {processor.py:826} INFO - Processing file /home/airflow/.local/lib/python3.7/site-packages/airflow/example_dags/tutorial.py for tasks to queue
[2023-06-15T23:13:25.456+0000] {logging_mixin.py:149} INFO - [2023-06-15T23:13:25.456+0000] {dagbag.py:541} INFO - Filling up the DagBag from /home/airflow/.local/lib/python3.7/site-packages/airflow/example_dags/tutorial.py
[2023-06-15T23:13:25.465+0000] {processor.py:836} INFO - DAG(s) dict_keys(['tutorial']) retrieved from /home/airflow/.local/lib/python3.7/site-packages/airflow/example_dags/tutorial.py
[2023-06-15T23:13:25.497+0000] {logging_mixin.py:149} INFO - [2023-06-15T23:13:25.497+0000] {dag.py:2726} INFO - Sync 1 DAGs
[2023-06-15T23:13:25.543+0000] {logging_mixin.py:149} INFO - [2023-06-15T23:13:25.542+0000] {dag.py:3490} INFO - Setting next_dagrun for tutorial to 2023-06-14T23:13:25.542489+00:00, run_after=2023-06-15T23:13:25.542489+00:00
[2023-06-15T23:13:25.587+0000] {processor.py:179} INFO - Processing /home/airflow/.local/lib/python3.7/site-packages/airflow/example_dags/tutorial.py took 0.140 seconds
[2023-06-15T23:15:43.204+0000] {processor.py:157} INFO - Started process (PID=2099) to work on /home/airflow/.local/lib/python3.7/site-packages/airflow/example_dags/tutorial.py
[2023-06-15T23:15:43.206+0000] {processor.py:826} INFO - Processing file /home/airflow/.local/lib/python3.7/site-packages/airflow/example_dags/tutorial.py for tasks to queue
[2023-06-15T23:15:43.207+0000] {logging_mixin.py:149} INFO - [2023-06-15T23:15:43.207+0000] {dagbag.py:541} INFO - Filling up the DagBag from /home/airflow/.local/lib/python3.7/site-packages/airflow/example_dags/tutorial.py
[2023-06-15T23:15:43.216+0000] {processor.py:836} INFO - DAG(s) dict_keys(['tutorial']) retrieved from /home/airflow/.local/lib/python3.7/site-packages/airflow/example_dags/tutorial.py
[2023-06-15T23:15:43.249+0000] {logging_mixin.py:149} INFO - [2023-06-15T23:15:43.249+0000] {dag.py:2726} INFO - Sync 1 DAGs
[2023-06-15T23:15:43.281+0000] {logging_mixin.py:149} INFO - [2023-06-15T23:15:43.281+0000] {dag.py:3490} INFO - Setting next_dagrun for tutorial to 2023-06-14T23:15:43.281297+00:00, run_after=2023-06-15T23:15:43.281297+00:00
[2023-06-15T23:15:43.313+0000] {processor.py:179} INFO - Processing /home/airflow/.local/lib/python3.7/site-packages/airflow/example_dags/tutorial.py took 0.113 seconds
[2023-06-15T23:17:39.965+0000] {processor.py:157} INFO - Started process (PID=2423) to work on /home/airflow/.local/lib/python3.7/site-packages/airflow/example_dags/tutorial.py
[2023-06-15T23:17:39.972+0000] {processor.py:826} INFO - Processing file /home/airflow/.local/lib/python3.7/site-packages/airflow/example_dags/tutorial.py for tasks to queue
[2023-06-15T23:17:39.974+0000] {logging_mixin.py:149} INFO - [2023-06-15T23:17:39.974+0000] {dagbag.py:541} INFO - Filling up the DagBag from /home/airflow/.local/lib/python3.7/site-packages/airflow/example_dags/tutorial.py
[2023-06-15T23:17:39.998+0000] {processor.py:836} INFO - DAG(s) dict_keys(['tutorial']) retrieved from /home/airflow/.local/lib/python3.7/site-packages/airflow/example_dags/tutorial.py
[2023-06-15T23:17:40.076+0000] {logging_mixin.py:149} INFO - [2023-06-15T23:17:40.076+0000] {dag.py:2726} INFO - Sync 1 DAGs
[2023-06-15T23:17:40.133+0000] {logging_mixin.py:149} INFO - [2023-06-15T23:17:40.133+0000] {dag.py:3490} INFO - Setting next_dagrun for tutorial to 2023-06-14T23:17:40.133195+00:00, run_after=2023-06-15T23:17:40.133195+00:00
[2023-06-15T23:17:40.184+0000] {processor.py:179} INFO - Processing /home/airflow/.local/lib/python3.7/site-packages/airflow/example_dags/tutorial.py took 0.251 seconds
[2023-06-15T23:21:33.181+0000] {processor.py:157} INFO - Started process (PID=2730) to work on /home/airflow/.local/lib/python3.7/site-packages/airflow/example_dags/tutorial.py
[2023-06-15T23:21:33.184+0000] {processor.py:826} INFO - Processing file /home/airflow/.local/lib/python3.7/site-packages/airflow/example_dags/tutorial.py for tasks to queue
[2023-06-15T23:21:33.185+0000] {logging_mixin.py:149} INFO - [2023-06-15T23:21:33.185+0000] {dagbag.py:541} INFO - Filling up the DagBag from /home/airflow/.local/lib/python3.7/site-packages/airflow/example_dags/tutorial.py
[2023-06-15T23:21:33.199+0000] {processor.py:836} INFO - DAG(s) dict_keys(['tutorial']) retrieved from /home/airflow/.local/lib/python3.7/site-packages/airflow/example_dags/tutorial.py
[2023-06-15T23:21:33.249+0000] {logging_mixin.py:149} INFO - [2023-06-15T23:21:33.248+0000] {dag.py:2726} INFO - Sync 1 DAGs
[2023-06-15T23:21:33.289+0000] {logging_mixin.py:149} INFO - [2023-06-15T23:21:33.289+0000] {dag.py:3490} INFO - Setting next_dagrun for tutorial to 2023-06-14T23:21:33.289310+00:00, run_after=2023-06-15T23:21:33.289310+00:00
[2023-06-15T23:21:33.698+0000] {processor.py:179} INFO - Processing /home/airflow/.local/lib/python3.7/site-packages/airflow/example_dags/tutorial.py took 0.522 seconds
[2023-06-15T23:22:22.638+0000] {processor.py:157} INFO - Started process (PID=3036) to work on /home/airflow/.local/lib/python3.7/site-packages/airflow/example_dags/tutorial.py
[2023-06-15T23:22:22.640+0000] {processor.py:826} INFO - Processing file /home/airflow/.local/lib/python3.7/site-packages/airflow/example_dags/tutorial.py for tasks to queue
[2023-06-15T23:22:22.642+0000] {logging_mixin.py:149} INFO - [2023-06-15T23:22:22.642+0000] {dagbag.py:541} INFO - Filling up the DagBag from /home/airflow/.local/lib/python3.7/site-packages/airflow/example_dags/tutorial.py
[2023-06-15T23:22:22.652+0000] {processor.py:836} INFO - DAG(s) dict_keys(['tutorial']) retrieved from /home/airflow/.local/lib/python3.7/site-packages/airflow/example_dags/tutorial.py
[2023-06-15T23:22:22.694+0000] {logging_mixin.py:149} INFO - [2023-06-15T23:22:22.694+0000] {dag.py:2726} INFO - Sync 1 DAGs
[2023-06-15T23:22:22.737+0000] {logging_mixin.py:149} INFO - [2023-06-15T23:22:22.736+0000] {dag.py:3490} INFO - Setting next_dagrun for tutorial to 2023-06-14T23:22:22.736564+00:00, run_after=2023-06-15T23:22:22.736564+00:00
[2023-06-15T23:22:22.772+0000] {processor.py:179} INFO - Processing /home/airflow/.local/lib/python3.7/site-packages/airflow/example_dags/tutorial.py took 0.140 seconds
[2023-06-15T23:23:30.706+0000] {processor.py:157} INFO - Started process (PID=3319) to work on /home/airflow/.local/lib/python3.7/site-packages/airflow/example_dags/tutorial.py
[2023-06-15T23:23:30.708+0000] {processor.py:826} INFO - Processing file /home/airflow/.local/lib/python3.7/site-packages/airflow/example_dags/tutorial.py for tasks to queue
[2023-06-15T23:23:30.709+0000] {logging_mixin.py:149} INFO - [2023-06-15T23:23:30.709+0000] {dagbag.py:541} INFO - Filling up the DagBag from /home/airflow/.local/lib/python3.7/site-packages/airflow/example_dags/tutorial.py
[2023-06-15T23:23:30.721+0000] {processor.py:836} INFO - DAG(s) dict_keys(['tutorial']) retrieved from /home/airflow/.local/lib/python3.7/site-packages/airflow/example_dags/tutorial.py
[2023-06-15T23:23:30.766+0000] {logging_mixin.py:149} INFO - [2023-06-15T23:23:30.766+0000] {dag.py:2726} INFO - Sync 1 DAGs
[2023-06-15T23:23:30.799+0000] {logging_mixin.py:149} INFO - [2023-06-15T23:23:30.799+0000] {dag.py:3490} INFO - Setting next_dagrun for tutorial to 2023-06-14T23:23:30.798766+00:00, run_after=2023-06-15T23:23:30.798766+00:00
[2023-06-15T23:23:30.828+0000] {processor.py:179} INFO - Processing /home/airflow/.local/lib/python3.7/site-packages/airflow/example_dags/tutorial.py took 0.129 seconds
[2023-06-15T23:24:16.063+0000] {processor.py:157} INFO - Started process (PID=3561) to work on /home/airflow/.local/lib/python3.7/site-packages/airflow/example_dags/tutorial.py
[2023-06-15T23:24:16.065+0000] {processor.py:826} INFO - Processing file /home/airflow/.local/lib/python3.7/site-packages/airflow/example_dags/tutorial.py for tasks to queue
[2023-06-15T23:24:16.067+0000] {logging_mixin.py:149} INFO - [2023-06-15T23:24:16.066+0000] {dagbag.py:541} INFO - Filling up the DagBag from /home/airflow/.local/lib/python3.7/site-packages/airflow/example_dags/tutorial.py
[2023-06-15T23:24:16.078+0000] {processor.py:836} INFO - DAG(s) dict_keys(['tutorial']) retrieved from /home/airflow/.local/lib/python3.7/site-packages/airflow/example_dags/tutorial.py
[2023-06-15T23:24:16.124+0000] {logging_mixin.py:149} INFO - [2023-06-15T23:24:16.124+0000] {dag.py:2726} INFO - Sync 1 DAGs
[2023-06-15T23:24:16.160+0000] {logging_mixin.py:149} INFO - [2023-06-15T23:24:16.160+0000] {dag.py:3490} INFO - Setting next_dagrun for tutorial to 2023-06-14T23:24:16.160205+00:00, run_after=2023-06-15T23:24:16.160205+00:00
[2023-06-15T23:24:16.197+0000] {processor.py:179} INFO - Processing /home/airflow/.local/lib/python3.7/site-packages/airflow/example_dags/tutorial.py took 0.139 seconds
[2023-06-15T23:26:47.321+0000] {processor.py:157} INFO - Started process (PID=3834) to work on /home/airflow/.local/lib/python3.7/site-packages/airflow/example_dags/tutorial.py
[2023-06-15T23:26:47.323+0000] {processor.py:826} INFO - Processing file /home/airflow/.local/lib/python3.7/site-packages/airflow/example_dags/tutorial.py for tasks to queue
[2023-06-15T23:26:47.325+0000] {logging_mixin.py:149} INFO - [2023-06-15T23:26:47.325+0000] {dagbag.py:541} INFO - Filling up the DagBag from /home/airflow/.local/lib/python3.7/site-packages/airflow/example_dags/tutorial.py
[2023-06-15T23:26:47.339+0000] {processor.py:836} INFO - DAG(s) dict_keys(['tutorial']) retrieved from /home/airflow/.local/lib/python3.7/site-packages/airflow/example_dags/tutorial.py
[2023-06-15T23:26:47.378+0000] {logging_mixin.py:149} INFO - [2023-06-15T23:26:47.378+0000] {dag.py:2726} INFO - Sync 1 DAGs
[2023-06-15T23:26:47.417+0000] {logging_mixin.py:149} INFO - [2023-06-15T23:26:47.417+0000] {dag.py:3490} INFO - Setting next_dagrun for tutorial to 2023-06-14T23:26:47.417220+00:00, run_after=2023-06-15T23:26:47.417220+00:00
[2023-06-15T23:26:47.451+0000] {processor.py:179} INFO - Processing /home/airflow/.local/lib/python3.7/site-packages/airflow/example_dags/tutorial.py took 0.136 seconds
[2023-06-15T23:28:05.972+0000] {processor.py:157} INFO - Started process (PID=4087) to work on /home/airflow/.local/lib/python3.7/site-packages/airflow/example_dags/tutorial.py
[2023-06-15T23:28:05.976+0000] {processor.py:826} INFO - Processing file /home/airflow/.local/lib/python3.7/site-packages/airflow/example_dags/tutorial.py for tasks to queue
[2023-06-15T23:28:05.978+0000] {logging_mixin.py:149} INFO - [2023-06-15T23:28:05.977+0000] {dagbag.py:541} INFO - Filling up the DagBag from /home/airflow/.local/lib/python3.7/site-packages/airflow/example_dags/tutorial.py
[2023-06-15T23:28:05.995+0000] {processor.py:836} INFO - DAG(s) dict_keys(['tutorial']) retrieved from /home/airflow/.local/lib/python3.7/site-packages/airflow/example_dags/tutorial.py
[2023-06-15T23:28:06.056+0000] {logging_mixin.py:149} INFO - [2023-06-15T23:28:06.056+0000] {dag.py:2726} INFO - Sync 1 DAGs
[2023-06-15T23:28:06.100+0000] {logging_mixin.py:149} INFO - [2023-06-15T23:28:06.100+0000] {dag.py:3490} INFO - Setting next_dagrun for tutorial to 2023-06-14T23:28:06.099830+00:00, run_after=2023-06-15T23:28:06.099830+00:00
[2023-06-15T23:28:06.134+0000] {processor.py:179} INFO - Processing /home/airflow/.local/lib/python3.7/site-packages/airflow/example_dags/tutorial.py took 0.168 seconds
[2023-06-15T23:32:00.755+0000] {processor.py:157} INFO - Started process (PID=4345) to work on /home/airflow/.local/lib/python3.7/site-packages/airflow/example_dags/tutorial.py
[2023-06-15T23:32:00.757+0000] {processor.py:826} INFO - Processing file /home/airflow/.local/lib/python3.7/site-packages/airflow/example_dags/tutorial.py for tasks to queue
[2023-06-15T23:32:00.759+0000] {logging_mixin.py:149} INFO - [2023-06-15T23:32:00.758+0000] {dagbag.py:541} INFO - Filling up the DagBag from /home/airflow/.local/lib/python3.7/site-packages/airflow/example_dags/tutorial.py
[2023-06-15T23:32:00.768+0000] {processor.py:836} INFO - DAG(s) dict_keys(['tutorial']) retrieved from /home/airflow/.local/lib/python3.7/site-packages/airflow/example_dags/tutorial.py
[2023-06-15T23:32:00.812+0000] {logging_mixin.py:149} INFO - [2023-06-15T23:32:00.812+0000] {dag.py:2726} INFO - Sync 1 DAGs
[2023-06-15T23:32:00.871+0000] {logging_mixin.py:149} INFO - [2023-06-15T23:32:00.871+0000] {dag.py:3490} INFO - Setting next_dagrun for tutorial to 2023-06-14T23:32:00.870811+00:00, run_after=2023-06-15T23:32:00.870811+00:00
[2023-06-15T23:32:00.917+0000] {processor.py:179} INFO - Processing /home/airflow/.local/lib/python3.7/site-packages/airflow/example_dags/tutorial.py took 0.167 seconds
[2023-06-15T23:34:47.609+0000] {processor.py:157} INFO - Started process (PID=4715) to work on /home/airflow/.local/lib/python3.7/site-packages/airflow/example_dags/tutorial.py
[2023-06-15T23:34:47.611+0000] {processor.py:826} INFO - Processing file /home/airflow/.local/lib/python3.7/site-packages/airflow/example_dags/tutorial.py for tasks to queue
[2023-06-15T23:34:47.612+0000] {logging_mixin.py:149} INFO - [2023-06-15T23:34:47.612+0000] {dagbag.py:541} INFO - Filling up the DagBag from /home/airflow/.local/lib/python3.7/site-packages/airflow/example_dags/tutorial.py
[2023-06-15T23:34:47.622+0000] {processor.py:836} INFO - DAG(s) dict_keys(['tutorial']) retrieved from /home/airflow/.local/lib/python3.7/site-packages/airflow/example_dags/tutorial.py
[2023-06-15T23:34:47.670+0000] {logging_mixin.py:149} INFO - [2023-06-15T23:34:47.670+0000] {dag.py:2726} INFO - Sync 1 DAGs
[2023-06-15T23:34:47.738+0000] {logging_mixin.py:149} INFO - [2023-06-15T23:34:47.738+0000] {dag.py:3490} INFO - Setting next_dagrun for tutorial to 2023-06-14T23:34:47.737606+00:00, run_after=2023-06-15T23:34:47.737606+00:00
[2023-06-15T23:34:47.820+0000] {processor.py:179} INFO - Processing /home/airflow/.local/lib/python3.7/site-packages/airflow/example_dags/tutorial.py took 0.216 seconds
[2023-06-15T23:35:20.584+0000] {processor.py:157} INFO - Started process (PID=4950) to work on /home/airflow/.local/lib/python3.7/site-packages/airflow/example_dags/tutorial.py
[2023-06-15T23:35:20.586+0000] {processor.py:826} INFO - Processing file /home/airflow/.local/lib/python3.7/site-packages/airflow/example_dags/tutorial.py for tasks to queue
[2023-06-15T23:35:20.587+0000] {logging_mixin.py:149} INFO - [2023-06-15T23:35:20.587+0000] {dagbag.py:541} INFO - Filling up the DagBag from /home/airflow/.local/lib/python3.7/site-packages/airflow/example_dags/tutorial.py
[2023-06-15T23:35:20.597+0000] {processor.py:836} INFO - DAG(s) dict_keys(['tutorial']) retrieved from /home/airflow/.local/lib/python3.7/site-packages/airflow/example_dags/tutorial.py
[2023-06-15T23:35:20.626+0000] {logging_mixin.py:149} INFO - [2023-06-15T23:35:20.626+0000] {dag.py:2726} INFO - Sync 1 DAGs
[2023-06-15T23:35:20.662+0000] {logging_mixin.py:149} INFO - [2023-06-15T23:35:20.662+0000] {dag.py:3490} INFO - Setting next_dagrun for tutorial to 2023-06-14T23:35:20.661984+00:00, run_after=2023-06-15T23:35:20.661984+00:00
[2023-06-15T23:35:20.690+0000] {processor.py:179} INFO - Processing /home/airflow/.local/lib/python3.7/site-packages/airflow/example_dags/tutorial.py took 0.111 seconds
