[2023-08-03T07:31:25.543+0000] {taskinstance.py:1103} INFO - Dependencies all met for dep_context=non-requeueable deps ti=<TaskInstance: abc_data2bot_etl_dag.run_dbt_analytics scheduled__2023-08-02T00:00:00+00:00 [queued]>
[2023-08-03T07:31:25.549+0000] {taskinstance.py:1103} INFO - Dependencies all met for dep_context=requeueable deps ti=<TaskInstance: abc_data2bot_etl_dag.run_dbt_analytics scheduled__2023-08-02T00:00:00+00:00 [queued]>
[2023-08-03T07:31:25.550+0000] {taskinstance.py:1308} INFO - Starting attempt 1 of 3
[2023-08-03T07:31:25.565+0000] {taskinstance.py:1327} INFO - Executing <Task(PythonOperator): run_dbt_analytics> on 2023-08-02 00:00:00+00:00
[2023-08-03T07:31:25.570+0000] {standard_task_runner.py:57} INFO - Started process 1924 to run task
[2023-08-03T07:31:25.574+0000] {standard_task_runner.py:84} INFO - Running: ['***', 'tasks', 'run', 'abc_data2bot_etl_dag', 'run_dbt_analytics', 'scheduled__2023-08-02T00:00:00+00:00', '--job-id', '7', '--raw', '--subdir', 'DAGS_FOLDER/etl_abc_dag.py', '--cfg-path', '/tmp/tmpbyyuqd7n']
[2023-08-03T07:31:25.575+0000] {standard_task_runner.py:85} INFO - Job 7: Subtask run_dbt_analytics
[2023-08-03T07:31:25.618+0000] {task_command.py:410} INFO - Running <TaskInstance: abc_data2bot_etl_dag.run_dbt_analytics scheduled__2023-08-02T00:00:00+00:00 [running]> on host d75389520dc6
[2023-08-03T07:31:25.689+0000] {taskinstance.py:1547} INFO - Exporting env vars: AIRFLOW_CTX_DAG_OWNER='idowu' AIRFLOW_CTX_DAG_ID='abc_data2bot_etl_dag' AIRFLOW_CTX_TASK_ID='run_dbt_analytics' AIRFLOW_CTX_EXECUTION_DATE='2023-08-02T00:00:00+00:00' AIRFLOW_CTX_TRY_NUMBER='1' AIRFLOW_CTX_DAG_RUN_ID='scheduled__2023-08-02T00:00:00+00:00'
[2023-08-03T07:31:48.936+0000] {python.py:183} INFO - Done. Returned value was: None
[2023-08-03T07:31:48.944+0000] {taskinstance.py:1350} INFO - Marking task as SUCCESS. dag_id=abc_data2bot_etl_dag, task_id=run_dbt_analytics, execution_date=20230802T000000, start_date=20230803T073125, end_date=20230803T073148
[2023-08-03T07:31:48.997+0000] {local_task_job_runner.py:225} INFO - Task exited with return code 0
[2023-08-03T07:34:49.885+0000] {taskinstance.py:1103} INFO - Dependencies all met for dep_context=non-requeueable deps ti=<TaskInstance: abc_data2bot_etl_dag.run_dbt_analytics scheduled__2023-08-02T00:00:00+00:00 [queued]>
[2023-08-03T07:34:49.892+0000] {taskinstance.py:1103} INFO - Dependencies all met for dep_context=requeueable deps ti=<TaskInstance: abc_data2bot_etl_dag.run_dbt_analytics scheduled__2023-08-02T00:00:00+00:00 [queued]>
[2023-08-03T07:34:49.892+0000] {taskinstance.py:1308} INFO - Starting attempt 1 of 3
[2023-08-03T07:34:49.905+0000] {taskinstance.py:1327} INFO - Executing <Task(PythonOperator): run_dbt_analytics> on 2023-08-02 00:00:00+00:00
[2023-08-03T07:34:49.910+0000] {standard_task_runner.py:57} INFO - Started process 3953 to run task
[2023-08-03T07:34:49.913+0000] {standard_task_runner.py:84} INFO - Running: ['***', 'tasks', 'run', 'abc_data2bot_etl_dag', 'run_dbt_analytics', 'scheduled__2023-08-02T00:00:00+00:00', '--job-id', '15', '--raw', '--subdir', 'DAGS_FOLDER/etl_abc_dag.py', '--cfg-path', '/tmp/tmpy3a3hhxm']
[2023-08-03T07:34:49.913+0000] {standard_task_runner.py:85} INFO - Job 15: Subtask run_dbt_analytics
[2023-08-03T07:34:49.954+0000] {task_command.py:410} INFO - Running <TaskInstance: abc_data2bot_etl_dag.run_dbt_analytics scheduled__2023-08-02T00:00:00+00:00 [running]> on host d75389520dc6
[2023-08-03T07:34:50.023+0000] {taskinstance.py:1547} INFO - Exporting env vars: AIRFLOW_CTX_DAG_OWNER='idowu' AIRFLOW_CTX_DAG_ID='abc_data2bot_etl_dag' AIRFLOW_CTX_TASK_ID='run_dbt_analytics' AIRFLOW_CTX_EXECUTION_DATE='2023-08-02T00:00:00+00:00' AIRFLOW_CTX_TRY_NUMBER='1' AIRFLOW_CTX_DAG_RUN_ID='scheduled__2023-08-02T00:00:00+00:00'
[2023-08-03T07:35:10.899+0000] {python.py:183} INFO - Done. Returned value was: None
[2023-08-03T07:35:10.907+0000] {taskinstance.py:1350} INFO - Marking task as SUCCESS. dag_id=abc_data2bot_etl_dag, task_id=run_dbt_analytics, execution_date=20230802T000000, start_date=20230803T073449, end_date=20230803T073510
[2023-08-03T07:35:10.960+0000] {local_task_job_runner.py:225} INFO - Task exited with return code 0
[2023-08-03T07:45:04.229+0000] {taskinstance.py:1103} INFO - Dependencies all met for dep_context=non-requeueable deps ti=<TaskInstance: abc_data2bot_etl_dag.run_dbt_analytics scheduled__2023-08-02T00:00:00+00:00 [queued]>
[2023-08-03T07:45:04.238+0000] {taskinstance.py:1103} INFO - Dependencies all met for dep_context=requeueable deps ti=<TaskInstance: abc_data2bot_etl_dag.run_dbt_analytics scheduled__2023-08-02T00:00:00+00:00 [queued]>
[2023-08-03T07:45:04.238+0000] {taskinstance.py:1308} INFO - Starting attempt 1 of 3
[2023-08-03T07:45:04.255+0000] {taskinstance.py:1327} INFO - Executing <Task(PythonOperator): run_dbt_analytics> on 2023-08-02 00:00:00+00:00
[2023-08-03T07:45:04.260+0000] {standard_task_runner.py:57} INFO - Started process 9798 to run task
[2023-08-03T07:45:04.263+0000] {standard_task_runner.py:84} INFO - Running: ['***', 'tasks', 'run', 'abc_data2bot_etl_dag', 'run_dbt_analytics', 'scheduled__2023-08-02T00:00:00+00:00', '--job-id', '23', '--raw', '--subdir', 'DAGS_FOLDER/etl_abc_dag.py', '--cfg-path', '/tmp/tmpg5zm_4y_']
[2023-08-03T07:45:04.264+0000] {standard_task_runner.py:85} INFO - Job 23: Subtask run_dbt_analytics
[2023-08-03T07:45:04.305+0000] {task_command.py:410} INFO - Running <TaskInstance: abc_data2bot_etl_dag.run_dbt_analytics scheduled__2023-08-02T00:00:00+00:00 [running]> on host d75389520dc6
[2023-08-03T07:45:04.384+0000] {taskinstance.py:1547} INFO - Exporting env vars: AIRFLOW_CTX_DAG_OWNER='idowu' AIRFLOW_CTX_DAG_ID='abc_data2bot_etl_dag' AIRFLOW_CTX_TASK_ID='run_dbt_analytics' AIRFLOW_CTX_EXECUTION_DATE='2023-08-02T00:00:00+00:00' AIRFLOW_CTX_TRY_NUMBER='1' AIRFLOW_CTX_DAG_RUN_ID='scheduled__2023-08-02T00:00:00+00:00'
[2023-08-03T07:45:41.538+0000] {python.py:183} INFO - Done. Returned value was: None
[2023-08-03T07:45:41.547+0000] {taskinstance.py:1350} INFO - Marking task as SUCCESS. dag_id=abc_data2bot_etl_dag, task_id=run_dbt_analytics, execution_date=20230802T000000, start_date=20230803T074504, end_date=20230803T074541
[2023-08-03T07:45:41.572+0000] {local_task_job_runner.py:225} INFO - Task exited with return code 0
[2023-08-03T07:50:54.792+0000] {taskinstance.py:1103} INFO - Dependencies all met for dep_context=non-requeueable deps ti=<TaskInstance: abc_data2bot_etl_dag.run_dbt_analytics scheduled__2023-08-02T00:00:00+00:00 [queued]>
[2023-08-03T07:50:54.799+0000] {taskinstance.py:1103} INFO - Dependencies all met for dep_context=requeueable deps ti=<TaskInstance: abc_data2bot_etl_dag.run_dbt_analytics scheduled__2023-08-02T00:00:00+00:00 [queued]>
[2023-08-03T07:50:54.799+0000] {taskinstance.py:1308} INFO - Starting attempt 1 of 3
[2023-08-03T07:50:54.812+0000] {taskinstance.py:1327} INFO - Executing <Task(PythonOperator): run_dbt_analytics> on 2023-08-02 00:00:00+00:00
[2023-08-03T07:50:54.816+0000] {standard_task_runner.py:57} INFO - Started process 13134 to run task
[2023-08-03T07:50:54.819+0000] {standard_task_runner.py:84} INFO - Running: ['***', 'tasks', 'run', 'abc_data2bot_etl_dag', 'run_dbt_analytics', 'scheduled__2023-08-02T00:00:00+00:00', '--job-id', '34', '--raw', '--subdir', 'DAGS_FOLDER/etl_abc_dag.py', '--cfg-path', '/tmp/tmp4l594md1']
[2023-08-03T07:50:54.819+0000] {standard_task_runner.py:85} INFO - Job 34: Subtask run_dbt_analytics
[2023-08-03T07:50:54.859+0000] {task_command.py:410} INFO - Running <TaskInstance: abc_data2bot_etl_dag.run_dbt_analytics scheduled__2023-08-02T00:00:00+00:00 [running]> on host d75389520dc6
[2023-08-03T07:50:54.929+0000] {taskinstance.py:1547} INFO - Exporting env vars: AIRFLOW_CTX_DAG_OWNER='idowu' AIRFLOW_CTX_DAG_ID='abc_data2bot_etl_dag' AIRFLOW_CTX_TASK_ID='run_dbt_analytics' AIRFLOW_CTX_EXECUTION_DATE='2023-08-02T00:00:00+00:00' AIRFLOW_CTX_TRY_NUMBER='1' AIRFLOW_CTX_DAG_RUN_ID='scheduled__2023-08-02T00:00:00+00:00'
[2023-08-03T07:51:12.062+0000] {python.py:183} INFO - Done. Returned value was: None
[2023-08-03T07:51:12.070+0000] {taskinstance.py:1350} INFO - Marking task as SUCCESS. dag_id=abc_data2bot_etl_dag, task_id=run_dbt_analytics, execution_date=20230802T000000, start_date=20230803T075054, end_date=20230803T075112
[2023-08-03T07:51:12.122+0000] {local_task_job_runner.py:225} INFO - Task exited with return code 0
[2023-08-03T07:54:24.817+0000] {taskinstance.py:1103} INFO - Dependencies all met for dep_context=non-requeueable deps ti=<TaskInstance: abc_data2bot_etl_dag.run_dbt_analytics scheduled__2023-08-02T00:00:00+00:00 [queued]>
[2023-08-03T07:54:24.825+0000] {taskinstance.py:1103} INFO - Dependencies all met for dep_context=requeueable deps ti=<TaskInstance: abc_data2bot_etl_dag.run_dbt_analytics scheduled__2023-08-02T00:00:00+00:00 [queued]>
[2023-08-03T07:54:24.825+0000] {taskinstance.py:1308} INFO - Starting attempt 1 of 3
[2023-08-03T07:54:24.837+0000] {taskinstance.py:1327} INFO - Executing <Task(PythonOperator): run_dbt_analytics> on 2023-08-02 00:00:00+00:00
[2023-08-03T07:54:24.844+0000] {standard_task_runner.py:57} INFO - Started process 15195 to run task
[2023-08-03T07:54:24.846+0000] {standard_task_runner.py:84} INFO - Running: ['***', 'tasks', 'run', 'abc_data2bot_etl_dag', 'run_dbt_analytics', 'scheduled__2023-08-02T00:00:00+00:00', '--job-id', '41', '--raw', '--subdir', 'DAGS_FOLDER/etl_abc_dag.py', '--cfg-path', '/tmp/tmp1s7nk1ca']
[2023-08-03T07:54:24.847+0000] {standard_task_runner.py:85} INFO - Job 41: Subtask run_dbt_analytics
[2023-08-03T07:54:24.890+0000] {task_command.py:410} INFO - Running <TaskInstance: abc_data2bot_etl_dag.run_dbt_analytics scheduled__2023-08-02T00:00:00+00:00 [running]> on host d75389520dc6
[2023-08-03T07:54:24.960+0000] {taskinstance.py:1547} INFO - Exporting env vars: AIRFLOW_CTX_DAG_OWNER='idowu' AIRFLOW_CTX_DAG_ID='abc_data2bot_etl_dag' AIRFLOW_CTX_TASK_ID='run_dbt_analytics' AIRFLOW_CTX_EXECUTION_DATE='2023-08-02T00:00:00+00:00' AIRFLOW_CTX_TRY_NUMBER='1' AIRFLOW_CTX_DAG_RUN_ID='scheduled__2023-08-02T00:00:00+00:00'
[2023-08-03T07:54:59.410+0000] {python.py:183} INFO - Done. Returned value was: None
[2023-08-03T07:54:59.418+0000] {taskinstance.py:1350} INFO - Marking task as SUCCESS. dag_id=abc_data2bot_etl_dag, task_id=run_dbt_analytics, execution_date=20230802T000000, start_date=20230803T075424, end_date=20230803T075459
[2023-08-03T07:54:59.459+0000] {local_task_job_runner.py:225} INFO - Task exited with return code 0
[2023-08-03T08:12:07.678+0000] {taskinstance.py:1103} INFO - Dependencies all met for dep_context=non-requeueable deps ti=<TaskInstance: abc_data2bot_etl_dag.run_dbt_analytics scheduled__2023-08-02T00:00:00+00:00 [queued]>
[2023-08-03T08:12:07.685+0000] {taskinstance.py:1103} INFO - Dependencies all met for dep_context=requeueable deps ti=<TaskInstance: abc_data2bot_etl_dag.run_dbt_analytics scheduled__2023-08-02T00:00:00+00:00 [queued]>
[2023-08-03T08:12:07.686+0000] {taskinstance.py:1308} INFO - Starting attempt 1 of 3
[2023-08-03T08:12:07.697+0000] {taskinstance.py:1327} INFO - Executing <Task(PythonOperator): run_dbt_analytics> on 2023-08-02 00:00:00+00:00
[2023-08-03T08:12:07.703+0000] {standard_task_runner.py:57} INFO - Started process 25353 to run task
[2023-08-03T08:12:07.705+0000] {standard_task_runner.py:84} INFO - Running: ['***', 'tasks', 'run', 'abc_data2bot_etl_dag', 'run_dbt_analytics', 'scheduled__2023-08-02T00:00:00+00:00', '--job-id', '55', '--raw', '--subdir', 'DAGS_FOLDER/etl_abc_dag.py', '--cfg-path', '/tmp/tmp10a02rj4']
[2023-08-03T08:12:07.706+0000] {standard_task_runner.py:85} INFO - Job 55: Subtask run_dbt_analytics
[2023-08-03T08:12:07.748+0000] {task_command.py:410} INFO - Running <TaskInstance: abc_data2bot_etl_dag.run_dbt_analytics scheduled__2023-08-02T00:00:00+00:00 [running]> on host d75389520dc6
[2023-08-03T08:12:07.821+0000] {taskinstance.py:1547} INFO - Exporting env vars: AIRFLOW_CTX_DAG_OWNER='idowu' AIRFLOW_CTX_DAG_ID='abc_data2bot_etl_dag' AIRFLOW_CTX_TASK_ID='run_dbt_analytics' AIRFLOW_CTX_EXECUTION_DATE='2023-08-02T00:00:00+00:00' AIRFLOW_CTX_TRY_NUMBER='1' AIRFLOW_CTX_DAG_RUN_ID='scheduled__2023-08-02T00:00:00+00:00'
[2023-08-03T08:12:29.019+0000] {python.py:183} INFO - Done. Returned value was: None
[2023-08-03T08:12:29.033+0000] {taskinstance.py:1350} INFO - Marking task as SUCCESS. dag_id=abc_data2bot_etl_dag, task_id=run_dbt_analytics, execution_date=20230802T000000, start_date=20230803T081207, end_date=20230803T081229
[2023-08-03T08:12:29.080+0000] {local_task_job_runner.py:225} INFO - Task exited with return code 0
