[2023-08-04T08:09:36.523+0000] {taskinstance.py:1103} INFO - Dependencies all met for dep_context=non-requeueable deps ti=<TaskInstance: abc_data2bot_etl_dag.extract_data_task scheduled__2023-08-03T00:00:00+00:00 [queued]>
[2023-08-04T08:09:36.532+0000] {taskinstance.py:1103} INFO - Dependencies all met for dep_context=requeueable deps ti=<TaskInstance: abc_data2bot_etl_dag.extract_data_task scheduled__2023-08-03T00:00:00+00:00 [queued]>
[2023-08-04T08:09:36.532+0000] {taskinstance.py:1308} INFO - Starting attempt 1 of 3
[2023-08-04T08:09:36.553+0000] {taskinstance.py:1327} INFO - Executing <Task(PythonOperator): extract_data_task> on 2023-08-03 00:00:00+00:00
[2023-08-04T08:09:36.561+0000] {standard_task_runner.py:57} INFO - Started process 247 to run task
[2023-08-04T08:09:36.564+0000] {standard_task_runner.py:84} INFO - Running: ['***', 'tasks', 'run', 'abc_data2bot_etl_dag', 'extract_data_task', 'scheduled__2023-08-03T00:00:00+00:00', '--job-id', '71', '--raw', '--subdir', 'DAGS_FOLDER/etl_abc_dag.py', '--cfg-path', '/tmp/tmpsrs_gggj']
[2023-08-04T08:09:36.565+0000] {standard_task_runner.py:85} INFO - Job 71: Subtask extract_data_task
[2023-08-04T08:09:36.626+0000] {task_command.py:410} INFO - Running <TaskInstance: abc_data2bot_etl_dag.extract_data_task scheduled__2023-08-03T00:00:00+00:00 [running]> on host d75389520dc6
[2023-08-04T08:09:36.748+0000] {taskinstance.py:1547} INFO - Exporting env vars: AIRFLOW_CTX_DAG_OWNER='idowu' AIRFLOW_CTX_DAG_ID='abc_data2bot_etl_dag' AIRFLOW_CTX_TASK_ID='extract_data_task' AIRFLOW_CTX_EXECUTION_DATE='2023-08-03T00:00:00+00:00' AIRFLOW_CTX_TRY_NUMBER='1' AIRFLOW_CTX_DAG_RUN_ID='scheduled__2023-08-03T00:00:00+00:00'
[2023-08-04T08:09:47.748+0000] {python.py:183} INFO - Done. Returned value was: {'orders': '/opt/***/orders_data/orders.csv', 'reviews': '/opt/***/orders_data/reviews.csv', 'shipment_deliveries': '/opt/***/orders_data/shipment_deliveries.csv'}
[2023-08-04T08:09:47.781+0000] {taskinstance.py:1350} INFO - Marking task as SUCCESS. dag_id=abc_data2bot_etl_dag, task_id=extract_data_task, execution_date=20230803T000000, start_date=20230804T080936, end_date=20230804T080947
[2023-08-04T08:09:47.844+0000] {local_task_job_runner.py:225} INFO - Task exited with return code 0
[2023-08-04T15:33:04.589+0000] {taskinstance.py:1103} INFO - Dependencies all met for dep_context=non-requeueable deps ti=<TaskInstance: abc_data2bot_etl_dag.extract_data_task scheduled__2023-08-03T00:00:00+00:00 [queued]>
[2023-08-04T15:33:04.596+0000] {taskinstance.py:1103} INFO - Dependencies all met for dep_context=requeueable deps ti=<TaskInstance: abc_data2bot_etl_dag.extract_data_task scheduled__2023-08-03T00:00:00+00:00 [queued]>
[2023-08-04T15:33:04.596+0000] {taskinstance.py:1308} INFO - Starting attempt 1 of 3
[2023-08-04T15:33:04.609+0000] {taskinstance.py:1327} INFO - Executing <Task(PythonOperator): extract_data_task> on 2023-08-03 00:00:00+00:00
[2023-08-04T15:33:04.615+0000] {standard_task_runner.py:57} INFO - Started process 699 to run task
[2023-08-04T15:33:04.618+0000] {standard_task_runner.py:84} INFO - Running: ['***', 'tasks', 'run', 'abc_data2bot_etl_dag', 'extract_data_task', 'scheduled__2023-08-03T00:00:00+00:00', '--job-id', '4', '--raw', '--subdir', 'DAGS_FOLDER/etl_abc_dag.py', '--cfg-path', '/tmp/tmp67ziludz']
[2023-08-04T15:33:04.619+0000] {standard_task_runner.py:85} INFO - Job 4: Subtask extract_data_task
[2023-08-04T15:33:04.669+0000] {task_command.py:410} INFO - Running <TaskInstance: abc_data2bot_etl_dag.extract_data_task scheduled__2023-08-03T00:00:00+00:00 [running]> on host 6eef4b6d916a
[2023-08-04T15:33:04.808+0000] {taskinstance.py:1547} INFO - Exporting env vars: AIRFLOW_CTX_DAG_OWNER='idowu' AIRFLOW_CTX_DAG_ID='abc_data2bot_etl_dag' AIRFLOW_CTX_TASK_ID='extract_data_task' AIRFLOW_CTX_EXECUTION_DATE='2023-08-03T00:00:00+00:00' AIRFLOW_CTX_TRY_NUMBER='1' AIRFLOW_CTX_DAG_RUN_ID='scheduled__2023-08-03T00:00:00+00:00'
[2023-08-04T15:33:11.506+0000] {python.py:183} INFO - Done. Returned value was: {'orders': '/opt/***/orders_data/orders.csv', 'reviews': '/opt/***/orders_data/reviews.csv', 'shipment_deliveries': '/opt/***/orders_data/shipment_deliveries.csv'}
[2023-08-04T15:33:11.524+0000] {taskinstance.py:1350} INFO - Marking task as SUCCESS. dag_id=abc_data2bot_etl_dag, task_id=extract_data_task, execution_date=20230803T000000, start_date=20230804T153304, end_date=20230804T153311
[2023-08-04T15:33:11.560+0000] {local_task_job_runner.py:225} INFO - Task exited with return code 0
