[2023-08-04T08:10:05.389+0000] {taskinstance.py:1103} INFO - Dependencies all met for dep_context=non-requeueable deps ti=<TaskInstance: abc_data2bot_etl_dag.run_dbt_analytics scheduled__2023-08-03T00:00:00+00:00 [queued]>
[2023-08-04T08:10:05.406+0000] {taskinstance.py:1103} INFO - Dependencies all met for dep_context=requeueable deps ti=<TaskInstance: abc_data2bot_etl_dag.run_dbt_analytics scheduled__2023-08-03T00:00:00+00:00 [queued]>
[2023-08-04T08:10:05.407+0000] {taskinstance.py:1308} INFO - Starting attempt 1 of 3
[2023-08-04T08:10:05.433+0000] {taskinstance.py:1327} INFO - Executing <Task(PythonOperator): run_dbt_analytics> on 2023-08-03 00:00:00+00:00
[2023-08-04T08:10:05.439+0000] {standard_task_runner.py:57} INFO - Started process 462 to run task
[2023-08-04T08:10:05.442+0000] {standard_task_runner.py:84} INFO - Running: ['***', 'tasks', 'run', 'abc_data2bot_etl_dag', 'run_dbt_analytics', 'scheduled__2023-08-03T00:00:00+00:00', '--job-id', '73', '--raw', '--subdir', 'DAGS_FOLDER/etl_abc_dag.py', '--cfg-path', '/tmp/tmpdcipd0ux']
[2023-08-04T08:10:05.443+0000] {standard_task_runner.py:85} INFO - Job 73: Subtask run_dbt_analytics
[2023-08-04T08:10:05.509+0000] {task_command.py:410} INFO - Running <TaskInstance: abc_data2bot_etl_dag.run_dbt_analytics scheduled__2023-08-03T00:00:00+00:00 [running]> on host d75389520dc6
[2023-08-04T08:10:05.600+0000] {taskinstance.py:1547} INFO - Exporting env vars: AIRFLOW_CTX_DAG_OWNER='idowu' AIRFLOW_CTX_DAG_ID='abc_data2bot_etl_dag' AIRFLOW_CTX_TASK_ID='run_dbt_analytics' AIRFLOW_CTX_EXECUTION_DATE='2023-08-03T00:00:00+00:00' AIRFLOW_CTX_TRY_NUMBER='1' AIRFLOW_CTX_DAG_RUN_ID='scheduled__2023-08-03T00:00:00+00:00'
[2023-08-04T08:10:22.882+0000] {python.py:183} INFO - Done. Returned value was: None
[2023-08-04T08:10:22.894+0000] {taskinstance.py:1350} INFO - Marking task as SUCCESS. dag_id=abc_data2bot_etl_dag, task_id=run_dbt_analytics, execution_date=20230803T000000, start_date=20230804T081005, end_date=20230804T081022
[2023-08-04T08:10:22.933+0000] {local_task_job_runner.py:225} INFO - Task exited with return code 0
[2023-08-04T15:35:37.465+0000] {taskinstance.py:1103} INFO - Dependencies all met for dep_context=non-requeueable deps ti=<TaskInstance: abc_data2bot_etl_dag.run_dbt_analytics scheduled__2023-08-03T00:00:00+00:00 [queued]>
[2023-08-04T15:35:37.472+0000] {taskinstance.py:1103} INFO - Dependencies all met for dep_context=requeueable deps ti=<TaskInstance: abc_data2bot_etl_dag.run_dbt_analytics scheduled__2023-08-03T00:00:00+00:00 [queued]>
[2023-08-04T15:35:37.473+0000] {taskinstance.py:1308} INFO - Starting attempt 1 of 3
[2023-08-04T15:35:37.488+0000] {taskinstance.py:1327} INFO - Executing <Task(PythonOperator): run_dbt_analytics> on 2023-08-03 00:00:00+00:00
[2023-08-04T15:35:37.493+0000] {standard_task_runner.py:57} INFO - Started process 2093 to run task
[2023-08-04T15:35:37.495+0000] {standard_task_runner.py:84} INFO - Running: ['***', 'tasks', 'run', 'abc_data2bot_etl_dag', 'run_dbt_analytics', 'scheduled__2023-08-03T00:00:00+00:00', '--job-id', '10', '--raw', '--subdir', 'DAGS_FOLDER/etl_abc_dag.py', '--cfg-path', '/tmp/tmpfyva842n']
[2023-08-04T15:35:37.496+0000] {standard_task_runner.py:85} INFO - Job 10: Subtask run_dbt_analytics
[2023-08-04T15:35:37.541+0000] {task_command.py:410} INFO - Running <TaskInstance: abc_data2bot_etl_dag.run_dbt_analytics scheduled__2023-08-03T00:00:00+00:00 [running]> on host 6eef4b6d916a
[2023-08-04T15:35:37.616+0000] {taskinstance.py:1547} INFO - Exporting env vars: AIRFLOW_CTX_DAG_OWNER='idowu' AIRFLOW_CTX_DAG_ID='abc_data2bot_etl_dag' AIRFLOW_CTX_TASK_ID='run_dbt_analytics' AIRFLOW_CTX_EXECUTION_DATE='2023-08-03T00:00:00+00:00' AIRFLOW_CTX_TRY_NUMBER='1' AIRFLOW_CTX_DAG_RUN_ID='scheduled__2023-08-03T00:00:00+00:00'
[2023-08-04T15:36:39.266+0000] {python.py:183} INFO - Done. Returned value was: None
[2023-08-04T15:36:39.277+0000] {taskinstance.py:1350} INFO - Marking task as SUCCESS. dag_id=abc_data2bot_etl_dag, task_id=run_dbt_analytics, execution_date=20230803T000000, start_date=20230804T153537, end_date=20230804T153639
[2023-08-04T15:36:39.295+0000] {local_task_job_runner.py:225} INFO - Task exited with return code 0
