[2023-08-03T14:57:07.030+0000] {processor.py:157} INFO - Started process (PID=26250) to work on /home/airflow/.local/lib/python3.7/site-packages/airflow/example_dags/example_skip_dag.py
[2023-08-03T14:57:07.030+0000] {processor.py:826} INFO - Processing file /home/airflow/.local/lib/python3.7/site-packages/airflow/example_dags/example_skip_dag.py for tasks to queue
[2023-08-03T14:57:07.031+0000] {logging_mixin.py:150} INFO - [2023-08-03T14:57:07.031+0000] {dagbag.py:541} INFO - Filling up the DagBag from /home/airflow/.local/lib/python3.7/site-packages/airflow/example_dags/example_skip_dag.py
[2023-08-03T14:57:07.039+0000] {processor.py:836} INFO - DAG(s) dict_keys(['example_skip_dag']) retrieved from /home/airflow/.local/lib/python3.7/site-packages/airflow/example_dags/example_skip_dag.py
[2023-08-03T14:57:07.061+0000] {logging_mixin.py:150} INFO - [2023-08-03T14:57:07.060+0000] {dag.py:2742} INFO - Sync 1 DAGs
[2023-08-03T14:57:07.083+0000] {logging_mixin.py:150} INFO - [2023-08-03T14:57:07.082+0000] {dag.py:3508} INFO - Setting next_dagrun for example_skip_dag to 2023-08-02T14:57:07.082805+00:00, run_after=2023-08-03T14:57:07.082805+00:00
[2023-08-03T14:57:07.099+0000] {processor.py:179} INFO - Processing /home/airflow/.local/lib/python3.7/site-packages/airflow/example_dags/example_skip_dag.py took 0.072 seconds
[2023-08-03T14:57:37.793+0000] {processor.py:157} INFO - Started process (PID=26508) to work on /home/airflow/.local/lib/python3.7/site-packages/airflow/example_dags/example_skip_dag.py
[2023-08-03T14:57:37.794+0000] {processor.py:826} INFO - Processing file /home/airflow/.local/lib/python3.7/site-packages/airflow/example_dags/example_skip_dag.py for tasks to queue
[2023-08-03T14:57:37.794+0000] {logging_mixin.py:150} INFO - [2023-08-03T14:57:37.794+0000] {dagbag.py:541} INFO - Filling up the DagBag from /home/airflow/.local/lib/python3.7/site-packages/airflow/example_dags/example_skip_dag.py
[2023-08-03T14:57:37.800+0000] {processor.py:836} INFO - DAG(s) dict_keys(['example_skip_dag']) retrieved from /home/airflow/.local/lib/python3.7/site-packages/airflow/example_dags/example_skip_dag.py
[2023-08-03T14:57:37.820+0000] {logging_mixin.py:150} INFO - [2023-08-03T14:57:37.820+0000] {dag.py:2742} INFO - Sync 1 DAGs
[2023-08-03T14:57:37.844+0000] {logging_mixin.py:150} INFO - [2023-08-03T14:57:37.844+0000] {dag.py:3508} INFO - Setting next_dagrun for example_skip_dag to 2023-08-02T14:57:37.844395+00:00, run_after=2023-08-03T14:57:37.844395+00:00
[2023-08-03T14:57:37.861+0000] {processor.py:179} INFO - Processing /home/airflow/.local/lib/python3.7/site-packages/airflow/example_dags/example_skip_dag.py took 0.070 seconds
[2023-08-03T14:58:08.642+0000] {processor.py:157} INFO - Started process (PID=26766) to work on /home/airflow/.local/lib/python3.7/site-packages/airflow/example_dags/example_skip_dag.py
[2023-08-03T14:58:08.643+0000] {processor.py:826} INFO - Processing file /home/airflow/.local/lib/python3.7/site-packages/airflow/example_dags/example_skip_dag.py for tasks to queue
[2023-08-03T14:58:08.644+0000] {logging_mixin.py:150} INFO - [2023-08-03T14:58:08.644+0000] {dagbag.py:541} INFO - Filling up the DagBag from /home/airflow/.local/lib/python3.7/site-packages/airflow/example_dags/example_skip_dag.py
[2023-08-03T14:58:08.653+0000] {processor.py:836} INFO - DAG(s) dict_keys(['example_skip_dag']) retrieved from /home/airflow/.local/lib/python3.7/site-packages/airflow/example_dags/example_skip_dag.py
[2023-08-03T14:58:08.676+0000] {logging_mixin.py:150} INFO - [2023-08-03T14:58:08.676+0000] {dag.py:2742} INFO - Sync 1 DAGs
[2023-08-03T14:58:08.698+0000] {logging_mixin.py:150} INFO - [2023-08-03T14:58:08.698+0000] {dag.py:3508} INFO - Setting next_dagrun for example_skip_dag to 2023-08-02T14:58:08.698460+00:00, run_after=2023-08-03T14:58:08.698460+00:00
[2023-08-03T14:58:08.717+0000] {processor.py:179} INFO - Processing /home/airflow/.local/lib/python3.7/site-packages/airflow/example_dags/example_skip_dag.py took 0.078 seconds
