[2023-08-03T14:57:05.906+0000] {processor.py:157} INFO - Started process (PID=26240) to work on /home/airflow/.local/lib/python3.7/site-packages/airflow/example_dags/example_datasets.py
[2023-08-03T14:57:05.907+0000] {processor.py:826} INFO - Processing file /home/airflow/.local/lib/python3.7/site-packages/airflow/example_dags/example_datasets.py for tasks to queue
[2023-08-03T14:57:05.907+0000] {logging_mixin.py:150} INFO - [2023-08-03T14:57:05.907+0000] {dagbag.py:541} INFO - Filling up the DagBag from /home/airflow/.local/lib/python3.7/site-packages/airflow/example_dags/example_datasets.py
[2023-08-03T14:57:05.914+0000] {processor.py:836} INFO - DAG(s) dict_keys(['dataset_consumes_1_and_2', 'dataset_consumes_1', 'dataset_produces_1', 'dataset_consumes_1_never_scheduled', 'dataset_consumes_unknown_never_scheduled', 'dataset_produces_2']) retrieved from /home/airflow/.local/lib/python3.7/site-packages/airflow/example_dags/example_datasets.py
[2023-08-03T14:57:05.946+0000] {logging_mixin.py:150} INFO - [2023-08-03T14:57:05.945+0000] {dag.py:2742} INFO - Sync 6 DAGs
[2023-08-03T14:57:05.968+0000] {logging_mixin.py:150} INFO - [2023-08-03T14:57:05.968+0000] {dag.py:3508} INFO - Setting next_dagrun for dataset_consumes_1 to None, run_after=None
[2023-08-03T14:57:05.971+0000] {logging_mixin.py:150} INFO - [2023-08-03T14:57:05.971+0000] {dag.py:3508} INFO - Setting next_dagrun for dataset_consumes_1_and_2 to None, run_after=None
[2023-08-03T14:57:05.972+0000] {logging_mixin.py:150} INFO - [2023-08-03T14:57:05.972+0000] {dag.py:3508} INFO - Setting next_dagrun for dataset_consumes_1_never_scheduled to None, run_after=None
[2023-08-03T14:57:05.973+0000] {logging_mixin.py:150} INFO - [2023-08-03T14:57:05.973+0000] {dag.py:3508} INFO - Setting next_dagrun for dataset_consumes_unknown_never_scheduled to None, run_after=None
[2023-08-03T14:57:05.975+0000] {logging_mixin.py:150} INFO - [2023-08-03T14:57:05.975+0000] {dag.py:3508} INFO - Setting next_dagrun for dataset_produces_1 to 2023-08-02T00:00:00+00:00, run_after=2023-08-03T00:00:00+00:00
[2023-08-03T14:57:05.976+0000] {logging_mixin.py:150} INFO - [2023-08-03T14:57:05.975+0000] {dag.py:3508} INFO - Setting next_dagrun for dataset_produces_2 to None, run_after=None
[2023-08-03T14:57:06.002+0000] {processor.py:179} INFO - Processing /home/airflow/.local/lib/python3.7/site-packages/airflow/example_dags/example_datasets.py took 0.099 seconds
[2023-08-03T14:57:36.665+0000] {processor.py:157} INFO - Started process (PID=26498) to work on /home/airflow/.local/lib/python3.7/site-packages/airflow/example_dags/example_datasets.py
[2023-08-03T14:57:36.666+0000] {processor.py:826} INFO - Processing file /home/airflow/.local/lib/python3.7/site-packages/airflow/example_dags/example_datasets.py for tasks to queue
[2023-08-03T14:57:36.666+0000] {logging_mixin.py:150} INFO - [2023-08-03T14:57:36.666+0000] {dagbag.py:541} INFO - Filling up the DagBag from /home/airflow/.local/lib/python3.7/site-packages/airflow/example_dags/example_datasets.py
[2023-08-03T14:57:36.673+0000] {processor.py:836} INFO - DAG(s) dict_keys(['dataset_produces_2', 'dataset_consumes_1', 'dataset_consumes_1_and_2', 'dataset_produces_1', 'dataset_consumes_1_never_scheduled', 'dataset_consumes_unknown_never_scheduled']) retrieved from /home/airflow/.local/lib/python3.7/site-packages/airflow/example_dags/example_datasets.py
[2023-08-03T14:57:36.708+0000] {logging_mixin.py:150} INFO - [2023-08-03T14:57:36.707+0000] {dag.py:2742} INFO - Sync 6 DAGs
[2023-08-03T14:57:36.731+0000] {logging_mixin.py:150} INFO - [2023-08-03T14:57:36.731+0000] {dag.py:3508} INFO - Setting next_dagrun for dataset_consumes_1 to None, run_after=None
[2023-08-03T14:57:36.734+0000] {logging_mixin.py:150} INFO - [2023-08-03T14:57:36.734+0000] {dag.py:3508} INFO - Setting next_dagrun for dataset_consumes_1_and_2 to None, run_after=None
[2023-08-03T14:57:36.735+0000] {logging_mixin.py:150} INFO - [2023-08-03T14:57:36.735+0000] {dag.py:3508} INFO - Setting next_dagrun for dataset_consumes_1_never_scheduled to None, run_after=None
[2023-08-03T14:57:36.736+0000] {logging_mixin.py:150} INFO - [2023-08-03T14:57:36.736+0000] {dag.py:3508} INFO - Setting next_dagrun for dataset_consumes_unknown_never_scheduled to None, run_after=None
[2023-08-03T14:57:36.738+0000] {logging_mixin.py:150} INFO - [2023-08-03T14:57:36.738+0000] {dag.py:3508} INFO - Setting next_dagrun for dataset_produces_1 to 2023-08-02T00:00:00+00:00, run_after=2023-08-03T00:00:00+00:00
[2023-08-03T14:57:36.739+0000] {logging_mixin.py:150} INFO - [2023-08-03T14:57:36.739+0000] {dag.py:3508} INFO - Setting next_dagrun for dataset_produces_2 to None, run_after=None
[2023-08-03T14:57:36.765+0000] {processor.py:179} INFO - Processing /home/airflow/.local/lib/python3.7/site-packages/airflow/example_dags/example_datasets.py took 0.103 seconds
[2023-08-03T14:58:07.488+0000] {processor.py:157} INFO - Started process (PID=26756) to work on /home/airflow/.local/lib/python3.7/site-packages/airflow/example_dags/example_datasets.py
[2023-08-03T14:58:07.489+0000] {processor.py:826} INFO - Processing file /home/airflow/.local/lib/python3.7/site-packages/airflow/example_dags/example_datasets.py for tasks to queue
[2023-08-03T14:58:07.490+0000] {logging_mixin.py:150} INFO - [2023-08-03T14:58:07.490+0000] {dagbag.py:541} INFO - Filling up the DagBag from /home/airflow/.local/lib/python3.7/site-packages/airflow/example_dags/example_datasets.py
[2023-08-03T14:58:07.498+0000] {processor.py:836} INFO - DAG(s) dict_keys(['dataset_consumes_1', 'dataset_consumes_1_and_2', 'dataset_produces_2', 'dataset_consumes_unknown_never_scheduled', 'dataset_produces_1', 'dataset_consumes_1_never_scheduled']) retrieved from /home/airflow/.local/lib/python3.7/site-packages/airflow/example_dags/example_datasets.py
[2023-08-03T14:58:07.549+0000] {logging_mixin.py:150} INFO - [2023-08-03T14:58:07.548+0000] {dag.py:2742} INFO - Sync 6 DAGs
[2023-08-03T14:58:07.573+0000] {logging_mixin.py:150} INFO - [2023-08-03T14:58:07.573+0000] {dag.py:3508} INFO - Setting next_dagrun for dataset_consumes_1 to None, run_after=None
[2023-08-03T14:58:07.576+0000] {logging_mixin.py:150} INFO - [2023-08-03T14:58:07.576+0000] {dag.py:3508} INFO - Setting next_dagrun for dataset_consumes_1_and_2 to None, run_after=None
[2023-08-03T14:58:07.577+0000] {logging_mixin.py:150} INFO - [2023-08-03T14:58:07.577+0000] {dag.py:3508} INFO - Setting next_dagrun for dataset_consumes_1_never_scheduled to None, run_after=None
[2023-08-03T14:58:07.578+0000] {logging_mixin.py:150} INFO - [2023-08-03T14:58:07.578+0000] {dag.py:3508} INFO - Setting next_dagrun for dataset_consumes_unknown_never_scheduled to None, run_after=None
[2023-08-03T14:58:07.581+0000] {logging_mixin.py:150} INFO - [2023-08-03T14:58:07.581+0000] {dag.py:3508} INFO - Setting next_dagrun for dataset_produces_1 to 2023-08-02T00:00:00+00:00, run_after=2023-08-03T00:00:00+00:00
[2023-08-03T14:58:07.583+0000] {logging_mixin.py:150} INFO - [2023-08-03T14:58:07.583+0000] {dag.py:3508} INFO - Setting next_dagrun for dataset_produces_2 to None, run_after=None
[2023-08-03T14:58:07.614+0000] {processor.py:179} INFO - Processing /home/airflow/.local/lib/python3.7/site-packages/airflow/example_dags/example_datasets.py took 0.129 seconds
