[2023-08-03T14:57:09.584+0000] {processor.py:157} INFO - Started process (PID=26302) to work on /home/airflow/.local/lib/python3.7/site-packages/airflow/example_dags/example_python_operator.py
[2023-08-03T14:57:09.584+0000] {processor.py:826} INFO - Processing file /home/airflow/.local/lib/python3.7/site-packages/airflow/example_dags/example_python_operator.py for tasks to queue
[2023-08-03T14:57:09.585+0000] {logging_mixin.py:150} INFO - [2023-08-03T14:57:09.585+0000] {dagbag.py:541} INFO - Filling up the DagBag from /home/airflow/.local/lib/python3.7/site-packages/airflow/example_dags/example_python_operator.py
[2023-08-03T14:57:09.593+0000] {processor.py:836} INFO - DAG(s) dict_keys(['example_python_operator']) retrieved from /home/airflow/.local/lib/python3.7/site-packages/airflow/example_dags/example_python_operator.py
[2023-08-03T14:57:09.614+0000] {logging_mixin.py:150} INFO - [2023-08-03T14:57:09.614+0000] {dag.py:2742} INFO - Sync 1 DAGs
[2023-08-03T14:57:09.634+0000] {logging_mixin.py:150} INFO - [2023-08-03T14:57:09.634+0000] {dag.py:3508} INFO - Setting next_dagrun for example_python_operator to None, run_after=None
[2023-08-03T14:57:09.649+0000] {processor.py:179} INFO - Processing /home/airflow/.local/lib/python3.7/site-packages/airflow/example_dags/example_python_operator.py took 0.068 seconds
[2023-08-03T14:57:40.267+0000] {processor.py:157} INFO - Started process (PID=26558) to work on /home/airflow/.local/lib/python3.7/site-packages/airflow/example_dags/example_python_operator.py
[2023-08-03T14:57:40.268+0000] {processor.py:826} INFO - Processing file /home/airflow/.local/lib/python3.7/site-packages/airflow/example_dags/example_python_operator.py for tasks to queue
[2023-08-03T14:57:40.269+0000] {logging_mixin.py:150} INFO - [2023-08-03T14:57:40.269+0000] {dagbag.py:541} INFO - Filling up the DagBag from /home/airflow/.local/lib/python3.7/site-packages/airflow/example_dags/example_python_operator.py
[2023-08-03T14:57:40.279+0000] {processor.py:836} INFO - DAG(s) dict_keys(['example_python_operator']) retrieved from /home/airflow/.local/lib/python3.7/site-packages/airflow/example_dags/example_python_operator.py
[2023-08-03T14:57:40.304+0000] {logging_mixin.py:150} INFO - [2023-08-03T14:57:40.304+0000] {dag.py:2742} INFO - Sync 1 DAGs
[2023-08-03T14:57:40.332+0000] {logging_mixin.py:150} INFO - [2023-08-03T14:57:40.332+0000] {dag.py:3508} INFO - Setting next_dagrun for example_python_operator to None, run_after=None
[2023-08-03T14:57:40.349+0000] {processor.py:179} INFO - Processing /home/airflow/.local/lib/python3.7/site-packages/airflow/example_dags/example_python_operator.py took 0.084 seconds
[2023-08-03T14:58:11.102+0000] {processor.py:157} INFO - Started process (PID=26816) to work on /home/airflow/.local/lib/python3.7/site-packages/airflow/example_dags/example_python_operator.py
[2023-08-03T14:58:11.103+0000] {processor.py:826} INFO - Processing file /home/airflow/.local/lib/python3.7/site-packages/airflow/example_dags/example_python_operator.py for tasks to queue
[2023-08-03T14:58:11.104+0000] {logging_mixin.py:150} INFO - [2023-08-03T14:58:11.104+0000] {dagbag.py:541} INFO - Filling up the DagBag from /home/airflow/.local/lib/python3.7/site-packages/airflow/example_dags/example_python_operator.py
[2023-08-03T14:58:11.117+0000] {processor.py:836} INFO - DAG(s) dict_keys(['example_python_operator']) retrieved from /home/airflow/.local/lib/python3.7/site-packages/airflow/example_dags/example_python_operator.py
[2023-08-03T14:58:11.139+0000] {logging_mixin.py:150} INFO - [2023-08-03T14:58:11.139+0000] {dag.py:2742} INFO - Sync 1 DAGs
[2023-08-03T14:58:11.164+0000] {logging_mixin.py:150} INFO - [2023-08-03T14:58:11.164+0000] {dag.py:3508} INFO - Setting next_dagrun for example_python_operator to None, run_after=None
[2023-08-03T14:58:11.184+0000] {processor.py:179} INFO - Processing /home/airflow/.local/lib/python3.7/site-packages/airflow/example_dags/example_python_operator.py took 0.086 seconds
