[2023-08-03T14:57:03.792+0000] {processor.py:157} INFO - Started process (PID=26225) to work on /home/airflow/.local/lib/python3.7/site-packages/airflow/example_dags/example_branch_labels.py
[2023-08-03T14:57:03.793+0000] {processor.py:826} INFO - Processing file /home/airflow/.local/lib/python3.7/site-packages/airflow/example_dags/example_branch_labels.py for tasks to queue
[2023-08-03T14:57:03.794+0000] {logging_mixin.py:150} INFO - [2023-08-03T14:57:03.793+0000] {dagbag.py:541} INFO - Filling up the DagBag from /home/airflow/.local/lib/python3.7/site-packages/airflow/example_dags/example_branch_labels.py
[2023-08-03T14:57:03.801+0000] {processor.py:836} INFO - DAG(s) dict_keys(['example_branch_labels']) retrieved from /home/airflow/.local/lib/python3.7/site-packages/airflow/example_dags/example_branch_labels.py
[2023-08-03T14:57:03.822+0000] {logging_mixin.py:150} INFO - [2023-08-03T14:57:03.822+0000] {dag.py:2742} INFO - Sync 1 DAGs
[2023-08-03T14:57:03.846+0000] {logging_mixin.py:150} INFO - [2023-08-03T14:57:03.846+0000] {dag.py:3508} INFO - Setting next_dagrun for example_branch_labels to 2023-08-02T00:00:00+00:00, run_after=2023-08-03T00:00:00+00:00
[2023-08-03T14:57:03.866+0000] {processor.py:179} INFO - Processing /home/airflow/.local/lib/python3.7/site-packages/airflow/example_dags/example_branch_labels.py took 0.077 seconds
[2023-08-03T14:57:34.551+0000] {processor.py:157} INFO - Started process (PID=26483) to work on /home/airflow/.local/lib/python3.7/site-packages/airflow/example_dags/example_branch_labels.py
[2023-08-03T14:57:34.552+0000] {processor.py:826} INFO - Processing file /home/airflow/.local/lib/python3.7/site-packages/airflow/example_dags/example_branch_labels.py for tasks to queue
[2023-08-03T14:57:34.552+0000] {logging_mixin.py:150} INFO - [2023-08-03T14:57:34.552+0000] {dagbag.py:541} INFO - Filling up the DagBag from /home/airflow/.local/lib/python3.7/site-packages/airflow/example_dags/example_branch_labels.py
[2023-08-03T14:57:34.560+0000] {processor.py:836} INFO - DAG(s) dict_keys(['example_branch_labels']) retrieved from /home/airflow/.local/lib/python3.7/site-packages/airflow/example_dags/example_branch_labels.py
[2023-08-03T14:57:34.581+0000] {logging_mixin.py:150} INFO - [2023-08-03T14:57:34.581+0000] {dag.py:2742} INFO - Sync 1 DAGs
[2023-08-03T14:57:34.605+0000] {logging_mixin.py:150} INFO - [2023-08-03T14:57:34.605+0000] {dag.py:3508} INFO - Setting next_dagrun for example_branch_labels to 2023-08-02T00:00:00+00:00, run_after=2023-08-03T00:00:00+00:00
[2023-08-03T14:57:34.631+0000] {processor.py:179} INFO - Processing /home/airflow/.local/lib/python3.7/site-packages/airflow/example_dags/example_branch_labels.py took 0.082 seconds
[2023-08-03T14:58:05.376+0000] {processor.py:157} INFO - Started process (PID=26741) to work on /home/airflow/.local/lib/python3.7/site-packages/airflow/example_dags/example_branch_labels.py
[2023-08-03T14:58:05.377+0000] {processor.py:826} INFO - Processing file /home/airflow/.local/lib/python3.7/site-packages/airflow/example_dags/example_branch_labels.py for tasks to queue
[2023-08-03T14:58:05.377+0000] {logging_mixin.py:150} INFO - [2023-08-03T14:58:05.377+0000] {dagbag.py:541} INFO - Filling up the DagBag from /home/airflow/.local/lib/python3.7/site-packages/airflow/example_dags/example_branch_labels.py
[2023-08-03T14:58:05.385+0000] {processor.py:836} INFO - DAG(s) dict_keys(['example_branch_labels']) retrieved from /home/airflow/.local/lib/python3.7/site-packages/airflow/example_dags/example_branch_labels.py
[2023-08-03T14:58:05.407+0000] {logging_mixin.py:150} INFO - [2023-08-03T14:58:05.407+0000] {dag.py:2742} INFO - Sync 1 DAGs
[2023-08-03T14:58:05.432+0000] {logging_mixin.py:150} INFO - [2023-08-03T14:58:05.432+0000] {dag.py:3508} INFO - Setting next_dagrun for example_branch_labels to 2023-08-02T00:00:00+00:00, run_after=2023-08-03T00:00:00+00:00
[2023-08-03T14:58:05.450+0000] {processor.py:179} INFO - Processing /home/airflow/.local/lib/python3.7/site-packages/airflow/example_dags/example_branch_labels.py took 0.077 seconds
