[2023-08-03T14:57:07.024+0000] {processor.py:157} INFO - Started process (PID=26247) to work on /home/airflow/.local/lib/python3.7/site-packages/airflow/example_dags/example_trigger_controller_dag.py
[2023-08-03T14:57:07.025+0000] {processor.py:826} INFO - Processing file /home/airflow/.local/lib/python3.7/site-packages/airflow/example_dags/example_trigger_controller_dag.py for tasks to queue
[2023-08-03T14:57:07.026+0000] {logging_mixin.py:150} INFO - [2023-08-03T14:57:07.025+0000] {dagbag.py:541} INFO - Filling up the DagBag from /home/airflow/.local/lib/python3.7/site-packages/airflow/example_dags/example_trigger_controller_dag.py
[2023-08-03T14:57:07.030+0000] {processor.py:836} INFO - DAG(s) dict_keys(['example_trigger_controller_dag']) retrieved from /home/airflow/.local/lib/python3.7/site-packages/airflow/example_dags/example_trigger_controller_dag.py
[2023-08-03T14:57:07.055+0000] {logging_mixin.py:150} INFO - [2023-08-03T14:57:07.054+0000] {dag.py:2742} INFO - Sync 1 DAGs
[2023-08-03T14:57:07.076+0000] {logging_mixin.py:150} INFO - [2023-08-03T14:57:07.076+0000] {dag.py:3508} INFO - Setting next_dagrun for example_trigger_controller_dag to 2021-01-01T00:00:00+00:00, run_after=2021-01-01T00:00:00+00:00
[2023-08-03T14:57:07.092+0000] {processor.py:179} INFO - Processing /home/airflow/.local/lib/python3.7/site-packages/airflow/example_dags/example_trigger_controller_dag.py took 0.070 seconds
[2023-08-03T14:57:37.787+0000] {processor.py:157} INFO - Started process (PID=26505) to work on /home/airflow/.local/lib/python3.7/site-packages/airflow/example_dags/example_trigger_controller_dag.py
[2023-08-03T14:57:37.788+0000] {processor.py:826} INFO - Processing file /home/airflow/.local/lib/python3.7/site-packages/airflow/example_dags/example_trigger_controller_dag.py for tasks to queue
[2023-08-03T14:57:37.789+0000] {logging_mixin.py:150} INFO - [2023-08-03T14:57:37.789+0000] {dagbag.py:541} INFO - Filling up the DagBag from /home/airflow/.local/lib/python3.7/site-packages/airflow/example_dags/example_trigger_controller_dag.py
[2023-08-03T14:57:37.792+0000] {processor.py:836} INFO - DAG(s) dict_keys(['example_trigger_controller_dag']) retrieved from /home/airflow/.local/lib/python3.7/site-packages/airflow/example_dags/example_trigger_controller_dag.py
[2023-08-03T14:57:37.812+0000] {logging_mixin.py:150} INFO - [2023-08-03T14:57:37.812+0000] {dag.py:2742} INFO - Sync 1 DAGs
[2023-08-03T14:57:37.836+0000] {logging_mixin.py:150} INFO - [2023-08-03T14:57:37.836+0000] {dag.py:3508} INFO - Setting next_dagrun for example_trigger_controller_dag to 2021-01-01T00:00:00+00:00, run_after=2021-01-01T00:00:00+00:00
[2023-08-03T14:57:37.852+0000] {processor.py:179} INFO - Processing /home/airflow/.local/lib/python3.7/site-packages/airflow/example_dags/example_trigger_controller_dag.py took 0.067 seconds
[2023-08-03T14:58:08.635+0000] {processor.py:157} INFO - Started process (PID=26763) to work on /home/airflow/.local/lib/python3.7/site-packages/airflow/example_dags/example_trigger_controller_dag.py
[2023-08-03T14:58:08.636+0000] {processor.py:826} INFO - Processing file /home/airflow/.local/lib/python3.7/site-packages/airflow/example_dags/example_trigger_controller_dag.py for tasks to queue
[2023-08-03T14:58:08.637+0000] {logging_mixin.py:150} INFO - [2023-08-03T14:58:08.636+0000] {dagbag.py:541} INFO - Filling up the DagBag from /home/airflow/.local/lib/python3.7/site-packages/airflow/example_dags/example_trigger_controller_dag.py
[2023-08-03T14:58:08.640+0000] {processor.py:836} INFO - DAG(s) dict_keys(['example_trigger_controller_dag']) retrieved from /home/airflow/.local/lib/python3.7/site-packages/airflow/example_dags/example_trigger_controller_dag.py
[2023-08-03T14:58:08.668+0000] {logging_mixin.py:150} INFO - [2023-08-03T14:58:08.668+0000] {dag.py:2742} INFO - Sync 1 DAGs
[2023-08-03T14:58:08.689+0000] {logging_mixin.py:150} INFO - [2023-08-03T14:58:08.689+0000] {dag.py:3508} INFO - Setting next_dagrun for example_trigger_controller_dag to 2021-01-01T00:00:00+00:00, run_after=2021-01-01T00:00:00+00:00
[2023-08-03T14:58:08.705+0000] {processor.py:179} INFO - Processing /home/airflow/.local/lib/python3.7/site-packages/airflow/example_dags/example_trigger_controller_dag.py took 0.073 seconds
