[2023-08-03T14:57:09.500+0000] {processor.py:157} INFO - Started process (PID=26297) to work on /home/airflow/.local/lib/python3.7/site-packages/airflow/example_dags/example_time_delta_sensor_async.py
[2023-08-03T14:57:09.500+0000] {processor.py:826} INFO - Processing file /home/airflow/.local/lib/python3.7/site-packages/airflow/example_dags/example_time_delta_sensor_async.py for tasks to queue
[2023-08-03T14:57:09.501+0000] {logging_mixin.py:150} INFO - [2023-08-03T14:57:09.501+0000] {dagbag.py:541} INFO - Filling up the DagBag from /home/airflow/.local/lib/python3.7/site-packages/airflow/example_dags/example_time_delta_sensor_async.py
[2023-08-03T14:57:09.504+0000] {processor.py:836} INFO - DAG(s) dict_keys(['example_time_delta_sensor_async']) retrieved from /home/airflow/.local/lib/python3.7/site-packages/airflow/example_dags/example_time_delta_sensor_async.py
[2023-08-03T14:57:09.523+0000] {logging_mixin.py:150} INFO - [2023-08-03T14:57:09.523+0000] {dag.py:2742} INFO - Sync 1 DAGs
[2023-08-03T14:57:09.547+0000] {logging_mixin.py:150} INFO - [2023-08-03T14:57:09.547+0000] {dag.py:3508} INFO - Setting next_dagrun for example_time_delta_sensor_async to None, run_after=None
[2023-08-03T14:57:09.564+0000] {processor.py:179} INFO - Processing /home/airflow/.local/lib/python3.7/site-packages/airflow/example_dags/example_time_delta_sensor_async.py took 0.067 seconds
[2023-08-03T14:57:40.249+0000] {processor.py:157} INFO - Started process (PID=26553) to work on /home/airflow/.local/lib/python3.7/site-packages/airflow/example_dags/example_time_delta_sensor_async.py
[2023-08-03T14:57:40.250+0000] {processor.py:826} INFO - Processing file /home/airflow/.local/lib/python3.7/site-packages/airflow/example_dags/example_time_delta_sensor_async.py for tasks to queue
[2023-08-03T14:57:40.250+0000] {logging_mixin.py:150} INFO - [2023-08-03T14:57:40.250+0000] {dagbag.py:541} INFO - Filling up the DagBag from /home/airflow/.local/lib/python3.7/site-packages/airflow/example_dags/example_time_delta_sensor_async.py
[2023-08-03T14:57:40.256+0000] {processor.py:836} INFO - DAG(s) dict_keys(['example_time_delta_sensor_async']) retrieved from /home/airflow/.local/lib/python3.7/site-packages/airflow/example_dags/example_time_delta_sensor_async.py
[2023-08-03T14:57:40.278+0000] {logging_mixin.py:150} INFO - [2023-08-03T14:57:40.278+0000] {dag.py:2742} INFO - Sync 1 DAGs
[2023-08-03T14:57:40.303+0000] {logging_mixin.py:150} INFO - [2023-08-03T14:57:40.303+0000] {dag.py:3508} INFO - Setting next_dagrun for example_time_delta_sensor_async to None, run_after=None
[2023-08-03T14:57:40.323+0000] {processor.py:179} INFO - Processing /home/airflow/.local/lib/python3.7/site-packages/airflow/example_dags/example_time_delta_sensor_async.py took 0.079 seconds
[2023-08-03T14:58:11.085+0000] {processor.py:157} INFO - Started process (PID=26813) to work on /home/airflow/.local/lib/python3.7/site-packages/airflow/example_dags/example_time_delta_sensor_async.py
[2023-08-03T14:58:11.086+0000] {processor.py:826} INFO - Processing file /home/airflow/.local/lib/python3.7/site-packages/airflow/example_dags/example_time_delta_sensor_async.py for tasks to queue
[2023-08-03T14:58:11.087+0000] {logging_mixin.py:150} INFO - [2023-08-03T14:58:11.086+0000] {dagbag.py:541} INFO - Filling up the DagBag from /home/airflow/.local/lib/python3.7/site-packages/airflow/example_dags/example_time_delta_sensor_async.py
[2023-08-03T14:58:11.092+0000] {processor.py:836} INFO - DAG(s) dict_keys(['example_time_delta_sensor_async']) retrieved from /home/airflow/.local/lib/python3.7/site-packages/airflow/example_dags/example_time_delta_sensor_async.py
[2023-08-03T14:58:11.118+0000] {logging_mixin.py:150} INFO - [2023-08-03T14:58:11.118+0000] {dag.py:2742} INFO - Sync 1 DAGs
[2023-08-03T14:58:11.141+0000] {logging_mixin.py:150} INFO - [2023-08-03T14:58:11.141+0000] {dag.py:3508} INFO - Setting next_dagrun for example_time_delta_sensor_async to None, run_after=None
[2023-08-03T14:58:11.160+0000] {processor.py:179} INFO - Processing /home/airflow/.local/lib/python3.7/site-packages/airflow/example_dags/example_time_delta_sensor_async.py took 0.079 seconds
