[2023-08-03T14:57:11.691+0000] {processor.py:157} INFO - Started process (PID=26322) to work on /home/airflow/.local/lib/python3.7/site-packages/airflow/example_dags/example_subdag_operator.py
[2023-08-03T14:57:11.691+0000] {processor.py:826} INFO - Processing file /home/airflow/.local/lib/python3.7/site-packages/airflow/example_dags/example_subdag_operator.py for tasks to queue
[2023-08-03T14:57:11.692+0000] {logging_mixin.py:150} INFO - [2023-08-03T14:57:11.692+0000] {dagbag.py:541} INFO - Filling up the DagBag from /home/airflow/.local/lib/python3.7/site-packages/airflow/example_dags/example_subdag_operator.py
[2023-08-03T14:57:11.712+0000] {processor.py:836} INFO - DAG(s) dict_keys(['example_subdag_operator.section-1', 'example_subdag_operator.section-2', 'example_subdag_operator']) retrieved from /home/airflow/.local/lib/python3.7/site-packages/airflow/example_dags/example_subdag_operator.py
[2023-08-03T14:57:11.728+0000] {logging_mixin.py:150} INFO - [2023-08-03T14:57:11.727+0000] {dag.py:2742} INFO - Sync 3 DAGs
[2023-08-03T14:57:11.750+0000] {logging_mixin.py:150} INFO - [2023-08-03T14:57:11.750+0000] {dag.py:3508} INFO - Setting next_dagrun for example_subdag_operator to 2022-01-01T00:00:00+00:00, run_after=2022-01-01T00:00:00+00:00
[2023-08-03T14:57:11.753+0000] {logging_mixin.py:150} INFO - [2023-08-03T14:57:11.753+0000] {dag.py:3508} INFO - Setting next_dagrun for example_subdag_operator.section-1 to None, run_after=None
[2023-08-03T14:57:11.754+0000] {logging_mixin.py:150} INFO - [2023-08-03T14:57:11.754+0000] {dag.py:3508} INFO - Setting next_dagrun for example_subdag_operator.section-2 to None, run_after=None
[2023-08-03T14:57:11.759+0000] {logging_mixin.py:150} INFO - [2023-08-03T14:57:11.759+0000] {dag.py:2742} INFO - Sync 2 DAGs
[2023-08-03T14:57:11.765+0000] {logging_mixin.py:150} INFO - [2023-08-03T14:57:11.764+0000] {dag.py:3508} INFO - Setting next_dagrun for example_subdag_operator.section-1 to None, run_after=None
[2023-08-03T14:57:11.765+0000] {logging_mixin.py:150} INFO - [2023-08-03T14:57:11.765+0000] {dag.py:3508} INFO - Setting next_dagrun for example_subdag_operator.section-2 to None, run_after=None
[2023-08-03T14:57:11.774+0000] {processor.py:179} INFO - Processing /home/airflow/.local/lib/python3.7/site-packages/airflow/example_dags/example_subdag_operator.py took 0.086 seconds
[2023-08-03T14:57:42.453+0000] {processor.py:157} INFO - Started process (PID=26580) to work on /home/airflow/.local/lib/python3.7/site-packages/airflow/example_dags/example_subdag_operator.py
[2023-08-03T14:57:42.454+0000] {processor.py:826} INFO - Processing file /home/airflow/.local/lib/python3.7/site-packages/airflow/example_dags/example_subdag_operator.py for tasks to queue
[2023-08-03T14:57:42.455+0000] {logging_mixin.py:150} INFO - [2023-08-03T14:57:42.454+0000] {dagbag.py:541} INFO - Filling up the DagBag from /home/airflow/.local/lib/python3.7/site-packages/airflow/example_dags/example_subdag_operator.py
[2023-08-03T14:57:42.473+0000] {processor.py:836} INFO - DAG(s) dict_keys(['example_subdag_operator.section-1', 'example_subdag_operator.section-2', 'example_subdag_operator']) retrieved from /home/airflow/.local/lib/python3.7/site-packages/airflow/example_dags/example_subdag_operator.py
[2023-08-03T14:57:42.488+0000] {logging_mixin.py:150} INFO - [2023-08-03T14:57:42.488+0000] {dag.py:2742} INFO - Sync 3 DAGs
[2023-08-03T14:57:42.508+0000] {logging_mixin.py:150} INFO - [2023-08-03T14:57:42.508+0000] {dag.py:3508} INFO - Setting next_dagrun for example_subdag_operator to 2022-01-01T00:00:00+00:00, run_after=2022-01-01T00:00:00+00:00
[2023-08-03T14:57:42.511+0000] {logging_mixin.py:150} INFO - [2023-08-03T14:57:42.511+0000] {dag.py:3508} INFO - Setting next_dagrun for example_subdag_operator.section-1 to None, run_after=None
[2023-08-03T14:57:42.512+0000] {logging_mixin.py:150} INFO - [2023-08-03T14:57:42.512+0000] {dag.py:3508} INFO - Setting next_dagrun for example_subdag_operator.section-2 to None, run_after=None
[2023-08-03T14:57:42.518+0000] {logging_mixin.py:150} INFO - [2023-08-03T14:57:42.517+0000] {dag.py:2742} INFO - Sync 2 DAGs
[2023-08-03T14:57:42.522+0000] {logging_mixin.py:150} INFO - [2023-08-03T14:57:42.522+0000] {dag.py:3508} INFO - Setting next_dagrun for example_subdag_operator.section-1 to None, run_after=None
[2023-08-03T14:57:42.522+0000] {logging_mixin.py:150} INFO - [2023-08-03T14:57:42.522+0000] {dag.py:3508} INFO - Setting next_dagrun for example_subdag_operator.section-2 to None, run_after=None
[2023-08-03T14:57:42.532+0000] {processor.py:179} INFO - Processing /home/airflow/.local/lib/python3.7/site-packages/airflow/example_dags/example_subdag_operator.py took 0.081 seconds
