[2023-08-03T14:57:09.402+0000] {processor.py:157} INFO - Started process (PID=26287) to work on /home/airflow/.local/lib/python3.7/site-packages/airflow/example_dags/example_bash_operator.py
[2023-08-03T14:57:09.402+0000] {processor.py:826} INFO - Processing file /home/airflow/.local/lib/python3.7/site-packages/airflow/example_dags/example_bash_operator.py for tasks to queue
[2023-08-03T14:57:09.403+0000] {logging_mixin.py:150} INFO - [2023-08-03T14:57:09.403+0000] {dagbag.py:541} INFO - Filling up the DagBag from /home/airflow/.local/lib/python3.7/site-packages/airflow/example_dags/example_bash_operator.py
[2023-08-03T14:57:09.416+0000] {processor.py:836} INFO - DAG(s) dict_keys(['example_bash_operator']) retrieved from /home/airflow/.local/lib/python3.7/site-packages/airflow/example_dags/example_bash_operator.py
[2023-08-03T14:57:09.448+0000] {logging_mixin.py:150} INFO - [2023-08-03T14:57:09.447+0000] {dag.py:2742} INFO - Sync 1 DAGs
[2023-08-03T14:57:09.470+0000] {logging_mixin.py:150} INFO - [2023-08-03T14:57:09.470+0000] {dag.py:3508} INFO - Setting next_dagrun for example_bash_operator to 2023-08-02T00:00:00+00:00, run_after=2023-08-03T00:00:00+00:00
[2023-08-03T14:57:09.487+0000] {processor.py:179} INFO - Processing /home/airflow/.local/lib/python3.7/site-packages/airflow/example_dags/example_bash_operator.py took 0.088 seconds
[2023-08-03T14:57:40.141+0000] {processor.py:157} INFO - Started process (PID=26545) to work on /home/airflow/.local/lib/python3.7/site-packages/airflow/example_dags/example_bash_operator.py
[2023-08-03T14:57:40.142+0000] {processor.py:826} INFO - Processing file /home/airflow/.local/lib/python3.7/site-packages/airflow/example_dags/example_bash_operator.py for tasks to queue
[2023-08-03T14:57:40.143+0000] {logging_mixin.py:150} INFO - [2023-08-03T14:57:40.143+0000] {dagbag.py:541} INFO - Filling up the DagBag from /home/airflow/.local/lib/python3.7/site-packages/airflow/example_dags/example_bash_operator.py
[2023-08-03T14:57:40.155+0000] {processor.py:836} INFO - DAG(s) dict_keys(['example_bash_operator']) retrieved from /home/airflow/.local/lib/python3.7/site-packages/airflow/example_dags/example_bash_operator.py
[2023-08-03T14:57:40.188+0000] {logging_mixin.py:150} INFO - [2023-08-03T14:57:40.188+0000] {dag.py:2742} INFO - Sync 1 DAGs
[2023-08-03T14:57:40.217+0000] {logging_mixin.py:150} INFO - [2023-08-03T14:57:40.217+0000] {dag.py:3508} INFO - Setting next_dagrun for example_bash_operator to 2023-08-02T00:00:00+00:00, run_after=2023-08-03T00:00:00+00:00
[2023-08-03T14:57:40.241+0000] {processor.py:179} INFO - Processing /home/airflow/.local/lib/python3.7/site-packages/airflow/example_dags/example_bash_operator.py took 0.106 seconds
[2023-08-03T14:58:10.996+0000] {processor.py:157} INFO - Started process (PID=26803) to work on /home/airflow/.local/lib/python3.7/site-packages/airflow/example_dags/example_bash_operator.py
[2023-08-03T14:58:10.996+0000] {processor.py:826} INFO - Processing file /home/airflow/.local/lib/python3.7/site-packages/airflow/example_dags/example_bash_operator.py for tasks to queue
[2023-08-03T14:58:10.997+0000] {logging_mixin.py:150} INFO - [2023-08-03T14:58:10.997+0000] {dagbag.py:541} INFO - Filling up the DagBag from /home/airflow/.local/lib/python3.7/site-packages/airflow/example_dags/example_bash_operator.py
[2023-08-03T14:58:11.008+0000] {processor.py:836} INFO - DAG(s) dict_keys(['example_bash_operator']) retrieved from /home/airflow/.local/lib/python3.7/site-packages/airflow/example_dags/example_bash_operator.py
[2023-08-03T14:58:11.038+0000] {logging_mixin.py:150} INFO - [2023-08-03T14:58:11.038+0000] {dag.py:2742} INFO - Sync 1 DAGs
[2023-08-03T14:58:11.060+0000] {logging_mixin.py:150} INFO - [2023-08-03T14:58:11.060+0000] {dag.py:3508} INFO - Setting next_dagrun for example_bash_operator to 2023-08-02T00:00:00+00:00, run_after=2023-08-03T00:00:00+00:00
[2023-08-03T14:58:11.076+0000] {processor.py:179} INFO - Processing /home/airflow/.local/lib/python3.7/site-packages/airflow/example_dags/example_bash_operator.py took 0.083 seconds
