[2023-08-03T14:57:08.121+0000] {processor.py:157} INFO - Started process (PID=26260) to work on /home/airflow/.local/lib/python3.7/site-packages/airflow/example_dags/example_dynamic_task_mapping_with_no_taskflow_operators.py
[2023-08-03T14:57:08.122+0000] {processor.py:826} INFO - Processing file /home/airflow/.local/lib/python3.7/site-packages/airflow/example_dags/example_dynamic_task_mapping_with_no_taskflow_operators.py for tasks to queue
[2023-08-03T14:57:08.122+0000] {logging_mixin.py:150} INFO - [2023-08-03T14:57:08.122+0000] {dagbag.py:541} INFO - Filling up the DagBag from /home/airflow/.local/lib/python3.7/site-packages/airflow/example_dags/example_dynamic_task_mapping_with_no_taskflow_operators.py
[2023-08-03T14:57:08.128+0000] {processor.py:836} INFO - DAG(s) dict_keys(['example_dynamic_task_mapping_with_no_taskflow_operators']) retrieved from /home/airflow/.local/lib/python3.7/site-packages/airflow/example_dags/example_dynamic_task_mapping_with_no_taskflow_operators.py
[2023-08-03T14:57:08.146+0000] {logging_mixin.py:150} INFO - [2023-08-03T14:57:08.146+0000] {dag.py:2742} INFO - Sync 1 DAGs
[2023-08-03T14:57:08.171+0000] {logging_mixin.py:150} INFO - [2023-08-03T14:57:08.171+0000] {dag.py:3508} INFO - Setting next_dagrun for example_dynamic_task_mapping_with_no_taskflow_operators to 2023-08-02T14:57:08.171281+00:00, run_after=2023-08-03T14:57:08.171281+00:00
[2023-08-03T14:57:08.190+0000] {processor.py:179} INFO - Processing /home/airflow/.local/lib/python3.7/site-packages/airflow/example_dags/example_dynamic_task_mapping_with_no_taskflow_operators.py took 0.072 seconds
[2023-08-03T14:57:38.882+0000] {processor.py:157} INFO - Started process (PID=26518) to work on /home/airflow/.local/lib/python3.7/site-packages/airflow/example_dags/example_dynamic_task_mapping_with_no_taskflow_operators.py
[2023-08-03T14:57:38.883+0000] {processor.py:826} INFO - Processing file /home/airflow/.local/lib/python3.7/site-packages/airflow/example_dags/example_dynamic_task_mapping_with_no_taskflow_operators.py for tasks to queue
[2023-08-03T14:57:38.883+0000] {logging_mixin.py:150} INFO - [2023-08-03T14:57:38.883+0000] {dagbag.py:541} INFO - Filling up the DagBag from /home/airflow/.local/lib/python3.7/site-packages/airflow/example_dags/example_dynamic_task_mapping_with_no_taskflow_operators.py
[2023-08-03T14:57:38.891+0000] {processor.py:836} INFO - DAG(s) dict_keys(['example_dynamic_task_mapping_with_no_taskflow_operators']) retrieved from /home/airflow/.local/lib/python3.7/site-packages/airflow/example_dags/example_dynamic_task_mapping_with_no_taskflow_operators.py
[2023-08-03T14:57:38.910+0000] {logging_mixin.py:150} INFO - [2023-08-03T14:57:38.910+0000] {dag.py:2742} INFO - Sync 1 DAGs
[2023-08-03T14:57:38.930+0000] {logging_mixin.py:150} INFO - [2023-08-03T14:57:38.930+0000] {dag.py:3508} INFO - Setting next_dagrun for example_dynamic_task_mapping_with_no_taskflow_operators to 2023-08-02T14:57:38.930619+00:00, run_after=2023-08-03T14:57:38.930619+00:00
[2023-08-03T14:57:38.947+0000] {processor.py:179} INFO - Processing /home/airflow/.local/lib/python3.7/site-packages/airflow/example_dags/example_dynamic_task_mapping_with_no_taskflow_operators.py took 0.069 seconds
[2023-08-03T14:58:09.734+0000] {processor.py:157} INFO - Started process (PID=26776) to work on /home/airflow/.local/lib/python3.7/site-packages/airflow/example_dags/example_dynamic_task_mapping_with_no_taskflow_operators.py
[2023-08-03T14:58:09.735+0000] {processor.py:826} INFO - Processing file /home/airflow/.local/lib/python3.7/site-packages/airflow/example_dags/example_dynamic_task_mapping_with_no_taskflow_operators.py for tasks to queue
[2023-08-03T14:58:09.736+0000] {logging_mixin.py:150} INFO - [2023-08-03T14:58:09.736+0000] {dagbag.py:541} INFO - Filling up the DagBag from /home/airflow/.local/lib/python3.7/site-packages/airflow/example_dags/example_dynamic_task_mapping_with_no_taskflow_operators.py
[2023-08-03T14:58:09.741+0000] {processor.py:836} INFO - DAG(s) dict_keys(['example_dynamic_task_mapping_with_no_taskflow_operators']) retrieved from /home/airflow/.local/lib/python3.7/site-packages/airflow/example_dags/example_dynamic_task_mapping_with_no_taskflow_operators.py
[2023-08-03T14:58:09.758+0000] {logging_mixin.py:150} INFO - [2023-08-03T14:58:09.758+0000] {dag.py:2742} INFO - Sync 1 DAGs
[2023-08-03T14:58:09.784+0000] {logging_mixin.py:150} INFO - [2023-08-03T14:58:09.784+0000] {dag.py:3508} INFO - Setting next_dagrun for example_dynamic_task_mapping_with_no_taskflow_operators to 2023-08-02T14:58:09.783943+00:00, run_after=2023-08-03T14:58:09.783943+00:00
[2023-08-03T14:58:09.806+0000] {processor.py:179} INFO - Processing /home/airflow/.local/lib/python3.7/site-packages/airflow/example_dags/example_dynamic_task_mapping_with_no_taskflow_operators.py took 0.075 seconds
