[2023-08-03T14:57:10.598+0000] {processor.py:157} INFO - Started process (PID=26310) to work on /home/airflow/.local/lib/python3.7/site-packages/airflow/example_dags/example_external_task_marker_dag.py
[2023-08-03T14:57:10.599+0000] {processor.py:826} INFO - Processing file /home/airflow/.local/lib/python3.7/site-packages/airflow/example_dags/example_external_task_marker_dag.py for tasks to queue
[2023-08-03T14:57:10.599+0000] {logging_mixin.py:150} INFO - [2023-08-03T14:57:10.599+0000] {dagbag.py:541} INFO - Filling up the DagBag from /home/airflow/.local/lib/python3.7/site-packages/airflow/example_dags/example_external_task_marker_dag.py
[2023-08-03T14:57:10.604+0000] {processor.py:836} INFO - DAG(s) dict_keys(['example_external_task_marker_child', 'example_external_task_marker_parent']) retrieved from /home/airflow/.local/lib/python3.7/site-packages/airflow/example_dags/example_external_task_marker_dag.py
[2023-08-03T14:57:10.626+0000] {logging_mixin.py:150} INFO - [2023-08-03T14:57:10.626+0000] {dag.py:2742} INFO - Sync 2 DAGs
[2023-08-03T14:57:10.647+0000] {logging_mixin.py:150} INFO - [2023-08-03T14:57:10.647+0000] {dag.py:3508} INFO - Setting next_dagrun for example_external_task_marker_child to None, run_after=None
[2023-08-03T14:57:10.650+0000] {logging_mixin.py:150} INFO - [2023-08-03T14:57:10.650+0000] {dag.py:3508} INFO - Setting next_dagrun for example_external_task_marker_parent to None, run_after=None
[2023-08-03T14:57:10.665+0000] {processor.py:179} INFO - Processing /home/airflow/.local/lib/python3.7/site-packages/airflow/example_dags/example_external_task_marker_dag.py took 0.071 seconds
[2023-08-03T14:57:41.354+0000] {processor.py:157} INFO - Started process (PID=26568) to work on /home/airflow/.local/lib/python3.7/site-packages/airflow/example_dags/example_external_task_marker_dag.py
[2023-08-03T14:57:41.355+0000] {processor.py:826} INFO - Processing file /home/airflow/.local/lib/python3.7/site-packages/airflow/example_dags/example_external_task_marker_dag.py for tasks to queue
[2023-08-03T14:57:41.355+0000] {logging_mixin.py:150} INFO - [2023-08-03T14:57:41.355+0000] {dagbag.py:541} INFO - Filling up the DagBag from /home/airflow/.local/lib/python3.7/site-packages/airflow/example_dags/example_external_task_marker_dag.py
[2023-08-03T14:57:41.360+0000] {processor.py:836} INFO - DAG(s) dict_keys(['example_external_task_marker_parent', 'example_external_task_marker_child']) retrieved from /home/airflow/.local/lib/python3.7/site-packages/airflow/example_dags/example_external_task_marker_dag.py
[2023-08-03T14:57:41.383+0000] {logging_mixin.py:150} INFO - [2023-08-03T14:57:41.383+0000] {dag.py:2742} INFO - Sync 2 DAGs
[2023-08-03T14:57:41.407+0000] {logging_mixin.py:150} INFO - [2023-08-03T14:57:41.406+0000] {dag.py:3508} INFO - Setting next_dagrun for example_external_task_marker_child to None, run_after=None
[2023-08-03T14:57:41.410+0000] {logging_mixin.py:150} INFO - [2023-08-03T14:57:41.410+0000] {dag.py:3508} INFO - Setting next_dagrun for example_external_task_marker_parent to None, run_after=None
[2023-08-03T14:57:41.427+0000] {processor.py:179} INFO - Processing /home/airflow/.local/lib/python3.7/site-packages/airflow/example_dags/example_external_task_marker_dag.py took 0.076 seconds
[2023-08-03T14:58:12.192+0000] {processor.py:157} INFO - Started process (PID=26826) to work on /home/airflow/.local/lib/python3.7/site-packages/airflow/example_dags/example_external_task_marker_dag.py
[2023-08-03T14:58:12.193+0000] {processor.py:826} INFO - Processing file /home/airflow/.local/lib/python3.7/site-packages/airflow/example_dags/example_external_task_marker_dag.py for tasks to queue
[2023-08-03T14:58:12.194+0000] {logging_mixin.py:150} INFO - [2023-08-03T14:58:12.193+0000] {dagbag.py:541} INFO - Filling up the DagBag from /home/airflow/.local/lib/python3.7/site-packages/airflow/example_dags/example_external_task_marker_dag.py
[2023-08-03T14:58:12.201+0000] {processor.py:836} INFO - DAG(s) dict_keys(['example_external_task_marker_child', 'example_external_task_marker_parent']) retrieved from /home/airflow/.local/lib/python3.7/site-packages/airflow/example_dags/example_external_task_marker_dag.py
