[2023-08-03T14:57:09.408+0000] {processor.py:157} INFO - Started process (PID=26290) to work on /home/airflow/.local/lib/python3.7/site-packages/airflow/example_dags/example_short_circuit_operator.py
[2023-08-03T14:57:09.409+0000] {processor.py:826} INFO - Processing file /home/airflow/.local/lib/python3.7/site-packages/airflow/example_dags/example_short_circuit_operator.py for tasks to queue
[2023-08-03T14:57:09.410+0000] {logging_mixin.py:150} INFO - [2023-08-03T14:57:09.410+0000] {dagbag.py:541} INFO - Filling up the DagBag from /home/airflow/.local/lib/python3.7/site-packages/airflow/example_dags/example_short_circuit_operator.py
[2023-08-03T14:57:09.420+0000] {processor.py:836} INFO - DAG(s) dict_keys(['example_short_circuit_operator']) retrieved from /home/airflow/.local/lib/python3.7/site-packages/airflow/example_dags/example_short_circuit_operator.py
[2023-08-03T14:57:09.442+0000] {logging_mixin.py:150} INFO - [2023-08-03T14:57:09.442+0000] {dag.py:2742} INFO - Sync 1 DAGs
[2023-08-03T14:57:09.465+0000] {logging_mixin.py:150} INFO - [2023-08-03T14:57:09.464+0000] {dag.py:3508} INFO - Setting next_dagrun for example_short_circuit_operator to 2023-08-02T14:57:09.464807+00:00, run_after=2023-08-03T14:57:09.464807+00:00
[2023-08-03T14:57:09.482+0000] {processor.py:179} INFO - Processing /home/airflow/.local/lib/python3.7/site-packages/airflow/example_dags/example_short_circuit_operator.py took 0.077 seconds
[2023-08-03T14:57:40.146+0000] {processor.py:157} INFO - Started process (PID=26548) to work on /home/airflow/.local/lib/python3.7/site-packages/airflow/example_dags/example_short_circuit_operator.py
[2023-08-03T14:57:40.147+0000] {processor.py:826} INFO - Processing file /home/airflow/.local/lib/python3.7/site-packages/airflow/example_dags/example_short_circuit_operator.py for tasks to queue
[2023-08-03T14:57:40.147+0000] {logging_mixin.py:150} INFO - [2023-08-03T14:57:40.147+0000] {dagbag.py:541} INFO - Filling up the DagBag from /home/airflow/.local/lib/python3.7/site-packages/airflow/example_dags/example_short_circuit_operator.py
[2023-08-03T14:57:40.154+0000] {processor.py:836} INFO - DAG(s) dict_keys(['example_short_circuit_operator']) retrieved from /home/airflow/.local/lib/python3.7/site-packages/airflow/example_dags/example_short_circuit_operator.py
[2023-08-03T14:57:40.178+0000] {logging_mixin.py:150} INFO - [2023-08-03T14:57:40.178+0000] {dag.py:2742} INFO - Sync 1 DAGs
[2023-08-03T14:57:40.204+0000] {logging_mixin.py:150} INFO - [2023-08-03T14:57:40.203+0000] {dag.py:3508} INFO - Setting next_dagrun for example_short_circuit_operator to 2023-08-02T14:57:40.203237+00:00, run_after=2023-08-03T14:57:40.203237+00:00
[2023-08-03T14:57:40.224+0000] {processor.py:179} INFO - Processing /home/airflow/.local/lib/python3.7/site-packages/airflow/example_dags/example_short_circuit_operator.py took 0.081 seconds
[2023-08-03T14:58:11.001+0000] {processor.py:157} INFO - Started process (PID=26806) to work on /home/airflow/.local/lib/python3.7/site-packages/airflow/example_dags/example_short_circuit_operator.py
[2023-08-03T14:58:11.002+0000] {processor.py:826} INFO - Processing file /home/airflow/.local/lib/python3.7/site-packages/airflow/example_dags/example_short_circuit_operator.py for tasks to queue
[2023-08-03T14:58:11.002+0000] {logging_mixin.py:150} INFO - [2023-08-03T14:58:11.002+0000] {dagbag.py:541} INFO - Filling up the DagBag from /home/airflow/.local/lib/python3.7/site-packages/airflow/example_dags/example_short_circuit_operator.py
[2023-08-03T14:58:11.008+0000] {processor.py:836} INFO - DAG(s) dict_keys(['example_short_circuit_operator']) retrieved from /home/airflow/.local/lib/python3.7/site-packages/airflow/example_dags/example_short_circuit_operator.py
[2023-08-03T14:58:11.029+0000] {logging_mixin.py:150} INFO - [2023-08-03T14:58:11.029+0000] {dag.py:2742} INFO - Sync 1 DAGs
[2023-08-03T14:58:11.050+0000] {logging_mixin.py:150} INFO - [2023-08-03T14:58:11.050+0000] {dag.py:3508} INFO - Setting next_dagrun for example_short_circuit_operator to 2023-08-02T14:58:11.050408+00:00, run_after=2023-08-03T14:58:11.050408+00:00
[2023-08-03T14:58:11.066+0000] {processor.py:179} INFO - Processing /home/airflow/.local/lib/python3.7/site-packages/airflow/example_dags/example_short_circuit_operator.py took 0.068 seconds
