[2023-08-03T14:57:08.300+0000] {processor.py:157} INFO - Started process (PID=26275) to work on /home/airflow/.local/lib/python3.7/site-packages/airflow/example_dags/example_sensor_decorator.py
[2023-08-03T14:57:08.301+0000] {processor.py:826} INFO - Processing file /home/airflow/.local/lib/python3.7/site-packages/airflow/example_dags/example_sensor_decorator.py for tasks to queue
[2023-08-03T14:57:08.301+0000] {logging_mixin.py:150} INFO - [2023-08-03T14:57:08.301+0000] {dagbag.py:541} INFO - Filling up the DagBag from /home/airflow/.local/lib/python3.7/site-packages/airflow/example_dags/example_sensor_decorator.py
[2023-08-03T14:57:08.306+0000] {processor.py:836} INFO - DAG(s) dict_keys(['example_sensor_decorator']) retrieved from /home/airflow/.local/lib/python3.7/site-packages/airflow/example_dags/example_sensor_decorator.py
[2023-08-03T14:57:08.326+0000] {logging_mixin.py:150} INFO - [2023-08-03T14:57:08.326+0000] {dag.py:2742} INFO - Sync 1 DAGs
[2023-08-03T14:57:08.353+0000] {logging_mixin.py:150} INFO - [2023-08-03T14:57:08.353+0000] {dag.py:3508} INFO - Setting next_dagrun for example_sensor_decorator to None, run_after=None
[2023-08-03T14:57:08.371+0000] {processor.py:179} INFO - Processing /home/airflow/.local/lib/python3.7/site-packages/airflow/example_dags/example_sensor_decorator.py took 0.076 seconds
[2023-08-03T14:57:39.045+0000] {processor.py:157} INFO - Started process (PID=26533) to work on /home/airflow/.local/lib/python3.7/site-packages/airflow/example_dags/example_sensor_decorator.py
[2023-08-03T14:57:39.046+0000] {processor.py:826} INFO - Processing file /home/airflow/.local/lib/python3.7/site-packages/airflow/example_dags/example_sensor_decorator.py for tasks to queue
[2023-08-03T14:57:39.046+0000] {logging_mixin.py:150} INFO - [2023-08-03T14:57:39.046+0000] {dagbag.py:541} INFO - Filling up the DagBag from /home/airflow/.local/lib/python3.7/site-packages/airflow/example_dags/example_sensor_decorator.py
[2023-08-03T14:57:39.051+0000] {processor.py:836} INFO - DAG(s) dict_keys(['example_sensor_decorator']) retrieved from /home/airflow/.local/lib/python3.7/site-packages/airflow/example_dags/example_sensor_decorator.py
[2023-08-03T14:57:39.069+0000] {logging_mixin.py:150} INFO - [2023-08-03T14:57:39.069+0000] {dag.py:2742} INFO - Sync 1 DAGs
[2023-08-03T14:57:39.090+0000] {logging_mixin.py:150} INFO - [2023-08-03T14:57:39.090+0000] {dag.py:3508} INFO - Setting next_dagrun for example_sensor_decorator to None, run_after=None
[2023-08-03T14:57:39.106+0000] {processor.py:179} INFO - Processing /home/airflow/.local/lib/python3.7/site-packages/airflow/example_dags/example_sensor_decorator.py took 0.063 seconds
[2023-08-03T14:58:09.910+0000] {processor.py:157} INFO - Started process (PID=26791) to work on /home/airflow/.local/lib/python3.7/site-packages/airflow/example_dags/example_sensor_decorator.py
[2023-08-03T14:58:09.910+0000] {processor.py:826} INFO - Processing file /home/airflow/.local/lib/python3.7/site-packages/airflow/example_dags/example_sensor_decorator.py for tasks to queue
[2023-08-03T14:58:09.911+0000] {logging_mixin.py:150} INFO - [2023-08-03T14:58:09.911+0000] {dagbag.py:541} INFO - Filling up the DagBag from /home/airflow/.local/lib/python3.7/site-packages/airflow/example_dags/example_sensor_decorator.py
[2023-08-03T14:58:09.915+0000] {processor.py:836} INFO - DAG(s) dict_keys(['example_sensor_decorator']) retrieved from /home/airflow/.local/lib/python3.7/site-packages/airflow/example_dags/example_sensor_decorator.py
[2023-08-03T14:58:09.933+0000] {logging_mixin.py:150} INFO - [2023-08-03T14:58:09.933+0000] {dag.py:2742} INFO - Sync 1 DAGs
[2023-08-03T14:58:09.954+0000] {logging_mixin.py:150} INFO - [2023-08-03T14:58:09.954+0000] {dag.py:3508} INFO - Setting next_dagrun for example_sensor_decorator to None, run_after=None
[2023-08-03T14:58:09.969+0000] {processor.py:179} INFO - Processing /home/airflow/.local/lib/python3.7/site-packages/airflow/example_dags/example_sensor_decorator.py took 0.062 seconds
