[2023-08-03T14:57:08.293+0000] {processor.py:157} INFO - Started process (PID=26272) to work on /home/airflow/.local/lib/python3.7/site-packages/airflow/example_dags/example_branch_operator.py
[2023-08-03T14:57:08.294+0000] {processor.py:826} INFO - Processing file /home/airflow/.local/lib/python3.7/site-packages/airflow/example_dags/example_branch_operator.py for tasks to queue
[2023-08-03T14:57:08.294+0000] {logging_mixin.py:150} INFO - [2023-08-03T14:57:08.294+0000] {dagbag.py:541} INFO - Filling up the DagBag from /home/airflow/.local/lib/python3.7/site-packages/airflow/example_dags/example_branch_operator.py
[2023-08-03T14:57:08.304+0000] {processor.py:836} INFO - DAG(s) dict_keys(['example_branch_operator']) retrieved from /home/airflow/.local/lib/python3.7/site-packages/airflow/example_dags/example_branch_operator.py
[2023-08-03T14:57:08.327+0000] {logging_mixin.py:150} INFO - [2023-08-03T14:57:08.327+0000] {dag.py:2742} INFO - Sync 1 DAGs
[2023-08-03T14:57:08.353+0000] {logging_mixin.py:150} INFO - [2023-08-03T14:57:08.353+0000] {dag.py:3508} INFO - Setting next_dagrun for example_branch_operator to 2023-08-02T00:00:00+00:00, run_after=2023-08-03T00:00:00+00:00
[2023-08-03T14:57:08.372+0000] {processor.py:179} INFO - Processing /home/airflow/.local/lib/python3.7/site-packages/airflow/example_dags/example_branch_operator.py took 0.081 seconds
[2023-08-03T14:57:39.040+0000] {processor.py:157} INFO - Started process (PID=26530) to work on /home/airflow/.local/lib/python3.7/site-packages/airflow/example_dags/example_branch_operator.py
[2023-08-03T14:57:39.041+0000] {processor.py:826} INFO - Processing file /home/airflow/.local/lib/python3.7/site-packages/airflow/example_dags/example_branch_operator.py for tasks to queue
[2023-08-03T14:57:39.042+0000] {logging_mixin.py:150} INFO - [2023-08-03T14:57:39.042+0000] {dagbag.py:541} INFO - Filling up the DagBag from /home/airflow/.local/lib/python3.7/site-packages/airflow/example_dags/example_branch_operator.py
[2023-08-03T14:57:39.049+0000] {processor.py:836} INFO - DAG(s) dict_keys(['example_branch_operator']) retrieved from /home/airflow/.local/lib/python3.7/site-packages/airflow/example_dags/example_branch_operator.py
[2023-08-03T14:57:39.070+0000] {logging_mixin.py:150} INFO - [2023-08-03T14:57:39.070+0000] {dag.py:2742} INFO - Sync 1 DAGs
[2023-08-03T14:57:39.091+0000] {logging_mixin.py:150} INFO - [2023-08-03T14:57:39.091+0000] {dag.py:3508} INFO - Setting next_dagrun for example_branch_operator to 2023-08-02T00:00:00+00:00, run_after=2023-08-03T00:00:00+00:00
[2023-08-03T14:57:39.108+0000] {processor.py:179} INFO - Processing /home/airflow/.local/lib/python3.7/site-packages/airflow/example_dags/example_branch_operator.py took 0.070 seconds
[2023-08-03T14:58:09.905+0000] {processor.py:157} INFO - Started process (PID=26788) to work on /home/airflow/.local/lib/python3.7/site-packages/airflow/example_dags/example_branch_operator.py
[2023-08-03T14:58:09.906+0000] {processor.py:826} INFO - Processing file /home/airflow/.local/lib/python3.7/site-packages/airflow/example_dags/example_branch_operator.py for tasks to queue
[2023-08-03T14:58:09.906+0000] {logging_mixin.py:150} INFO - [2023-08-03T14:58:09.906+0000] {dagbag.py:541} INFO - Filling up the DagBag from /home/airflow/.local/lib/python3.7/site-packages/airflow/example_dags/example_branch_operator.py
[2023-08-03T14:58:09.914+0000] {processor.py:836} INFO - DAG(s) dict_keys(['example_branch_operator']) retrieved from /home/airflow/.local/lib/python3.7/site-packages/airflow/example_dags/example_branch_operator.py
[2023-08-03T14:58:09.936+0000] {logging_mixin.py:150} INFO - [2023-08-03T14:58:09.936+0000] {dag.py:2742} INFO - Sync 1 DAGs
[2023-08-03T14:58:09.957+0000] {logging_mixin.py:150} INFO - [2023-08-03T14:58:09.957+0000] {dag.py:3508} INFO - Setting next_dagrun for example_branch_operator to 2023-08-02T00:00:00+00:00, run_after=2023-08-03T00:00:00+00:00
[2023-08-03T14:58:09.972+0000] {processor.py:179} INFO - Processing /home/airflow/.local/lib/python3.7/site-packages/airflow/example_dags/example_branch_operator.py took 0.069 seconds
