[2023-08-03T14:57:08.393+0000] {processor.py:157} INFO - Started process (PID=26282) to work on /home/airflow/.local/lib/python3.7/site-packages/airflow/example_dags/example_dynamic_task_mapping.py
[2023-08-03T14:57:08.393+0000] {processor.py:826} INFO - Processing file /home/airflow/.local/lib/python3.7/site-packages/airflow/example_dags/example_dynamic_task_mapping.py for tasks to queue
[2023-08-03T14:57:08.394+0000] {logging_mixin.py:150} INFO - [2023-08-03T14:57:08.394+0000] {dagbag.py:541} INFO - Filling up the DagBag from /home/airflow/.local/lib/python3.7/site-packages/airflow/example_dags/example_dynamic_task_mapping.py
[2023-08-03T14:57:08.402+0000] {processor.py:836} INFO - DAG(s) dict_keys(['example_dynamic_task_mapping']) retrieved from /home/airflow/.local/lib/python3.7/site-packages/airflow/example_dags/example_dynamic_task_mapping.py
[2023-08-03T14:57:08.422+0000] {logging_mixin.py:150} INFO - [2023-08-03T14:57:08.421+0000] {dag.py:2742} INFO - Sync 1 DAGs
[2023-08-03T14:57:08.444+0000] {logging_mixin.py:150} INFO - [2023-08-03T14:57:08.444+0000] {dag.py:3508} INFO - Setting next_dagrun for example_dynamic_task_mapping to 2022-03-04T00:00:00+00:00, run_after=2022-03-05T00:00:00+00:00
[2023-08-03T14:57:08.460+0000] {processor.py:179} INFO - Processing /home/airflow/.local/lib/python3.7/site-packages/airflow/example_dags/example_dynamic_task_mapping.py took 0.070 seconds
[2023-08-03T14:57:39.125+0000] {processor.py:157} INFO - Started process (PID=26540) to work on /home/airflow/.local/lib/python3.7/site-packages/airflow/example_dags/example_dynamic_task_mapping.py
[2023-08-03T14:57:39.126+0000] {processor.py:826} INFO - Processing file /home/airflow/.local/lib/python3.7/site-packages/airflow/example_dags/example_dynamic_task_mapping.py for tasks to queue
[2023-08-03T14:57:39.126+0000] {logging_mixin.py:150} INFO - [2023-08-03T14:57:39.126+0000] {dagbag.py:541} INFO - Filling up the DagBag from /home/airflow/.local/lib/python3.7/site-packages/airflow/example_dags/example_dynamic_task_mapping.py
[2023-08-03T14:57:39.132+0000] {processor.py:836} INFO - DAG(s) dict_keys(['example_dynamic_task_mapping']) retrieved from /home/airflow/.local/lib/python3.7/site-packages/airflow/example_dags/example_dynamic_task_mapping.py
[2023-08-03T14:57:39.149+0000] {logging_mixin.py:150} INFO - [2023-08-03T14:57:39.149+0000] {dag.py:2742} INFO - Sync 1 DAGs
[2023-08-03T14:57:39.169+0000] {logging_mixin.py:150} INFO - [2023-08-03T14:57:39.169+0000] {dag.py:3508} INFO - Setting next_dagrun for example_dynamic_task_mapping to 2022-03-04T00:00:00+00:00, run_after=2022-03-05T00:00:00+00:00
[2023-08-03T14:57:39.184+0000] {processor.py:179} INFO - Processing /home/airflow/.local/lib/python3.7/site-packages/airflow/example_dags/example_dynamic_task_mapping.py took 0.061 seconds
[2023-08-03T14:58:09.988+0000] {processor.py:157} INFO - Started process (PID=26798) to work on /home/airflow/.local/lib/python3.7/site-packages/airflow/example_dags/example_dynamic_task_mapping.py
[2023-08-03T14:58:09.989+0000] {processor.py:826} INFO - Processing file /home/airflow/.local/lib/python3.7/site-packages/airflow/example_dags/example_dynamic_task_mapping.py for tasks to queue
[2023-08-03T14:58:09.989+0000] {logging_mixin.py:150} INFO - [2023-08-03T14:58:09.989+0000] {dagbag.py:541} INFO - Filling up the DagBag from /home/airflow/.local/lib/python3.7/site-packages/airflow/example_dags/example_dynamic_task_mapping.py
[2023-08-03T14:58:09.995+0000] {processor.py:836} INFO - DAG(s) dict_keys(['example_dynamic_task_mapping']) retrieved from /home/airflow/.local/lib/python3.7/site-packages/airflow/example_dags/example_dynamic_task_mapping.py
[2023-08-03T14:58:10.012+0000] {logging_mixin.py:150} INFO - [2023-08-03T14:58:10.012+0000] {dag.py:2742} INFO - Sync 1 DAGs
[2023-08-03T14:58:10.032+0000] {logging_mixin.py:150} INFO - [2023-08-03T14:58:10.032+0000] {dag.py:3508} INFO - Setting next_dagrun for example_dynamic_task_mapping to 2022-03-04T00:00:00+00:00, run_after=2022-03-05T00:00:00+00:00
[2023-08-03T14:58:10.047+0000] {processor.py:179} INFO - Processing /home/airflow/.local/lib/python3.7/site-packages/airflow/example_dags/example_dynamic_task_mapping.py took 0.062 seconds
