[2023-08-03T14:57:03.759+0000] {processor.py:157} INFO - Started process (PID=26220) to work on /home/airflow/.local/lib/python3.7/site-packages/airflow/example_dags/example_branch_operator_decorator.py
[2023-08-03T14:57:03.760+0000] {processor.py:826} INFO - Processing file /home/airflow/.local/lib/python3.7/site-packages/airflow/example_dags/example_branch_operator_decorator.py for tasks to queue
[2023-08-03T14:57:03.760+0000] {logging_mixin.py:150} INFO - [2023-08-03T14:57:03.760+0000] {dagbag.py:541} INFO - Filling up the DagBag from /home/airflow/.local/lib/python3.7/site-packages/airflow/example_dags/example_branch_operator_decorator.py
[2023-08-03T14:57:03.772+0000] {processor.py:836} INFO - DAG(s) dict_keys(['example_branch_python_operator_decorator']) retrieved from /home/airflow/.local/lib/python3.7/site-packages/airflow/example_dags/example_branch_operator_decorator.py
[2023-08-03T14:57:03.796+0000] {logging_mixin.py:150} INFO - [2023-08-03T14:57:03.796+0000] {dag.py:2742} INFO - Sync 1 DAGs
[2023-08-03T14:57:03.823+0000] {logging_mixin.py:150} INFO - [2023-08-03T14:57:03.823+0000] {dag.py:3508} INFO - Setting next_dagrun for example_branch_python_operator_decorator to 2023-08-02T00:00:00+00:00, run_after=2023-08-03T00:00:00+00:00
[2023-08-03T14:57:03.841+0000] {processor.py:179} INFO - Processing /home/airflow/.local/lib/python3.7/site-packages/airflow/example_dags/example_branch_operator_decorator.py took 0.084 seconds
[2023-08-03T14:57:34.520+0000] {processor.py:157} INFO - Started process (PID=26478) to work on /home/airflow/.local/lib/python3.7/site-packages/airflow/example_dags/example_branch_operator_decorator.py
[2023-08-03T14:57:34.521+0000] {processor.py:826} INFO - Processing file /home/airflow/.local/lib/python3.7/site-packages/airflow/example_dags/example_branch_operator_decorator.py for tasks to queue
[2023-08-03T14:57:34.522+0000] {logging_mixin.py:150} INFO - [2023-08-03T14:57:34.522+0000] {dagbag.py:541} INFO - Filling up the DagBag from /home/airflow/.local/lib/python3.7/site-packages/airflow/example_dags/example_branch_operator_decorator.py
[2023-08-03T14:57:34.531+0000] {processor.py:836} INFO - DAG(s) dict_keys(['example_branch_python_operator_decorator']) retrieved from /home/airflow/.local/lib/python3.7/site-packages/airflow/example_dags/example_branch_operator_decorator.py
[2023-08-03T14:57:34.556+0000] {logging_mixin.py:150} INFO - [2023-08-03T14:57:34.556+0000] {dag.py:2742} INFO - Sync 1 DAGs
[2023-08-03T14:57:34.582+0000] {logging_mixin.py:150} INFO - [2023-08-03T14:57:34.582+0000] {dag.py:3508} INFO - Setting next_dagrun for example_branch_python_operator_decorator to 2023-08-02T00:00:00+00:00, run_after=2023-08-03T00:00:00+00:00
[2023-08-03T14:57:34.600+0000] {processor.py:179} INFO - Processing /home/airflow/.local/lib/python3.7/site-packages/airflow/example_dags/example_branch_operator_decorator.py took 0.082 seconds
[2023-08-03T14:58:05.345+0000] {processor.py:157} INFO - Started process (PID=26736) to work on /home/airflow/.local/lib/python3.7/site-packages/airflow/example_dags/example_branch_operator_decorator.py
[2023-08-03T14:58:05.346+0000] {processor.py:826} INFO - Processing file /home/airflow/.local/lib/python3.7/site-packages/airflow/example_dags/example_branch_operator_decorator.py for tasks to queue
[2023-08-03T14:58:05.346+0000] {logging_mixin.py:150} INFO - [2023-08-03T14:58:05.346+0000] {dagbag.py:541} INFO - Filling up the DagBag from /home/airflow/.local/lib/python3.7/site-packages/airflow/example_dags/example_branch_operator_decorator.py
[2023-08-03T14:58:05.358+0000] {processor.py:836} INFO - DAG(s) dict_keys(['example_branch_python_operator_decorator']) retrieved from /home/airflow/.local/lib/python3.7/site-packages/airflow/example_dags/example_branch_operator_decorator.py
[2023-08-03T14:58:05.383+0000] {logging_mixin.py:150} INFO - [2023-08-03T14:58:05.383+0000] {dag.py:2742} INFO - Sync 1 DAGs
[2023-08-03T14:58:05.409+0000] {logging_mixin.py:150} INFO - [2023-08-03T14:58:05.408+0000] {dag.py:3508} INFO - Setting next_dagrun for example_branch_python_operator_decorator to 2023-08-02T00:00:00+00:00, run_after=2023-08-03T00:00:00+00:00
[2023-08-03T14:58:05.426+0000] {processor.py:179} INFO - Processing /home/airflow/.local/lib/python3.7/site-packages/airflow/example_dags/example_branch_operator_decorator.py took 0.085 seconds
