[2023-08-03T14:57:05.900+0000] {processor.py:157} INFO - Started process (PID=26237) to work on /home/airflow/.local/lib/python3.7/site-packages/airflow/example_dags/example_dag_decorator.py
[2023-08-03T14:57:05.900+0000] {processor.py:826} INFO - Processing file /home/airflow/.local/lib/python3.7/site-packages/airflow/example_dags/example_dag_decorator.py for tasks to queue
[2023-08-03T14:57:05.901+0000] {logging_mixin.py:150} INFO - [2023-08-03T14:57:05.901+0000] {dagbag.py:541} INFO - Filling up the DagBag from /home/airflow/.local/lib/python3.7/site-packages/airflow/example_dags/example_dag_decorator.py
[2023-08-03T14:57:05.912+0000] {processor.py:836} INFO - DAG(s) dict_keys(['example_dag_decorator']) retrieved from /home/airflow/.local/lib/python3.7/site-packages/airflow/example_dags/example_dag_decorator.py
[2023-08-03T14:57:06.022+0000] {logging_mixin.py:150} INFO - [2023-08-03T14:57:06.022+0000] {dag.py:2742} INFO - Sync 1 DAGs
[2023-08-03T14:57:06.041+0000] {logging_mixin.py:150} INFO - [2023-08-03T14:57:06.041+0000] {dag.py:3508} INFO - Setting next_dagrun for example_dag_decorator to None, run_after=None
[2023-08-03T14:57:06.057+0000] {processor.py:179} INFO - Processing /home/airflow/.local/lib/python3.7/site-packages/airflow/example_dags/example_dag_decorator.py took 0.160 seconds
[2023-08-03T14:57:36.660+0000] {processor.py:157} INFO - Started process (PID=26495) to work on /home/airflow/.local/lib/python3.7/site-packages/airflow/example_dags/example_dag_decorator.py
[2023-08-03T14:57:36.660+0000] {processor.py:826} INFO - Processing file /home/airflow/.local/lib/python3.7/site-packages/airflow/example_dags/example_dag_decorator.py for tasks to queue
[2023-08-03T14:57:36.661+0000] {logging_mixin.py:150} INFO - [2023-08-03T14:57:36.661+0000] {dagbag.py:541} INFO - Filling up the DagBag from /home/airflow/.local/lib/python3.7/site-packages/airflow/example_dags/example_dag_decorator.py
[2023-08-03T14:57:36.672+0000] {processor.py:836} INFO - DAG(s) dict_keys(['example_dag_decorator']) retrieved from /home/airflow/.local/lib/python3.7/site-packages/airflow/example_dags/example_dag_decorator.py
[2023-08-03T14:57:36.780+0000] {logging_mixin.py:150} INFO - [2023-08-03T14:57:36.779+0000] {dag.py:2742} INFO - Sync 1 DAGs
[2023-08-03T14:57:36.800+0000] {logging_mixin.py:150} INFO - [2023-08-03T14:57:36.800+0000] {dag.py:3508} INFO - Setting next_dagrun for example_dag_decorator to None, run_after=None
[2023-08-03T14:57:36.816+0000] {processor.py:179} INFO - Processing /home/airflow/.local/lib/python3.7/site-packages/airflow/example_dags/example_dag_decorator.py took 0.159 seconds
[2023-08-03T14:58:07.481+0000] {processor.py:157} INFO - Started process (PID=26753) to work on /home/airflow/.local/lib/python3.7/site-packages/airflow/example_dags/example_dag_decorator.py
[2023-08-03T14:58:07.482+0000] {processor.py:826} INFO - Processing file /home/airflow/.local/lib/python3.7/site-packages/airflow/example_dags/example_dag_decorator.py for tasks to queue
[2023-08-03T14:58:07.483+0000] {logging_mixin.py:150} INFO - [2023-08-03T14:58:07.482+0000] {dagbag.py:541} INFO - Filling up the DagBag from /home/airflow/.local/lib/python3.7/site-packages/airflow/example_dags/example_dag_decorator.py
[2023-08-03T14:58:07.497+0000] {processor.py:836} INFO - DAG(s) dict_keys(['example_dag_decorator']) retrieved from /home/airflow/.local/lib/python3.7/site-packages/airflow/example_dags/example_dag_decorator.py
[2023-08-03T14:58:07.631+0000] {logging_mixin.py:150} INFO - [2023-08-03T14:58:07.631+0000] {dag.py:2742} INFO - Sync 1 DAGs
[2023-08-03T14:58:07.651+0000] {logging_mixin.py:150} INFO - [2023-08-03T14:58:07.651+0000] {dag.py:3508} INFO - Setting next_dagrun for example_dag_decorator to None, run_after=None
[2023-08-03T14:58:07.670+0000] {processor.py:179} INFO - Processing /home/airflow/.local/lib/python3.7/site-packages/airflow/example_dags/example_dag_decorator.py took 0.192 seconds
