[2023-08-03T14:57:08.115+0000] {processor.py:157} INFO - Started process (PID=26257) to work on /home/airflow/.local/lib/python3.7/site-packages/airflow/example_dags/tutorial_taskflow_api_virtualenv.py
[2023-08-03T14:57:08.116+0000] {processor.py:826} INFO - Processing file /home/airflow/.local/lib/python3.7/site-packages/airflow/example_dags/tutorial_taskflow_api_virtualenv.py for tasks to queue
[2023-08-03T14:57:08.117+0000] {logging_mixin.py:150} INFO - [2023-08-03T14:57:08.116+0000] {dagbag.py:541} INFO - Filling up the DagBag from /home/airflow/.local/lib/python3.7/site-packages/airflow/example_dags/tutorial_taskflow_api_virtualenv.py
[2023-08-03T14:57:08.123+0000] {processor.py:836} INFO - DAG(s) dict_keys(['tutorial_taskflow_api_virtualenv']) retrieved from /home/airflow/.local/lib/python3.7/site-packages/airflow/example_dags/tutorial_taskflow_api_virtualenv.py
[2023-08-03T14:57:08.142+0000] {logging_mixin.py:150} INFO - [2023-08-03T14:57:08.142+0000] {dag.py:2742} INFO - Sync 1 DAGs
[2023-08-03T14:57:08.167+0000] {logging_mixin.py:150} INFO - [2023-08-03T14:57:08.167+0000] {dag.py:3508} INFO - Setting next_dagrun for tutorial_taskflow_api_virtualenv to None, run_after=None
[2023-08-03T14:57:08.187+0000] {processor.py:179} INFO - Processing /home/airflow/.local/lib/python3.7/site-packages/airflow/example_dags/tutorial_taskflow_api_virtualenv.py took 0.076 seconds
[2023-08-03T14:57:38.875+0000] {processor.py:157} INFO - Started process (PID=26515) to work on /home/airflow/.local/lib/python3.7/site-packages/airflow/example_dags/tutorial_taskflow_api_virtualenv.py
[2023-08-03T14:57:38.876+0000] {processor.py:826} INFO - Processing file /home/airflow/.local/lib/python3.7/site-packages/airflow/example_dags/tutorial_taskflow_api_virtualenv.py for tasks to queue
[2023-08-03T14:57:38.877+0000] {logging_mixin.py:150} INFO - [2023-08-03T14:57:38.877+0000] {dagbag.py:541} INFO - Filling up the DagBag from /home/airflow/.local/lib/python3.7/site-packages/airflow/example_dags/tutorial_taskflow_api_virtualenv.py
[2023-08-03T14:57:38.885+0000] {processor.py:836} INFO - DAG(s) dict_keys(['tutorial_taskflow_api_virtualenv']) retrieved from /home/airflow/.local/lib/python3.7/site-packages/airflow/example_dags/tutorial_taskflow_api_virtualenv.py
[2023-08-03T14:57:38.909+0000] {logging_mixin.py:150} INFO - [2023-08-03T14:57:38.909+0000] {dag.py:2742} INFO - Sync 1 DAGs
[2023-08-03T14:57:38.930+0000] {logging_mixin.py:150} INFO - [2023-08-03T14:57:38.930+0000] {dag.py:3508} INFO - Setting next_dagrun for tutorial_taskflow_api_virtualenv to None, run_after=None
[2023-08-03T14:57:38.945+0000] {processor.py:179} INFO - Processing /home/airflow/.local/lib/python3.7/site-packages/airflow/example_dags/tutorial_taskflow_api_virtualenv.py took 0.073 seconds
[2023-08-03T14:58:09.729+0000] {processor.py:157} INFO - Started process (PID=26773) to work on /home/airflow/.local/lib/python3.7/site-packages/airflow/example_dags/tutorial_taskflow_api_virtualenv.py
[2023-08-03T14:58:09.730+0000] {processor.py:826} INFO - Processing file /home/airflow/.local/lib/python3.7/site-packages/airflow/example_dags/tutorial_taskflow_api_virtualenv.py for tasks to queue
[2023-08-03T14:58:09.731+0000] {logging_mixin.py:150} INFO - [2023-08-03T14:58:09.731+0000] {dagbag.py:541} INFO - Filling up the DagBag from /home/airflow/.local/lib/python3.7/site-packages/airflow/example_dags/tutorial_taskflow_api_virtualenv.py
[2023-08-03T14:58:09.736+0000] {processor.py:836} INFO - DAG(s) dict_keys(['tutorial_taskflow_api_virtualenv']) retrieved from /home/airflow/.local/lib/python3.7/site-packages/airflow/example_dags/tutorial_taskflow_api_virtualenv.py
[2023-08-03T14:58:09.756+0000] {logging_mixin.py:150} INFO - [2023-08-03T14:58:09.755+0000] {dag.py:2742} INFO - Sync 1 DAGs
[2023-08-03T14:58:09.778+0000] {logging_mixin.py:150} INFO - [2023-08-03T14:58:09.778+0000] {dag.py:3508} INFO - Setting next_dagrun for tutorial_taskflow_api_virtualenv to None, run_after=None
[2023-08-03T14:58:09.799+0000] {processor.py:179} INFO - Processing /home/airflow/.local/lib/python3.7/site-packages/airflow/example_dags/tutorial_taskflow_api_virtualenv.py took 0.072 seconds
