[2023-08-03T14:57:08.208+0000] {processor.py:157} INFO - Started process (PID=26267) to work on /home/airflow/.local/lib/python3.7/site-packages/airflow/example_dags/tutorial.py
[2023-08-03T14:57:08.209+0000] {processor.py:826} INFO - Processing file /home/airflow/.local/lib/python3.7/site-packages/airflow/example_dags/tutorial.py for tasks to queue
[2023-08-03T14:57:08.209+0000] {logging_mixin.py:150} INFO - [2023-08-03T14:57:08.209+0000] {dagbag.py:541} INFO - Filling up the DagBag from /home/airflow/.local/lib/python3.7/site-packages/airflow/example_dags/tutorial.py
[2023-08-03T14:57:08.215+0000] {processor.py:836} INFO - DAG(s) dict_keys(['tutorial']) retrieved from /home/airflow/.local/lib/python3.7/site-packages/airflow/example_dags/tutorial.py
[2023-08-03T14:57:08.235+0000] {logging_mixin.py:150} INFO - [2023-08-03T14:57:08.234+0000] {dag.py:2742} INFO - Sync 1 DAGs
[2023-08-03T14:57:08.257+0000] {logging_mixin.py:150} INFO - [2023-08-03T14:57:08.257+0000] {dag.py:3508} INFO - Setting next_dagrun for tutorial to 2023-08-02T14:57:08.256897+00:00, run_after=2023-08-03T14:57:08.256897+00:00
[2023-08-03T14:57:08.273+0000] {processor.py:179} INFO - Processing /home/airflow/.local/lib/python3.7/site-packages/airflow/example_dags/tutorial.py took 0.069 seconds
[2023-08-03T14:57:38.963+0000] {processor.py:157} INFO - Started process (PID=26525) to work on /home/airflow/.local/lib/python3.7/site-packages/airflow/example_dags/tutorial.py
[2023-08-03T14:57:38.964+0000] {processor.py:826} INFO - Processing file /home/airflow/.local/lib/python3.7/site-packages/airflow/example_dags/tutorial.py for tasks to queue
[2023-08-03T14:57:38.964+0000] {logging_mixin.py:150} INFO - [2023-08-03T14:57:38.964+0000] {dagbag.py:541} INFO - Filling up the DagBag from /home/airflow/.local/lib/python3.7/site-packages/airflow/example_dags/tutorial.py
[2023-08-03T14:57:38.969+0000] {processor.py:836} INFO - DAG(s) dict_keys(['tutorial']) retrieved from /home/airflow/.local/lib/python3.7/site-packages/airflow/example_dags/tutorial.py
[2023-08-03T14:57:38.987+0000] {logging_mixin.py:150} INFO - [2023-08-03T14:57:38.987+0000] {dag.py:2742} INFO - Sync 1 DAGs
[2023-08-03T14:57:39.007+0000] {logging_mixin.py:150} INFO - [2023-08-03T14:57:39.007+0000] {dag.py:3508} INFO - Setting next_dagrun for tutorial to 2023-08-02T14:57:39.007038+00:00, run_after=2023-08-03T14:57:39.007038+00:00
[2023-08-03T14:57:39.023+0000] {processor.py:179} INFO - Processing /home/airflow/.local/lib/python3.7/site-packages/airflow/example_dags/tutorial.py took 0.062 seconds
[2023-08-03T14:58:09.820+0000] {processor.py:157} INFO - Started process (PID=26783) to work on /home/airflow/.local/lib/python3.7/site-packages/airflow/example_dags/tutorial.py
[2023-08-03T14:58:09.821+0000] {processor.py:826} INFO - Processing file /home/airflow/.local/lib/python3.7/site-packages/airflow/example_dags/tutorial.py for tasks to queue
[2023-08-03T14:58:09.821+0000] {logging_mixin.py:150} INFO - [2023-08-03T14:58:09.821+0000] {dagbag.py:541} INFO - Filling up the DagBag from /home/airflow/.local/lib/python3.7/site-packages/airflow/example_dags/tutorial.py
[2023-08-03T14:58:09.828+0000] {processor.py:836} INFO - DAG(s) dict_keys(['tutorial']) retrieved from /home/airflow/.local/lib/python3.7/site-packages/airflow/example_dags/tutorial.py
[2023-08-03T14:58:09.850+0000] {logging_mixin.py:150} INFO - [2023-08-03T14:58:09.850+0000] {dag.py:2742} INFO - Sync 1 DAGs
[2023-08-03T14:58:09.871+0000] {logging_mixin.py:150} INFO - [2023-08-03T14:58:09.871+0000] {dag.py:3508} INFO - Setting next_dagrun for tutorial to 2023-08-02T14:58:09.871504+00:00, run_after=2023-08-03T14:58:09.871504+00:00
[2023-08-03T14:58:09.887+0000] {processor.py:179} INFO - Processing /home/airflow/.local/lib/python3.7/site-packages/airflow/example_dags/tutorial.py took 0.070 seconds
