[2023-08-03T14:57:03.863+0000] {processor.py:157} INFO - Started process (PID=26230) to work on /home/airflow/.local/lib/python3.7/site-packages/airflow/example_dags/tutorial_dag.py
[2023-08-03T14:57:03.863+0000] {processor.py:826} INFO - Processing file /home/airflow/.local/lib/python3.7/site-packages/airflow/example_dags/tutorial_dag.py for tasks to queue
[2023-08-03T14:57:03.864+0000] {logging_mixin.py:150} INFO - [2023-08-03T14:57:03.864+0000] {dagbag.py:541} INFO - Filling up the DagBag from /home/airflow/.local/lib/python3.7/site-packages/airflow/example_dags/tutorial_dag.py
[2023-08-03T14:57:03.870+0000] {processor.py:836} INFO - DAG(s) dict_keys(['tutorial_dag']) retrieved from /home/airflow/.local/lib/python3.7/site-packages/airflow/example_dags/tutorial_dag.py
[2023-08-03T14:57:03.893+0000] {logging_mixin.py:150} INFO - [2023-08-03T14:57:03.893+0000] {dag.py:2742} INFO - Sync 1 DAGs
[2023-08-03T14:57:03.917+0000] {logging_mixin.py:150} INFO - [2023-08-03T14:57:03.917+0000] {dag.py:3508} INFO - Setting next_dagrun for tutorial_dag to None, run_after=None
[2023-08-03T14:57:03.935+0000] {processor.py:179} INFO - Processing /home/airflow/.local/lib/python3.7/site-packages/airflow/example_dags/tutorial_dag.py took 0.075 seconds
[2023-08-03T14:57:34.620+0000] {processor.py:157} INFO - Started process (PID=26488) to work on /home/airflow/.local/lib/python3.7/site-packages/airflow/example_dags/tutorial_dag.py
[2023-08-03T14:57:34.621+0000] {processor.py:826} INFO - Processing file /home/airflow/.local/lib/python3.7/site-packages/airflow/example_dags/tutorial_dag.py for tasks to queue
[2023-08-03T14:57:34.622+0000] {logging_mixin.py:150} INFO - [2023-08-03T14:57:34.621+0000] {dagbag.py:541} INFO - Filling up the DagBag from /home/airflow/.local/lib/python3.7/site-packages/airflow/example_dags/tutorial_dag.py
[2023-08-03T14:57:34.626+0000] {processor.py:836} INFO - DAG(s) dict_keys(['tutorial_dag']) retrieved from /home/airflow/.local/lib/python3.7/site-packages/airflow/example_dags/tutorial_dag.py
[2023-08-03T14:57:34.647+0000] {logging_mixin.py:150} INFO - [2023-08-03T14:57:34.647+0000] {dag.py:2742} INFO - Sync 1 DAGs
[2023-08-03T14:57:34.669+0000] {logging_mixin.py:150} INFO - [2023-08-03T14:57:34.669+0000] {dag.py:3508} INFO - Setting next_dagrun for tutorial_dag to None, run_after=None
[2023-08-03T14:57:34.685+0000] {processor.py:179} INFO - Processing /home/airflow/.local/lib/python3.7/site-packages/airflow/example_dags/tutorial_dag.py took 0.067 seconds
[2023-08-03T14:58:05.449+0000] {processor.py:157} INFO - Started process (PID=26746) to work on /home/airflow/.local/lib/python3.7/site-packages/airflow/example_dags/tutorial_dag.py
[2023-08-03T14:58:05.450+0000] {processor.py:826} INFO - Processing file /home/airflow/.local/lib/python3.7/site-packages/airflow/example_dags/tutorial_dag.py for tasks to queue
[2023-08-03T14:58:05.451+0000] {logging_mixin.py:150} INFO - [2023-08-03T14:58:05.450+0000] {dagbag.py:541} INFO - Filling up the DagBag from /home/airflow/.local/lib/python3.7/site-packages/airflow/example_dags/tutorial_dag.py
[2023-08-03T14:58:05.457+0000] {processor.py:836} INFO - DAG(s) dict_keys(['tutorial_dag']) retrieved from /home/airflow/.local/lib/python3.7/site-packages/airflow/example_dags/tutorial_dag.py
[2023-08-03T14:58:05.477+0000] {logging_mixin.py:150} INFO - [2023-08-03T14:58:05.477+0000] {dag.py:2742} INFO - Sync 1 DAGs
[2023-08-03T14:58:05.501+0000] {logging_mixin.py:150} INFO - [2023-08-03T14:58:05.501+0000] {dag.py:3508} INFO - Setting next_dagrun for tutorial_dag to None, run_after=None
[2023-08-03T14:58:05.521+0000] {processor.py:179} INFO - Processing /home/airflow/.local/lib/python3.7/site-packages/airflow/example_dags/tutorial_dag.py took 0.074 seconds
