

============================== 2023-08-04 13:50:40.403735 | 778bb7f7-0b32-49a3-a14b-5c0ae9c70c25 ==============================
[0m13:50:40.403735 [info ] [MainThread]: Running with dbt=1.4.6
[0m13:50:40.405431 [debug] [MainThread]: running dbt with arguments {'write_json': True, 'use_colors': True, 'printer_width': 80, 'version_check': True, 'partial_parse': True, 'static_parser': True, 'profiles_dir': '/home/idowuilekura/Downloads/airflow_docker_medium/d2b_analytics_project', 'send_anonymous_usage_stats': True, 'quiet': False, 'no_print': False, 'cache_selected_only': False, 'config_dir': False, 'which': 'debug', 'indirect_selection': 'eager'}
[0m13:50:40.405927 [debug] [MainThread]: Tracking: tracking
[0m13:50:40.407655 [debug] [MainThread]: Sending event: {'category': 'dbt', 'action': 'invocation', 'label': 'start', 'context': [<snowplow_tracker.self_describing_json.SelfDescribingJson object at 0x7f6fb19ab760>, <snowplow_tracker.self_describing_json.SelfDescribingJson object at 0x7f6fb19abbb0>, <snowplow_tracker.self_describing_json.SelfDescribingJson object at 0x7f6fb19aada0>]}
[0m13:50:40.408269 [debug] [MainThread]: Executing "git --help"
[0m13:50:40.410563 [debug] [MainThread]: STDOUT: "b"usage: git [-v | --version] [-h | --help] [-C <path>] [-c <name>=<value>]\n           [--exec-path[=<path>]] [--html-path] [--man-path] [--info-path]\n           [-p | --paginate | -P | --no-pager] [--no-replace-objects] [--bare]\n           [--git-dir=<path>] [--work-tree=<path>] [--namespace=<name>]\n           [--super-prefix=<path>] [--config-env=<name>=<envvar>]\n           <command> [<args>]\n\nThese are common Git commands used in various situations:\n\nstart a working area (see also: git help tutorial)\n   clone     Clone a repository into a new directory\n   init      Create an empty Git repository or reinitialize an existing one\n\nwork on the current change (see also: git help everyday)\n   add       Add file contents to the index\n   mv        Move or rename a file, a directory, or a symlink\n   restore   Restore working tree files\n   rm        Remove files from the working tree and from the index\n\nexamine the history and state (see also: git help revisions)\n   bisect    Use binary search to find the commit that introduced a bug\n   diff      Show changes between commits, commit and working tree, etc\n   grep      Print lines matching a pattern\n   log       Show commit logs\n   show      Show various types of objects\n   status    Show the working tree status\n\ngrow, mark and tweak your common history\n   branch    List, create, or delete branches\n   commit    Record changes to the repository\n   merge     Join two or more development histories together\n   rebase    Reapply commits on top of another base tip\n   reset     Reset current HEAD to the specified state\n   switch    Switch branches\n   tag       Create, list, delete or verify a tag object signed with GPG\n\ncollaborate (see also: git help workflows)\n   fetch     Download objects and refs from another repository\n   pull      Fetch from and integrate with another repository or a local branch\n   push      Update remote refs along with associated objects\n\n'git help -a' and 'git help -g' list available subcommands and some\nconcept guides. See 'git help <command>' or 'git help <concept>'\nto read about a specific subcommand or concept.\nSee 'git help git' for an overview of the system.\n""
[0m13:50:40.410835 [debug] [MainThread]: STDERR: "b''"
[0m13:50:40.411378 [debug] [MainThread]: Sending event: {'category': 'dbt', 'action': 'invocation', 'label': 'end', 'context': [<snowplow_tracker.self_describing_json.SelfDescribingJson object at 0x7f6fb19ab760>, <snowplow_tracker.self_describing_json.SelfDescribingJson object at 0x7f6fb19ab520>, <snowplow_tracker.self_describing_json.SelfDescribingJson object at 0x7f6fb18032b0>]}
[0m13:50:40.411932 [debug] [MainThread]: Flushing usage events


============================== 2023-08-04 13:51:07.650317 | c87a1986-84f8-418c-9946-14f43298ddc1 ==============================
[0m13:51:07.650317 [info ] [MainThread]: Running with dbt=1.4.6
[0m13:51:07.672759 [debug] [MainThread]: running dbt with arguments {'write_json': True, 'use_colors': True, 'printer_width': 80, 'version_check': True, 'partial_parse': True, 'static_parser': True, 'profiles_dir': '/home/idowuilekura/Downloads/airflow_docker_medium', 'send_anonymous_usage_stats': True, 'quiet': False, 'no_print': False, 'cache_selected_only': False, 'config_dir': False, 'which': 'debug', 'indirect_selection': 'eager'}
[0m13:51:07.673262 [debug] [MainThread]: Tracking: tracking
[0m13:51:07.675062 [debug] [MainThread]: Sending event: {'category': 'dbt', 'action': 'invocation', 'label': 'start', 'context': [<snowplow_tracker.self_describing_json.SelfDescribingJson object at 0x7f9cb84b7eb0>, <snowplow_tracker.self_describing_json.SelfDescribingJson object at 0x7f9cb7d7d120>, <snowplow_tracker.self_describing_json.SelfDescribingJson object at 0x7f9cb7d7d2a0>]}
[0m13:51:07.681342 [info ] [MainThread]: Error importing adapter: No module named 'dbt.adapters.postgres'
[0m13:51:07.682878 [debug] [MainThread]: Executing "git --help"
[0m13:51:07.686038 [debug] [MainThread]: STDOUT: "b"usage: git [-v | --version] [-h | --help] [-C <path>] [-c <name>=<value>]\n           [--exec-path[=<path>]] [--html-path] [--man-path] [--info-path]\n           [-p | --paginate | -P | --no-pager] [--no-replace-objects] [--bare]\n           [--git-dir=<path>] [--work-tree=<path>] [--namespace=<name>]\n           [--super-prefix=<path>] [--config-env=<name>=<envvar>]\n           <command> [<args>]\n\nThese are common Git commands used in various situations:\n\nstart a working area (see also: git help tutorial)\n   clone     Clone a repository into a new directory\n   init      Create an empty Git repository or reinitialize an existing one\n\nwork on the current change (see also: git help everyday)\n   add       Add file contents to the index\n   mv        Move or rename a file, a directory, or a symlink\n   restore   Restore working tree files\n   rm        Remove files from the working tree and from the index\n\nexamine the history and state (see also: git help revisions)\n   bisect    Use binary search to find the commit that introduced a bug\n   diff      Show changes between commits, commit and working tree, etc\n   grep      Print lines matching a pattern\n   log       Show commit logs\n   show      Show various types of objects\n   status    Show the working tree status\n\ngrow, mark and tweak your common history\n   branch    List, create, or delete branches\n   commit    Record changes to the repository\n   merge     Join two or more development histories together\n   rebase    Reapply commits on top of another base tip\n   reset     Reset current HEAD to the specified state\n   switch    Switch branches\n   tag       Create, list, delete or verify a tag object signed with GPG\n\ncollaborate (see also: git help workflows)\n   fetch     Download objects and refs from another repository\n   pull      Fetch from and integrate with another repository or a local branch\n   push      Update remote refs along with associated objects\n\n'git help -a' and 'git help -g' list available subcommands and some\nconcept guides. See 'git help <command>' or 'git help <concept>'\nto read about a specific subcommand or concept.\nSee 'git help git' for an overview of the system.\n""
[0m13:51:07.686600 [debug] [MainThread]: STDERR: "b''"
[0m13:51:07.687116 [debug] [MainThread]: Sending event: {'category': 'dbt', 'action': 'invocation', 'label': 'end', 'context': [<snowplow_tracker.self_describing_json.SelfDescribingJson object at 0x7f9cb84b7eb0>, <snowplow_tracker.self_describing_json.SelfDescribingJson object at 0x7f9cb7db92d0>, <snowplow_tracker.self_describing_json.SelfDescribingJson object at 0x7f9cb7db9db0>]}
[0m13:51:07.687588 [debug] [MainThread]: Flushing usage events
[0m15:52:05.053519 [debug] [MainThread]: Sending event: {'category': 'dbt', 'action': 'invocation', 'label': 'start', 'context': [<snowplow_tracker.self_describing_json.SelfDescribingJson object at 0x7f9248300d90>, <snowplow_tracker.self_describing_json.SelfDescribingJson object at 0x7f92470a2b60>, <snowplow_tracker.self_describing_json.SelfDescribingJson object at 0x7f92470a2260>]}


============================== 15:52:05.056816 | 60651ba8-cfa7-4a25-9d62-761820d63a07 ==============================
[0m15:52:05.056816 [info ] [MainThread]: Running with dbt=1.6.0
[0m15:52:05.057493 [debug] [MainThread]: running dbt with arguments {'printer_width': '80', 'indirect_selection': 'eager', 'log_cache_events': 'False', 'write_json': 'True', 'partial_parse': 'True', 'cache_selected_only': 'False', 'warn_error': 'None', 'version_check': 'True', 'fail_fast': 'False', 'log_path': 'logs', 'debug': 'False', 'profiles_dir': '/home/idowuilekura/Downloads/airflow_docker_medium', 'use_colors': 'True', 'use_experimental_parser': 'False', 'no_print': 'None', 'quiet': 'False', 'warn_error_options': 'WarnErrorOptions(include=[], exclude=[])', 'static_parser': 'True', 'invocation_command': 'dbt debug', 'introspect': 'True', 'target_path': 'None', 'log_format': 'default', 'send_anonymous_usage_stats': 'True'}
[0m15:52:05.058383 [info ] [MainThread]: dbt version: 1.6.0
[0m15:52:05.058846 [info ] [MainThread]: python version: 3.10.7
[0m15:52:05.059551 [info ] [MainThread]: python path: /usr/bin/python3
[0m15:52:05.060201 [info ] [MainThread]: os info: Linux-5.19.0-46-generic-x86_64-with-glibc2.36
[0m15:52:05.115179 [info ] [MainThread]: Using profiles dir at /home/idowuilekura/Downloads/airflow_docker_medium
[0m15:52:05.115854 [info ] [MainThread]: Using profiles.yml file at /home/idowuilekura/Downloads/airflow_docker_medium/profiles.yml
[0m15:52:05.116842 [info ] [MainThread]: Using dbt_project.yml file at /home/idowuilekura/Downloads/airflow_docker_medium/dbt_project.yml
[0m15:52:05.117887 [info ] [MainThread]: adapter type: postgres
[0m15:52:05.118640 [info ] [MainThread]: adapter version: 1.6.0
[0m15:52:05.119423 [info ] [MainThread]: Configuration:
[0m15:52:05.120274 [info ] [MainThread]:   profiles.yml file [[32mOK found and valid[0m]
[0m15:52:05.121179 [info ] [MainThread]:   dbt_project.yml file [[31mERROR not found[0m]
[0m15:52:05.122130 [info ] [MainThread]: Required dependencies:
[0m15:52:05.124022 [debug] [MainThread]: Executing "git --help"
[0m15:52:05.128059 [debug] [MainThread]: STDOUT: "b"usage: git [-v | --version] [-h | --help] [-C <path>] [-c <name>=<value>]\n           [--exec-path[=<path>]] [--html-path] [--man-path] [--info-path]\n           [-p | --paginate | -P | --no-pager] [--no-replace-objects] [--bare]\n           [--git-dir=<path>] [--work-tree=<path>] [--namespace=<name>]\n           [--super-prefix=<path>] [--config-env=<name>=<envvar>]\n           <command> [<args>]\n\nThese are common Git commands used in various situations:\n\nstart a working area (see also: git help tutorial)\n   clone     Clone a repository into a new directory\n   init      Create an empty Git repository or reinitialize an existing one\n\nwork on the current change (see also: git help everyday)\n   add       Add file contents to the index\n   mv        Move or rename a file, a directory, or a symlink\n   restore   Restore working tree files\n   rm        Remove files from the working tree and from the index\n\nexamine the history and state (see also: git help revisions)\n   bisect    Use binary search to find the commit that introduced a bug\n   diff      Show changes between commits, commit and working tree, etc\n   grep      Print lines matching a pattern\n   log       Show commit logs\n   show      Show various types of objects\n   status    Show the working tree status\n\ngrow, mark and tweak your common history\n   branch    List, create, or delete branches\n   commit    Record changes to the repository\n   merge     Join two or more development histories together\n   rebase    Reapply commits on top of another base tip\n   reset     Reset current HEAD to the specified state\n   switch    Switch branches\n   tag       Create, list, delete or verify a tag object signed with GPG\n\ncollaborate (see also: git help workflows)\n   fetch     Download objects and refs from another repository\n   pull      Fetch from and integrate with another repository or a local branch\n   push      Update remote refs along with associated objects\n\n'git help -a' and 'git help -g' list available subcommands and some\nconcept guides. See 'git help <command>' or 'git help <concept>'\nto read about a specific subcommand or concept.\nSee 'git help git' for an overview of the system.\n""
[0m15:52:05.129223 [debug] [MainThread]: STDERR: "b''"
[0m15:52:05.129961 [info ] [MainThread]:  - git [[32mOK found[0m]

[0m15:52:05.131095 [info ] [MainThread]: Connection:
[0m15:52:05.132146 [info ] [MainThread]:   host: 34.89.230.185
[0m15:52:05.133238 [info ] [MainThread]:   port: 5432
[0m15:52:05.134382 [info ] [MainThread]:   user: idowilek6169
[0m15:52:05.135693 [info ] [MainThread]:   database: d2b_accessment
[0m15:52:05.136647 [info ] [MainThread]:   schema: idowilek6169_staging
[0m15:52:05.137457 [info ] [MainThread]:   connect_timeout: 10
[0m15:52:05.138684 [info ] [MainThread]:   role: None
[0m15:52:05.139990 [info ] [MainThread]:   search_path: None
[0m15:52:05.140922 [info ] [MainThread]:   keepalives_idle: 0
[0m15:52:05.141934 [info ] [MainThread]:   sslmode: None
[0m15:52:05.142694 [info ] [MainThread]:   sslcert: None
[0m15:52:05.143569 [info ] [MainThread]:   sslkey: None
[0m15:52:05.144938 [info ] [MainThread]:   sslrootcert: None
[0m15:52:05.146457 [info ] [MainThread]:   application_name: dbt
[0m15:52:05.147793 [info ] [MainThread]:   retries: 1
[0m15:52:05.149425 [info ] [MainThread]: Registered adapter: postgres=1.6.0
[0m15:52:05.151253 [debug] [MainThread]: Acquiring new postgres connection 'debug'
[0m15:52:05.152571 [debug] [MainThread]: Using postgres connection "debug"
[0m15:52:05.153597 [debug] [MainThread]: On debug: select 1 as id
[0m15:52:05.154841 [debug] [MainThread]: Opening a new connection, currently in state init
[0m15:52:07.686726 [debug] [MainThread]: SQL status: SELECT 1 in 3.0 seconds
[0m15:52:07.687974 [debug] [MainThread]: On debug: Close
[0m15:52:07.688866 [info ] [MainThread]:   Connection test: [[32mOK connection ok[0m]

[0m15:52:07.689412 [info ] [MainThread]: [31m1 check failed:[0m
[0m15:52:07.690226 [info ] [MainThread]: Project loading failed for the following reason:
 project path </home/idowuilekura/Downloads/airflow_docker_medium/dbt_project.yml> not found

[0m15:52:07.691126 [debug] [MainThread]: Command `dbt debug` failed at 15:52:07.691002 after 2.64 seconds
[0m15:52:07.691620 [debug] [MainThread]: Connection 'debug' was properly closed.
[0m15:52:07.692101 [debug] [MainThread]: Sending event: {'category': 'dbt', 'action': 'invocation', 'label': 'end', 'context': [<snowplow_tracker.self_describing_json.SelfDescribingJson object at 0x7f9248300d90>, <snowplow_tracker.self_describing_json.SelfDescribingJson object at 0x7f9245d6c610>, <snowplow_tracker.self_describing_json.SelfDescribingJson object at 0x7f9245d6c6a0>]}
[0m15:52:07.692624 [debug] [MainThread]: Flushing usage events
[0m10:44:40.871453 [debug] [MainThread]: Sending event: {'category': 'dbt', 'action': 'invocation', 'label': 'start', 'context': [<snowplow_tracker.self_describing_json.SelfDescribingJson object at 0x7f2cabe5fb50>, <snowplow_tracker.self_describing_json.SelfDescribingJson object at 0x7f2caac08640>, <snowplow_tracker.self_describing_json.SelfDescribingJson object at 0x7f2caac0a260>]}


============================== 10:44:40.874456 | 96c3edfe-731c-487d-a1e0-523fdbd03c4f ==============================
[0m10:44:40.874456 [info ] [MainThread]: Running with dbt=1.6.0
[0m10:44:40.875059 [debug] [MainThread]: running dbt with arguments {'printer_width': '80', 'indirect_selection': 'eager', 'log_cache_events': 'False', 'write_json': 'True', 'partial_parse': 'True', 'cache_selected_only': 'False', 'profiles_dir': '/home/idowuilekura/Downloads/airflow_docker_medium', 'fail_fast': 'False', 'debug': 'False', 'log_path': 'logs', 'warn_error': 'None', 'version_check': 'True', 'use_colors': 'True', 'use_experimental_parser': 'False', 'no_print': 'None', 'quiet': 'False', 'log_format': 'default', 'invocation_command': 'dbt deps', 'warn_error_options': 'WarnErrorOptions(include=[], exclude=[])', 'introspect': 'True', 'target_path': 'None', 'static_parser': 'True', 'send_anonymous_usage_stats': 'True'}
[0m10:44:40.875669 [error] [MainThread]: Encountered an error:
Runtime Error
  No dbt_project.yml found at expected path /home/idowuilekura/Downloads/airflow_docker_medium/dbt_project.yml
  Verify that each entry within packages.yml (and their transitive dependencies) contains a file named dbt_project.yml
  
[0m10:44:40.876299 [debug] [MainThread]: Command `dbt deps` failed at 10:44:40.876207 after 0.01 seconds
[0m10:44:40.876672 [debug] [MainThread]: Sending event: {'category': 'dbt', 'action': 'invocation', 'label': 'end', 'context': [<snowplow_tracker.self_describing_json.SelfDescribingJson object at 0x7f2cabe5fb50>, <snowplow_tracker.self_describing_json.SelfDescribingJson object at 0x7f2caac0be20>, <snowplow_tracker.self_describing_json.SelfDescribingJson object at 0x7f2caac0b730>]}
[0m10:44:40.877096 [debug] [MainThread]: Flushing usage events
[0m10:44:40.879661 [debug] [MainThread]: Error sending anonymous usage statistics. Disabling tracking for this execution. If you wish to permanently disable tracking, see: https://docs.getdbt.com/reference/global-configs#send-anonymous-usage-stats.
