[2023-08-03T07:30:48.731+0000] {taskinstance.py:1103} INFO - Dependencies all met for dep_context=non-requeueable deps ti=<TaskInstance: abc_data2bot_etl_dag.load_data_task scheduled__2023-08-02T00:00:00+00:00 [queued]>
[2023-08-03T07:30:48.739+0000] {taskinstance.py:1103} INFO - Dependencies all met for dep_context=requeueable deps ti=<TaskInstance: abc_data2bot_etl_dag.load_data_task scheduled__2023-08-02T00:00:00+00:00 [queued]>
[2023-08-03T07:30:48.739+0000] {taskinstance.py:1308} INFO - Starting attempt 1 of 3
[2023-08-03T07:30:48.753+0000] {taskinstance.py:1327} INFO - Executing <Task(PythonOperator): load_data_task> on 2023-08-02 00:00:00+00:00
[2023-08-03T07:30:48.759+0000] {standard_task_runner.py:57} INFO - Started process 1629 to run task
[2023-08-03T07:30:48.761+0000] {standard_task_runner.py:84} INFO - Running: ['***', 'tasks', 'run', 'abc_data2bot_etl_dag', 'load_data_task', 'scheduled__2023-08-02T00:00:00+00:00', '--job-id', '6', '--raw', '--subdir', 'DAGS_FOLDER/etl_abc_dag.py', '--cfg-path', '/tmp/tmpwrcfy7y7']
[2023-08-03T07:30:48.762+0000] {standard_task_runner.py:85} INFO - Job 6: Subtask load_data_task
[2023-08-03T07:30:48.806+0000] {task_command.py:410} INFO - Running <TaskInstance: abc_data2bot_etl_dag.load_data_task scheduled__2023-08-02T00:00:00+00:00 [running]> on host d75389520dc6
[2023-08-03T07:30:48.890+0000] {taskinstance.py:1547} INFO - Exporting env vars: AIRFLOW_CTX_DAG_OWNER='idowu' AIRFLOW_CTX_DAG_ID='abc_data2bot_etl_dag' AIRFLOW_CTX_TASK_ID='load_data_task' AIRFLOW_CTX_EXECUTION_DATE='2023-08-02T00:00:00+00:00' AIRFLOW_CTX_TRY_NUMBER='1' AIRFLOW_CTX_DAG_RUN_ID='scheduled__2023-08-02T00:00:00+00:00'
[2023-08-03T07:31:23.624+0000] {python.py:183} INFO - Done. Returned value was: None
[2023-08-03T07:31:23.632+0000] {taskinstance.py:1350} INFO - Marking task as SUCCESS. dag_id=abc_data2bot_etl_dag, task_id=load_data_task, execution_date=20230802T000000, start_date=20230803T073048, end_date=20230803T073123
[2023-08-03T07:31:23.656+0000] {local_task_job_runner.py:225} INFO - Task exited with return code 0
[2023-08-03T07:34:20.978+0000] {taskinstance.py:1103} INFO - Dependencies all met for dep_context=non-requeueable deps ti=<TaskInstance: abc_data2bot_etl_dag.load_data_task scheduled__2023-08-02T00:00:00+00:00 [queued]>
[2023-08-03T07:34:20.985+0000] {taskinstance.py:1103} INFO - Dependencies all met for dep_context=requeueable deps ti=<TaskInstance: abc_data2bot_etl_dag.load_data_task scheduled__2023-08-02T00:00:00+00:00 [queued]>
[2023-08-03T07:34:20.986+0000] {taskinstance.py:1308} INFO - Starting attempt 1 of 3
[2023-08-03T07:34:20.999+0000] {taskinstance.py:1327} INFO - Executing <Task(PythonOperator): load_data_task> on 2023-08-02 00:00:00+00:00
[2023-08-03T07:34:21.004+0000] {standard_task_runner.py:57} INFO - Started process 3713 to run task
[2023-08-03T07:34:21.007+0000] {standard_task_runner.py:84} INFO - Running: ['***', 'tasks', 'run', 'abc_data2bot_etl_dag', 'load_data_task', 'scheduled__2023-08-02T00:00:00+00:00', '--job-id', '13', '--raw', '--subdir', 'DAGS_FOLDER/etl_abc_dag.py', '--cfg-path', '/tmp/tmp0501qjey']
[2023-08-03T07:34:21.008+0000] {standard_task_runner.py:85} INFO - Job 13: Subtask load_data_task
[2023-08-03T07:34:21.054+0000] {task_command.py:410} INFO - Running <TaskInstance: abc_data2bot_etl_dag.load_data_task scheduled__2023-08-02T00:00:00+00:00 [running]> on host d75389520dc6
[2023-08-03T07:34:21.214+0000] {taskinstance.py:1547} INFO - Exporting env vars: AIRFLOW_CTX_DAG_OWNER='idowu' AIRFLOW_CTX_DAG_ID='abc_data2bot_etl_dag' AIRFLOW_CTX_TASK_ID='load_data_task' AIRFLOW_CTX_EXECUTION_DATE='2023-08-02T00:00:00+00:00' AIRFLOW_CTX_TRY_NUMBER='1' AIRFLOW_CTX_DAG_RUN_ID='scheduled__2023-08-02T00:00:00+00:00'
[2023-08-03T07:34:47.931+0000] {python.py:183} INFO - Done. Returned value was: None
[2023-08-03T07:34:47.939+0000] {taskinstance.py:1350} INFO - Marking task as SUCCESS. dag_id=abc_data2bot_etl_dag, task_id=load_data_task, execution_date=20230802T000000, start_date=20230803T073420, end_date=20230803T073447
[2023-08-03T07:34:47.994+0000] {local_task_job_runner.py:225} INFO - Task exited with return code 0
[2023-08-03T07:44:37.733+0000] {taskinstance.py:1103} INFO - Dependencies all met for dep_context=non-requeueable deps ti=<TaskInstance: abc_data2bot_etl_dag.load_data_task scheduled__2023-08-02T00:00:00+00:00 [queued]>
[2023-08-03T07:44:37.740+0000] {taskinstance.py:1103} INFO - Dependencies all met for dep_context=requeueable deps ti=<TaskInstance: abc_data2bot_etl_dag.load_data_task scheduled__2023-08-02T00:00:00+00:00 [queued]>
[2023-08-03T07:44:37.740+0000] {taskinstance.py:1308} INFO - Starting attempt 1 of 3
[2023-08-03T07:44:37.752+0000] {taskinstance.py:1327} INFO - Executing <Task(PythonOperator): load_data_task> on 2023-08-02 00:00:00+00:00
[2023-08-03T07:44:37.757+0000] {standard_task_runner.py:57} INFO - Started process 9490 to run task
[2023-08-03T07:44:37.760+0000] {standard_task_runner.py:84} INFO - Running: ['***', 'tasks', 'run', 'abc_data2bot_etl_dag', 'load_data_task', 'scheduled__2023-08-02T00:00:00+00:00', '--job-id', '21', '--raw', '--subdir', 'DAGS_FOLDER/etl_abc_dag.py', '--cfg-path', '/tmp/tmpxp_1ja8x']
[2023-08-03T07:44:37.760+0000] {standard_task_runner.py:85} INFO - Job 21: Subtask load_data_task
[2023-08-03T07:44:37.804+0000] {task_command.py:410} INFO - Running <TaskInstance: abc_data2bot_etl_dag.load_data_task scheduled__2023-08-02T00:00:00+00:00 [running]> on host d75389520dc6
[2023-08-03T07:44:37.878+0000] {taskinstance.py:1547} INFO - Exporting env vars: AIRFLOW_CTX_DAG_OWNER='idowu' AIRFLOW_CTX_DAG_ID='abc_data2bot_etl_dag' AIRFLOW_CTX_TASK_ID='load_data_task' AIRFLOW_CTX_EXECUTION_DATE='2023-08-02T00:00:00+00:00' AIRFLOW_CTX_TRY_NUMBER='1' AIRFLOW_CTX_DAG_RUN_ID='scheduled__2023-08-02T00:00:00+00:00'
[2023-08-03T07:45:02.227+0000] {python.py:183} INFO - Done. Returned value was: None
[2023-08-03T07:45:02.236+0000] {taskinstance.py:1350} INFO - Marking task as SUCCESS. dag_id=abc_data2bot_etl_dag, task_id=load_data_task, execution_date=20230802T000000, start_date=20230803T074437, end_date=20230803T074502
[2023-08-03T07:45:02.259+0000] {local_task_job_runner.py:225} INFO - Task exited with return code 0
[2023-08-03T07:50:29.897+0000] {taskinstance.py:1103} INFO - Dependencies all met for dep_context=non-requeueable deps ti=<TaskInstance: abc_data2bot_etl_dag.load_data_task scheduled__2023-08-02T00:00:00+00:00 [queued]>
[2023-08-03T07:50:29.904+0000] {taskinstance.py:1103} INFO - Dependencies all met for dep_context=requeueable deps ti=<TaskInstance: abc_data2bot_etl_dag.load_data_task scheduled__2023-08-02T00:00:00+00:00 [queued]>
[2023-08-03T07:50:29.904+0000] {taskinstance.py:1308} INFO - Starting attempt 1 of 3
[2023-08-03T07:50:29.917+0000] {taskinstance.py:1327} INFO - Executing <Task(PythonOperator): load_data_task> on 2023-08-02 00:00:00+00:00
[2023-08-03T07:50:29.922+0000] {standard_task_runner.py:57} INFO - Started process 12842 to run task
[2023-08-03T07:50:29.925+0000] {standard_task_runner.py:84} INFO - Running: ['***', 'tasks', 'run', 'abc_data2bot_etl_dag', 'load_data_task', 'scheduled__2023-08-02T00:00:00+00:00', '--job-id', '32', '--raw', '--subdir', 'DAGS_FOLDER/etl_abc_dag.py', '--cfg-path', '/tmp/tmpile6mq5g']
[2023-08-03T07:50:29.925+0000] {standard_task_runner.py:85} INFO - Job 32: Subtask load_data_task
[2023-08-03T07:50:29.965+0000] {task_command.py:410} INFO - Running <TaskInstance: abc_data2bot_etl_dag.load_data_task scheduled__2023-08-02T00:00:00+00:00 [running]> on host d75389520dc6
[2023-08-03T07:50:30.043+0000] {taskinstance.py:1547} INFO - Exporting env vars: AIRFLOW_CTX_DAG_OWNER='idowu' AIRFLOW_CTX_DAG_ID='abc_data2bot_etl_dag' AIRFLOW_CTX_TASK_ID='load_data_task' AIRFLOW_CTX_EXECUTION_DATE='2023-08-02T00:00:00+00:00' AIRFLOW_CTX_TRY_NUMBER='1' AIRFLOW_CTX_DAG_RUN_ID='scheduled__2023-08-02T00:00:00+00:00'
[2023-08-03T07:50:53.099+0000] {python.py:183} INFO - Done. Returned value was: None
[2023-08-03T07:50:53.106+0000] {taskinstance.py:1350} INFO - Marking task as SUCCESS. dag_id=abc_data2bot_etl_dag, task_id=load_data_task, execution_date=20230802T000000, start_date=20230803T075029, end_date=20230803T075053
[2023-08-03T07:50:53.138+0000] {local_task_job_runner.py:225} INFO - Task exited with return code 0
[2023-08-03T07:53:20.178+0000] {taskinstance.py:1103} INFO - Dependencies all met for dep_context=non-requeueable deps ti=<TaskInstance: abc_data2bot_etl_dag.load_data_task scheduled__2023-08-02T00:00:00+00:00 [queued]>
[2023-08-03T07:53:20.185+0000] {taskinstance.py:1103} INFO - Dependencies all met for dep_context=requeueable deps ti=<TaskInstance: abc_data2bot_etl_dag.load_data_task scheduled__2023-08-02T00:00:00+00:00 [queued]>
[2023-08-03T07:53:20.186+0000] {taskinstance.py:1308} INFO - Starting attempt 1 of 3
[2023-08-03T07:53:20.198+0000] {taskinstance.py:1327} INFO - Executing <Task(PythonOperator): load_data_task> on 2023-08-02 00:00:00+00:00
[2023-08-03T07:53:20.203+0000] {standard_task_runner.py:57} INFO - Started process 14608 to run task
[2023-08-03T07:53:20.206+0000] {standard_task_runner.py:84} INFO - Running: ['***', 'tasks', 'run', 'abc_data2bot_etl_dag', 'load_data_task', 'scheduled__2023-08-02T00:00:00+00:00', '--job-id', '39', '--raw', '--subdir', 'DAGS_FOLDER/etl_abc_dag.py', '--cfg-path', '/tmp/tmpj3z8hhw9']
[2023-08-03T07:53:20.207+0000] {standard_task_runner.py:85} INFO - Job 39: Subtask load_data_task
[2023-08-03T07:53:20.258+0000] {task_command.py:410} INFO - Running <TaskInstance: abc_data2bot_etl_dag.load_data_task scheduled__2023-08-02T00:00:00+00:00 [running]> on host d75389520dc6
[2023-08-03T07:53:20.328+0000] {taskinstance.py:1547} INFO - Exporting env vars: AIRFLOW_CTX_DAG_OWNER='idowu' AIRFLOW_CTX_DAG_ID='abc_data2bot_etl_dag' AIRFLOW_CTX_TASK_ID='load_data_task' AIRFLOW_CTX_EXECUTION_DATE='2023-08-02T00:00:00+00:00' AIRFLOW_CTX_TRY_NUMBER='1' AIRFLOW_CTX_DAG_RUN_ID='scheduled__2023-08-02T00:00:00+00:00'
[2023-08-03T07:54:23.017+0000] {python.py:183} INFO - Done. Returned value was: None
[2023-08-03T07:54:23.025+0000] {taskinstance.py:1350} INFO - Marking task as SUCCESS. dag_id=abc_data2bot_etl_dag, task_id=load_data_task, execution_date=20230802T000000, start_date=20230803T075320, end_date=20230803T075423
[2023-08-03T07:54:23.074+0000] {local_task_job_runner.py:225} INFO - Task exited with return code 0
[2023-08-03T08:11:17.945+0000] {taskinstance.py:1103} INFO - Dependencies all met for dep_context=non-requeueable deps ti=<TaskInstance: abc_data2bot_etl_dag.load_data_task scheduled__2023-08-02T00:00:00+00:00 [queued]>
[2023-08-03T08:11:17.953+0000] {taskinstance.py:1103} INFO - Dependencies all met for dep_context=requeueable deps ti=<TaskInstance: abc_data2bot_etl_dag.load_data_task scheduled__2023-08-02T00:00:00+00:00 [queued]>
[2023-08-03T08:11:17.953+0000] {taskinstance.py:1308} INFO - Starting attempt 1 of 3
[2023-08-03T08:11:17.966+0000] {taskinstance.py:1327} INFO - Executing <Task(PythonOperator): load_data_task> on 2023-08-02 00:00:00+00:00
[2023-08-03T08:11:17.972+0000] {standard_task_runner.py:57} INFO - Started process 24755 to run task
[2023-08-03T08:11:17.974+0000] {standard_task_runner.py:84} INFO - Running: ['***', 'tasks', 'run', 'abc_data2bot_etl_dag', 'load_data_task', 'scheduled__2023-08-02T00:00:00+00:00', '--job-id', '52', '--raw', '--subdir', 'DAGS_FOLDER/etl_abc_dag.py', '--cfg-path', '/tmp/tmp3ypo15li']
[2023-08-03T08:11:17.975+0000] {standard_task_runner.py:85} INFO - Job 52: Subtask load_data_task
[2023-08-03T08:11:18.014+0000] {task_command.py:410} INFO - Running <TaskInstance: abc_data2bot_etl_dag.load_data_task scheduled__2023-08-02T00:00:00+00:00 [running]> on host d75389520dc6
[2023-08-03T08:11:18.082+0000] {taskinstance.py:1547} INFO - Exporting env vars: AIRFLOW_CTX_DAG_OWNER='idowu' AIRFLOW_CTX_DAG_ID='abc_data2bot_etl_dag' AIRFLOW_CTX_TASK_ID='load_data_task' AIRFLOW_CTX_EXECUTION_DATE='2023-08-02T00:00:00+00:00' AIRFLOW_CTX_TRY_NUMBER='1' AIRFLOW_CTX_DAG_RUN_ID='scheduled__2023-08-02T00:00:00+00:00'
[2023-08-03T08:12:05.679+0000] {python.py:183} INFO - Done. Returned value was: None
[2023-08-03T08:12:05.689+0000] {taskinstance.py:1350} INFO - Marking task as SUCCESS. dag_id=abc_data2bot_etl_dag, task_id=load_data_task, execution_date=20230802T000000, start_date=20230803T081117, end_date=20230803T081205
[2023-08-03T08:12:05.725+0000] {local_task_job_runner.py:225} INFO - Task exited with return code 0
