[0m15:53:39.742490 [debug] [MainThread]: Sending event: {'category': 'dbt', 'action': 'invocation', 'label': 'start', 'context': [<snowplow_tracker.self_describing_json.SelfDescribingJson object at 0x00000205A71A6560>, <snowplow_tracker.self_describing_json.SelfDescribingJson object at 0x00000205A9FC79D0>, <snowplow_tracker.self_describing_json.SelfDescribingJson object at 0x00000205A9FC7820>]}


============================== 15:53:39.742490 | 2557757f-4ce0-48e3-abe9-b09da16109c8 ==============================
[0m15:53:39.742490 [info ] [MainThread]: Running with dbt=1.6.0
[0m15:53:39.742490 [debug] [MainThread]: running dbt with arguments {'printer_width': '80', 'indirect_selection': 'eager', 'write_json': 'True', 'log_cache_events': 'False', 'partial_parse': 'True', 'cache_selected_only': 'False', 'profiles_dir': 'C:\\Users\\iil001\\Desktop\\DataEngineering\\data2bots_sql\\data2bots_analytics', 'version_check': 'True', 'debug': 'False', 'log_path': 'logs', 'fail_fast': 'False', 'warn_error': 'None', 'use_colors': 'True', 'use_experimental_parser': 'False', 'no_print': 'None', 'quiet': 'False', 'log_format': 'default', 'invocation_command': 'dbt init', 'static_parser': 'True', 'introspect': 'True', 'target_path': 'None', 'warn_error_options': 'WarnErrorOptions(include=[], exclude=[])', 'send_anonymous_usage_stats': 'True'}
[0m15:53:53.721793 [debug] [MainThread]: Starter project path: C:\Users\iil001\AppData\Local\miniconda3\lib\site-packages\dbt\include\starter_project
[0m15:53:53.775178 [info ] [MainThread]: 
Your new dbt project "d2b_analytics_project" was created!

For more information on how to configure the profiles.yml file,
please consult the dbt documentation here:

  https://docs.getdbt.com/docs/configure-your-profile

One more thing:

Need help? Don't hesitate to reach out to us via GitHub issues or on Slack:

  https://community.getdbt.com/

Happy modeling!

[0m15:53:53.787408 [info ] [MainThread]: Setting up your profile.
[0m15:53:56.502377 [debug] [MainThread]: Command `dbt init` succeeded at 15:53:56.501715 after 16.83 seconds
[0m15:53:56.505063 [debug] [MainThread]: Sending event: {'category': 'dbt', 'action': 'invocation', 'label': 'end', 'context': [<snowplow_tracker.self_describing_json.SelfDescribingJson object at 0x00000205A71A6560>, <snowplow_tracker.self_describing_json.SelfDescribingJson object at 0x00000205AA08BBE0>, <snowplow_tracker.self_describing_json.SelfDescribingJson object at 0x00000205A9FC63E0>]}
[0m15:53:56.507902 [debug] [MainThread]: Flushing usage events
[0m15:54:12.271535 [debug] [MainThread]: Sending event: {'category': 'dbt', 'action': 'invocation', 'label': 'start', 'context': [<snowplow_tracker.self_describing_json.SelfDescribingJson object at 0x00000214B3CD6560>, <snowplow_tracker.self_describing_json.SelfDescribingJson object at 0x00000214B6AF7A00>, <snowplow_tracker.self_describing_json.SelfDescribingJson object at 0x00000214B6AF7850>]}


============================== 15:54:12.271535 | 2d966b0c-b700-4a75-9efd-8904cda3ae86 ==============================
[0m15:54:12.271535 [info ] [MainThread]: Running with dbt=1.6.0
[0m15:54:12.279535 [debug] [MainThread]: running dbt with arguments {'printer_width': '80', 'indirect_selection': 'eager', 'log_cache_events': 'False', 'write_json': 'True', 'partial_parse': 'True', 'cache_selected_only': 'False', 'profiles_dir': 'C:\\Users\\iil001\\Desktop\\DataEngineering\\data2bots_sql\\data2bots_analytics', 'fail_fast': 'False', 'version_check': 'True', 'log_path': 'logs', 'warn_error': 'None', 'debug': 'False', 'use_colors': 'True', 'use_experimental_parser': 'False', 'no_print': 'None', 'quiet': 'False', 'warn_error_options': 'WarnErrorOptions(include=[], exclude=[])', 'introspect': 'True', 'invocation_command': 'dbt debug', 'static_parser': 'True', 'target_path': 'None', 'log_format': 'default', 'send_anonymous_usage_stats': 'True'}
[0m15:54:12.279535 [info ] [MainThread]: dbt version: 1.6.0
[0m15:54:12.287974 [info ] [MainThread]: python version: 3.10.11
[0m15:54:12.287974 [info ] [MainThread]: python path: C:\Users\iil001\AppData\Local\miniconda3\python.exe
[0m15:54:12.295096 [info ] [MainThread]: os info: Windows-10-10.0.19045-SP0
[0m15:54:12.464085 [info ] [MainThread]: Using profiles dir at C:\Users\iil001\Desktop\DataEngineering\data2bots_sql\data2bots_analytics
[0m15:54:12.470754 [info ] [MainThread]: Using profiles.yml file at C:\Users\iil001\Desktop\DataEngineering\data2bots_sql\data2bots_analytics\profiles.yml
[0m15:54:12.473779 [info ] [MainThread]: Using dbt_project.yml file at C:\Users\iil001\Desktop\DataEngineering\data2bots_sql\data2bots_analytics\dbt_project.yml
[0m15:54:12.476308 [info ] [MainThread]: Configuration:
[0m15:54:12.478535 [info ] [MainThread]:   profiles.yml file [[31mERROR invalid[0m]
[0m15:54:12.482339 [info ] [MainThread]:   dbt_project.yml file [[31mERROR not found[0m]
[0m15:54:12.489399 [info ] [MainThread]: Required dependencies:
[0m15:54:12.489399 [debug] [MainThread]: Executing "git --help"
[0m15:54:12.614353 [debug] [MainThread]: STDOUT: "b"usage: git [-v | --version] [-h | --help] [-C <path>] [-c <name>=<value>]\n           [--exec-path[=<path>]] [--html-path] [--man-path] [--info-path]\n           [-p | --paginate | -P | --no-pager] [--no-replace-objects] [--bare]\n           [--git-dir=<path>] [--work-tree=<path>] [--namespace=<name>]\n           [--config-env=<name>=<envvar>] <command> [<args>]\n\nThese are common Git commands used in various situations:\n\nstart a working area (see also: git help tutorial)\n   clone     Clone a repository into a new directory\n   init      Create an empty Git repository or reinitialize an existing one\n\nwork on the current change (see also: git help everyday)\n   add       Add file contents to the index\n   mv        Move or rename a file, a directory, or a symlink\n   restore   Restore working tree files\n   rm        Remove files from the working tree and from the index\n\nexamine the history and state (see also: git help revisions)\n   bisect    Use binary search to find the commit that introduced a bug\n   diff      Show changes between commits, commit and working tree, etc\n   grep      Print lines matching a pattern\n   log       Show commit logs\n   show      Show various types of objects\n   status    Show the working tree status\n\ngrow, mark and tweak your common history\n   branch    List, create, or delete branches\n   commit    Record changes to the repository\n   merge     Join two or more development histories together\n   rebase    Reapply commits on top of another base tip\n   reset     Reset current HEAD to the specified state\n   switch    Switch branches\n   tag       Create, list, delete or verify a tag object signed with GPG\n\ncollaborate (see also: git help workflows)\n   fetch     Download objects and refs from another repository\n   pull      Fetch from and integrate with another repository or a local branch\n   push      Update remote refs along with associated objects\n\n'git help -a' and 'git help -g' list available subcommands and some\nconcept guides. See 'git help <command>' or 'git help <concept>'\nto read about a specific subcommand or concept.\nSee 'git help git' for an overview of the system.\n""
[0m15:54:12.614353 [debug] [MainThread]: STDERR: "b''"
[0m15:54:12.614353 [info ] [MainThread]:  - git [[32mOK found[0m]

[0m15:54:12.624634 [info ] [MainThread]: Connection test skipped since no profile was found
[0m15:54:12.624634 [info ] [MainThread]: [31m2 checks failed:[0m
[0m15:54:12.624634 [info ] [MainThread]: Could not load dbt_project.yml
Profile loading failed for the following reason:
Runtime Error
  Credentials in profile "d2b_analytics_project", target "dev" invalid: ['dbname'] is not of type 'string'


[0m15:54:12.635222 [info ] [MainThread]: Project loading failed for the following reason:
 project path <C:\Users\iil001\Desktop\DataEngineering\data2bots_sql\data2bots_analytics\dbt_project.yml> not found

[0m15:54:12.640574 [debug] [MainThread]: Command `dbt debug` failed at 15:54:12.640574 after 0.44 seconds
[0m15:54:12.640574 [debug] [MainThread]: Sending event: {'category': 'dbt', 'action': 'invocation', 'label': 'end', 'context': [<snowplow_tracker.self_describing_json.SelfDescribingJson object at 0x00000214B3CD6560>, <snowplow_tracker.self_describing_json.SelfDescribingJson object at 0x00000214B6AF77C0>, <snowplow_tracker.self_describing_json.SelfDescribingJson object at 0x00000214B6AF7A60>]}
[0m15:54:12.648631 [debug] [MainThread]: Flushing usage events
[0m15:57:28.892720 [debug] [MainThread]: Sending event: {'category': 'dbt', 'action': 'invocation', 'label': 'start', 'context': [<snowplow_tracker.self_describing_json.SelfDescribingJson object at 0x000001E3FF20A560>, <snowplow_tracker.self_describing_json.SelfDescribingJson object at 0x000001E382206D40>, <snowplow_tracker.self_describing_json.SelfDescribingJson object at 0x000001E382207340>]}


============================== 15:57:28.901249 | 27bae778-eb2c-4141-b800-b65214d5d574 ==============================
[0m15:57:28.901249 [info ] [MainThread]: Running with dbt=1.6.0
[0m15:57:28.905206 [debug] [MainThread]: running dbt with arguments {'printer_width': '80', 'indirect_selection': 'eager', 'write_json': 'True', 'log_cache_events': 'False', 'partial_parse': 'True', 'cache_selected_only': 'False', 'warn_error': 'None', 'debug': 'False', 'version_check': 'True', 'log_path': 'logs', 'profiles_dir': './profiles.yml', 'fail_fast': 'False', 'use_colors': 'True', 'use_experimental_parser': 'False', 'no_print': 'None', 'quiet': 'False', 'log_format': 'default', 'static_parser': 'True', 'invocation_command': 'dbt run --profiles-dir ./profiles.yml', 'warn_error_options': 'WarnErrorOptions(include=[], exclude=[])', 'target_path': 'None', 'introspect': 'True', 'send_anonymous_usage_stats': 'True'}
[0m15:57:28.909042 [error] [MainThread]: Encountered an error:
Runtime Error
  No dbt_project.yml found at expected path C:\Users\iil001\Desktop\DataEngineering\data2bots_sql\data2bots_analytics\dbt_project.yml
  Verify that each entry within packages.yml (and their transitive dependencies) contains a file named dbt_project.yml
  
[0m15:57:28.913866 [debug] [MainThread]: Command `dbt run` failed at 15:57:28.913866 after 0.10 seconds
[0m15:57:28.919123 [debug] [MainThread]: Sending event: {'category': 'dbt', 'action': 'invocation', 'label': 'end', 'context': [<snowplow_tracker.self_describing_json.SelfDescribingJson object at 0x000001E3FF20A560>, <snowplow_tracker.self_describing_json.SelfDescribingJson object at 0x000001E3822072B0>, <snowplow_tracker.self_describing_json.SelfDescribingJson object at 0x000001E382206DD0>]}
[0m15:57:28.921511 [debug] [MainThread]: Flushing usage events
[0m16:02:59.242888 [debug] [MainThread]: Sending event: {'category': 'dbt', 'action': 'invocation', 'label': 'start', 'context': [<snowplow_tracker.self_describing_json.SelfDescribingJson object at 0x000001E7823B6560>, <snowplow_tracker.self_describing_json.SelfDescribingJson object at 0x000001E7851E7A00>, <snowplow_tracker.self_describing_json.SelfDescribingJson object at 0x000001E7851E77F0>]}


============================== 16:02:59.250889 | 71ba4c7b-4236-487b-8283-ba450c55b82e ==============================
[0m16:02:59.250889 [info ] [MainThread]: Running with dbt=1.6.0
[0m16:02:59.255055 [debug] [MainThread]: running dbt with arguments {'printer_width': '80', 'indirect_selection': 'eager', 'log_cache_events': 'False', 'write_json': 'True', 'partial_parse': 'True', 'cache_selected_only': 'False', 'profiles_dir': 'C:\\Users\\iil001\\Desktop\\DataEngineering\\data2bots_sql\\data2bots_analytics', 'debug': 'False', 'warn_error': 'None', 'log_path': 'logs', 'fail_fast': 'False', 'version_check': 'True', 'use_colors': 'True', 'use_experimental_parser': 'False', 'no_print': 'None', 'quiet': 'False', 'log_format': 'default', 'introspect': 'True', 'static_parser': 'True', 'invocation_command': 'dbt debug', 'target_path': 'None', 'warn_error_options': 'WarnErrorOptions(include=[], exclude=[])', 'send_anonymous_usage_stats': 'True'}
[0m16:02:59.255055 [info ] [MainThread]: dbt version: 1.6.0
[0m16:02:59.255055 [info ] [MainThread]: python version: 3.10.11
[0m16:02:59.266330 [info ] [MainThread]: python path: C:\Users\iil001\AppData\Local\miniconda3\python.exe
[0m16:02:59.266330 [info ] [MainThread]: os info: Windows-10-10.0.19045-SP0
[0m16:02:59.433271 [info ] [MainThread]: Using profiles dir at C:\Users\iil001\Desktop\DataEngineering\data2bots_sql\data2bots_analytics
[0m16:02:59.441101 [info ] [MainThread]: Using profiles.yml file at C:\Users\iil001\Desktop\DataEngineering\data2bots_sql\data2bots_analytics\profiles.yml
[0m16:02:59.445598 [info ] [MainThread]: Using dbt_project.yml file at C:\Users\iil001\Desktop\DataEngineering\data2bots_sql\data2bots_analytics\dbt_project.yml
[0m16:02:59.449977 [info ] [MainThread]: adapter type: postgres
[0m16:02:59.455775 [info ] [MainThread]: adapter version: 1.6.0
[0m16:02:59.461526 [info ] [MainThread]: Configuration:
[0m16:02:59.466828 [info ] [MainThread]:   profiles.yml file [[32mOK found and valid[0m]
[0m16:02:59.473003 [info ] [MainThread]:   dbt_project.yml file [[31mERROR not found[0m]
[0m16:02:59.478752 [info ] [MainThread]: Required dependencies:
[0m16:02:59.486320 [debug] [MainThread]: Executing "git --help"
[0m16:02:59.565908 [debug] [MainThread]: STDOUT: "b"usage: git [-v | --version] [-h | --help] [-C <path>] [-c <name>=<value>]\n           [--exec-path[=<path>]] [--html-path] [--man-path] [--info-path]\n           [-p | --paginate | -P | --no-pager] [--no-replace-objects] [--bare]\n           [--git-dir=<path>] [--work-tree=<path>] [--namespace=<name>]\n           [--config-env=<name>=<envvar>] <command> [<args>]\n\nThese are common Git commands used in various situations:\n\nstart a working area (see also: git help tutorial)\n   clone     Clone a repository into a new directory\n   init      Create an empty Git repository or reinitialize an existing one\n\nwork on the current change (see also: git help everyday)\n   add       Add file contents to the index\n   mv        Move or rename a file, a directory, or a symlink\n   restore   Restore working tree files\n   rm        Remove files from the working tree and from the index\n\nexamine the history and state (see also: git help revisions)\n   bisect    Use binary search to find the commit that introduced a bug\n   diff      Show changes between commits, commit and working tree, etc\n   grep      Print lines matching a pattern\n   log       Show commit logs\n   show      Show various types of objects\n   status    Show the working tree status\n\ngrow, mark and tweak your common history\n   branch    List, create, or delete branches\n   commit    Record changes to the repository\n   merge     Join two or more development histories together\n   rebase    Reapply commits on top of another base tip\n   reset     Reset current HEAD to the specified state\n   switch    Switch branches\n   tag       Create, list, delete or verify a tag object signed with GPG\n\ncollaborate (see also: git help workflows)\n   fetch     Download objects and refs from another repository\n   pull      Fetch from and integrate with another repository or a local branch\n   push      Update remote refs along with associated objects\n\n'git help -a' and 'git help -g' list available subcommands and some\nconcept guides. See 'git help <command>' or 'git help <concept>'\nto read about a specific subcommand or concept.\nSee 'git help git' for an overview of the system.\n""
[0m16:02:59.573923 [debug] [MainThread]: STDERR: "b''"
[0m16:02:59.573923 [info ] [MainThread]:  - git [[32mOK found[0m]

[0m16:02:59.573923 [info ] [MainThread]: Connection:
[0m16:02:59.573923 [info ] [MainThread]:   host: 34.89.230.185
[0m16:02:59.584450 [info ] [MainThread]:   port: 5432
[0m16:02:59.584450 [info ] [MainThread]:   user: idowilek6169
[0m16:02:59.584450 [info ] [MainThread]:   database: d2b_accessment
[0m16:02:59.592623 [info ] [MainThread]:   schema: idowilek6169_staging
[0m16:02:59.592623 [info ] [MainThread]:   connect_timeout: 10
[0m16:02:59.599923 [info ] [MainThread]:   role: None
[0m16:02:59.599923 [info ] [MainThread]:   search_path: None
[0m16:02:59.607978 [info ] [MainThread]:   keepalives_idle: 0
[0m16:02:59.607978 [info ] [MainThread]:   sslmode: None
[0m16:02:59.617274 [info ] [MainThread]:   sslcert: None
[0m16:02:59.617274 [info ] [MainThread]:   sslkey: None
[0m16:02:59.617274 [info ] [MainThread]:   sslrootcert: None
[0m16:02:59.626446 [info ] [MainThread]:   application_name: dbt
[0m16:02:59.626446 [info ] [MainThread]:   retries: 1
[0m16:02:59.632645 [info ] [MainThread]: Registered adapter: postgres=1.6.0
[0m16:02:59.632645 [debug] [MainThread]: Acquiring new postgres connection 'debug'
[0m16:02:59.640960 [debug] [MainThread]: Using postgres connection "debug"
[0m16:02:59.640960 [debug] [MainThread]: On debug: select 1 as id
[0m16:02:59.640960 [debug] [MainThread]: Opening a new connection, currently in state init
[0m16:03:01.573114 [debug] [MainThread]: SQL status: SELECT 1 in 2.0 seconds
[0m16:03:01.573114 [debug] [MainThread]: On debug: Close
[0m16:03:01.573114 [info ] [MainThread]:   Connection test: [[32mOK connection ok[0m]

[0m16:03:01.581779 [info ] [MainThread]: [31m1 check failed:[0m
[0m16:03:01.584917 [info ] [MainThread]: Project loading failed for the following reason:
 project path <C:\Users\iil001\Desktop\DataEngineering\data2bots_sql\data2bots_analytics\dbt_project.yml> not found

[0m16:03:01.594020 [debug] [MainThread]: Command `dbt debug` failed at 16:03:01.593371 after 2.42 seconds
[0m16:03:01.594020 [debug] [MainThread]: Connection 'debug' was properly closed.
[0m16:03:01.599557 [debug] [MainThread]: Sending event: {'category': 'dbt', 'action': 'invocation', 'label': 'end', 'context': [<snowplow_tracker.self_describing_json.SelfDescribingJson object at 0x000001E7823B6560>, <snowplow_tracker.self_describing_json.SelfDescribingJson object at 0x000001E7853115A0>, <snowplow_tracker.self_describing_json.SelfDescribingJson object at 0x000001E785312530>]}
[0m16:03:01.599557 [debug] [MainThread]: Flushing usage events
[0m16:12:57.050092 [debug] [MainThread]: Sending event: {'category': 'dbt', 'action': 'invocation', 'label': 'start', 'context': [<snowplow_tracker.self_describing_json.SelfDescribingJson object at 0x000001B411F06560>, <snowplow_tracker.self_describing_json.SelfDescribingJson object at 0x000001B414D979D0>, <snowplow_tracker.self_describing_json.SelfDescribingJson object at 0x000001B414D97820>]}


============================== 16:12:57.065762 | ecc02776-8f1a-4ee3-90b1-8bf3cfa49f2d ==============================
[0m16:12:57.065762 [info ] [MainThread]: Running with dbt=1.6.0
[0m16:12:57.069088 [debug] [MainThread]: running dbt with arguments {'printer_width': '80', 'indirect_selection': 'eager', 'write_json': 'True', 'log_cache_events': 'False', 'partial_parse': 'True', 'cache_selected_only': 'False', 'profiles_dir': 'C:\\Users\\iil001\\Desktop\\DataEngineering\\data2bots_sql\\data2bots_analytics', 'version_check': 'True', 'debug': 'False', 'log_path': 'logs', 'warn_error': 'None', 'fail_fast': 'False', 'use_colors': 'True', 'use_experimental_parser': 'False', 'no_print': 'None', 'quiet': 'False', 'warn_error_options': 'WarnErrorOptions(include=[], exclude=[])', 'invocation_command': 'dbt debug', 'static_parser': 'True', 'introspect': 'True', 'target_path': 'None', 'log_format': 'default', 'send_anonymous_usage_stats': 'True'}
[0m16:12:57.069088 [info ] [MainThread]: dbt version: 1.6.0
[0m16:12:57.069088 [info ] [MainThread]: python version: 3.10.11
[0m16:12:57.077078 [info ] [MainThread]: python path: C:\Users\iil001\AppData\Local\miniconda3\python.exe
[0m16:12:57.077078 [info ] [MainThread]: os info: Windows-10-10.0.19045-SP0
[0m16:12:57.217356 [info ] [MainThread]: Using profiles dir at C:\Users\iil001\Desktop\DataEngineering\data2bots_sql\data2bots_analytics
[0m16:12:57.224045 [info ] [MainThread]: Using profiles.yml file at C:\Users\iil001\Desktop\DataEngineering\data2bots_sql\data2bots_analytics\profiles.yml
[0m16:12:57.227627 [info ] [MainThread]: Using dbt_project.yml file at C:\Users\iil001\Desktop\DataEngineering\data2bots_sql\data2bots_analytics\dbt_project.yml
[0m16:12:57.227627 [info ] [MainThread]: adapter type: postgres
[0m16:12:57.235660 [info ] [MainThread]: adapter version: 1.6.0
[0m16:12:57.235660 [info ] [MainThread]: Configuration:
[0m16:12:57.245258 [info ] [MainThread]:   profiles.yml file [[32mOK found and valid[0m]
[0m16:12:57.248830 [info ] [MainThread]:   dbt_project.yml file [[31mERROR not found[0m]
[0m16:12:57.248830 [info ] [MainThread]: Required dependencies:
[0m16:12:57.260310 [debug] [MainThread]: Executing "git --help"
[0m16:12:57.364870 [debug] [MainThread]: STDOUT: "b"usage: git [-v | --version] [-h | --help] [-C <path>] [-c <name>=<value>]\n           [--exec-path[=<path>]] [--html-path] [--man-path] [--info-path]\n           [-p | --paginate | -P | --no-pager] [--no-replace-objects] [--bare]\n           [--git-dir=<path>] [--work-tree=<path>] [--namespace=<name>]\n           [--config-env=<name>=<envvar>] <command> [<args>]\n\nThese are common Git commands used in various situations:\n\nstart a working area (see also: git help tutorial)\n   clone     Clone a repository into a new directory\n   init      Create an empty Git repository or reinitialize an existing one\n\nwork on the current change (see also: git help everyday)\n   add       Add file contents to the index\n   mv        Move or rename a file, a directory, or a symlink\n   restore   Restore working tree files\n   rm        Remove files from the working tree and from the index\n\nexamine the history and state (see also: git help revisions)\n   bisect    Use binary search to find the commit that introduced a bug\n   diff      Show changes between commits, commit and working tree, etc\n   grep      Print lines matching a pattern\n   log       Show commit logs\n   show      Show various types of objects\n   status    Show the working tree status\n\ngrow, mark and tweak your common history\n   branch    List, create, or delete branches\n   commit    Record changes to the repository\n   merge     Join two or more development histories together\n   rebase    Reapply commits on top of another base tip\n   reset     Reset current HEAD to the specified state\n   switch    Switch branches\n   tag       Create, list, delete or verify a tag object signed with GPG\n\ncollaborate (see also: git help workflows)\n   fetch     Download objects and refs from another repository\n   pull      Fetch from and integrate with another repository or a local branch\n   push      Update remote refs along with associated objects\n\n'git help -a' and 'git help -g' list available subcommands and some\nconcept guides. See 'git help <command>' or 'git help <concept>'\nto read about a specific subcommand or concept.\nSee 'git help git' for an overview of the system.\n""
[0m16:12:57.364870 [debug] [MainThread]: STDERR: "b''"
[0m16:12:57.369269 [info ] [MainThread]:  - git [[32mOK found[0m]

[0m16:12:57.369269 [info ] [MainThread]: Connection:
[0m16:12:57.369269 [info ] [MainThread]:   host: 34.89.230.185
[0m16:12:57.369269 [info ] [MainThread]:   port: 5432
[0m16:12:57.385821 [info ] [MainThread]:   user: idowilek6169
[0m16:12:57.401846 [info ] [MainThread]:   database: d2b_accessment
[0m16:12:57.402205 [info ] [MainThread]:   schema: idowilek6169_staging
[0m16:12:57.402205 [info ] [MainThread]:   connect_timeout: 10
[0m16:12:57.410206 [info ] [MainThread]:   role: None
[0m16:12:57.410206 [info ] [MainThread]:   search_path: None
[0m16:12:57.418220 [info ] [MainThread]:   keepalives_idle: 0
[0m16:12:57.426208 [info ] [MainThread]:   sslmode: None
[0m16:12:57.426507 [info ] [MainThread]:   sslcert: None
[0m16:12:57.426507 [info ] [MainThread]:   sslkey: None
[0m16:12:57.434846 [info ] [MainThread]:   sslrootcert: None
[0m16:12:57.442834 [info ] [MainThread]:   application_name: dbt
[0m16:12:57.442834 [info ] [MainThread]:   retries: 1
[0m16:12:57.450887 [info ] [MainThread]: Registered adapter: postgres=1.6.0
[0m16:12:57.458853 [debug] [MainThread]: Acquiring new postgres connection 'debug'
[0m16:12:57.458853 [debug] [MainThread]: Using postgres connection "debug"
[0m16:12:57.458853 [debug] [MainThread]: On debug: select 1 as id
[0m16:12:57.458853 [debug] [MainThread]: Opening a new connection, currently in state init
[0m16:12:59.473031 [debug] [MainThread]: SQL status: SELECT 1 in 2.0 seconds
[0m16:12:59.473031 [debug] [MainThread]: On debug: Close
[0m16:12:59.473031 [info ] [MainThread]:   Connection test: [[32mOK connection ok[0m]

[0m16:12:59.481143 [info ] [MainThread]: [31m1 check failed:[0m
[0m16:12:59.481143 [info ] [MainThread]: Project loading failed for the following reason:
 project path <C:\Users\iil001\Desktop\DataEngineering\data2bots_sql\data2bots_analytics\dbt_project.yml> not found

[0m16:12:59.489145 [debug] [MainThread]: Command `dbt debug` failed at 16:12:59.489145 after 2.53 seconds
[0m16:12:59.489145 [debug] [MainThread]: Connection 'debug' was properly closed.
[0m16:12:59.489145 [debug] [MainThread]: Sending event: {'category': 'dbt', 'action': 'invocation', 'label': 'end', 'context': [<snowplow_tracker.self_describing_json.SelfDescribingJson object at 0x000001B411F06560>, <snowplow_tracker.self_describing_json.SelfDescribingJson object at 0x000001B414EBD450>, <snowplow_tracker.self_describing_json.SelfDescribingJson object at 0x000001B414EBE560>]}
[0m16:12:59.497258 [debug] [MainThread]: Flushing usage events
